2023-09-24 06:30:20,592 | train | INFO | Set Logger /content/results/train/20230924_153013
2023-09-24 06:30:20,655 | train | INFO | Load data, train:40000 val:2000
2023-09-24 06:30:22,177 | train | INFO | Set Logger /content/results/train/20230924_153013
2023-09-24 06:30:22,248 | train | INFO | Load data, train:40000 val:2000
2023-09-24 06:30:22,444 | train | INFO | Set Logger /content/results/train/20230924_153013
2023-09-24 06:30:22,554 | train | INFO | Load data, train:40000 val:2000
2023-09-24 06:30:22,570 | train | INFO | Initiated early stopper, mode: max, best score: inf, patience: 5
2023-09-24 06:30:22,571 | train | INFO | --Train 0/10
2023-09-24 06:30:22,639 | train | INFO | Set Logger /content/results/train/20230924_153013
2023-09-24 06:30:22,793 | train | INFO | Load data, train:40000 val:2000
2023-09-24 06:30:22,820 | train | INFO | Set Logger /content/results/train/20230924_153013
2023-09-24 06:30:23,024 | train | INFO | Set Logger /content/results/train/20230924_153013
2023-09-24 06:30:23,115 | train | INFO | Load data, train:40000 val:2000
2023-09-24 06:30:23,298 | train | INFO | Load data, train:40000 val:2000
2023-09-24 06:30:23,403 | train | INFO | Set Logger /content/results/train/20230924_153013
2023-09-24 06:30:23,784 | train | INFO | Set Logger /content/results/train/20230924_153013
2023-09-24 06:30:23,806 | train | INFO | Load data, train:40000 val:2000
2023-09-24 06:30:24,252 | train | INFO | Load data, train:40000 val:2000
2023-09-24 06:30:26,131 | train | INFO | Initiated early stopper, mode: max, best score: inf, patience: 5
2023-09-24 06:30:26,132 | train | INFO | --Train 0/10
2023-09-24 06:30:28,558 | train | INFO | Initiated early stopper, mode: max, best score: inf, patience: 5
2023-09-24 06:30:28,559 | train | INFO | --Train 0/10
2023-09-24 06:30:29,020 | train | INFO | Initiated early stopper, mode: max, best score: inf, patience: 5
2023-09-24 06:30:29,020 | train | INFO | --Train 0/10
2023-09-24 06:30:29,387 | train | INFO | batch: 0/313 loss: 8.962077140808105
2023-09-24 06:30:30,378 | train | INFO | Initiated early stopper, mode: max, best score: inf, patience: 5
2023-09-24 06:30:30,379 | train | INFO | --Train 0/10
2023-09-24 06:30:30,718 | train | INFO | Initiated early stopper, mode: max, best score: inf, patience: 5
2023-09-24 06:30:30,724 | train | INFO | --Train 0/10
2023-09-24 06:30:32,661 | train | INFO | Initiated early stopper, mode: max, best score: inf, patience: 5
2023-09-24 06:30:32,678 | train | INFO | --Train 0/10
2023-09-24 06:30:33,453 | train | INFO | Initiated early stopper, mode: max, best score: inf, patience: 5
2023-09-24 06:30:33,454 | train | INFO | --Train 0/10
2023-09-24 06:30:36,685 | train | INFO | batch: 0/313 loss: 8.427480697631836
2023-09-24 06:30:40,529 | train | INFO | batch: 0/313 loss: 8.706995010375977
2023-09-24 06:30:41,613 | train | INFO | batch: 0/313 loss: 8.579265594482422
2023-09-24 06:30:42,264 | train | INFO | batch: 0/313 loss: 8.796009063720703
2023-09-24 06:30:42,297 | train | INFO | batch: 0/313 loss: 8.40436840057373
2023-09-24 06:30:43,360 | train | INFO | batch: 0/313 loss: 8.7989501953125
2023-09-24 06:30:44,755 | train | INFO | batch: 0/313 loss: 8.437182426452637
2023-09-24 06:33:37,631 | train | INFO | batch: 100/313 loss: 1.3145697116851807
2023-09-24 06:33:37,660 | train | INFO | batch: 100/313 loss: 1.1841720342636108
2023-09-24 06:33:37,669 | train | INFO | batch: 100/313 loss: 1.1968257427215576
2023-09-24 06:33:37,709 | train | INFO | batch: 100/313 loss: 1.0895482301712036
2023-09-24 06:33:37,761 | train | INFO | batch: 100/313 loss: 1.2915939092636108
2023-09-24 06:33:37,778 | train | INFO | batch: 100/313 loss: 1.3218886852264404
2023-09-24 06:33:37,821 | train | INFO | batch: 100/313 loss: 1.135200023651123
2023-09-24 06:33:37,830 | train | INFO | batch: 100/313 loss: 1.3416398763656616
2023-09-24 06:36:24,225 | train | INFO | batch: 200/313 loss: 0.7760291695594788
2023-09-24 06:36:24,283 | train | INFO | batch: 200/313 loss: 1.151334524154663
2023-09-24 06:36:24,296 | train | INFO | batch: 200/313 loss: 0.8873186707496643
2023-09-24 06:36:24,307 | train | INFO | batch: 200/313 loss: 0.9674398303031921
2023-09-24 06:36:24,357 | train | INFO | batch: 200/313 loss: 1.298388123512268
2023-09-24 06:36:24,373 | train | INFO | batch: 200/313 loss: 0.8548288345336914
2023-09-24 06:36:24,421 | train | INFO | batch: 200/313 loss: 0.9962682127952576
2023-09-24 06:36:24,556 | train | INFO | batch: 200/313 loss: 0.8986026048660278
2023-09-24 06:39:06,480 | train | INFO | batch: 300/313 loss: 0.7120144367218018
2023-09-24 06:39:06,564 | train | INFO | batch: 300/313 loss: 0.7411701679229736
2023-09-24 06:39:06,564 | train | INFO | batch: 300/313 loss: 1.1801793575286865
2023-09-24 06:39:06,565 | train | INFO | batch: 300/313 loss: 0.7306041121482849
2023-09-24 06:39:06,566 | train | INFO | batch: 300/313 loss: 0.9799512624740601
2023-09-24 06:39:06,567 | train | INFO | batch: 300/313 loss: 0.7830833792686462
2023-09-24 06:39:06,578 | train | INFO | batch: 300/313 loss: 0.7901324033737183
2023-09-24 06:39:06,585 | train | INFO | batch: 300/313 loss: 0.8758234977722168
2023-09-24 06:39:23,628 | train | INFO | --Val 0/10
2023-09-24 06:39:23,714 | train | INFO | --Val 0/10
2023-09-24 06:39:23,894 | train | INFO | --Val 0/10
2023-09-24 06:39:23,928 | train | INFO | --Val 0/10
2023-09-24 06:39:23,979 | train | INFO | --Val 0/10
2023-09-24 06:39:23,985 | train | INFO | --Val 0/10
2023-09-24 06:39:23,971 | train | INFO | --Val 0/10
2023-09-24 06:39:24,012 | train | INFO | --Val 0/10
2023-09-24 06:39:27,028 | train | INFO | batch: 0/16 loss: 1.2885931730270386
2023-09-24 06:39:27,478 | train | INFO | batch: 0/16 loss: 0.9062436819076538
2023-09-24 06:39:28,497 | train | INFO | batch: 0/16 loss: 0.8743029832839966
2023-09-24 06:39:28,975 | train | INFO | batch: 0/16 loss: 0.9365341663360596
2023-09-24 06:39:29,859 | train | INFO | batch: 0/16 loss: 0.5602108836174011
2023-09-24 06:39:29,902 | train | INFO | batch: 0/16 loss: 0.7633375525474548
2023-09-24 06:39:30,410 | train | INFO | batch: 0/16 loss: 0.7937133312225342
2023-09-24 06:39:30,568 | train | INFO | batch: 0/16 loss: 1.0198523998260498
2023-09-24 06:39:45,796 | train | INFO | --Train 1/10
2023-09-24 06:39:45,831 | train | INFO | --Train 1/10
2023-09-24 06:39:46,323 | train | INFO | --Train 1/10
2023-09-24 06:39:46,401 | train | INFO | --Train 1/10
2023-09-24 06:39:46,550 | train | INFO | Write row 0
2023-09-24 06:39:46,566 | train | INFO | --Train 1/10
2023-09-24 06:39:46,922 | train | INFO | --Train 1/10
2023-09-24 06:39:46,942 | train | INFO | --Train 1/10
2023-09-24 06:39:51,545 | train | INFO | batch: 0/313 loss: 0.6098035573959351
2023-09-24 06:39:52,354 | train | INFO | batch: 0/313 loss: 0.8144115209579468
2023-09-24 06:39:53,264 | train | INFO | batch: 0/313 loss: 0.6855343580245972
2023-09-24 06:39:53,739 | train | INFO | batch: 0/313 loss: 0.7869209051132202
2023-09-24 06:39:54,204 | train | INFO | batch: 0/313 loss: 0.9652240872383118
2023-09-24 06:39:54,401 | train | INFO | batch: 0/313 loss: 0.9251603484153748
2023-09-24 06:39:54,611 | train | INFO | batch: 0/313 loss: 0.9194682240486145
2023-09-24 06:39:58,567 | train | INFO | Early stopper, counter 0/5, best:0.596 -> now:0.596
2023-09-24 06:39:58,567 | train | INFO | Set counter as 0
2023-09-24 06:39:58,568 | train | INFO | Update best score as 0.596
2023-09-24 06:40:06,447 | train | INFO | Recorder, epoch 0 Model saved: /content/results/train/20230924_153013/model.pt
2023-09-24 06:40:06,449 | train | INFO | --Train 1/10
2023-09-24 06:40:07,835 | train | INFO | batch: 0/313 loss: 1.088951826095581
2023-09-24 06:42:53,553 | train | INFO | batch: 100/313 loss: 0.8097395896911621
2023-09-24 06:42:53,709 | train | INFO | batch: 100/313 loss: 0.8725563883781433
2023-09-24 06:42:53,731 | train | INFO | batch: 100/313 loss: 1.0393377542495728
2023-09-24 06:42:53,737 | train | INFO | batch: 100/313 loss: 1.2579894065856934
2023-09-24 06:42:53,743 | train | INFO | batch: 100/313 loss: 0.7286098003387451
2023-09-24 06:42:53,757 | train | INFO | batch: 100/313 loss: 0.5875990390777588
2023-09-24 06:42:53,801 | train | INFO | batch: 100/313 loss: 0.9022800922393799
2023-09-24 06:42:53,811 | train | INFO | batch: 100/313 loss: 0.7945578694343567
2023-09-24 06:45:40,631 | train | INFO | batch: 200/313 loss: 0.7357848286628723
2023-09-24 06:45:40,645 | train | INFO | batch: 200/313 loss: 0.34095051884651184
2023-09-24 06:45:40,662 | train | INFO | batch: 200/313 loss: 0.39070138335227966
2023-09-24 06:45:40,675 | train | INFO | batch: 200/313 loss: 0.3063833713531494
2023-09-24 06:45:40,694 | train | INFO | batch: 200/313 loss: 0.7244539260864258
2023-09-24 06:45:40,807 | train | INFO | batch: 200/313 loss: 0.17368873953819275
2023-09-24 06:45:40,839 | train | INFO | batch: 200/313 loss: 0.7063493728637695
2023-09-24 06:45:40,863 | train | INFO | batch: 200/313 loss: 0.21525977551937103
2023-09-24 06:48:30,075 | train | INFO | batch: 300/313 loss: 0.2961379885673523
2023-09-24 06:48:30,113 | train | INFO | batch: 300/313 loss: 0.17019085586071014
2023-09-24 06:48:30,141 | train | INFO | batch: 300/313 loss: 0.2095494121313095
2023-09-24 06:48:30,148 | train | INFO | batch: 300/313 loss: 0.6186555624008179
2023-09-24 06:48:30,158 | train | INFO | batch: 300/313 loss: 0.16611450910568237
2023-09-24 06:48:30,159 | train | INFO | batch: 300/313 loss: 0.26508718729019165
2023-09-24 06:48:30,160 | train | INFO | batch: 300/313 loss: 0.08767858147621155
2023-09-24 06:48:30,161 | train | INFO | batch: 300/313 loss: 0.1670176386833191
2023-09-24 06:48:45,703 | train | INFO | --Val 1/10
2023-09-24 06:48:45,710 | train | INFO | --Val 1/10
2023-09-24 06:48:45,712 | train | INFO | --Val 1/10
2023-09-24 06:48:45,721 | train | INFO | --Val 1/10
2023-09-24 06:48:45,912 | train | INFO | --Val 1/10
2023-09-24 06:48:45,895 | train | INFO | --Val 1/10
2023-09-24 06:48:45,979 | train | INFO | --Val 1/10
2023-09-24 06:48:45,980 | train | INFO | --Val 1/10
2023-09-24 06:48:50,303 | train | INFO | batch: 0/16 loss: 0.6199054718017578
2023-09-24 06:48:50,812 | train | INFO | batch: 0/16 loss: 0.3755004107952118
2023-09-24 06:48:51,479 | train | INFO | batch: 0/16 loss: 0.4516085982322693
2023-09-24 06:48:51,914 | train | INFO | batch: 0/16 loss: 0.35495850443840027
2023-09-24 06:48:51,934 | train | INFO | batch: 0/16 loss: 0.5777549743652344
2023-09-24 06:48:52,548 | train | INFO | batch: 0/16 loss: 0.4237985610961914
2023-09-24 06:48:52,550 | train | INFO | batch: 0/16 loss: 0.502305269241333
2023-09-24 06:48:52,741 | train | INFO | batch: 0/16 loss: 1.395272135734558
2023-09-24 06:48:58,797 | train | INFO | --Train 2/10
2023-09-24 06:48:58,869 | train | INFO | --Train 2/10
2023-09-24 06:48:59,414 | train | INFO | --Train 2/10
2023-09-24 06:48:59,503 | train | INFO | --Train 2/10
2023-09-24 06:48:59,603 | train | INFO | Write row 1
2023-09-24 06:48:59,796 | train | INFO | --Train 2/10
2023-09-24 06:49:00,127 | train | INFO | --Train 2/10
2023-09-24 06:49:00,376 | train | INFO | --Train 2/10
2023-09-24 06:49:07,176 | train | INFO | batch: 0/313 loss: 0.14843519032001495
2023-09-24 06:49:07,411 | train | INFO | batch: 0/313 loss: 0.4159415364265442
2023-09-24 06:49:07,906 | train | INFO | batch: 0/313 loss: 0.31252285838127136
2023-09-24 06:49:07,928 | train | INFO | batch: 0/313 loss: 0.10085489600896835
2023-09-24 06:49:07,931 | train | INFO | batch: 0/313 loss: 0.6476582884788513
2023-09-24 06:49:08,521 | train | INFO | batch: 0/313 loss: 0.09311360865831375
2023-09-24 06:49:08,552 | train | INFO | batch: 0/313 loss: 0.20903587341308594
2023-09-24 06:49:10,771 | train | INFO | Early stopper, counter 0/5, best:0.76 -> now:0.76
2023-09-24 06:49:10,772 | train | INFO | Set counter as 0
2023-09-24 06:49:10,772 | train | INFO | Update best score as 0.76
2023-09-24 06:49:16,126 | train | INFO | Recorder, epoch 1 Model saved: /content/results/train/20230924_153013/model.pt
2023-09-24 06:49:16,127 | train | INFO | --Train 2/10
2023-09-24 06:49:17,717 | train | INFO | batch: 0/313 loss: 0.24338139593601227
2023-09-24 06:52:05,763 | train | INFO | batch: 100/313 loss: 0.48881471157073975
2023-09-24 06:52:05,775 | train | INFO | batch: 100/313 loss: 0.4534311294555664
2023-09-24 06:52:06,015 | train | INFO | batch: 100/313 loss: 0.35956311225891113
2023-09-24 06:52:06,020 | train | INFO | batch: 100/313 loss: 0.10989311337471008
2023-09-24 06:52:06,111 | train | INFO | batch: 100/313 loss: 0.2631274461746216
2023-09-24 06:52:06,115 | train | INFO | batch: 100/313 loss: 0.1457628756761551
2023-09-24 06:52:06,143 | train | INFO | batch: 100/313 loss: 0.17383244633674622
2023-09-24 06:52:06,256 | train | INFO | batch: 100/313 loss: 0.18411023914813995
2023-09-24 06:54:53,452 | train | INFO | batch: 200/313 loss: 0.08484124392271042
2023-09-24 06:54:53,479 | train | INFO | batch: 200/313 loss: 0.06365573406219482
2023-09-24 06:54:53,572 | train | INFO | batch: 200/313 loss: 0.12493260949850082
2023-09-24 06:54:53,588 | train | INFO | batch: 200/313 loss: 0.4501652717590332
2023-09-24 06:54:53,594 | train | INFO | batch: 200/313 loss: 0.1894339621067047
2023-09-24 06:54:53,642 | train | INFO | batch: 200/313 loss: 0.04163285344839096
2023-09-24 06:54:53,685 | train | INFO | batch: 200/313 loss: 0.06663389503955841
2023-09-24 06:54:53,922 | train | INFO | batch: 200/313 loss: 0.3733639419078827
2023-09-24 06:57:39,335 | train | INFO | batch: 300/313 loss: 0.45596906542778015
2023-09-24 06:57:39,345 | train | INFO | batch: 300/313 loss: 0.0272851400077343
2023-09-24 06:57:39,351 | train | INFO | batch: 300/313 loss: 0.3893163204193115
2023-09-24 06:57:39,351 | train | INFO | batch: 300/313 loss: 0.13430292904376984
2023-09-24 06:57:39,362 | train | INFO | batch: 300/313 loss: 0.10917938500642776
2023-09-24 06:57:39,364 | train | INFO | batch: 300/313 loss: 0.2716614902019501
2023-09-24 06:57:39,367 | train | INFO | batch: 300/313 loss: 0.21996214985847473
2023-09-24 06:57:39,367 | train | INFO | batch: 300/313 loss: 0.23826296627521515
2023-09-24 06:58:02,989 | train | INFO | --Val 2/10
2023-09-24 06:58:03,010 | train | INFO | --Val 2/10
2023-09-24 06:58:03,012 | train | INFO | --Val 2/10
2023-09-24 06:58:03,096 | train | INFO | --Val 2/10
2023-09-24 06:58:03,101 | train | INFO | --Val 2/10
2023-09-24 06:58:03,126 | train | INFO | --Val 2/10
2023-09-24 06:58:03,149 | train | INFO | --Val 2/10
2023-09-24 06:58:03,154 | train | INFO | --Val 2/10
2023-09-24 06:58:08,598 | train | INFO | batch: 0/16 loss: 0.672767162322998
2023-09-24 06:58:09,136 | train | INFO | batch: 0/16 loss: 0.26142361760139465
2023-09-24 06:58:10,090 | train | INFO | batch: 0/16 loss: 0.17172127962112427
2023-09-24 06:58:10,239 | train | INFO | batch: 0/16 loss: 0.6453643441200256
2023-09-24 06:58:10,855 | train | INFO | batch: 0/16 loss: 0.613438069820404
2023-09-24 06:58:10,935 | train | INFO | batch: 0/16 loss: 0.2632986009120941
2023-09-24 06:58:10,957 | train | INFO | batch: 0/16 loss: 0.3797863721847534
2023-09-24 06:58:11,006 | train | INFO | batch: 0/16 loss: 0.3182157278060913
2023-09-24 06:58:17,490 | train | INFO | --Train 3/10
2023-09-24 06:58:17,826 | train | INFO | --Train 3/10
2023-09-24 06:58:18,426 | train | INFO | --Train 3/10
2023-09-24 06:58:18,815 | train | INFO | Write row 2
2023-09-24 06:58:18,847 | train | INFO | --Train 3/10
2023-09-24 06:58:19,158 | train | INFO | --Train 3/10
2023-09-24 06:58:19,300 | train | INFO | --Train 3/10
2023-09-24 06:58:19,326 | train | INFO | --Train 3/10
2023-09-24 06:58:26,257 | train | INFO | batch: 0/313 loss: 0.11673131585121155
2023-09-24 06:58:26,314 | train | INFO | batch: 0/313 loss: 0.13377365469932556
2023-09-24 06:58:26,318 | train | INFO | batch: 0/313 loss: 0.032720521092414856
2023-09-24 06:58:26,859 | train | INFO | batch: 0/313 loss: 0.27306103706359863
2023-09-24 06:58:27,545 | train | INFO | batch: 0/313 loss: 0.31507137417793274
2023-09-24 06:58:27,579 | train | INFO | batch: 0/313 loss: 0.1779675930738449
2023-09-24 06:58:27,705 | train | INFO | batch: 0/313 loss: 0.0545654371380806
2023-09-24 06:58:29,966 | train | INFO | Early stopper, counter 0/5, best:0.796 -> now:0.796
2023-09-24 06:58:29,973 | train | INFO | Set counter as 0
2023-09-24 06:58:29,973 | train | INFO | Update best score as 0.796
2023-09-24 06:58:36,327 | train | INFO | Recorder, epoch 2 Model saved: /content/results/train/20230924_153013/model.pt
2023-09-24 06:58:36,329 | train | INFO | --Train 3/10
2023-09-24 06:58:38,028 | train | INFO | batch: 0/313 loss: 0.1182887852191925
2023-09-24 07:01:24,580 | train | INFO | batch: 100/313 loss: 0.07176493108272552
2023-09-24 07:01:24,751 | train | INFO | batch: 100/313 loss: 0.037561845034360886
2023-09-24 07:01:24,765 | train | INFO | batch: 100/313 loss: 0.025269852951169014
2023-09-24 07:01:24,776 | train | INFO | batch: 100/313 loss: 0.11671376973390579
2023-09-24 07:01:24,838 | train | INFO | batch: 100/313 loss: 0.37239930033683777
2023-09-24 07:01:24,845 | train | INFO | batch: 100/313 loss: 0.1393737941980362
2023-09-24 07:01:24,856 | train | INFO | batch: 100/313 loss: 0.0412309393286705
2023-09-24 07:01:24,910 | train | INFO | batch: 100/313 loss: 0.0657193586230278
2023-09-24 07:04:16,140 | train | INFO | batch: 200/313 loss: 0.19953152537345886
2023-09-24 07:04:16,259 | train | INFO | batch: 200/313 loss: 0.19198383390903473
2023-09-24 07:04:16,341 | train | INFO | batch: 200/313 loss: 0.17047658562660217
2023-09-24 07:04:16,461 | train | INFO | batch: 200/313 loss: 0.08942888677120209
2023-09-24 07:04:16,563 | train | INFO | batch: 200/313 loss: 0.009705658070743084
2023-09-24 07:04:16,592 | train | INFO | batch: 200/313 loss: 0.09427851438522339
2023-09-24 07:04:16,592 | train | INFO | batch: 200/313 loss: 0.1550067961215973
2023-09-24 07:04:16,610 | train | INFO | batch: 200/313 loss: 0.04513241723179817
2023-09-24 07:07:00,989 | train | INFO | batch: 300/313 loss: 0.04757193848490715
2023-09-24 07:07:00,994 | train | INFO | batch: 300/313 loss: 0.16629686951637268
2023-09-24 07:07:01,074 | train | INFO | batch: 300/313 loss: 0.023747125640511513
2023-09-24 07:07:01,097 | train | INFO | batch: 300/313 loss: 0.021313590928912163
2023-09-24 07:07:01,098 | train | INFO | batch: 300/313 loss: 0.06765521317720413
2023-09-24 07:07:01,137 | train | INFO | batch: 300/313 loss: 0.057340357452631
2023-09-24 07:07:01,144 | train | INFO | batch: 300/313 loss: 0.08535739779472351
2023-09-24 07:07:01,148 | train | INFO | batch: 300/313 loss: 0.09277170896530151
2023-09-24 07:07:14,391 | train | INFO | --Val 3/10
2023-09-24 07:07:14,435 | train | INFO | --Val 3/10
2023-09-24 07:07:14,443 | train | INFO | --Val 3/10
2023-09-24 07:07:14,447 | train | INFO | --Val 3/10
2023-09-24 07:07:14,438 | train | INFO | --Val 3/10
2023-09-24 07:07:14,444 | train | INFO | --Val 3/10
2023-09-24 07:07:14,484 | train | INFO | --Val 3/10
2023-09-24 07:07:14,527 | train | INFO | --Val 3/10
2023-09-24 07:07:19,952 | train | INFO | batch: 0/16 loss: 0.29872453212738037
2023-09-24 07:07:20,760 | train | INFO | batch: 0/16 loss: 0.6460004448890686
2023-09-24 07:07:20,884 | train | INFO | batch: 0/16 loss: 1.0793486833572388
2023-09-24 07:07:21,767 | train | INFO | batch: 0/16 loss: 0.8468706607818604
2023-09-24 07:07:21,870 | train | INFO | batch: 0/16 loss: 0.510063648223877
2023-09-24 07:07:21,921 | train | INFO | batch: 0/16 loss: 0.5632476806640625
2023-09-24 07:07:22,002 | train | INFO | batch: 0/16 loss: 0.35606256127357483
2023-09-24 07:07:22,078 | train | INFO | batch: 0/16 loss: 0.5328105688095093
2023-09-24 07:07:28,656 | train | INFO | --Train 4/10
2023-09-24 07:07:28,799 | train | INFO | --Train 4/10
2023-09-24 07:07:28,975 | train | INFO | Write row 3
2023-09-24 07:07:29,202 | train | INFO | --Train 4/10
2023-09-24 07:07:29,362 | train | INFO | --Train 4/10
2023-09-24 07:07:29,481 | train | INFO | --Train 4/10
2023-09-24 07:07:29,499 | train | INFO | --Train 4/10
2023-09-24 07:07:29,496 | train | INFO | --Train 4/10
2023-09-24 07:07:35,786 | train | INFO | batch: 0/313 loss: 0.01072496548295021
2023-09-24 07:07:35,820 | train | INFO | batch: 0/313 loss: 0.2537592649459839
2023-09-24 07:07:37,705 | train | INFO | batch: 0/313 loss: 0.13661277294158936
2023-09-24 07:07:37,982 | train | INFO | batch: 0/313 loss: 0.027744367718696594
2023-09-24 07:07:38,152 | train | INFO | batch: 0/313 loss: 0.030658988282084465
2023-09-24 07:07:38,610 | train | INFO | batch: 0/313 loss: 0.04106229543685913
2023-09-24 07:07:38,681 | train | INFO | batch: 0/313 loss: 0.005595584865659475
2023-09-24 07:07:41,621 | train | INFO | Early stopper, counter 0/5, best:0.8 -> now:0.8
2023-09-24 07:07:41,634 | train | INFO | Set counter as 0
2023-09-24 07:07:41,634 | train | INFO | Update best score as 0.8
2023-09-24 07:07:47,918 | train | INFO | Recorder, epoch 3 Model saved: /content/results/train/20230924_153013/model.pt
2023-09-24 07:07:47,920 | train | INFO | --Train 4/10
2023-09-24 07:07:49,208 | train | INFO | batch: 0/313 loss: 0.0053123789839446545
2023-09-24 07:10:37,480 | train | INFO | batch: 100/313 loss: 0.015061572194099426
2023-09-24 07:10:37,489 | train | INFO | batch: 100/313 loss: 0.12272950261831284
2023-09-24 07:10:37,497 | train | INFO | batch: 100/313 loss: 0.023665882647037506
2023-09-24 07:10:37,584 | train | INFO | batch: 100/313 loss: 0.06169205158948898
2023-09-24 07:10:37,596 | train | INFO | batch: 100/313 loss: 0.0969923734664917
2023-09-24 07:10:37,602 | train | INFO | batch: 100/313 loss: 0.14464078843593597
2023-09-24 07:10:37,625 | train | INFO | batch: 100/313 loss: 0.01811077632009983
2023-09-24 07:10:37,636 | train | INFO | batch: 100/313 loss: 0.009555513970553875
2023-09-24 07:13:33,424 | train | INFO | batch: 200/313 loss: 0.08747395128011703
2023-09-24 07:13:33,547 | train | INFO | batch: 200/313 loss: 0.0016147713176906109
2023-09-24 07:13:33,593 | train | INFO | batch: 200/313 loss: 0.0026652563828974962
2023-09-24 07:13:33,694 | train | INFO | batch: 200/313 loss: 0.001445629633963108
2023-09-24 07:13:33,740 | train | INFO | batch: 200/313 loss: 0.030166078358888626
2023-09-24 07:13:33,882 | train | INFO | batch: 200/313 loss: 0.00881521962583065
2023-09-24 07:13:33,960 | train | INFO | batch: 200/313 loss: 0.03800515830516815
2023-09-24 07:13:34,041 | train | INFO | batch: 200/313 loss: 0.001953644212335348
2023-09-24 07:16:17,388 | train | INFO | batch: 300/313 loss: 0.012428616173565388
2023-09-24 07:16:17,394 | train | INFO | batch: 300/313 loss: 0.03103715181350708
2023-09-24 07:16:17,455 | train | INFO | batch: 300/313 loss: 0.011961502954363823
2023-09-24 07:16:17,604 | train | INFO | batch: 300/313 loss: 0.004611095413565636
2023-09-24 07:16:17,603 | train | INFO | batch: 300/313 loss: 0.061968374997377396
2023-09-24 07:16:17,716 | train | INFO | batch: 300/313 loss: 0.19870296120643616
2023-09-24 07:16:17,893 | train | INFO | batch: 300/313 loss: 0.02601841278374195
2023-09-24 07:16:17,912 | train | INFO | batch: 300/313 loss: 0.01142917387187481
2023-09-24 07:16:41,782 | train | INFO | --Val 4/10
2023-09-24 07:16:41,789 | train | INFO | --Val 4/10
2023-09-24 07:16:41,816 | train | INFO | --Val 4/10
2023-09-24 07:16:41,834 | train | INFO | --Val 4/10
2023-09-24 07:16:41,842 | train | INFO | --Val 4/10
2023-09-24 07:16:41,846 | train | INFO | --Val 4/10
2023-09-24 07:16:41,927 | train | INFO | --Val 4/10
2023-09-24 07:16:41,914 | train | INFO | --Val 4/10
2023-09-24 07:16:48,863 | train | INFO | batch: 0/16 loss: 0.8294955492019653
2023-09-24 07:16:49,676 | train | INFO | batch: 0/16 loss: 1.5178935527801514
2023-09-24 07:16:49,847 | train | INFO | batch: 0/16 loss: 0.6368873119354248
2023-09-24 07:16:50,470 | train | INFO | batch: 0/16 loss: 0.43345361948013306
2023-09-24 07:16:50,504 | train | INFO | batch: 0/16 loss: 0.3489723801612854
2023-09-24 07:16:50,922 | train | INFO | batch: 0/16 loss: 1.3297322988510132
2023-09-24 07:16:51,296 | train | INFO | batch: 0/16 loss: 0.28653427958488464
2023-09-24 07:16:51,740 | train | INFO | batch: 0/16 loss: 0.07598862051963806
2023-09-24 07:16:58,058 | train | INFO | --Train 5/10
2023-09-24 07:16:58,615 | train | INFO | --Train 5/10
2023-09-24 07:16:58,844 | train | INFO | --Train 5/10
2023-09-24 07:16:58,864 | train | INFO | --Train 5/10
2023-09-24 07:16:59,111 | train | INFO | Write row 4
2023-09-24 07:16:59,582 | train | INFO | --Train 5/10
2023-09-24 07:16:59,971 | train | INFO | --Train 5/10
2023-09-24 07:17:00,029 | train | INFO | --Train 5/10
2023-09-24 07:17:06,573 | train | INFO | batch: 0/313 loss: 0.04286788031458855
2023-09-24 07:17:07,020 | train | INFO | batch: 0/313 loss: 0.00822831317782402
2023-09-24 07:17:08,287 | train | INFO | batch: 0/313 loss: 0.06706357002258301
2023-09-24 07:17:08,698 | train | INFO | batch: 0/313 loss: 0.03690647333860397
2023-09-24 07:17:08,904 | train | INFO | batch: 0/313 loss: 0.24361419677734375
2023-09-24 07:17:09,538 | train | INFO | batch: 0/313 loss: 0.011704748496413231
2023-09-24 07:17:09,880 | train | INFO | batch: 0/313 loss: 0.04812923073768616
2023-09-24 07:17:13,263 | train | INFO | Early stopper, counter 0/5, best:0.864 -> now:0.864
2023-09-24 07:17:13,263 | train | INFO | Set counter as 0
2023-09-24 07:17:13,263 | train | INFO | Update best score as 0.864
2023-09-24 07:17:24,045 | train | INFO | Recorder, epoch 4 Model saved: /content/results/train/20230924_153013/model.pt
2023-09-24 07:17:24,047 | train | INFO | --Train 5/10
2023-09-24 07:17:25,844 | train | INFO | batch: 0/313 loss: 0.46299225091934204
2023-09-24 07:20:11,984 | train | INFO | batch: 100/313 loss: 0.09620310366153717
2023-09-24 07:20:12,020 | train | INFO | batch: 100/313 loss: 0.1535026729106903
2023-09-24 07:20:12,030 | train | INFO | batch: 100/313 loss: 0.025333236902952194
2023-09-24 07:20:12,038 | train | INFO | batch: 100/313 loss: 0.014013449661433697
2023-09-24 07:20:12,050 | train | INFO | batch: 100/313 loss: 0.004982793238013983
2023-09-24 07:20:12,065 | train | INFO | batch: 100/313 loss: 0.013064800761640072
2023-09-24 07:20:12,068 | train | INFO | batch: 100/313 loss: 0.07864237576723099
2023-09-24 07:20:12,214 | train | INFO | batch: 100/313 loss: 0.021811336278915405
2023-09-24 07:22:58,326 | train | INFO | batch: 200/313 loss: 0.071800597012043
2023-09-24 07:22:58,337 | train | INFO | batch: 200/313 loss: 0.035272758454084396
2023-09-24 07:22:58,344 | train | INFO | batch: 200/313 loss: 0.02697429247200489
2023-09-24 07:22:58,355 | train | INFO | batch: 200/313 loss: 0.04286425560712814
2023-09-24 07:22:58,385 | train | INFO | batch: 200/313 loss: 0.02806735411286354
2023-09-24 07:22:58,439 | train | INFO | batch: 200/313 loss: 0.011677483096718788
2023-09-24 07:22:58,490 | train | INFO | batch: 200/313 loss: 0.008049976080656052
2023-09-24 07:22:58,507 | train | INFO | batch: 200/313 loss: 0.009557791985571384
2023-09-24 07:25:42,909 | train | INFO | batch: 300/313 loss: 0.003211584407836199
2023-09-24 07:25:42,909 | train | INFO | batch: 300/313 loss: 0.007142090704292059
2023-09-24 07:25:42,913 | train | INFO | batch: 300/313 loss: 0.01361512765288353
2023-09-24 07:25:42,928 | train | INFO | batch: 300/313 loss: 0.0036015419755131006
2023-09-24 07:25:42,929 | train | INFO | batch: 300/313 loss: 0.05361594259738922
2023-09-24 07:25:42,930 | train | INFO | batch: 300/313 loss: 0.005442862398922443
2023-09-24 07:25:42,932 | train | INFO | batch: 300/313 loss: 0.003995015285909176
2023-09-24 07:25:42,949 | train | INFO | batch: 300/313 loss: 0.019306069239974022
2023-09-24 07:25:58,344 | train | INFO | --Val 5/10
2023-09-24 07:25:58,356 | train | INFO | --Val 5/10
2023-09-24 07:25:58,419 | train | INFO | --Val 5/10
2023-09-24 07:25:58,425 | train | INFO | --Val 5/10
2023-09-24 07:25:58,427 | train | INFO | --Val 5/10
2023-09-24 07:25:58,428 | train | INFO | --Val 5/10
2023-09-24 07:25:58,441 | train | INFO | --Val 5/10
2023-09-24 07:25:58,450 | train | INFO | --Val 5/10
2023-09-24 07:26:01,742 | train | INFO | batch: 0/16 loss: 0.1803077906370163
2023-09-24 07:26:02,273 | train | INFO | batch: 0/16 loss: 0.43230000138282776
2023-09-24 07:26:03,393 | train | INFO | batch: 0/16 loss: 0.8053841590881348
2023-09-24 07:26:03,803 | train | INFO | batch: 0/16 loss: 1.1187032461166382
2023-09-24 07:26:04,058 | train | INFO | batch: 0/16 loss: 0.4767002463340759
2023-09-24 07:26:04,146 | train | INFO | batch: 0/16 loss: 0.7022385001182556
2023-09-24 07:26:05,179 | train | INFO | batch: 0/16 loss: 0.6956201791763306
2023-09-24 07:26:05,230 | train | INFO | batch: 0/16 loss: 0.13118645548820496
2023-09-24 07:26:10,811 | train | INFO | --Train 6/10
2023-09-24 07:26:11,227 | train | INFO | --Train 6/10
2023-09-24 07:26:12,037 | train | INFO | --Train 6/10
2023-09-24 07:26:12,170 | train | INFO | --Train 6/10
2023-09-24 07:26:12,327 | train | INFO | --Train 6/10
2023-09-24 07:26:12,378 | train | INFO | Write row 5
2023-09-24 07:26:12,648 | train | INFO | --Train 6/10
2023-09-24 07:26:12,955 | train | INFO | --Train 6/10
2023-09-24 07:26:18,979 | train | INFO | batch: 0/313 loss: 0.004084608517587185
2023-09-24 07:26:20,298 | train | INFO | batch: 0/313 loss: 0.01992354542016983
2023-09-24 07:26:20,702 | train | INFO | batch: 0/313 loss: 0.020409047603607178
2023-09-24 07:26:21,017 | train | INFO | batch: 0/313 loss: 0.00958431139588356
2023-09-24 07:26:21,351 | train | INFO | batch: 0/313 loss: 0.231769397854805
2023-09-24 07:26:21,525 | train | INFO | batch: 0/313 loss: 0.006853132508695126
2023-09-24 07:26:21,717 | train | INFO | batch: 0/313 loss: 0.002167134080082178
2023-09-24 07:26:23,786 | train | INFO | Early stopper, counter 1/5, best:0.864 -> now:0.812
2023-09-24 07:26:23,787 | train | INFO | --Train 6/10
2023-09-24 07:26:25,685 | train | INFO | batch: 0/313 loss: 0.014252020977437496
2023-09-24 07:29:15,226 | train | INFO | batch: 100/313 loss: 0.02664918825030327
2023-09-24 07:29:15,348 | train | INFO | batch: 100/313 loss: 0.015963036566972733
2023-09-24 07:29:15,451 | train | INFO | batch: 100/313 loss: 0.0005975529202260077
2023-09-24 07:29:15,461 | train | INFO | batch: 100/313 loss: 0.0224035382270813
2023-09-24 07:29:15,477 | train | INFO | batch: 100/313 loss: 0.002976741176098585
2023-09-24 07:29:15,487 | train | INFO | batch: 100/313 loss: 0.01241275668144226
2023-09-24 07:29:15,572 | train | INFO | batch: 100/313 loss: 0.006866820156574249
2023-09-24 07:29:15,626 | train | INFO | batch: 100/313 loss: 0.003896112786605954
2023-09-24 07:32:00,985 | train | INFO | batch: 200/313 loss: 0.48137566447257996
2023-09-24 07:32:01,021 | train | INFO | batch: 200/313 loss: 0.020695455372333527
2023-09-24 07:32:01,025 | train | INFO | batch: 200/313 loss: 0.1830900013446808
2023-09-24 07:32:01,054 | train | INFO | batch: 200/313 loss: 0.005274907220155001
2023-09-24 07:32:01,271 | train | INFO | batch: 200/313 loss: 0.0035757466685026884
2023-09-24 07:32:01,357 | train | INFO | batch: 200/313 loss: 0.008031356148421764
2023-09-24 07:32:01,382 | train | INFO | batch: 200/313 loss: 0.11364145576953888
2023-09-24 07:32:01,463 | train | INFO | batch: 200/313 loss: 0.03217430040240288
2023-09-24 07:34:50,357 | train | INFO | batch: 300/313 loss: 0.016457736492156982
2023-09-24 07:34:50,501 | train | INFO | batch: 300/313 loss: 0.004589345771819353
2023-09-24 07:34:50,513 | train | INFO | batch: 300/313 loss: 0.006273222621530294
2023-09-24 07:34:50,583 | train | INFO | batch: 300/313 loss: 0.011900993064045906
2023-09-24 07:34:50,590 | train | INFO | batch: 300/313 loss: 0.0021250464487820864
2023-09-24 07:34:50,669 | train | INFO | batch: 300/313 loss: 0.002055254066362977
2023-09-24 07:34:50,709 | train | INFO | batch: 300/313 loss: 0.009689745493233204
2023-09-24 07:34:50,751 | train | INFO | batch: 300/313 loss: 0.0014088097959756851
2023-09-24 07:35:03,575 | train | INFO | --Val 6/10
2023-09-24 07:35:03,591 | train | INFO | --Val 6/10
2023-09-24 07:35:03,595 | train | INFO | --Val 6/10
2023-09-24 07:35:03,599 | train | INFO | --Val 6/10
2023-09-24 07:35:03,597 | train | INFO | --Val 6/10
2023-09-24 07:35:03,614 | train | INFO | --Val 6/10
2023-09-24 07:35:03,625 | train | INFO | --Val 6/10
2023-09-24 07:35:03,636 | train | INFO | --Val 6/10
2023-09-24 07:35:07,181 | train | INFO | batch: 0/16 loss: 0.4212321937084198
2023-09-24 07:35:07,945 | train | INFO | batch: 0/16 loss: 0.48947834968566895
2023-09-24 07:35:09,282 | train | INFO | batch: 0/16 loss: 0.4020148813724518
2023-09-24 07:35:09,565 | train | INFO | batch: 0/16 loss: 0.3030568063259125
2023-09-24 07:35:09,943 | train | INFO | batch: 0/16 loss: 0.3991706669330597
2023-09-24 07:35:09,985 | train | INFO | batch: 0/16 loss: 0.8569660186767578
2023-09-24 07:35:10,697 | train | INFO | batch: 0/16 loss: 0.4413711130619049
2023-09-24 07:35:10,726 | train | INFO | batch: 0/16 loss: 1.5373156070709229
2023-09-24 07:35:17,961 | train | INFO | --Train 7/10
2023-09-24 07:35:18,530 | train | INFO | --Train 7/10
2023-09-24 07:35:18,649 | train | INFO | --Train 7/10
2023-09-24 07:35:18,853 | train | INFO | --Train 7/10
2023-09-24 07:35:19,122 | train | INFO | --Train 7/10
2023-09-24 07:35:19,162 | train | INFO | --Train 7/10
2023-09-24 07:35:19,465 | train | INFO | Write row 6
2023-09-24 07:35:20,116 | train | INFO | --Train 7/10
2023-09-24 07:35:24,288 | train | INFO | batch: 0/313 loss: 0.021931272000074387
2023-09-24 07:35:25,056 | train | INFO | batch: 0/313 loss: 0.003968155011534691
2023-09-24 07:35:25,242 | train | INFO | batch: 0/313 loss: 0.00226649665273726
2023-09-24 07:35:26,279 | train | INFO | batch: 0/313 loss: 0.02805619314312935
2023-09-24 07:35:26,478 | train | INFO | batch: 0/313 loss: 0.008439621888101101
2023-09-24 07:35:26,676 | train | INFO | batch: 0/313 loss: 0.04521501809358597
2023-09-24 07:35:27,032 | train | INFO | batch: 0/313 loss: 0.003746733069419861
2023-09-24 07:35:29,119 | train | INFO | Early stopper, counter 2/5, best:0.864 -> now:0.816
2023-09-24 07:35:29,119 | train | INFO | --Train 7/10
2023-09-24 07:35:30,592 | train | INFO | batch: 0/313 loss: 0.008444282226264477
2023-09-24 07:38:16,605 | train | INFO | batch: 100/313 loss: 0.015598110854625702
2023-09-24 07:38:16,639 | train | INFO | batch: 100/313 loss: 0.0025474815629422665
2023-09-24 07:38:16,644 | train | INFO | batch: 100/313 loss: 0.03688845410943031
2023-09-24 07:38:16,659 | train | INFO | batch: 100/313 loss: 0.07007895410060883
2023-09-24 07:38:16,664 | train | INFO | batch: 100/313 loss: 0.041007623076438904
2023-09-24 07:38:16,671 | train | INFO | batch: 100/313 loss: 0.409214586019516
2023-09-24 07:38:16,697 | train | INFO | batch: 100/313 loss: 0.004177936818450689
2023-09-24 07:38:16,843 | train | INFO | batch: 100/313 loss: 0.005258101969957352
2023-09-24 07:41:01,961 | train | INFO | batch: 200/313 loss: 0.07217312604188919
2023-09-24 07:41:02,166 | train | INFO | batch: 200/313 loss: 0.0035784461069852114
2023-09-24 07:41:02,216 | train | INFO | batch: 200/313 loss: 0.002151802182197571
2023-09-24 07:41:02,221 | train | INFO | batch: 200/313 loss: 0.006034603342413902
2023-09-24 07:41:02,336 | train | INFO | batch: 200/313 loss: 0.0005707112140953541
2023-09-24 07:41:02,442 | train | INFO | batch: 200/313 loss: 0.014374878257513046
2023-09-24 07:41:02,458 | train | INFO | batch: 200/313 loss: 0.012350485660135746
2023-09-24 07:41:02,550 | train | INFO | batch: 200/313 loss: 0.0004897231701761484
2023-09-24 07:43:46,114 | train | INFO | batch: 300/313 loss: 0.15655545890331268
2023-09-24 07:43:46,142 | train | INFO | batch: 300/313 loss: 0.0012621736386790872
2023-09-24 07:43:46,189 | train | INFO | batch: 300/313 loss: 0.010897196829319
2023-09-24 07:43:46,205 | train | INFO | batch: 300/313 loss: 0.009239212609827518
2023-09-24 07:43:46,233 | train | INFO | batch: 300/313 loss: 0.0001863883517216891
2023-09-24 07:43:46,283 | train | INFO | batch: 300/313 loss: 0.0006759715615771711
2023-09-24 07:43:46,350 | train | INFO | batch: 300/313 loss: 0.005287636537104845
2023-09-24 07:43:46,519 | train | INFO | batch: 300/313 loss: 0.133701354265213
2023-09-24 07:44:00,064 | train | INFO | --Val 7/10
2023-09-24 07:44:00,073 | train | INFO | --Val 7/10
2023-09-24 07:44:00,079 | train | INFO | --Val 7/10
2023-09-24 07:44:00,098 | train | INFO | --Val 7/10
2023-09-24 07:44:00,351 | train | INFO | --Val 7/10
2023-09-24 07:44:00,361 | train | INFO | --Val 7/10
2023-09-24 07:44:00,386 | train | INFO | --Val 7/10
2023-09-24 07:44:00,388 | train | INFO | --Val 7/10
2023-09-24 07:44:04,448 | train | INFO | batch: 0/16 loss: 0.460112065076828
2023-09-24 07:44:04,625 | train | INFO | batch: 0/16 loss: 0.3042505383491516
2023-09-24 07:44:05,495 | train | INFO | batch: 0/16 loss: 0.3055436313152313
2023-09-24 07:44:06,650 | train | INFO | batch: 0/16 loss: 0.48831361532211304
2023-09-24 07:44:06,748 | train | INFO | batch: 0/16 loss: 0.4404122531414032
2023-09-24 07:44:06,797 | train | INFO | batch: 0/16 loss: 0.4659532308578491
2023-09-24 07:44:07,819 | train | INFO | batch: 0/16 loss: 0.11263731122016907
2023-09-24 07:44:07,824 | train | INFO | batch: 0/16 loss: 0.8132238388061523
2023-09-24 07:44:14,043 | train | INFO | --Train 8/10
2023-09-24 07:44:14,348 | train | INFO | --Train 8/10
2023-09-24 07:44:14,616 | train | INFO | --Train 8/10
2023-09-24 07:44:14,934 | train | INFO | --Train 8/10
2023-09-24 07:44:15,007 | train | INFO | --Train 8/10
2023-09-24 07:44:15,374 | train | INFO | --Train 8/10
2023-09-24 07:44:15,632 | train | INFO | --Train 8/10
2023-09-24 07:44:15,729 | train | INFO | Write row 7
2023-09-24 07:44:21,165 | train | INFO | batch: 0/313 loss: 0.01814384199678898
2023-09-24 07:44:21,419 | train | INFO | batch: 0/313 loss: 0.011035991832613945
2023-09-24 07:44:21,798 | train | INFO | batch: 0/313 loss: 0.003512829542160034
2023-09-24 07:44:22,200 | train | INFO | batch: 0/313 loss: 0.0018583079800009727
2023-09-24 07:44:22,895 | train | INFO | batch: 0/313 loss: 0.07213564217090607
2023-09-24 07:44:22,971 | train | INFO | batch: 0/313 loss: 0.009812291711568832
2023-09-24 07:44:23,011 | train | INFO | batch: 0/313 loss: 0.000478099100291729
2023-09-24 07:44:25,428 | train | INFO | Early stopper, counter 3/5, best:0.864 -> now:0.856
2023-09-24 07:44:25,430 | train | INFO | --Train 8/10
2023-09-24 07:44:26,961 | train | INFO | batch: 0/313 loss: 0.001362175215035677
2023-09-24 07:47:11,085 | train | INFO | batch: 100/313 loss: 0.0023715875577181578
2023-09-24 07:47:11,296 | train | INFO | batch: 100/313 loss: 0.23324203491210938
2023-09-24 07:47:11,371 | train | INFO | batch: 100/313 loss: 0.033574629575014114
2023-09-24 07:47:11,432 | train | INFO | batch: 100/313 loss: 0.0021624926012009382
2023-09-24 07:47:11,472 | train | INFO | batch: 100/313 loss: 0.008202094584703445
2023-09-24 07:47:11,473 | train | INFO | batch: 100/313 loss: 0.0017109730979427695
2023-09-24 07:47:11,558 | train | INFO | batch: 100/313 loss: 0.0020575709640979767
2023-09-24 07:47:11,588 | train | INFO | batch: 100/313 loss: 0.020941149443387985
2023-09-24 07:49:56,277 | train | INFO | batch: 200/313 loss: 0.001999139552935958
2023-09-24 07:49:56,331 | train | INFO | batch: 200/313 loss: 0.011012700386345387
2023-09-24 07:49:56,409 | train | INFO | batch: 200/313 loss: 0.008744636550545692
2023-09-24 07:49:56,547 | train | INFO | batch: 200/313 loss: 0.002559484913945198
2023-09-24 07:49:56,581 | train | INFO | batch: 200/313 loss: 0.0010714323725551367
2023-09-24 07:49:56,593 | train | INFO | batch: 200/313 loss: 0.01741453818976879
2023-09-24 07:49:56,599 | train | INFO | batch: 200/313 loss: 0.06723577529191971
2023-09-24 07:49:56,901 | train | INFO | batch: 200/313 loss: 0.000853898876812309
2023-09-24 07:52:38,235 | train | INFO | batch: 300/313 loss: 0.0011261668987572193
2023-09-24 07:52:38,253 | train | INFO | batch: 300/313 loss: 0.4711386561393738
2023-09-24 07:52:38,270 | train | INFO | batch: 300/313 loss: 0.07327145338058472
2023-09-24 07:52:38,272 | train | INFO | batch: 300/313 loss: 0.0022887729573994875
2023-09-24 07:52:38,281 | train | INFO | batch: 300/313 loss: 0.0026763640344142914
2023-09-24 07:52:38,365 | train | INFO | batch: 300/313 loss: 0.001967977499589324
2023-09-24 07:52:38,394 | train | INFO | batch: 300/313 loss: 0.0017795305466279387
2023-09-24 07:52:38,456 | train | INFO | batch: 300/313 loss: 0.0010794831905514002
2023-09-24 07:52:53,063 | train | INFO | --Val 8/10
2023-09-24 07:52:53,072 | train | INFO | --Val 8/10
2023-09-24 07:52:53,244 | train | INFO | --Val 8/10
2023-09-24 07:52:53,250 | train | INFO | --Val 8/10
2023-09-24 07:52:53,257 | train | INFO | --Val 8/10
2023-09-24 07:52:53,271 | train | INFO | --Val 8/10
2023-09-24 07:52:53,291 | train | INFO | --Val 8/10
2023-09-24 07:52:53,303 | train | INFO | --Val 8/10
2023-09-24 07:52:57,236 | train | INFO | batch: 0/16 loss: 1.0511841773986816
2023-09-24 07:52:57,991 | train | INFO | batch: 0/16 loss: 0.4054817855358124
2023-09-24 07:52:58,052 | train | INFO | batch: 0/16 loss: 0.4443025588989258
2023-09-24 07:52:59,029 | train | INFO | batch: 0/16 loss: 0.25195202231407166
2023-09-24 07:52:59,579 | train | INFO | batch: 0/16 loss: 0.021966751664876938
2023-09-24 07:52:59,588 | train | INFO | batch: 0/16 loss: 0.6619800925254822
2023-09-24 07:52:59,796 | train | INFO | batch: 0/16 loss: 0.0036720186471939087
2023-09-24 07:53:00,107 | train | INFO | batch: 0/16 loss: 0.4497288465499878
2023-09-24 07:53:06,166 | train | INFO | Write row 8
2023-09-24 07:53:06,767 | train | INFO | --Train 9/10
2023-09-24 07:53:06,972 | train | INFO | --Train 9/10
2023-09-24 07:53:07,052 | train | INFO | --Train 9/10
2023-09-24 07:53:07,585 | train | INFO | --Train 9/10
2023-09-24 07:53:07,723 | train | INFO | --Train 9/10
2023-09-24 07:53:07,872 | train | INFO | --Train 9/10
2023-09-24 07:53:08,002 | train | INFO | --Train 9/10
2023-09-24 07:53:14,004 | train | INFO | batch: 0/313 loss: 0.139016792178154
2023-09-24 07:53:14,206 | train | INFO | batch: 0/313 loss: 0.005399090237915516
2023-09-24 07:53:14,686 | train | INFO | batch: 0/313 loss: 0.0562744103372097
2023-09-24 07:53:14,898 | train | INFO | batch: 0/313 loss: 0.005937931593507528
2023-09-24 07:53:15,185 | train | INFO | batch: 0/313 loss: 0.007451746612787247
2023-09-24 07:53:15,468 | train | INFO | batch: 0/313 loss: 0.009770178236067295
2023-09-24 07:53:15,689 | train | INFO | batch: 0/313 loss: 0.008043330162763596
2023-09-24 07:53:16,759 | train | INFO | Early stopper, counter 0/5, best:0.864 -> now:0.864
2023-09-24 07:53:16,765 | train | INFO | Set counter as 0
2023-09-24 07:53:16,765 | train | INFO | Update best score as 0.864
2023-09-24 07:53:23,649 | train | INFO | Recorder, epoch 8 Model saved: /content/results/train/20230924_153013/model.pt
2023-09-24 07:53:23,650 | train | INFO | --Train 9/10
2023-09-24 07:53:25,379 | train | INFO | batch: 0/313 loss: 0.033348530530929565
2023-09-24 07:56:14,339 | train | INFO | batch: 100/313 loss: 0.02581959031522274
2023-09-24 07:56:14,345 | train | INFO | batch: 100/313 loss: 0.00290953041985631
2023-09-24 07:56:14,360 | train | INFO | batch: 100/313 loss: 0.0008967923931777477
2023-09-24 07:56:14,501 | train | INFO | batch: 100/313 loss: 0.0009661318617872894
2023-09-24 07:56:14,698 | train | INFO | batch: 100/313 loss: 0.019275587052106857
2023-09-24 07:56:14,713 | train | INFO | batch: 100/313 loss: 0.005191251635551453
2023-09-24 07:56:14,942 | train | INFO | batch: 100/313 loss: 0.08244027942419052
2023-09-24 07:56:14,967 | train | INFO | batch: 100/313 loss: 0.0013163695111870766
2023-09-24 07:58:58,841 | train | INFO | batch: 200/313 loss: 0.03082769550383091
2023-09-24 07:58:58,900 | train | INFO | batch: 200/313 loss: 0.002949630841612816
2023-09-24 07:58:58,937 | train | INFO | batch: 200/313 loss: 0.00608148705214262
2023-09-24 07:58:58,983 | train | INFO | batch: 200/313 loss: 0.006702006328850985
2023-09-24 07:58:59,034 | train | INFO | batch: 200/313 loss: 0.00568711943924427
2023-09-24 07:58:59,105 | train | INFO | batch: 200/313 loss: 0.10409639775753021
2023-09-24 07:58:59,108 | train | INFO | batch: 200/313 loss: 0.0011964396107941866
2023-09-24 07:58:59,294 | train | INFO | batch: 200/313 loss: 0.0009576199227012694
2023-09-24 08:01:42,598 | train | INFO | batch: 300/313 loss: 0.10701984167098999
2023-09-24 08:01:42,872 | train | INFO | batch: 300/313 loss: 0.03377924859523773
2023-09-24 08:01:42,907 | train | INFO | batch: 300/313 loss: 0.001619965536519885
2023-09-24 08:01:42,922 | train | INFO | batch: 300/313 loss: 0.01072405744343996
2023-09-24 08:01:43,058 | train | INFO | batch: 300/313 loss: 0.0003870625514537096
2023-09-24 08:01:43,057 | train | INFO | batch: 300/313 loss: 0.003170897951349616
2023-09-24 08:01:43,055 | train | INFO | batch: 300/313 loss: 0.002818875014781952
2023-09-24 08:01:43,152 | train | INFO | batch: 300/313 loss: 0.00040932995034381747
2023-09-24 08:01:55,859 | train | INFO | --Val 9/10
2023-09-24 08:01:55,867 | train | INFO | --Val 9/10
2023-09-24 08:01:55,879 | train | INFO | --Val 9/10
2023-09-24 08:01:55,975 | train | INFO | --Val 9/10
2023-09-24 08:01:56,016 | train | INFO | --Val 9/10
2023-09-24 08:01:56,037 | train | INFO | --Val 9/10
2023-09-24 08:01:56,053 | train | INFO | --Val 9/10
2023-09-24 08:01:56,106 | train | INFO | --Val 9/10
2023-09-24 08:02:00,252 | train | INFO | batch: 0/16 loss: 0.3475845456123352
2023-09-24 08:02:00,605 | train | INFO | batch: 0/16 loss: 0.7430163025856018
2023-09-24 08:02:01,717 | train | INFO | batch: 0/16 loss: 0.5378230214118958
2023-09-24 08:02:02,120 | train | INFO | batch: 0/16 loss: 0.8344407677650452
2023-09-24 08:02:02,526 | train | INFO | batch: 0/16 loss: 0.3397539258003235
2023-09-24 08:02:02,603 | train | INFO | batch: 0/16 loss: 0.0837409719824791
2023-09-24 08:02:02,664 | train | INFO | batch: 0/16 loss: 0.4486008584499359
2023-09-24 08:02:02,722 | train | INFO | batch: 0/16 loss: 0.334314227104187
2023-09-24 08:02:11,452 | train | INFO | Write row 9
2023-09-24 08:02:12,763 | train | INFO | Early stopper, counter 1/5, best:0.864 -> now:0.86
2023-09-24 08:02:17,703 | train | INFO | Recorder, epoch 9 Model saved: /content/results/train/20230924_153013/model.pt
