2023-09-18 12:03:34,827 | train | INFO | Set Logger /content/results/train/20230918_210334
2023-09-18 12:03:34,859 | train | INFO | Load data, train:40000 val:2000
2023-09-18 12:03:38,197 | train | INFO | Initiated early stopper, mode: max, best score: inf, patience: 5
2023-09-18 12:03:38,199 | train | INFO | --Train 0/20
2023-09-18 12:03:47,127 | train | INFO | batch: 0/2500 loss: 7.937404155731201
2023-09-18 12:04:12,052 | train | INFO | batch: 100/2500 loss: 1.6641303300857544
2023-09-18 12:04:36,878 | train | INFO | batch: 200/2500 loss: 1.4326298236846924
2023-09-18 12:05:01,718 | train | INFO | batch: 300/2500 loss: 1.1032838821411133
2023-09-18 12:05:26,566 | train | INFO | batch: 400/2500 loss: 1.0754655599594116
2023-09-18 12:05:51,425 | train | INFO | batch: 500/2500 loss: 1.1036754846572876
2023-09-18 12:06:16,288 | train | INFO | batch: 600/2500 loss: 0.891265869140625
2023-09-18 12:06:41,155 | train | INFO | batch: 700/2500 loss: 0.8799748420715332
2023-09-18 12:07:06,028 | train | INFO | batch: 800/2500 loss: 0.9101886749267578
2023-09-18 12:07:30,887 | train | INFO | batch: 900/2500 loss: 0.7542955875396729
2023-09-18 12:07:55,750 | train | INFO | batch: 1000/2500 loss: 0.8728965520858765
2023-09-18 12:08:20,616 | train | INFO | batch: 1100/2500 loss: 0.6298350691795349
2023-09-18 12:08:45,516 | train | INFO | batch: 1200/2500 loss: 0.625950276851654
2023-09-18 12:09:10,373 | train | INFO | batch: 1300/2500 loss: 0.4757428765296936
2023-09-18 12:09:35,233 | train | INFO | batch: 1400/2500 loss: 0.8755921721458435
2023-09-18 12:10:00,092 | train | INFO | batch: 1500/2500 loss: 0.4207993447780609
2023-09-18 12:10:24,955 | train | INFO | batch: 1600/2500 loss: 1.2156909704208374
2023-09-18 12:10:49,822 | train | INFO | batch: 1700/2500 loss: 0.3772023618221283
2023-09-18 12:11:14,684 | train | INFO | batch: 1800/2500 loss: 0.4901999831199646
2023-09-18 12:11:39,546 | train | INFO | batch: 1900/2500 loss: 0.6230043768882751
2023-09-18 12:12:04,409 | train | INFO | batch: 2000/2500 loss: 0.4303854703903198
2023-09-18 12:12:29,267 | train | INFO | batch: 2100/2500 loss: 0.212506502866745
2023-09-18 12:12:54,129 | train | INFO | batch: 2200/2500 loss: 0.3266298174858093
2023-09-18 12:13:19,049 | train | INFO | batch: 2300/2500 loss: 0.073237344622612
2023-09-18 12:13:43,928 | train | INFO | batch: 2400/2500 loss: 0.36234164237976074
2023-09-18 12:14:08,685 | train | INFO | --Val 0/20
2023-09-18 12:14:08,830 | train | INFO | batch: 0/125 loss: 0.43332117795944214
2023-09-18 12:14:15,166 | train | INFO | batch: 100/125 loss: 1.1380295753479004
2023-09-18 12:14:16,731 | train | INFO | Write row 0
2023-09-18 12:14:17,491 | train | INFO | Early stopper, counter 0/5, best:0.8115 -> now:0.8115
2023-09-18 12:14:17,491 | train | INFO | Set counter as 0
2023-09-18 12:14:17,491 | train | INFO | Update best score as 0.8115
2023-09-18 12:14:18,956 | train | INFO | Recorder, epoch 0 Model saved: /content/results/train/20230918_210334/model.pt
2023-09-18 12:14:18,956 | train | INFO | --Train 1/20
2023-09-18 12:14:19,313 | train | INFO | batch: 0/2500 loss: 0.4096609950065613
2023-09-18 12:14:44,166 | train | INFO | batch: 100/2500 loss: 0.39882156252861023
2023-09-18 12:15:09,034 | train | INFO | batch: 200/2500 loss: 0.32380014657974243
2023-09-18 12:15:33,997 | train | INFO | batch: 300/2500 loss: 0.0954553633928299
2023-09-18 12:15:58,857 | train | INFO | batch: 400/2500 loss: 0.12787258625030518
2023-09-18 12:16:23,732 | train | INFO | batch: 500/2500 loss: 0.10959269851446152
2023-09-18 12:16:48,595 | train | INFO | batch: 600/2500 loss: 0.7223191261291504
2023-09-18 12:17:13,456 | train | INFO | batch: 700/2500 loss: 0.1780271828174591
2023-09-18 12:17:38,331 | train | INFO | batch: 800/2500 loss: 0.08155190944671631
2023-09-18 12:18:03,207 | train | INFO | batch: 900/2500 loss: 0.015796229243278503
2023-09-18 12:18:28,066 | train | INFO | batch: 1000/2500 loss: 0.05866406112909317
2023-09-18 12:18:52,917 | train | INFO | batch: 1100/2500 loss: 0.26571106910705566
2023-09-18 12:19:17,778 | train | INFO | batch: 1200/2500 loss: 0.2346740961074829
2023-09-18 12:19:42,634 | train | INFO | batch: 1300/2500 loss: 0.07510252296924591
2023-09-18 12:20:07,488 | train | INFO | batch: 1400/2500 loss: 0.13165150582790375
2023-09-18 12:20:32,399 | train | INFO | batch: 1500/2500 loss: 0.047800082713365555
2023-09-18 12:20:57,255 | train | INFO | batch: 1600/2500 loss: 0.1992003172636032
2023-09-18 12:21:22,111 | train | INFO | batch: 1700/2500 loss: 0.08837663382291794
2023-09-18 12:21:46,971 | train | INFO | batch: 1800/2500 loss: 0.012641600333154202
2023-09-18 12:22:11,829 | train | INFO | batch: 1900/2500 loss: 0.1992691606283188
2023-09-18 12:22:36,683 | train | INFO | batch: 2000/2500 loss: 0.17707109451293945
2023-09-18 12:23:01,540 | train | INFO | batch: 2100/2500 loss: 0.10976698249578476
2023-09-18 12:23:26,400 | train | INFO | batch: 2200/2500 loss: 0.06190972402691841
2023-09-18 12:23:51,257 | train | INFO | batch: 2300/2500 loss: 0.12433786690235138
2023-09-18 12:24:16,116 | train | INFO | batch: 2400/2500 loss: 0.4857407808303833
2023-09-18 12:24:40,845 | train | INFO | --Val 1/20
2023-09-18 12:24:40,997 | train | INFO | batch: 0/125 loss: 0.2400340586900711
2023-09-18 12:24:47,339 | train | INFO | batch: 100/125 loss: 0.43889695405960083
2023-09-18 12:24:48,906 | train | INFO | Write row 1
2023-09-18 12:24:49,507 | train | INFO | Early stopper, counter 0/5, best:0.8635 -> now:0.8635
2023-09-18 12:24:49,507 | train | INFO | Set counter as 0
2023-09-18 12:24:49,507 | train | INFO | Update best score as 0.8635
2023-09-18 12:24:52,172 | train | INFO | Recorder, epoch 1 Model saved: /content/results/train/20230918_210334/model.pt
2023-09-18 12:24:52,173 | train | INFO | --Train 2/20
2023-09-18 12:24:52,551 | train | INFO | batch: 0/2500 loss: 0.06139152869582176
2023-09-18 12:25:17,403 | train | INFO | batch: 100/2500 loss: 0.020646115764975548
2023-09-18 12:25:42,259 | train | INFO | batch: 200/2500 loss: 0.03183265030384064
2023-09-18 12:26:07,120 | train | INFO | batch: 300/2500 loss: 0.0739099532365799
2023-09-18 12:26:31,981 | train | INFO | batch: 400/2500 loss: 0.023926444351673126
2023-09-18 12:26:56,841 | train | INFO | batch: 500/2500 loss: 0.21564744412899017
2023-09-18 12:27:21,697 | train | INFO | batch: 600/2500 loss: 0.43153929710388184
2023-09-18 12:27:46,561 | train | INFO | batch: 700/2500 loss: 0.240150585770607
2023-09-18 12:28:11,430 | train | INFO | batch: 800/2500 loss: 0.2583082616329193
2023-09-18 12:28:36,288 | train | INFO | batch: 900/2500 loss: 0.06059795990586281
2023-09-18 12:29:01,154 | train | INFO | batch: 1000/2500 loss: 0.26205122470855713
2023-09-18 12:29:26,020 | train | INFO | batch: 1100/2500 loss: 0.04818812012672424
2023-09-18 12:29:50,977 | train | INFO | batch: 1200/2500 loss: 0.04757121577858925
2023-09-18 12:30:15,836 | train | INFO | batch: 1300/2500 loss: 0.32887038588523865
2023-09-18 12:30:40,696 | train | INFO | batch: 1400/2500 loss: 0.06692962348461151
2023-09-18 12:31:05,564 | train | INFO | batch: 1500/2500 loss: 0.020598802715539932
2023-09-18 12:31:30,424 | train | INFO | batch: 1600/2500 loss: 0.007068229839205742
2023-09-18 12:31:55,283 | train | INFO | batch: 1700/2500 loss: 0.021943973377346992
2023-09-18 12:32:20,138 | train | INFO | batch: 1800/2500 loss: 0.031084856018424034
2023-09-18 12:32:44,993 | train | INFO | batch: 1900/2500 loss: 0.008683365769684315
2023-09-18 12:33:09,852 | train | INFO | batch: 2000/2500 loss: 0.16094407439231873
2023-09-18 12:33:34,711 | train | INFO | batch: 2100/2500 loss: 0.004970751702785492
2023-09-18 12:33:59,566 | train | INFO | batch: 2200/2500 loss: 0.10474219918251038
2023-09-18 12:34:24,475 | train | INFO | batch: 2300/2500 loss: 0.06795121729373932
2023-09-18 12:34:49,331 | train | INFO | batch: 2400/2500 loss: 0.222831130027771
2023-09-18 12:35:14,069 | train | INFO | --Val 2/20
2023-09-18 12:35:14,222 | train | INFO | batch: 0/125 loss: 0.3688783049583435
2023-09-18 12:35:20,556 | train | INFO | batch: 100/125 loss: 0.47933974862098694
2023-09-18 12:35:22,123 | train | INFO | Write row 2
2023-09-18 12:35:22,743 | train | INFO | Early stopper, counter 1/5, best:0.8635 -> now:0.857
2023-09-18 12:35:22,743 | train | INFO | --Train 3/20
2023-09-18 12:35:23,112 | train | INFO | batch: 0/2500 loss: 0.09831462055444717
2023-09-18 12:35:47,958 | train | INFO | batch: 100/2500 loss: 0.10537301748991013
2023-09-18 12:36:12,797 | train | INFO | batch: 200/2500 loss: 0.00424982188269496
2023-09-18 12:36:37,623 | train | INFO | batch: 300/2500 loss: 0.07893899828195572
2023-09-18 12:37:02,460 | train | INFO | batch: 400/2500 loss: 0.05920690670609474
2023-09-18 12:37:27,291 | train | INFO | batch: 500/2500 loss: 0.08875641971826553
2023-09-18 12:37:52,134 | train | INFO | batch: 600/2500 loss: 0.020109528675675392
2023-09-18 12:38:16,974 | train | INFO | batch: 700/2500 loss: 0.03824067488312721
2023-09-18 12:38:41,814 | train | INFO | batch: 800/2500 loss: 0.0021875351667404175
2023-09-18 12:39:06,756 | train | INFO | batch: 900/2500 loss: 0.05413408949971199
2023-09-18 12:39:31,608 | train | INFO | batch: 1000/2500 loss: 0.004053669050335884
2023-09-18 12:39:56,471 | train | INFO | batch: 1100/2500 loss: 0.1157500371336937
2023-09-18 12:40:21,332 | train | INFO | batch: 1200/2500 loss: 0.14360547065734863
2023-09-18 12:40:46,199 | train | INFO | batch: 1300/2500 loss: 0.09619028866291046
2023-09-18 12:41:11,059 | train | INFO | batch: 1400/2500 loss: 0.03443271294236183
2023-09-18 12:41:35,921 | train | INFO | batch: 1500/2500 loss: 0.048273611813783646
2023-09-18 12:42:00,790 | train | INFO | batch: 1600/2500 loss: 0.004455504938960075
2023-09-18 12:42:25,657 | train | INFO | batch: 1700/2500 loss: 0.27732396125793457
2023-09-18 12:42:50,524 | train | INFO | batch: 1800/2500 loss: 0.35617440938949585
2023-09-18 12:43:15,388 | train | INFO | batch: 1900/2500 loss: 0.010205993428826332
2023-09-18 12:43:40,248 | train | INFO | batch: 2000/2500 loss: 0.06269439309835434
2023-09-18 12:44:05,168 | train | INFO | batch: 2100/2500 loss: 0.01947229541838169
2023-09-18 12:44:30,040 | train | INFO | batch: 2200/2500 loss: 0.02519073337316513
2023-09-18 12:44:54,902 | train | INFO | batch: 2300/2500 loss: 0.001923391013406217
2023-09-18 12:45:19,767 | train | INFO | batch: 2400/2500 loss: 0.16860948503017426
2023-09-18 12:45:44,503 | train | INFO | --Val 3/20
2023-09-18 12:45:44,654 | train | INFO | batch: 0/125 loss: 0.6910227537155151
2023-09-18 12:45:50,995 | train | INFO | batch: 100/125 loss: 0.3978758156299591
2023-09-18 12:45:52,557 | train | INFO | Write row 3
2023-09-18 12:45:53,195 | train | INFO | Early stopper, counter 2/5, best:0.8635 -> now:0.8585
2023-09-18 12:45:53,195 | train | INFO | --Train 4/20
2023-09-18 12:45:53,551 | train | INFO | batch: 0/2500 loss: 0.01042226329445839
2023-09-18 12:46:18,415 | train | INFO | batch: 100/2500 loss: 0.004844968672841787
2023-09-18 12:46:43,270 | train | INFO | batch: 200/2500 loss: 0.009667732752859592
2023-09-18 12:47:08,118 | train | INFO | batch: 300/2500 loss: 0.11683665961027145
2023-09-18 12:47:32,982 | train | INFO | batch: 400/2500 loss: 0.3708652853965759
2023-09-18 12:47:57,845 | train | INFO | batch: 500/2500 loss: 0.06784604489803314
2023-09-18 12:48:22,699 | train | INFO | batch: 600/2500 loss: 0.15060900151729584
2023-09-18 12:48:47,675 | train | INFO | batch: 700/2500 loss: 0.016309015452861786
2023-09-18 12:49:12,540 | train | INFO | batch: 800/2500 loss: 0.014665521681308746
2023-09-18 12:49:37,401 | train | INFO | batch: 900/2500 loss: 0.016431350260972977
2023-09-18 12:50:02,256 | train | INFO | batch: 1000/2500 loss: 0.1529986560344696
2023-09-18 12:50:27,121 | train | INFO | batch: 1100/2500 loss: 0.17181949317455292
2023-09-18 12:50:51,986 | train | INFO | batch: 1200/2500 loss: 0.4083329141139984
2023-09-18 12:51:16,855 | train | INFO | batch: 1300/2500 loss: 0.007920869626104832
2023-09-18 12:51:41,737 | train | INFO | batch: 1400/2500 loss: 0.006704424042254686
2023-09-18 12:52:06,608 | train | INFO | batch: 1500/2500 loss: 0.0006167616229504347
2023-09-18 12:52:31,476 | train | INFO | batch: 1600/2500 loss: 0.16405989229679108
2023-09-18 12:52:56,345 | train | INFO | batch: 1700/2500 loss: 0.021513091400265694
2023-09-18 12:53:21,218 | train | INFO | batch: 1800/2500 loss: 0.004162959288805723
2023-09-18 12:53:46,173 | train | INFO | batch: 1900/2500 loss: 0.0022000856697559357
2023-09-18 12:54:11,044 | train | INFO | batch: 2000/2500 loss: 0.0006190793355926871
2023-09-18 12:54:35,904 | train | INFO | batch: 2100/2500 loss: 0.00951586663722992
2023-09-18 12:55:00,764 | train | INFO | batch: 2200/2500 loss: 0.09092454612255096
2023-09-18 12:55:25,623 | train | INFO | batch: 2300/2500 loss: 0.053052037954330444
2023-09-18 12:55:50,484 | train | INFO | batch: 2400/2500 loss: 0.006906244903802872
2023-09-18 12:56:15,205 | train | INFO | --Val 4/20
2023-09-18 12:56:15,354 | train | INFO | batch: 0/125 loss: 0.307544469833374
2023-09-18 12:56:21,680 | train | INFO | batch: 100/125 loss: 1.2095340490341187
2023-09-18 12:56:23,244 | train | INFO | Write row 4
2023-09-18 12:56:23,879 | train | INFO | Early stopper, counter 0/5, best:0.869 -> now:0.869
2023-09-18 12:56:23,879 | train | INFO | Set counter as 0
2023-09-18 12:56:23,879 | train | INFO | Update best score as 0.869
2023-09-18 12:56:25,420 | train | INFO | Recorder, epoch 4 Model saved: /content/results/train/20230918_210334/model.pt
2023-09-18 12:56:25,420 | train | INFO | --Train 5/20
2023-09-18 12:56:25,772 | train | INFO | batch: 0/2500 loss: 0.04088592901825905
2023-09-18 12:56:50,613 | train | INFO | batch: 100/2500 loss: 0.018426310271024704
2023-09-18 12:57:15,462 | train | INFO | batch: 200/2500 loss: 0.0035470486618578434
2023-09-18 12:57:40,421 | train | INFO | batch: 300/2500 loss: 0.02683020941913128
2023-09-18 12:58:05,265 | train | INFO | batch: 400/2500 loss: 0.003911544568836689
2023-09-18 12:58:30,107 | train | INFO | batch: 500/2500 loss: 0.01668516919016838
2023-09-18 12:58:54,951 | train | INFO | batch: 600/2500 loss: 0.3426612615585327
2023-09-18 12:59:19,793 | train | INFO | batch: 700/2500 loss: 0.003036169335246086
2023-09-18 12:59:44,645 | train | INFO | batch: 800/2500 loss: 0.006353997625410557
2023-09-18 13:00:09,500 | train | INFO | batch: 900/2500 loss: 0.2489994764328003
2023-09-18 13:00:34,352 | train | INFO | batch: 1000/2500 loss: 0.014380937442183495
2023-09-18 13:00:59,210 | train | INFO | batch: 1100/2500 loss: 0.03267206996679306
2023-09-18 13:01:24,065 | train | INFO | batch: 1200/2500 loss: 0.3782840967178345
2023-09-18 13:01:48,925 | train | INFO | batch: 1300/2500 loss: 0.02778376266360283
2023-09-18 13:02:13,783 | train | INFO | batch: 1400/2500 loss: 0.03265487030148506
2023-09-18 13:02:38,707 | train | INFO | batch: 1500/2500 loss: 0.054271068423986435
2023-09-18 13:03:03,573 | train | INFO | batch: 1600/2500 loss: 0.010285071097314358
2023-09-18 13:03:28,436 | train | INFO | batch: 1700/2500 loss: 0.007223117630928755
2023-09-18 13:03:53,303 | train | INFO | batch: 1800/2500 loss: 0.006102228537201881
2023-09-18 13:04:18,159 | train | INFO | batch: 1900/2500 loss: 0.4477500319480896
2023-09-18 13:04:43,021 | train | INFO | batch: 2000/2500 loss: 0.03534698486328125
2023-09-18 13:05:07,886 | train | INFO | batch: 2100/2500 loss: 0.0011595607502385974
2023-09-18 13:05:32,753 | train | INFO | batch: 2200/2500 loss: 0.0017908727750182152
2023-09-18 13:05:57,610 | train | INFO | batch: 2300/2500 loss: 0.17504937946796417
2023-09-18 13:06:22,460 | train | INFO | batch: 2400/2500 loss: 0.00533480616286397
2023-09-18 13:06:47,193 | train | INFO | --Val 5/20
2023-09-18 13:06:47,345 | train | INFO | batch: 0/125 loss: 0.17928844690322876
2023-09-18 13:06:53,680 | train | INFO | batch: 100/125 loss: 0.5290087461471558
2023-09-18 13:06:55,244 | train | INFO | Write row 5
2023-09-18 13:06:55,874 | train | INFO | Early stopper, counter 0/5, best:0.886 -> now:0.886
2023-09-18 13:06:55,874 | train | INFO | Set counter as 0
2023-09-18 13:06:55,874 | train | INFO | Update best score as 0.886
2023-09-18 13:06:57,532 | train | INFO | Recorder, epoch 5 Model saved: /content/results/train/20230918_210334/model.pt
2023-09-18 13:06:57,532 | train | INFO | --Train 6/20
2023-09-18 13:06:57,889 | train | INFO | batch: 0/2500 loss: 0.013486149720847607
2023-09-18 13:07:22,737 | train | INFO | batch: 100/2500 loss: 0.002736687194555998
2023-09-18 13:07:47,586 | train | INFO | batch: 200/2500 loss: 0.0027385386638343334
2023-09-18 13:08:12,440 | train | INFO | batch: 300/2500 loss: 0.046874575316905975
2023-09-18 13:08:37,302 | train | INFO | batch: 400/2500 loss: 0.15664690732955933
2023-09-18 13:09:02,158 | train | INFO | batch: 500/2500 loss: 0.0019840789027512074
2023-09-18 13:09:27,011 | train | INFO | batch: 600/2500 loss: 0.46683916449546814
2023-09-18 13:09:51,868 | train | INFO | batch: 700/2500 loss: 0.01252394262701273
2023-09-18 13:10:16,733 | train | INFO | batch: 800/2500 loss: 0.01133714709430933
2023-09-18 13:10:41,598 | train | INFO | batch: 900/2500 loss: 0.0007677056128159165
2023-09-18 13:11:06,460 | train | INFO | batch: 1000/2500 loss: 0.007029063533991575
2023-09-18 13:11:31,326 | train | INFO | batch: 1100/2500 loss: 0.0035950690507888794
2023-09-18 13:11:56,293 | train | INFO | batch: 1200/2500 loss: 0.0009383056894876063
2023-09-18 13:12:21,156 | train | INFO | batch: 1300/2500 loss: 0.0055053033865988255
2023-09-18 13:12:46,022 | train | INFO | batch: 1400/2500 loss: 0.0012672394514083862
2023-09-18 13:13:10,875 | train | INFO | batch: 1500/2500 loss: 0.012582318857312202
2023-09-18 13:13:35,750 | train | INFO | batch: 1600/2500 loss: 0.11569635570049286
2023-09-18 13:14:00,611 | train | INFO | batch: 1700/2500 loss: 0.12075868993997574
2023-09-18 13:14:25,479 | train | INFO | batch: 1800/2500 loss: 0.29275426268577576
2023-09-18 13:14:50,354 | train | INFO | batch: 1900/2500 loss: 0.32041555643081665
2023-09-18 13:15:15,232 | train | INFO | batch: 2000/2500 loss: 0.21574170887470245
2023-09-18 13:15:40,105 | train | INFO | batch: 2100/2500 loss: 0.010538723319768906
2023-09-18 13:16:04,980 | train | INFO | batch: 2200/2500 loss: 0.04752375930547714
2023-09-18 13:16:29,844 | train | INFO | batch: 2300/2500 loss: 0.004150721710175276
2023-09-18 13:16:54,767 | train | INFO | batch: 2400/2500 loss: 0.002331889932975173
2023-09-18 13:17:19,503 | train | INFO | --Val 6/20
2023-09-18 13:17:19,656 | train | INFO | batch: 0/125 loss: 0.2776692509651184
2023-09-18 13:17:25,995 | train | INFO | batch: 100/125 loss: 0.6128469705581665
2023-09-18 13:17:27,564 | train | INFO | Write row 6
2023-09-18 13:17:28,227 | train | INFO | Early stopper, counter 1/5, best:0.886 -> now:0.873
2023-09-18 13:17:28,228 | train | INFO | --Train 7/20
2023-09-18 13:17:28,593 | train | INFO | batch: 0/2500 loss: 0.004264059942215681
2023-09-18 13:17:53,455 | train | INFO | batch: 100/2500 loss: 0.0014442172832787037
2023-09-18 13:18:18,323 | train | INFO | batch: 200/2500 loss: 0.02476898767054081
2023-09-18 13:18:43,184 | train | INFO | batch: 300/2500 loss: 0.1403241753578186
2023-09-18 13:19:08,047 | train | INFO | batch: 400/2500 loss: 0.010424954816699028
2023-09-18 13:19:32,900 | train | INFO | batch: 500/2500 loss: 0.007761921733617783
2023-09-18 13:19:57,764 | train | INFO | batch: 600/2500 loss: 0.0033587904181331396
2023-09-18 13:20:22,634 | train | INFO | batch: 700/2500 loss: 0.0027199957985430956
2023-09-18 13:20:47,512 | train | INFO | batch: 800/2500 loss: 0.09557563811540604
2023-09-18 13:21:12,389 | train | INFO | batch: 900/2500 loss: 0.03718067705631256
2023-09-18 13:21:37,382 | train | INFO | batch: 1000/2500 loss: 0.0681067705154419
2023-09-18 13:22:02,248 | train | INFO | batch: 1100/2500 loss: 0.004046278074383736
2023-09-18 13:22:27,104 | train | INFO | batch: 1200/2500 loss: 0.0008188116480596364
2023-09-18 13:22:51,964 | train | INFO | batch: 1300/2500 loss: 0.0505807138979435
2023-09-18 13:23:16,825 | train | INFO | batch: 1400/2500 loss: 0.03783992677927017
2023-09-18 13:23:41,689 | train | INFO | batch: 1500/2500 loss: 0.020858876407146454
2023-09-18 13:24:06,559 | train | INFO | batch: 1600/2500 loss: 0.044578056782484055
2023-09-18 13:24:31,430 | train | INFO | batch: 1700/2500 loss: 0.002962422091513872
2023-09-18 13:24:56,290 | train | INFO | batch: 1800/2500 loss: 0.0048149581998586655
2023-09-18 13:25:21,143 | train | INFO | batch: 1900/2500 loss: 0.02487047016620636
2023-09-18 13:25:46,005 | train | INFO | batch: 2000/2500 loss: 0.061784546822309494
2023-09-18 13:26:10,876 | train | INFO | batch: 2100/2500 loss: 0.0748409703373909
2023-09-18 13:26:35,800 | train | INFO | batch: 2200/2500 loss: 0.002472280990332365
2023-09-18 13:27:00,663 | train | INFO | batch: 2300/2500 loss: 0.08291705697774887
2023-09-18 13:27:25,516 | train | INFO | batch: 2400/2500 loss: 0.0015341172693297267
2023-09-18 13:27:50,248 | train | INFO | --Val 7/20
2023-09-18 13:27:50,395 | train | INFO | batch: 0/125 loss: 0.24220456182956696
2023-09-18 13:27:56,721 | train | INFO | batch: 100/125 loss: 0.7752328515052795
2023-09-18 13:27:58,279 | train | INFO | Write row 7
2023-09-18 13:27:58,914 | train | INFO | Early stopper, counter 2/5, best:0.886 -> now:0.8705
2023-09-18 13:27:58,914 | train | INFO | --Train 8/20
2023-09-18 13:27:59,274 | train | INFO | batch: 0/2500 loss: 0.0018945850897580385
2023-09-18 13:28:24,129 | train | INFO | batch: 100/2500 loss: 0.05088653415441513
2023-09-18 13:28:48,975 | train | INFO | batch: 200/2500 loss: 0.000614836229942739
2023-09-18 13:29:13,832 | train | INFO | batch: 300/2500 loss: 0.0036162626929581165
2023-09-18 13:29:38,689 | train | INFO | batch: 400/2500 loss: 0.012114334851503372
2023-09-18 13:30:03,546 | train | INFO | batch: 500/2500 loss: 0.015709085389971733
2023-09-18 13:30:28,400 | train | INFO | batch: 600/2500 loss: 0.010697808116674423
2023-09-18 13:30:53,356 | train | INFO | batch: 700/2500 loss: 0.007425945717841387
2023-09-18 13:31:18,211 | train | INFO | batch: 800/2500 loss: 0.0007414868450723588
2023-09-18 13:31:43,059 | train | INFO | batch: 900/2500 loss: 0.011067737825214863
2023-09-18 13:32:07,912 | train | INFO | batch: 1000/2500 loss: 0.0004863330104853958
2023-09-18 13:32:32,762 | train | INFO | batch: 1100/2500 loss: 0.004289691802114248
2023-09-18 13:32:57,620 | train | INFO | batch: 1200/2500 loss: 0.0005779956700280309
2023-09-18 13:33:22,474 | train | INFO | batch: 1300/2500 loss: 0.0006224127137102187
2023-09-18 13:33:47,330 | train | INFO | batch: 1400/2500 loss: 0.0006599121843464673
2023-09-18 13:34:12,177 | train | INFO | batch: 1500/2500 loss: 0.014720043167471886
2023-09-18 13:34:37,022 | train | INFO | batch: 1600/2500 loss: 0.017505811527371407
2023-09-18 13:35:01,876 | train | INFO | batch: 1700/2500 loss: 0.1222090795636177
2023-09-18 13:35:26,736 | train | INFO | batch: 1800/2500 loss: 0.03569483757019043
2023-09-18 13:35:51,657 | train | INFO | batch: 1900/2500 loss: 0.0005987895419821143
2023-09-18 13:36:16,515 | train | INFO | batch: 2000/2500 loss: 0.03571951389312744
2023-09-18 13:36:41,376 | train | INFO | batch: 2100/2500 loss: 0.0673641636967659
2023-09-18 13:37:06,232 | train | INFO | batch: 2200/2500 loss: 0.03712129965424538
2023-09-18 13:37:31,092 | train | INFO | batch: 2300/2500 loss: 0.00120792246889323
2023-09-18 13:37:55,954 | train | INFO | batch: 2400/2500 loss: 0.0108734630048275
2023-09-18 13:38:20,685 | train | INFO | --Val 8/20
2023-09-18 13:38:20,833 | train | INFO | batch: 0/125 loss: 0.7491747736930847
2023-09-18 13:38:27,161 | train | INFO | batch: 100/125 loss: 0.38982194662094116
2023-09-18 13:38:28,733 | train | INFO | Write row 8
2023-09-18 13:38:29,435 | train | INFO | Early stopper, counter 0/5, best:0.8965 -> now:0.8965
2023-09-18 13:38:29,435 | train | INFO | Set counter as 0
2023-09-18 13:38:29,435 | train | INFO | Update best score as 0.8965
2023-09-18 13:38:33,184 | train | INFO | Recorder, epoch 8 Model saved: /content/results/train/20230918_210334/model.pt
2023-09-18 13:38:33,185 | train | INFO | --Train 9/20
2023-09-18 13:38:33,570 | train | INFO | batch: 0/2500 loss: 0.007290506735444069
2023-09-18 13:38:58,421 | train | INFO | batch: 100/2500 loss: 0.15665535628795624
2023-09-18 13:39:23,270 | train | INFO | batch: 200/2500 loss: 0.0015162854688242078
2023-09-18 13:39:48,238 | train | INFO | batch: 300/2500 loss: 0.0010008573299273849
2023-09-18 13:40:13,094 | train | INFO | batch: 400/2500 loss: 0.009423726238310337
2023-09-18 13:40:37,951 | train | INFO | batch: 500/2500 loss: 0.0009063475881703198
2023-09-18 13:41:02,811 | train | INFO | batch: 600/2500 loss: 0.0024779033847153187
2023-09-18 13:41:27,680 | train | INFO | batch: 700/2500 loss: 0.01261107437312603
2023-09-18 13:41:52,547 | train | INFO | batch: 800/2500 loss: 0.00040993039146997035
2023-09-18 13:42:17,398 | train | INFO | batch: 900/2500 loss: 0.010635344311594963
2023-09-18 13:42:42,239 | train | INFO | batch: 1000/2500 loss: 0.001447227201424539
2023-09-18 13:43:07,092 | train | INFO | batch: 1100/2500 loss: 0.0019389285007491708
2023-09-18 13:43:31,927 | train | INFO | batch: 1200/2500 loss: 0.02374204993247986
2023-09-18 13:43:56,761 | train | INFO | batch: 1300/2500 loss: 0.003562433645129204
2023-09-18 13:44:21,593 | train | INFO | batch: 1400/2500 loss: 0.006225545424968004
2023-09-18 13:44:46,494 | train | INFO | batch: 1500/2500 loss: 0.0009767756564542651
2023-09-18 13:45:11,339 | train | INFO | batch: 1600/2500 loss: 0.0064382185228168964
2023-09-18 13:45:36,174 | train | INFO | batch: 1700/2500 loss: 0.0012904751347377896
2023-09-18 13:46:01,010 | train | INFO | batch: 1800/2500 loss: 0.0011635191040113568
2023-09-18 13:46:25,858 | train | INFO | batch: 1900/2500 loss: 0.0005942921270616353
2023-09-18 13:46:50,701 | train | INFO | batch: 2000/2500 loss: 0.0005897381342947483
2023-09-18 13:47:15,593 | train | INFO | batch: 2100/2500 loss: 0.0012489808723330498
2023-09-18 13:47:40,499 | train | INFO | batch: 2200/2500 loss: 0.10020726919174194
2023-09-18 13:48:05,390 | train | INFO | batch: 2300/2500 loss: 0.18424168229103088
2023-09-18 13:48:30,295 | train | INFO | batch: 2400/2500 loss: 0.04195141792297363
2023-09-18 13:48:55,059 | train | INFO | --Val 9/20
2023-09-18 13:48:55,206 | train | INFO | batch: 0/125 loss: 0.4002607464790344
2023-09-18 13:49:01,545 | train | INFO | batch: 100/125 loss: 0.6773601174354553
2023-09-18 13:49:03,116 | train | INFO | Write row 9
2023-09-18 13:49:03,839 | train | INFO | Early stopper, counter 1/5, best:0.8965 -> now:0.879
2023-09-18 13:49:03,840 | train | INFO | --Train 10/20
2023-09-18 13:49:04,199 | train | INFO | batch: 0/2500 loss: 0.0801849439740181
2023-09-18 13:49:29,225 | train | INFO | batch: 100/2500 loss: 0.0002995600225403905
2023-09-18 13:49:54,106 | train | INFO | batch: 200/2500 loss: 0.23359055817127228
2023-09-18 13:50:18,985 | train | INFO | batch: 300/2500 loss: 0.09123018383979797
2023-09-18 13:50:43,885 | train | INFO | batch: 400/2500 loss: 0.021920112892985344
2023-09-18 13:51:08,747 | train | INFO | batch: 500/2500 loss: 0.0011112292995676398
2023-09-18 13:51:33,644 | train | INFO | batch: 600/2500 loss: 0.003158599603921175
2023-09-18 13:51:58,520 | train | INFO | batch: 700/2500 loss: 0.03080674260854721
2023-09-18 13:52:23,411 | train | INFO | batch: 800/2500 loss: 0.05916595458984375
2023-09-18 13:52:48,309 | train | INFO | batch: 900/2500 loss: 0.0008801785879768431
2023-09-18 13:53:13,188 | train | INFO | batch: 1000/2500 loss: 0.09822216629981995
2023-09-18 13:53:38,090 | train | INFO | batch: 1100/2500 loss: 0.0034322133287787437
2023-09-18 13:54:02,968 | train | INFO | batch: 1200/2500 loss: 0.001443202025257051
2023-09-18 13:54:27,947 | train | INFO | batch: 1300/2500 loss: 0.2514834702014923
2023-09-18 13:54:52,842 | train | INFO | batch: 1400/2500 loss: 0.0004882159410044551
2023-09-18 13:55:17,725 | train | INFO | batch: 1500/2500 loss: 0.0008328972617164254
2023-09-18 13:55:42,628 | train | INFO | batch: 1600/2500 loss: 0.02882024273276329
2023-09-18 13:56:07,510 | train | INFO | batch: 1700/2500 loss: 0.0016753107775002718
2023-09-18 13:56:32,414 | train | INFO | batch: 1800/2500 loss: 0.16175708174705505
2023-09-18 13:56:57,305 | train | INFO | batch: 1900/2500 loss: 0.0956934243440628
2023-09-18 13:57:22,201 | train | INFO | batch: 2000/2500 loss: 0.00404724245890975
2023-09-18 13:57:47,109 | train | INFO | batch: 2100/2500 loss: 0.03904445096850395
2023-09-18 13:58:11,999 | train | INFO | batch: 2200/2500 loss: 0.005414031445980072
2023-09-18 13:58:36,903 | train | INFO | batch: 2300/2500 loss: 0.018379170447587967
2023-09-18 13:59:01,786 | train | INFO | batch: 2400/2500 loss: 0.0029952635522931814
2023-09-18 13:59:26,663 | train | INFO | --Val 10/20
2023-09-18 13:59:26,818 | train | INFO | batch: 0/125 loss: 0.28295421600341797
2023-09-18 13:59:33,190 | train | INFO | batch: 100/125 loss: 0.7944446206092834
2023-09-18 13:59:34,770 | train | INFO | Write row 10
2023-09-18 13:59:35,503 | train | INFO | Early stopper, counter 2/5, best:0.8965 -> now:0.8835
2023-09-18 13:59:35,503 | train | INFO | --Train 11/20
2023-09-18 13:59:35,878 | train | INFO | batch: 0/2500 loss: 0.007906702347099781
2023-09-18 14:00:00,756 | train | INFO | batch: 100/2500 loss: 0.037604786455631256
2023-09-18 14:00:25,648 | train | INFO | batch: 200/2500 loss: 0.00342316972091794
2023-09-18 14:00:50,538 | train | INFO | batch: 300/2500 loss: 0.007834275253117085
2023-09-18 14:01:15,423 | train | INFO | batch: 400/2500 loss: 0.00023855685140006244
2023-09-18 14:01:40,316 | train | INFO | batch: 500/2500 loss: 0.07282755523920059
2023-09-18 14:02:05,195 | train | INFO | batch: 600/2500 loss: 0.08587449789047241
2023-09-18 14:02:30,092 | train | INFO | batch: 700/2500 loss: 0.16136319935321808
2023-09-18 14:02:54,985 | train | INFO | batch: 800/2500 loss: 0.0021616180893033743
2023-09-18 14:03:19,870 | train | INFO | batch: 900/2500 loss: 0.0001675618696026504
2023-09-18 14:03:44,922 | train | INFO | batch: 1000/2500 loss: 0.01820235140621662
2023-09-18 14:04:09,812 | train | INFO | batch: 1100/2500 loss: 0.0024326061829924583
2023-09-18 14:04:34,711 | train | INFO | batch: 1200/2500 loss: 0.0030468592885881662
2023-09-18 14:04:59,608 | train | INFO | batch: 1300/2500 loss: 0.0014347907854244113
2023-09-18 14:05:24,510 | train | INFO | batch: 1400/2500 loss: 0.007588986773043871
2023-09-18 14:05:49,414 | train | INFO | batch: 1500/2500 loss: 0.002338991966098547
2023-09-18 14:06:14,307 | train | INFO | batch: 1600/2500 loss: 0.0016685927985236049
2023-09-18 14:06:39,211 | train | INFO | batch: 1700/2500 loss: 0.0006761323311366141
2023-09-18 14:07:04,104 | train | INFO | batch: 1800/2500 loss: 0.0021294415928423405
2023-09-18 14:07:29,006 | train | INFO | batch: 1900/2500 loss: 0.3102390468120575
2023-09-18 14:07:53,908 | train | INFO | batch: 2000/2500 loss: 0.00319905043579638
2023-09-18 14:08:18,803 | train | INFO | batch: 2100/2500 loss: 0.2564829885959625
2023-09-18 14:08:43,808 | train | INFO | batch: 2200/2500 loss: 0.003768461523577571
2023-09-18 14:09:08,772 | train | INFO | batch: 2300/2500 loss: 0.0010616546496748924
2023-09-18 14:09:33,736 | train | INFO | batch: 2400/2500 loss: 0.09713420271873474
2023-09-18 14:09:58,573 | train | INFO | --Val 11/20
2023-09-18 14:09:58,723 | train | INFO | batch: 0/125 loss: 1.1981879472732544
2023-09-18 14:10:05,097 | train | INFO | batch: 100/125 loss: 0.3840320110321045
2023-09-18 14:10:06,681 | train | INFO | Write row 11
2023-09-18 14:10:07,429 | train | INFO | Early stopper, counter 3/5, best:0.8965 -> now:0.8845
2023-09-18 14:10:07,429 | train | INFO | --Train 12/20
2023-09-18 14:10:07,785 | train | INFO | batch: 0/2500 loss: 0.15046554803848267
2023-09-18 14:10:32,748 | train | INFO | batch: 100/2500 loss: 0.0835217535495758
2023-09-18 14:10:57,701 | train | INFO | batch: 200/2500 loss: 0.008978747762739658
2023-09-18 14:11:22,662 | train | INFO | batch: 300/2500 loss: 0.2409641146659851
2023-09-18 14:11:47,633 | train | INFO | batch: 400/2500 loss: 0.0026400478091090918
2023-09-18 14:12:12,584 | train | INFO | batch: 500/2500 loss: 0.0008797033806331456
2023-09-18 14:12:37,557 | train | INFO | batch: 600/2500 loss: 0.0009228352573700249
2023-09-18 14:13:02,650 | train | INFO | batch: 700/2500 loss: 0.0019942906219512224
2023-09-18 14:13:27,623 | train | INFO | batch: 800/2500 loss: 0.0022861177567392588
2023-09-18 14:13:52,594 | train | INFO | batch: 900/2500 loss: 0.00016615953063592315
2023-09-18 14:14:17,557 | train | INFO | batch: 1000/2500 loss: 0.006153344176709652
2023-09-18 14:14:42,535 | train | INFO | batch: 1100/2500 loss: 0.03394989296793938
2023-09-18 14:15:07,491 | train | INFO | batch: 1200/2500 loss: 0.001912171021103859
2023-09-18 14:15:32,466 | train | INFO | batch: 1300/2500 loss: 0.020213384181261063
2023-09-18 14:15:57,435 | train | INFO | batch: 1400/2500 loss: 0.00015370399341918528
2023-09-18 14:16:22,377 | train | INFO | batch: 1500/2500 loss: 0.0002135221438948065
2023-09-18 14:16:47,285 | train | INFO | batch: 1600/2500 loss: 0.0024206836242228746
2023-09-18 14:17:12,177 | train | INFO | batch: 1700/2500 loss: 0.0035507159773260355
2023-09-18 14:17:37,087 | train | INFO | batch: 1800/2500 loss: 0.004593986086547375
2023-09-18 14:18:02,064 | train | INFO | batch: 1900/2500 loss: 0.004622956272214651
2023-09-18 14:18:26,970 | train | INFO | batch: 2000/2500 loss: 0.001223257975652814
2023-09-18 14:18:51,880 | train | INFO | batch: 2100/2500 loss: 0.004687517881393433
2023-09-18 14:19:16,771 | train | INFO | batch: 2200/2500 loss: 0.0025164096150547266
2023-09-18 14:19:41,684 | train | INFO | batch: 2300/2500 loss: 0.006837664637714624
2023-09-18 14:20:06,570 | train | INFO | batch: 2400/2500 loss: 0.028453020378947258
2023-09-18 14:20:31,346 | train | INFO | --Val 12/20
2023-09-18 14:20:31,503 | train | INFO | batch: 0/125 loss: 0.6076654195785522
2023-09-18 14:20:37,870 | train | INFO | batch: 100/125 loss: 1.0315537452697754
2023-09-18 14:20:39,439 | train | INFO | Write row 12
2023-09-18 14:20:40,171 | train | INFO | Early stopper, counter 4/5, best:0.8965 -> now:0.8805
2023-09-18 14:20:40,172 | train | INFO | --Train 13/20
2023-09-18 14:20:40,531 | train | INFO | batch: 0/2500 loss: 0.00820841919630766
2023-09-18 14:21:05,397 | train | INFO | batch: 100/2500 loss: 0.0004531274316832423
2023-09-18 14:21:30,292 | train | INFO | batch: 200/2500 loss: 0.002616792218759656
2023-09-18 14:21:55,177 | train | INFO | batch: 300/2500 loss: 0.004746639635413885
2023-09-18 14:22:20,209 | train | INFO | batch: 400/2500 loss: 0.005603261291980743
2023-09-18 14:22:45,102 | train | INFO | batch: 500/2500 loss: 0.0005299473996274173
2023-09-18 14:23:09,972 | train | INFO | batch: 600/2500 loss: 0.005590413697063923
2023-09-18 14:23:34,873 | train | INFO | batch: 700/2500 loss: 0.005366633180528879
2023-09-18 14:23:59,747 | train | INFO | batch: 800/2500 loss: 0.06315992027521133
2023-09-18 14:24:24,639 | train | INFO | batch: 900/2500 loss: 0.0015566383954137564
2023-09-18 14:24:49,536 | train | INFO | batch: 1000/2500 loss: 0.0001711576769594103
2023-09-18 14:25:14,424 | train | INFO | batch: 1100/2500 loss: 0.0003677426720969379
2023-09-18 14:25:39,318 | train | INFO | batch: 1200/2500 loss: 0.07793530076742172
2023-09-18 14:26:04,192 | train | INFO | batch: 1300/2500 loss: 0.0030934270471334457
2023-09-18 14:26:29,098 | train | INFO | batch: 1400/2500 loss: 0.007558767218142748
2023-09-18 14:26:53,997 | train | INFO | batch: 1500/2500 loss: 0.0027674436569213867
2023-09-18 14:27:18,960 | train | INFO | batch: 1600/2500 loss: 0.00015372085908893496
2023-09-18 14:27:43,860 | train | INFO | batch: 1700/2500 loss: 0.00034838682040572166
2023-09-18 14:28:08,753 | train | INFO | batch: 1800/2500 loss: 0.0013118418864905834
2023-09-18 14:28:33,655 | train | INFO | batch: 1900/2500 loss: 0.0001914617751026526
2023-09-18 14:28:58,554 | train | INFO | batch: 2000/2500 loss: 0.02376461960375309
2023-09-18 14:29:23,451 | train | INFO | batch: 2100/2500 loss: 0.010924878530204296
2023-09-18 14:29:48,349 | train | INFO | batch: 2200/2500 loss: 0.002896650228649378
2023-09-18 14:30:13,236 | train | INFO | batch: 2300/2500 loss: 0.009872045367956161
2023-09-18 14:30:38,136 | train | INFO | batch: 2400/2500 loss: 0.009888998232781887
2023-09-18 14:31:02,912 | train | INFO | --Val 13/20
2023-09-18 14:31:03,068 | train | INFO | batch: 0/125 loss: 0.14503785967826843
2023-09-18 14:31:09,438 | train | INFO | batch: 100/125 loss: 0.7229195833206177
2023-09-18 14:31:11,014 | train | INFO | Write row 13
2023-09-18 14:31:11,775 | train | INFO | Early stopper, counter 5/5, best:0.8965 -> now:0.8695
2023-09-18 14:31:11,775 | train | INFO | --Train 14/20
2023-09-18 14:31:12,144 | train | INFO | batch: 0/2500 loss: 0.00016784993931651115
2023-09-18 14:31:37,176 | train | INFO | batch: 100/2500 loss: 0.002019960666075349
2023-09-18 14:32:02,064 | train | INFO | batch: 200/2500 loss: 0.000694620015565306
2023-09-18 14:32:26,953 | train | INFO | batch: 300/2500 loss: 0.00022910756524652243
2023-09-18 14:32:51,851 | train | INFO | batch: 400/2500 loss: 0.0104494858533144
2023-09-18 14:33:16,740 | train | INFO | batch: 500/2500 loss: 0.00020555793889798224
2023-09-18 14:33:41,634 | train | INFO | batch: 600/2500 loss: 0.007134478073567152
2023-09-18 14:34:06,525 | train | INFO | batch: 700/2500 loss: 0.0018793782219290733
2023-09-18 14:34:31,422 | train | INFO | batch: 800/2500 loss: 0.0006718803197145462
2023-09-18 14:34:56,320 | train | INFO | batch: 900/2500 loss: 0.003919099923223257
2023-09-18 14:35:21,215 | train | INFO | batch: 1000/2500 loss: 0.4515623450279236
2023-09-18 14:35:46,121 | train | INFO | batch: 1100/2500 loss: 0.0005999277345836163
2023-09-18 14:36:11,093 | train | INFO | batch: 1200/2500 loss: 0.0003009215579368174
2023-09-18 14:36:35,998 | train | INFO | batch: 1300/2500 loss: 0.0002533406368456781
2023-09-18 14:37:00,897 | train | INFO | batch: 1400/2500 loss: 0.10268210619688034
2023-09-18 14:37:25,800 | train | INFO | batch: 1500/2500 loss: 0.01009038183838129
2023-09-18 14:37:50,702 | train | INFO | batch: 1600/2500 loss: 0.011450552381575108
2023-09-18 14:38:15,597 | train | INFO | batch: 1700/2500 loss: 0.00721064954996109
2023-09-18 14:38:40,504 | train | INFO | batch: 1800/2500 loss: 0.007159967441111803
2023-09-18 14:39:05,406 | train | INFO | batch: 1900/2500 loss: 0.0017734190914779902
2023-09-18 14:39:30,319 | train | INFO | batch: 2000/2500 loss: 0.0001879763149190694
2023-09-18 14:39:55,226 | train | INFO | batch: 2100/2500 loss: 0.0017903102561831474
2023-09-18 14:40:20,123 | train | INFO | batch: 2200/2500 loss: 0.0029873300809413195
2023-09-18 14:40:45,027 | train | INFO | batch: 2300/2500 loss: 0.005751658231019974
2023-09-18 14:41:09,902 | train | INFO | batch: 2400/2500 loss: 0.0011602601734921336
2023-09-18 14:41:34,768 | train | INFO | --Val 14/20
2023-09-18 14:41:34,924 | train | INFO | batch: 0/125 loss: 0.18465407192707062
2023-09-18 14:41:41,289 | train | INFO | batch: 100/125 loss: 1.1325396299362183
2023-09-18 14:41:42,861 | train | INFO | Write row 14
2023-09-18 14:41:43,638 | train | INFO | Early stopper, counter 6/5, best:0.8965 -> now:0.895
2023-09-18 14:41:43,638 | train | INFO | --Train 15/20
2023-09-18 14:41:43,986 | train | INFO | batch: 0/2500 loss: 0.07766498625278473
2023-09-18 14:42:08,847 | train | INFO | batch: 100/2500 loss: 0.013143162243068218
2023-09-18 14:42:33,741 | train | INFO | batch: 200/2500 loss: 0.0023531911429017782
2023-09-18 14:42:58,622 | train | INFO | batch: 300/2500 loss: 0.0016444310313090682
2023-09-18 14:43:23,517 | train | INFO | batch: 400/2500 loss: 0.006169907283037901
2023-09-18 14:43:48,417 | train | INFO | batch: 500/2500 loss: 0.0007029069238342345
2023-09-18 14:44:13,291 | train | INFO | batch: 600/2500 loss: 0.004593852907419205
2023-09-18 14:44:38,197 | train | INFO | batch: 700/2500 loss: 0.006246406584978104
2023-09-18 14:45:03,070 | train | INFO | batch: 800/2500 loss: 0.0008113040821626782
2023-09-18 14:45:28,118 | train | INFO | batch: 900/2500 loss: 0.030862541869282722
2023-09-18 14:45:53,010 | train | INFO | batch: 1000/2500 loss: 0.03740180283784866
2023-09-18 14:46:17,899 | train | INFO | batch: 1100/2500 loss: 0.038560010492801666
2023-09-18 14:46:42,808 | train | INFO | batch: 1200/2500 loss: 0.041295528411865234
2023-09-18 14:47:07,686 | train | INFO | batch: 1300/2500 loss: 0.0013266099849715829
2023-09-18 14:47:32,592 | train | INFO | batch: 1400/2500 loss: 0.010892083868384361
2023-09-18 14:47:57,478 | train | INFO | batch: 1500/2500 loss: 0.01781441457569599
2023-09-18 14:48:22,376 | train | INFO | batch: 1600/2500 loss: 0.07048356533050537
2023-09-18 14:48:47,280 | train | INFO | batch: 1700/2500 loss: 0.0028286364395171404
2023-09-18 14:49:12,156 | train | INFO | batch: 1800/2500 loss: 0.0011551330098882318
2023-09-18 14:49:37,066 | train | INFO | batch: 1900/2500 loss: 0.02836049161851406
2023-09-18 14:50:01,941 | train | INFO | batch: 2000/2500 loss: 0.003730496158823371
2023-09-18 14:50:26,921 | train | INFO | batch: 2100/2500 loss: 0.00016894408327061683
2023-09-18 14:50:51,823 | train | INFO | batch: 2200/2500 loss: 0.0008041016408242285
2023-09-18 14:51:16,709 | train | INFO | batch: 2300/2500 loss: 0.004093153867870569
2023-09-18 14:51:41,616 | train | INFO | batch: 2400/2500 loss: 0.13421909511089325
2023-09-18 14:52:06,373 | train | INFO | --Val 15/20
2023-09-18 14:52:06,525 | train | INFO | batch: 0/125 loss: 0.36559537053108215
2023-09-18 14:52:12,893 | train | INFO | batch: 100/125 loss: 0.6874467134475708
2023-09-18 14:52:14,469 | train | INFO | Write row 15
2023-09-18 14:52:15,266 | train | INFO | Early stopper, counter 7/5, best:0.8965 -> now:0.8925
2023-09-18 14:52:15,266 | train | INFO | --Train 16/20
2023-09-18 14:52:15,632 | train | INFO | batch: 0/2500 loss: 0.014981326647102833
2023-09-18 14:52:40,518 | train | INFO | batch: 100/2500 loss: 0.00022357927809935063
2023-09-18 14:53:05,382 | train | INFO | batch: 200/2500 loss: 0.0034457871224731207
2023-09-18 14:53:30,282 | train | INFO | batch: 300/2500 loss: 0.009894843213260174
2023-09-18 14:53:55,162 | train | INFO | batch: 400/2500 loss: 0.0036666998639702797
2023-09-18 14:54:20,043 | train | INFO | batch: 500/2500 loss: 0.03170336037874222
2023-09-18 14:54:45,095 | train | INFO | batch: 600/2500 loss: 0.0008558921399526298
2023-09-18 14:55:09,968 | train | INFO | batch: 700/2500 loss: 0.0016599061200395226
2023-09-18 14:55:34,874 | train | INFO | batch: 800/2500 loss: 0.0008795634494163096
2023-09-18 14:55:59,750 | train | INFO | batch: 900/2500 loss: 0.00047213726793415844
2023-09-18 14:56:24,649 | train | INFO | batch: 1000/2500 loss: 0.00025971850845962763
2023-09-18 14:56:49,550 | train | INFO | batch: 1100/2500 loss: 0.008582974784076214
2023-09-18 14:57:14,431 | train | INFO | batch: 1200/2500 loss: 0.00016927639080677181
2023-09-18 14:57:39,337 | train | INFO | batch: 1300/2500 loss: 0.008838379755616188
2023-09-18 14:58:04,213 | train | INFO | batch: 1400/2500 loss: 0.0011090536136180162
2023-09-18 14:58:29,119 | train | INFO | batch: 1500/2500 loss: 0.0002739291812758893
2023-09-18 14:58:54,008 | train | INFO | batch: 1600/2500 loss: 0.37131649255752563
2023-09-18 14:59:18,896 | train | INFO | batch: 1700/2500 loss: 0.0005470047472044826
2023-09-18 14:59:43,884 | train | INFO | batch: 1800/2500 loss: 0.009938908740878105
2023-09-18 15:00:08,756 | train | INFO | batch: 1900/2500 loss: 0.0008253217092715204
2023-09-18 15:00:33,662 | train | INFO | batch: 2000/2500 loss: 0.0002137058909283951
2023-09-18 15:00:58,544 | train | INFO | batch: 2100/2500 loss: 0.00018057884881272912
2023-09-18 15:01:23,439 | train | INFO | batch: 2200/2500 loss: 0.000672036549076438
2023-09-18 15:01:48,347 | train | INFO | batch: 2300/2500 loss: 0.0011457338696345687
2023-09-18 15:02:13,227 | train | INFO | batch: 2400/2500 loss: 0.005420314148068428
2023-09-18 15:02:38,016 | train | INFO | --Val 16/20
2023-09-18 15:02:38,174 | train | INFO | batch: 0/125 loss: 0.0541984923183918
2023-09-18 15:02:44,543 | train | INFO | batch: 100/125 loss: 0.7503475546836853
2023-09-18 15:02:46,124 | train | INFO | Write row 16
2023-09-18 15:02:46,962 | train | INFO | Early stopper, counter 0/5, best:0.9065 -> now:0.9065
2023-09-18 15:02:46,962 | train | INFO | Set counter as 0
2023-09-18 15:02:46,962 | train | INFO | Update best score as 0.9065
2023-09-18 15:02:48,829 | train | INFO | Recorder, epoch 16 Model saved: /content/results/train/20230918_210334/model.pt
2023-09-18 15:02:48,829 | train | INFO | --Train 17/20
2023-09-18 15:02:49,201 | train | INFO | batch: 0/2500 loss: 0.002539456356316805
2023-09-18 15:03:14,066 | train | INFO | batch: 100/2500 loss: 0.003612198866903782
2023-09-18 15:03:39,095 | train | INFO | batch: 200/2500 loss: 0.0006691957823932171
2023-09-18 15:04:03,960 | train | INFO | batch: 300/2500 loss: 0.0005873269401490688
2023-09-18 15:04:28,852 | train | INFO | batch: 400/2500 loss: 0.0010936778271570802
2023-09-18 15:04:53,734 | train | INFO | batch: 500/2500 loss: 0.00022039817122276872
2023-09-18 15:05:18,612 | train | INFO | batch: 600/2500 loss: 0.001870697014965117
2023-09-18 15:05:43,507 | train | INFO | batch: 700/2500 loss: 0.015424392186105251
2023-09-18 15:06:08,375 | train | INFO | batch: 800/2500 loss: 0.009668242186307907
2023-09-18 15:06:33,275 | train | INFO | batch: 900/2500 loss: 0.0022104084491729736
2023-09-18 15:06:58,156 | train | INFO | batch: 1000/2500 loss: 0.0006680577644146979
2023-09-18 15:07:23,050 | train | INFO | batch: 1100/2500 loss: 0.0014971105847507715
2023-09-18 15:07:47,950 | train | INFO | batch: 1200/2500 loss: 0.0013907100073993206
2023-09-18 15:08:12,825 | train | INFO | batch: 1300/2500 loss: 0.003787501947954297
2023-09-18 15:08:37,812 | train | INFO | batch: 1400/2500 loss: 0.0051269326359033585
2023-09-18 15:09:02,688 | train | INFO | batch: 1500/2500 loss: 0.002892719116061926
2023-09-18 15:09:27,593 | train | INFO | batch: 1600/2500 loss: 0.06475856155157089
2023-09-18 15:09:52,486 | train | INFO | batch: 1700/2500 loss: 0.0004315040714573115
2023-09-18 15:10:17,367 | train | INFO | batch: 1800/2500 loss: 0.00016413317644037306
2023-09-18 15:10:42,274 | train | INFO | batch: 1900/2500 loss: 0.009699467569589615
2023-09-18 15:11:07,145 | train | INFO | batch: 2000/2500 loss: 0.02244378626346588
2023-09-18 15:11:32,047 | train | INFO | batch: 2100/2500 loss: 0.0007743328460492194
2023-09-18 15:11:56,932 | train | INFO | batch: 2200/2500 loss: 0.0030012421775609255
2023-09-18 15:12:21,827 | train | INFO | batch: 2300/2500 loss: 0.003693541046231985
2023-09-18 15:12:46,732 | train | INFO | batch: 2400/2500 loss: 0.0017110125627368689
2023-09-18 15:13:11,489 | train | INFO | --Val 17/20
2023-09-18 15:13:11,651 | train | INFO | batch: 0/125 loss: 0.5181201696395874
2023-09-18 15:13:18,032 | train | INFO | batch: 100/125 loss: 0.7137736082077026
2023-09-18 15:13:19,613 | train | INFO | Write row 17
2023-09-18 15:13:20,593 | train | INFO | Early stopper, counter 1/5, best:0.9065 -> now:0.8945
2023-09-18 15:13:20,593 | train | INFO | --Train 18/20
2023-09-18 15:13:20,972 | train | INFO | batch: 0/2500 loss: 0.0008537329849787056
2023-09-18 15:13:45,862 | train | INFO | batch: 100/2500 loss: 0.006448228843510151
2023-09-18 15:14:10,722 | train | INFO | batch: 200/2500 loss: 0.0031392015516757965
2023-09-18 15:14:35,612 | train | INFO | batch: 300/2500 loss: 0.0002480119583196938
2023-09-18 15:15:00,490 | train | INFO | batch: 400/2500 loss: 0.009049286134541035
2023-09-18 15:15:25,379 | train | INFO | batch: 500/2500 loss: 0.005820917431265116
2023-09-18 15:15:50,275 | train | INFO | batch: 600/2500 loss: 0.0008294311701320112
2023-09-18 15:16:15,152 | train | INFO | batch: 700/2500 loss: 0.0005175538826733828
2023-09-18 15:16:40,052 | train | INFO | batch: 800/2500 loss: 0.0017484131967648864
2023-09-18 15:17:04,926 | train | INFO | batch: 900/2500 loss: 0.005669410806149244
2023-09-18 15:17:29,820 | train | INFO | batch: 1000/2500 loss: 0.0019758332055062056
2023-09-18 15:17:54,855 | train | INFO | batch: 1100/2500 loss: 0.00019755210087168962
2023-09-18 15:18:19,742 | train | INFO | batch: 1200/2500 loss: 0.00010897754691541195
2023-09-18 15:18:44,646 | train | INFO | batch: 1300/2500 loss: 0.011792673729360104
2023-09-18 15:19:09,522 | train | INFO | batch: 1400/2500 loss: 0.0004683641600422561
2023-09-18 15:19:34,431 | train | INFO | batch: 1500/2500 loss: 0.13795040547847748
2023-09-18 15:19:59,310 | train | INFO | batch: 1600/2500 loss: 0.0017333064461126924
2023-09-18 15:20:24,205 | train | INFO | batch: 1700/2500 loss: 0.0008599381544627249
2023-09-18 15:20:49,107 | train | INFO | batch: 1800/2500 loss: 0.04014486074447632
2023-09-18 15:21:13,984 | train | INFO | batch: 1900/2500 loss: 0.008844888769090176
2023-09-18 15:21:38,896 | train | INFO | batch: 2000/2500 loss: 0.00048052999773062766
2023-09-18 15:22:03,767 | train | INFO | batch: 2100/2500 loss: 0.0001260382414329797
2023-09-18 15:22:28,674 | train | INFO | batch: 2200/2500 loss: 0.0005360199720598757
2023-09-18 15:22:53,649 | train | INFO | batch: 2300/2500 loss: 0.08382100611925125
2023-09-18 15:23:18,536 | train | INFO | batch: 2400/2500 loss: 0.0015225145034492016
2023-09-18 15:23:43,324 | train | INFO | --Val 18/20
2023-09-18 15:23:43,477 | train | INFO | batch: 0/125 loss: 0.44045478105545044
2023-09-18 15:23:49,840 | train | INFO | batch: 100/125 loss: 1.006316065788269
2023-09-18 15:23:51,405 | train | INFO | Write row 18
2023-09-18 15:23:52,169 | train | INFO | Early stopper, counter 2/5, best:0.9065 -> now:0.898
2023-09-18 15:23:52,169 | train | INFO | --Train 19/20
2023-09-18 15:23:52,534 | train | INFO | batch: 0/2500 loss: 8.740952762309462e-05
2023-09-18 15:24:17,411 | train | INFO | batch: 100/2500 loss: 7.701595313847065e-05
2023-09-18 15:24:42,305 | train | INFO | batch: 200/2500 loss: 0.0022867184597998857
2023-09-18 15:25:07,177 | train | INFO | batch: 300/2500 loss: 7.348902727244422e-05
2023-09-18 15:25:32,076 | train | INFO | batch: 400/2500 loss: 0.0007919562049210072
2023-09-18 15:25:56,948 | train | INFO | batch: 500/2500 loss: 0.0002906099834945053
2023-09-18 15:26:21,836 | train | INFO | batch: 600/2500 loss: 0.00017303245840594172
2023-09-18 15:26:46,875 | train | INFO | batch: 700/2500 loss: 0.00010415416181785986
2023-09-18 15:27:11,747 | train | INFO | batch: 800/2500 loss: 0.02603553608059883
2023-09-18 15:27:36,646 | train | INFO | batch: 900/2500 loss: 0.00014909968012943864
2023-09-18 15:28:01,517 | train | INFO | batch: 1000/2500 loss: 0.00014629377983510494
2023-09-18 15:28:26,420 | train | INFO | batch: 1100/2500 loss: 0.001207435387186706
2023-09-18 15:28:51,316 | train | INFO | batch: 1200/2500 loss: 0.0007288307533599436
2023-09-18 15:29:16,197 | train | INFO | batch: 1300/2500 loss: 0.01131751574575901
2023-09-18 15:29:41,101 | train | INFO | batch: 1400/2500 loss: 0.0006956466822884977
2023-09-18 15:30:05,978 | train | INFO | batch: 1500/2500 loss: 0.019595328718423843
2023-09-18 15:30:30,880 | train | INFO | batch: 1600/2500 loss: 0.015009324066340923
2023-09-18 15:30:55,775 | train | INFO | batch: 1700/2500 loss: 0.05653606727719307
2023-09-18 15:31:20,675 | train | INFO | batch: 1800/2500 loss: 0.0002030559116974473
2023-09-18 15:31:45,681 | train | INFO | batch: 1900/2500 loss: 0.0006998120807111263
2023-09-18 15:32:10,564 | train | INFO | batch: 2000/2500 loss: 0.00097589724464342
2023-09-18 15:32:35,476 | train | INFO | batch: 2100/2500 loss: 0.0005242388579063118
2023-09-18 15:33:00,359 | train | INFO | batch: 2200/2500 loss: 0.04686196520924568
2023-09-18 15:33:25,259 | train | INFO | batch: 2300/2500 loss: 0.02174782007932663
2023-09-18 15:33:50,160 | train | INFO | batch: 2400/2500 loss: 8.284394425572827e-05
2023-09-18 15:34:14,929 | train | INFO | --Val 19/20
2023-09-18 15:34:15,082 | train | INFO | batch: 0/125 loss: 0.11931729316711426
2023-09-18 15:34:21,448 | train | INFO | batch: 100/125 loss: 0.7417844533920288
2023-09-18 15:34:23,026 | train | INFO | Write row 19
2023-09-18 15:34:23,842 | train | INFO | Early stopper, counter 3/5, best:0.9065 -> now:0.9
2023-09-18 15:34:28,066 | train | INFO | Recorder, epoch 19 Model saved: /content/results/train/20230918_210334/model.pt
