2023-09-27 09:30:49,476 | train | INFO | Set Logger /content/results/train/20230927_183049
2023-09-27 09:30:49,568 | train | INFO | Initiated early stopper, mode: max, best score: inf, patience: 5
2023-09-27 09:31:06,583 | train | INFO | Load data, train:40000 val:2000--device_num:0
2023-09-27 09:31:06,811 | train | INFO | Load data, train:40000 val:2000--device_num:2
2023-09-27 09:31:06,996 | train | INFO | Load data, train:40000 val:2000--device_num:5
2023-09-27 09:31:07,470 | train | INFO | Load data, train:40000 val:2000--device_num:4
2023-09-27 09:31:07,840 | train | INFO | Load data, train:40000 val:2000--device_num:3
2023-09-27 09:31:07,879 | train | INFO | --Train 0/10 -- device_num:0
2023-09-27 09:31:08,935 | train | INFO | Load data, train:40000 val:2000--device_num:6
2023-09-27 09:31:09,254 | train | INFO | Load data, train:40000 val:2000--device_num:7
2023-09-27 09:31:09,808 | train | INFO | --Train 0/10 -- device_num:2
2023-09-27 09:31:12,222 | train | INFO | --Train 0/10 -- device_num:5
2023-09-27 09:31:14,210 | train | INFO | --Train 0/10 -- device_num:4
2023-09-27 09:31:16,180 | train | INFO | --Train 0/10 -- device_num:3
2023-09-27 09:31:16,460 | train | INFO | Load data, train:40000 val:2000--device_num:1
2023-09-27 09:31:18,149 | train | INFO | --Train 0/10 -- device_num:6
2023-09-27 09:31:19,466 | train | INFO | batch: 0/313 loss: 8.796009063720703 - device_num : 2
2023-09-27 09:31:19,468 | train | INFO | batch: 0/313 loss: 8.579265594482422 - device_num : 5
2023-09-27 09:31:19,469 | train | INFO | batch: 0/313 loss: 8.962077140808105 - device_num : 0
2023-09-27 09:31:19,486 | train | INFO | batch: 0/313 loss: 8.706995010375977 - device_num : 3
2023-09-27 09:31:19,492 | train | INFO | batch: 0/313 loss: 8.427480697631836 - device_num : 4
2023-09-27 09:31:19,831 | train | INFO | --Train 0/10 -- device_num:7
2023-09-27 09:31:21,989 | train | INFO | --Train 0/10 -- device_num:1
2023-09-27 09:31:22,118 | train | INFO | batch: 0/313 loss: 8.7989501953125 - device_num : 6
2023-09-27 09:31:25,628 | train | INFO | batch: 0/313 loss: 8.437182426452637 - device_num : 7
2023-09-27 09:31:26,414 | train | INFO | batch: 0/313 loss: 8.40436840057373 - device_num : 1
2023-09-27 09:34:56,132 | train | INFO | batch: 100/313 loss: 1.4547030925750732 - device_num : 6
2023-09-27 09:34:56,141 | train | INFO | batch: 100/313 loss: 1.4062222242355347 - device_num : 5
2023-09-27 09:34:56,146 | train | INFO | batch: 100/313 loss: 1.3342503309249878 - device_num : 0
2023-09-27 09:34:56,146 | train | INFO | batch: 100/313 loss: 1.418546199798584 - device_num : 7
2023-09-27 09:34:56,228 | train | INFO | batch: 100/313 loss: 1.2925100326538086 - device_num : 2
2023-09-27 09:34:56,302 | train | INFO | batch: 100/313 loss: 1.3469109535217285 - device_num : 4
2023-09-27 09:34:56,324 | train | INFO | batch: 100/313 loss: 1.3236225843429565 - device_num : 3
2023-09-27 09:34:56,356 | train | INFO | batch: 100/313 loss: 1.455503225326538 - device_num : 1
2023-09-27 09:37:43,138 | train | INFO | batch: 200/313 loss: 0.8535854816436768 - device_num : 4
2023-09-27 09:37:43,201 | train | INFO | batch: 200/313 loss: 1.3075084686279297 - device_num : 0
2023-09-27 09:37:43,223 | train | INFO | batch: 200/313 loss: 1.0801372528076172 - device_num : 2
2023-09-27 09:37:43,265 | train | INFO | batch: 200/313 loss: 1.0148649215698242 - device_num : 5
2023-09-27 09:37:43,386 | train | INFO | batch: 200/313 loss: 0.9503836035728455 - device_num : 6
2023-09-27 09:37:43,399 | train | INFO | batch: 200/313 loss: 0.9355210661888123 - device_num : 3
2023-09-27 09:37:43,481 | train | INFO | batch: 200/313 loss: 1.0997306108474731 - device_num : 1
2023-09-27 09:37:43,553 | train | INFO | batch: 200/313 loss: 1.5307890176773071 - device_num : 7
2023-09-27 09:40:29,197 | train | INFO | batch: 300/313 loss: 1.1162595748901367 - device_num : 2
2023-09-27 09:40:29,197 | train | INFO | batch: 300/313 loss: 1.3950755596160889 - device_num : 7
2023-09-27 09:40:29,205 | train | INFO | batch: 300/313 loss: 1.209780216217041 - device_num : 3
2023-09-27 09:40:29,207 | train | INFO | batch: 300/313 loss: 1.3532147407531738 - device_num : 0
2023-09-27 09:40:29,214 | train | INFO | batch: 300/313 loss: 0.7975329160690308 - device_num : 1
2023-09-27 09:40:29,224 | train | INFO | batch: 300/313 loss: 0.9790992736816406 - device_num : 5
2023-09-27 09:40:29,228 | train | INFO | batch: 300/313 loss: 0.8381896018981934 - device_num : 6
2023-09-27 09:40:29,237 | train | INFO | batch: 300/313 loss: 1.0795502662658691 - device_num : 4
2023-09-27 09:41:19,710 | train | INFO | --Val 0/10 -- device_num:3
2023-09-27 09:41:19,721 | train | INFO | --Val 0/10 -- device_num:5
2023-09-27 09:41:19,766 | train | INFO | --Val 0/10 -- device_num:0
2023-09-27 09:41:19,788 | train | INFO | --Val 0/10 -- device_num:4
2023-09-27 09:41:19,790 | train | INFO | --Val 0/10 -- device_num:6
2023-09-27 09:41:19,791 | train | INFO | --Val 0/10 -- device_num:1
2023-09-27 09:41:19,793 | train | INFO | --Val 0/10 -- device_num:7
2023-09-27 09:41:19,799 | train | INFO | --Val 0/10 -- device_num:2
2023-09-27 09:41:27,334 | train | INFO | batch: 0/16 loss: 1.0034455060958862 - device_num : 2
2023-09-27 09:41:28,585 | train | INFO | batch: 0/16 loss: 1.1474053859710693 - device_num : 7
2023-09-27 09:41:28,792 | train | INFO | batch: 0/16 loss: 0.9820588231086731 - device_num : 0
2023-09-27 09:41:29,702 | train | INFO | batch: 0/16 loss: 1.6087709665298462 - device_num : 3
2023-09-27 09:41:29,971 | train | INFO | batch: 0/16 loss: 0.6674312949180603 - device_num : 6
2023-09-27 09:41:30,210 | train | INFO | batch: 0/16 loss: 0.8524688482284546 - device_num : 4
2023-09-27 09:41:30,215 | train | INFO | batch: 0/16 loss: 1.105223298072815 - device_num : 5
2023-09-27 09:41:30,273 | train | INFO | batch: 0/16 loss: 1.016562581062317 - device_num : 1
2023-09-27 09:42:00,692 | train | INFO | --Train 1/10 -- device_num:5
2023-09-27 09:42:00,696 | train | INFO | --Train 1/10 -- device_num:6
2023-09-27 09:42:00,694 | train | INFO | --Train 1/10 -- device_num:4
2023-09-27 09:42:00,700 | train | INFO | --Train 1/10 -- device_num:1
2023-09-27 09:42:00,703 | train | INFO | --Train 1/10 -- device_num:7
2023-09-27 09:42:00,782 | train | INFO | --Train 1/10 -- device_num:2
2023-09-27 09:42:00,789 | train | INFO | --Train 1/10 -- device_num:3
2023-09-27 09:42:00,790 | train | INFO | Write row 0
2023-09-27 09:42:09,887 | train | INFO | batch: 0/313 loss: 1.1191295385360718 - device_num : 1
2023-09-27 09:42:10,677 | train | INFO | batch: 0/313 loss: 0.8535333275794983 - device_num : 4
2023-09-27 09:42:11,658 | train | INFO | batch: 0/313 loss: 1.021628975868225 - device_num : 7
2023-09-27 09:42:11,868 | train | INFO | batch: 0/313 loss: 1.2389596700668335 - device_num : 3
2023-09-27 09:42:11,973 | train | INFO | batch: 0/313 loss: 0.977576732635498 - device_num : 5
2023-09-27 09:42:11,994 | train | INFO | batch: 0/313 loss: 1.1229114532470703 - device_num : 2
2023-09-27 09:42:12,001 | train | INFO | batch: 0/313 loss: 1.0675685405731201 - device_num : 6
2023-09-27 09:42:15,328 | train | INFO | --Train 1/10 -- device_num:0
2023-09-27 09:42:16,898 | train | INFO | batch: 0/313 loss: 0.9647561311721802 - device_num : 0
2023-09-27 09:45:06,408 | train | INFO | batch: 100/313 loss: 1.2914927005767822 - device_num : 7
2023-09-27 09:45:06,608 | train | INFO | batch: 100/313 loss: 1.4134087562561035 - device_num : 0
2023-09-27 09:45:06,644 | train | INFO | batch: 100/313 loss: 1.0809637308120728 - device_num : 2
2023-09-27 09:45:06,722 | train | INFO | batch: 100/313 loss: 1.1882858276367188 - device_num : 6
2023-09-27 09:45:06,766 | train | INFO | batch: 100/313 loss: 1.182746410369873 - device_num : 3
2023-09-27 09:45:06,821 | train | INFO | batch: 100/313 loss: 0.8464869260787964 - device_num : 5
2023-09-27 09:45:06,937 | train | INFO | batch: 100/313 loss: 1.2576066255569458 - device_num : 1
2023-09-27 09:45:06,945 | train | INFO | batch: 100/313 loss: 1.169418215751648 - device_num : 4
2023-09-27 09:47:56,382 | train | INFO | batch: 200/313 loss: 0.6805447936058044 - device_num : 0
2023-09-27 09:47:56,538 | train | INFO | batch: 200/313 loss: 0.6738895773887634 - device_num : 3
2023-09-27 09:47:56,618 | train | INFO | batch: 200/313 loss: 1.250190019607544 - device_num : 7
2023-09-27 09:47:56,630 | train | INFO | batch: 200/313 loss: 0.678487241268158 - device_num : 5
2023-09-27 09:47:56,696 | train | INFO | batch: 200/313 loss: 0.4991731643676758 - device_num : 1
2023-09-27 09:47:56,700 | train | INFO | batch: 200/313 loss: 0.8736302852630615 - device_num : 6
2023-09-27 09:47:56,810 | train | INFO | batch: 200/313 loss: 0.6569584608078003 - device_num : 4
2023-09-27 09:47:56,948 | train | INFO | batch: 200/313 loss: 0.5411823987960815 - device_num : 2
2023-09-27 09:50:53,507 | train | INFO | batch: 300/313 loss: 0.6568479537963867 - device_num : 0
2023-09-27 09:50:53,547 | train | INFO | batch: 300/313 loss: 0.7076523900032043 - device_num : 6
2023-09-27 09:50:53,648 | train | INFO | batch: 300/313 loss: 0.5185790061950684 - device_num : 7
2023-09-27 09:50:53,796 | train | INFO | batch: 300/313 loss: 0.1927206665277481 - device_num : 4
2023-09-27 09:50:53,831 | train | INFO | batch: 300/313 loss: 0.42277801036834717 - device_num : 2
2023-09-27 09:50:53,835 | train | INFO | batch: 300/313 loss: 0.5637402534484863 - device_num : 5
2023-09-27 09:50:53,871 | train | INFO | batch: 300/313 loss: 0.5819141864776611 - device_num : 3
2023-09-27 09:50:53,887 | train | INFO | batch: 300/313 loss: 0.6214463710784912 - device_num : 1
2023-09-27 09:51:07,435 | train | INFO | --Val 1/10 -- device_num:1
2023-09-27 09:51:07,462 | train | INFO | --Val 1/10 -- device_num:6
2023-09-27 09:51:07,476 | train | INFO | --Val 1/10 -- device_num:4
2023-09-27 09:51:07,520 | train | INFO | --Val 1/10 -- device_num:0
2023-09-27 09:51:07,531 | train | INFO | --Val 1/10 -- device_num:2
2023-09-27 09:51:07,564 | train | INFO | --Val 1/10 -- device_num:3
2023-09-27 09:51:07,568 | train | INFO | --Val 1/10 -- device_num:5
2023-09-27 09:51:07,579 | train | INFO | --Val 1/10 -- device_num:7
2023-09-27 09:51:11,968 | train | INFO | batch: 0/16 loss: 0.8934761881828308 - device_num : 1
2023-09-27 09:51:12,844 | train | INFO | batch: 0/16 loss: 0.5730623602867126 - device_num : 6
2023-09-27 09:51:13,398 | train | INFO | batch: 0/16 loss: 0.7773350477218628 - device_num : 5
2023-09-27 09:51:14,366 | train | INFO | batch: 0/16 loss: 0.5646576881408691 - device_num : 4
2023-09-27 09:51:14,675 | train | INFO | batch: 0/16 loss: 0.7505699992179871 - device_num : 0
2023-09-27 09:51:15,290 | train | INFO | batch: 0/16 loss: 0.6927311420440674 - device_num : 2
2023-09-27 09:51:15,345 | train | INFO | batch: 0/16 loss: 0.7945718169212341 - device_num : 7
2023-09-27 09:51:15,416 | train | INFO | batch: 0/16 loss: 0.502509593963623 - device_num : 3
2023-09-27 09:51:23,976 | train | INFO | --Train 2/10 -- device_num:6
2023-09-27 09:51:24,137 | train | INFO | --Train 2/10 -- device_num:1
2023-09-27 09:51:24,759 | train | INFO | --Train 2/10 -- device_num:5
2023-09-27 09:51:25,485 | train | INFO | --Train 2/10 -- device_num:4
2023-09-27 09:51:25,493 | train | INFO | --Train 2/10 -- device_num:2
2023-09-27 09:51:25,505 | train | INFO | --Train 2/10 -- device_num:7
2023-09-27 09:51:25,597 | train | INFO | --Train 2/10 -- device_num:3
2023-09-27 09:51:25,904 | train | INFO | Write row 1
2023-09-27 09:51:29,974 | train | INFO | batch: 0/313 loss: 0.2095821350812912 - device_num : 1
2023-09-27 09:51:30,101 | train | INFO | batch: 0/313 loss: 0.7619133591651917 - device_num : 6
2023-09-27 09:51:31,094 | train | INFO | batch: 0/313 loss: 0.451320081949234 - device_num : 5
2023-09-27 09:51:31,867 | train | INFO | batch: 0/313 loss: 0.8126721382141113 - device_num : 2
2023-09-27 09:51:32,131 | train | INFO | batch: 0/313 loss: 0.39181721210479736 - device_num : 4
2023-09-27 09:51:32,659 | train | INFO | batch: 0/313 loss: 0.29104095697402954 - device_num : 3
2023-09-27 09:51:32,899 | train | INFO | batch: 0/313 loss: 0.48300185799598694 - device_num : 7
2023-09-27 09:51:34,807 | train | INFO | --Train 2/10 -- device_num:0
2023-09-27 09:51:36,704 | train | INFO | batch: 0/313 loss: 0.4965282082557678 - device_num : 0
2023-09-27 09:54:33,697 | train | INFO | batch: 100/313 loss: 0.480465829372406 - device_num : 0
2023-09-27 09:54:33,787 | train | INFO | batch: 100/313 loss: 0.1382608413696289 - device_num : 2
2023-09-27 09:54:33,876 | train | INFO | batch: 100/313 loss: 0.8618409037590027 - device_num : 7
2023-09-27 09:54:34,014 | train | INFO | batch: 100/313 loss: 0.48892611265182495 - device_num : 6
2023-09-27 09:54:34,069 | train | INFO | batch: 100/313 loss: 0.13356050848960876 - device_num : 3
2023-09-27 09:54:34,160 | train | INFO | batch: 100/313 loss: 0.18889249861240387 - device_num : 4
2023-09-27 09:54:34,186 | train | INFO | batch: 100/313 loss: 0.1672116070985794 - device_num : 5
2023-09-27 09:54:34,431 | train | INFO | batch: 100/313 loss: 0.4945445656776428 - device_num : 1
2023-09-27 09:57:29,144 | train | INFO | batch: 200/313 loss: 0.04485587403178215 - device_num : 5
2023-09-27 09:57:29,147 | train | INFO | batch: 200/313 loss: 0.26149994134902954 - device_num : 6
2023-09-27 09:57:29,213 | train | INFO | batch: 200/313 loss: 0.48330119252204895 - device_num : 3
2023-09-27 09:57:29,225 | train | INFO | batch: 200/313 loss: 0.1207832470536232 - device_num : 1
2023-09-27 09:57:29,230 | train | INFO | batch: 200/313 loss: 0.05128997936844826 - device_num : 0
2023-09-27 09:57:29,233 | train | INFO | batch: 200/313 loss: 0.48422038555145264 - device_num : 7
2023-09-27 09:57:29,239 | train | INFO | batch: 200/313 loss: 0.21651078760623932 - device_num : 2
2023-09-27 09:57:29,403 | train | INFO | batch: 200/313 loss: 0.20027542114257812 - device_num : 4
2023-09-27 10:00:19,432 | train | INFO | batch: 300/313 loss: 0.18720701336860657 - device_num : 6
2023-09-27 10:00:19,526 | train | INFO | batch: 300/313 loss: 0.42602458596229553 - device_num : 4
2023-09-27 10:00:19,561 | train | INFO | batch: 300/313 loss: 0.11617331206798553 - device_num : 3
2023-09-27 10:00:19,582 | train | INFO | batch: 300/313 loss: 0.202661395072937 - device_num : 0
2023-09-27 10:00:19,601 | train | INFO | batch: 300/313 loss: 0.0460992231965065 - device_num : 5
2023-09-27 10:00:19,605 | train | INFO | batch: 300/313 loss: 0.23982995748519897 - device_num : 2
2023-09-27 10:00:19,610 | train | INFO | batch: 300/313 loss: 0.24348612129688263 - device_num : 1
2023-09-27 10:00:19,700 | train | INFO | batch: 300/313 loss: 0.29159724712371826 - device_num : 7
2023-09-27 10:00:32,107 | train | INFO | --Val 2/10 -- device_num:5
2023-09-27 10:00:32,119 | train | INFO | --Val 2/10 -- device_num:7
2023-09-27 10:00:32,131 | train | INFO | --Val 2/10 -- device_num:6
2023-09-27 10:00:32,138 | train | INFO | --Val 2/10 -- device_num:3
2023-09-27 10:00:32,140 | train | INFO | --Val 2/10 -- device_num:4
2023-09-27 10:00:32,151 | train | INFO | --Val 2/10 -- device_num:1
2023-09-27 10:00:32,154 | train | INFO | --Val 2/10 -- device_num:0
2023-09-27 10:00:32,196 | train | INFO | --Val 2/10 -- device_num:2
2023-09-27 10:00:36,784 | train | INFO | batch: 0/16 loss: 0.5333359837532043 - device_num : 5
2023-09-27 10:00:37,683 | train | INFO | batch: 0/16 loss: 0.49302300810813904 - device_num : 4
2023-09-27 10:00:38,412 | train | INFO | batch: 0/16 loss: 1.1566827297210693 - device_num : 1
2023-09-27 10:00:39,508 | train | INFO | batch: 0/16 loss: 0.4909098446369171 - device_num : 2
2023-09-27 10:00:39,578 | train | INFO | batch: 0/16 loss: 0.06555964052677155 - device_num : 3
2023-09-27 10:00:39,580 | train | INFO | batch: 0/16 loss: 0.6529979109764099 - device_num : 7
2023-09-27 10:00:39,810 | train | INFO | batch: 0/16 loss: 0.41560453176498413 - device_num : 6
2023-09-27 10:00:40,216 | train | INFO | batch: 0/16 loss: 0.4084225296974182 - device_num : 0
2023-09-27 10:00:47,314 | train | INFO | --Train 3/10 -- device_num:5
2023-09-27 10:00:47,800 | train | INFO | --Train 3/10 -- device_num:1
2023-09-27 10:00:47,919 | train | INFO | --Train 3/10 -- device_num:4
2023-09-27 10:00:48,024 | train | INFO | --Train 3/10 -- device_num:3
2023-09-27 10:00:48,115 | train | INFO | --Train 3/10 -- device_num:6
2023-09-27 10:00:48,315 | train | INFO | --Train 3/10 -- device_num:2
2023-09-27 10:00:48,386 | train | INFO | Write row 2
2023-09-27 10:00:48,526 | train | INFO | --Train 3/10 -- device_num:7
2023-09-27 10:00:52,724 | train | INFO | batch: 0/313 loss: 0.3060501217842102 - device_num : 5
2023-09-27 10:00:52,922 | train | INFO | batch: 0/313 loss: 0.05624699965119362 - device_num : 1
2023-09-27 10:00:57,122 | train | INFO | batch: 0/313 loss: 0.12444748729467392 - device_num : 4
2023-09-27 10:00:58,646 | train | INFO | batch: 0/313 loss: 0.36450856924057007 - device_num : 2
2023-09-27 10:01:00,589 | train | INFO | batch: 0/313 loss: 0.5068580508232117 - device_num : 3
2023-09-27 10:01:01,496 | train | INFO | batch: 0/313 loss: 0.10781262069940567 - device_num : 6
2023-09-27 10:01:02,805 | train | INFO | batch: 0/313 loss: 0.14548619091510773 - device_num : 7
2023-09-27 10:01:07,026 | train | INFO | --Train 3/10 -- device_num:0
2023-09-27 10:01:10,154 | train | INFO | batch: 0/313 loss: 0.23334816098213196 - device_num : 0
2023-09-27 10:04:17,981 | train | INFO | batch: 100/313 loss: 0.03680739551782608 - device_num : 3
2023-09-27 10:04:18,067 | train | INFO | batch: 100/313 loss: 0.158397376537323 - device_num : 6
2023-09-27 10:04:18,098 | train | INFO | batch: 100/313 loss: 0.1768902838230133 - device_num : 4
2023-09-27 10:04:18,167 | train | INFO | batch: 100/313 loss: 0.15458078682422638 - device_num : 1
2023-09-27 10:04:18,178 | train | INFO | batch: 100/313 loss: 0.08602616935968399 - device_num : 2
2023-09-27 10:04:18,289 | train | INFO | batch: 100/313 loss: 0.26093530654907227 - device_num : 7
2023-09-27 10:04:18,309 | train | INFO | batch: 100/313 loss: 0.08899347484111786 - device_num : 0
2023-09-27 10:04:18,309 | train | INFO | batch: 100/313 loss: 0.18118557333946228 - device_num : 5
2023-09-27 10:07:15,489 | train | INFO | batch: 200/313 loss: 0.08485639840364456 - device_num : 3
2023-09-27 10:07:15,522 | train | INFO | batch: 200/313 loss: 0.014690863899886608 - device_num : 1
2023-09-27 10:07:15,535 | train | INFO | batch: 200/313 loss: 0.28382837772369385 - device_num : 5
2023-09-27 10:07:15,614 | train | INFO | batch: 200/313 loss: 0.1585676223039627 - device_num : 6
2023-09-27 10:07:15,660 | train | INFO | batch: 200/313 loss: 0.1620478332042694 - device_num : 4
2023-09-27 10:07:15,748 | train | INFO | batch: 200/313 loss: 0.01277054101228714 - device_num : 0
2023-09-27 10:07:16,032 | train | INFO | batch: 200/313 loss: 0.09855590015649796 - device_num : 7
2023-09-27 10:07:16,112 | train | INFO | batch: 200/313 loss: 0.2152528613805771 - device_num : 2
2023-09-27 10:10:08,045 | train | INFO | batch: 300/313 loss: 0.12395136803388596 - device_num : 5
2023-09-27 10:10:08,144 | train | INFO | batch: 300/313 loss: 0.032197654247283936 - device_num : 3
2023-09-27 10:10:08,155 | train | INFO | batch: 300/313 loss: 0.2435179203748703 - device_num : 4
2023-09-27 10:10:08,194 | train | INFO | batch: 300/313 loss: 0.032517850399017334 - device_num : 6
2023-09-27 10:10:08,194 | train | INFO | batch: 300/313 loss: 0.1057761013507843 - device_num : 2
2023-09-27 10:10:08,202 | train | INFO | batch: 300/313 loss: 0.06175955757498741 - device_num : 0
2023-09-27 10:10:08,205 | train | INFO | batch: 300/313 loss: 0.6021963953971863 - device_num : 7
2023-09-27 10:10:08,217 | train | INFO | batch: 300/313 loss: 0.007719299755990505 - device_num : 1
2023-09-27 10:10:23,069 | train | INFO | --Val 3/10 -- device_num:5
2023-09-27 10:10:23,091 | train | INFO | --Val 3/10 -- device_num:1
2023-09-27 10:10:23,103 | train | INFO | --Val 3/10 -- device_num:4
2023-09-27 10:10:23,119 | train | INFO | --Val 3/10 -- device_num:6
2023-09-27 10:10:23,134 | train | INFO | --Val 3/10 -- device_num:2
2023-09-27 10:10:23,151 | train | INFO | --Val 3/10 -- device_num:3
2023-09-27 10:10:23,165 | train | INFO | --Val 3/10 -- device_num:7
2023-09-27 10:10:23,173 | train | INFO | --Val 3/10 -- device_num:0
2023-09-27 10:10:28,744 | train | INFO | batch: 0/16 loss: 0.33181995153427124 - device_num : 5
2023-09-27 10:10:28,892 | train | INFO | batch: 0/16 loss: 0.9282559156417847 - device_num : 1
2023-09-27 10:10:29,836 | train | INFO | batch: 0/16 loss: 0.22499366104602814 - device_num : 3
2023-09-27 10:10:30,205 | train | INFO | batch: 0/16 loss: 0.7662773132324219 - device_num : 4
2023-09-27 10:10:30,664 | train | INFO | batch: 0/16 loss: 0.4857965111732483 - device_num : 2
2023-09-27 10:10:30,722 | train | INFO | batch: 0/16 loss: 0.861961841583252 - device_num : 0
2023-09-27 10:10:30,834 | train | INFO | batch: 0/16 loss: 0.6358966827392578 - device_num : 6
2023-09-27 10:10:31,009 | train | INFO | batch: 0/16 loss: 0.49042224884033203 - device_num : 7
2023-09-27 10:10:37,662 | train | INFO | --Train 4/10 -- device_num:5
2023-09-27 10:10:37,994 | train | INFO | --Train 4/10 -- device_num:1
2023-09-27 10:10:38,053 | train | INFO | --Train 4/10 -- device_num:3
2023-09-27 10:10:38,273 | train | INFO | --Train 4/10 -- device_num:6
2023-09-27 10:10:38,334 | train | INFO | --Train 4/10 -- device_num:4
2023-09-27 10:10:38,591 | train | INFO | --Train 4/10 -- device_num:7
2023-09-27 10:10:38,757 | train | INFO | --Train 4/10 -- device_num:2
2023-09-27 10:10:38,858 | train | INFO | Write row 3
2023-09-27 10:10:46,478 | train | INFO | batch: 0/313 loss: 0.050531476736068726 - device_num : 5
2023-09-27 10:10:47,365 | train | INFO | batch: 0/313 loss: 0.3342999815940857 - device_num : 4
2023-09-27 10:10:47,406 | train | INFO | batch: 0/313 loss: 0.4211665987968445 - device_num : 1
2023-09-27 10:10:47,716 | train | INFO | batch: 0/313 loss: 0.008310019969940186 - device_num : 3
2023-09-27 10:10:48,616 | train | INFO | batch: 0/313 loss: 0.041645411401987076 - device_num : 6
2023-09-27 10:10:48,764 | train | INFO | batch: 0/313 loss: 0.11968190222978592 - device_num : 2
2023-09-27 10:10:49,359 | train | INFO | batch: 0/313 loss: 0.47812557220458984 - device_num : 7
2023-09-27 10:10:52,960 | train | INFO | --Train 4/10 -- device_num:0
2023-09-27 10:10:54,767 | train | INFO | batch: 0/313 loss: 0.013106973841786385 - device_num : 0
2023-09-27 10:13:59,418 | train | INFO | batch: 100/313 loss: 0.05536194518208504 - device_num : 5
2023-09-27 10:13:59,508 | train | INFO | batch: 100/313 loss: 0.1431594043970108 - device_num : 0
2023-09-27 10:13:59,632 | train | INFO | batch: 100/313 loss: 0.12215171009302139 - device_num : 1
2023-09-27 10:13:59,666 | train | INFO | batch: 100/313 loss: 0.04659722372889519 - device_num : 3
2023-09-27 10:13:59,738 | train | INFO | batch: 100/313 loss: 0.03190260007977486 - device_num : 6
2023-09-27 10:13:59,786 | train | INFO | batch: 100/313 loss: 0.01873152330517769 - device_num : 2
2023-09-27 10:13:59,797 | train | INFO | batch: 100/313 loss: 0.12579359114170074 - device_num : 7
2023-09-27 10:13:59,826 | train | INFO | batch: 100/313 loss: 0.05652773752808571 - device_num : 4
2023-09-27 10:17:02,900 | train | INFO | batch: 200/313 loss: 0.05527864024043083 - device_num : 7
2023-09-27 10:17:02,984 | train | INFO | batch: 200/313 loss: 0.022271540015935898 - device_num : 0
2023-09-27 10:17:03,003 | train | INFO | batch: 200/313 loss: 0.0015570638934150338 - device_num : 4
2023-09-27 10:17:03,006 | train | INFO | batch: 200/313 loss: 0.05618291720747948 - device_num : 1
2023-09-27 10:17:03,039 | train | INFO | batch: 200/313 loss: 0.03404499217867851 - device_num : 5
2023-09-27 10:17:03,042 | train | INFO | batch: 200/313 loss: 0.2973426580429077 - device_num : 3
2023-09-27 10:17:03,229 | train | INFO | batch: 200/313 loss: 0.024134989827871323 - device_num : 6
2023-09-27 10:17:03,263 | train | INFO | batch: 200/313 loss: 0.214772030711174 - device_num : 2
2023-09-27 10:19:59,313 | train | INFO | batch: 300/313 loss: 0.015166038647294044 - device_num : 0
2023-09-27 10:19:59,380 | train | INFO | batch: 300/313 loss: 0.0061383796855807304 - device_num : 2
2023-09-27 10:19:59,383 | train | INFO | batch: 300/313 loss: 0.10543470084667206 - device_num : 6
2023-09-27 10:19:59,387 | train | INFO | batch: 300/313 loss: 0.04990999400615692 - device_num : 4
2023-09-27 10:19:59,387 | train | INFO | batch: 300/313 loss: 0.11200874298810959 - device_num : 3
2023-09-27 10:19:59,390 | train | INFO | batch: 300/313 loss: 0.03205449506640434 - device_num : 7
2023-09-27 10:19:59,395 | train | INFO | batch: 300/313 loss: 0.12046992778778076 - device_num : 5
2023-09-27 10:19:59,402 | train | INFO | batch: 300/313 loss: 0.13566426932811737 - device_num : 1
2023-09-27 10:20:15,846 | train | INFO | --Val 4/10 -- device_num:1
2023-09-27 10:20:15,874 | train | INFO | --Val 4/10 -- device_num:2
2023-09-27 10:20:15,876 | train | INFO | --Val 4/10 -- device_num:5
2023-09-27 10:20:15,886 | train | INFO | --Val 4/10 -- device_num:4
2023-09-27 10:20:16,067 | train | INFO | --Val 4/10 -- device_num:3
2023-09-27 10:20:16,117 | train | INFO | --Val 4/10 -- device_num:0
2023-09-27 10:20:16,129 | train | INFO | --Val 4/10 -- device_num:6
2023-09-27 10:20:16,175 | train | INFO | --Val 4/10 -- device_num:7
2023-09-27 10:20:19,157 | train | INFO | batch: 0/16 loss: 0.6749558448791504 - device_num : 1
2023-09-27 10:20:20,146 | train | INFO | batch: 0/16 loss: 0.10006768256425858 - device_num : 0
2023-09-27 10:20:20,560 | train | INFO | batch: 0/16 loss: 0.13049717247486115 - device_num : 4
2023-09-27 10:20:20,956 | train | INFO | batch: 0/16 loss: 0.5217843651771545 - device_num : 5
2023-09-27 10:20:21,352 | train | INFO | batch: 0/16 loss: 0.07258131355047226 - device_num : 3
2023-09-27 10:20:21,953 | train | INFO | batch: 0/16 loss: 0.1413457691669464 - device_num : 2
2023-09-27 10:20:22,140 | train | INFO | batch: 0/16 loss: 0.17087849974632263 - device_num : 6
2023-09-27 10:20:23,293 | train | INFO | batch: 0/16 loss: 0.5183297395706177 - device_num : 7
2023-09-27 10:20:29,165 | train | INFO | --Train 5/10 -- device_num:1
2023-09-27 10:20:30,276 | train | INFO | Write row 4
2023-09-27 10:20:30,443 | train | INFO | --Train 5/10 -- device_num:4
2023-09-27 10:20:30,741 | train | INFO | --Train 5/10 -- device_num:3
2023-09-27 10:20:30,761 | train | INFO | --Train 5/10 -- device_num:2
2023-09-27 10:20:30,872 | train | INFO | --Train 5/10 -- device_num:5
2023-09-27 10:20:31,114 | train | INFO | --Train 5/10 -- device_num:6
2023-09-27 10:20:31,646 | train | INFO | --Train 5/10 -- device_num:7
2023-09-27 10:20:37,576 | train | INFO | batch: 0/313 loss: 0.3470357656478882 - device_num : 1
2023-09-27 10:20:38,804 | train | INFO | batch: 0/313 loss: 0.11334989964962006 - device_num : 4
2023-09-27 10:20:39,781 | train | INFO | batch: 0/313 loss: 0.004273266065865755 - device_num : 5
2023-09-27 10:20:39,788 | train | INFO | batch: 0/313 loss: 0.007454970385879278 - device_num : 3
2023-09-27 10:20:40,052 | train | INFO | batch: 0/313 loss: 0.07843192666769028 - device_num : 2
2023-09-27 10:20:40,449 | train | INFO | batch: 0/313 loss: 0.0455629862844944 - device_num : 6
2023-09-27 10:20:40,904 | train | INFO | batch: 0/313 loss: 0.013618828728795052 - device_num : 7
2023-09-27 10:20:44,005 | train | INFO | --Train 5/10 -- device_num:0
2023-09-27 10:20:45,422 | train | INFO | batch: 0/313 loss: 0.08256055414676666 - device_num : 0
2023-09-27 10:23:47,772 | train | INFO | batch: 100/313 loss: 0.022148415446281433 - device_num : 6
2023-09-27 10:23:47,787 | train | INFO | batch: 100/313 loss: 0.2599685788154602 - device_num : 0
2023-09-27 10:23:47,827 | train | INFO | batch: 100/313 loss: 0.23462451994419098 - device_num : 5
2023-09-27 10:23:47,840 | train | INFO | batch: 100/313 loss: 0.010010162368416786 - device_num : 2
2023-09-27 10:23:47,910 | train | INFO | batch: 100/313 loss: 0.07929884642362595 - device_num : 7
2023-09-27 10:23:47,922 | train | INFO | batch: 100/313 loss: 0.008592026308178902 - device_num : 3
2023-09-27 10:23:48,393 | train | INFO | batch: 100/313 loss: 0.03092031180858612 - device_num : 4
2023-09-27 10:23:48,462 | train | INFO | batch: 100/313 loss: 0.009437997825443745 - device_num : 1
2023-09-27 10:26:46,893 | train | INFO | batch: 200/313 loss: 0.0916173979640007 - device_num : 3
2023-09-27 10:26:46,928 | train | INFO | batch: 200/313 loss: 0.3183155059814453 - device_num : 0
2023-09-27 10:26:46,952 | train | INFO | batch: 200/313 loss: 0.002141321310773492 - device_num : 4
2023-09-27 10:26:46,971 | train | INFO | batch: 200/313 loss: 0.500043511390686 - device_num : 7
2023-09-27 10:26:46,992 | train | INFO | batch: 200/313 loss: 0.05741716921329498 - device_num : 2
2023-09-27 10:26:47,003 | train | INFO | batch: 200/313 loss: 0.017032252624630928 - device_num : 6
2023-09-27 10:26:47,013 | train | INFO | batch: 200/313 loss: 0.14813147485256195 - device_num : 5
2023-09-27 10:26:47,084 | train | INFO | batch: 200/313 loss: 0.01253226026892662 - device_num : 1
2023-09-27 10:29:40,304 | train | INFO | batch: 300/313 loss: 0.028860218822956085 - device_num : 4
2023-09-27 10:29:40,339 | train | INFO | batch: 300/313 loss: 0.013369126245379448 - device_num : 1
2023-09-27 10:29:40,353 | train | INFO | batch: 300/313 loss: 0.014932510443031788 - device_num : 0
2023-09-27 10:29:40,361 | train | INFO | batch: 300/313 loss: 0.030987989157438278 - device_num : 5
2023-09-27 10:29:40,364 | train | INFO | batch: 300/313 loss: 0.01364511251449585 - device_num : 2
2023-09-27 10:29:40,367 | train | INFO | batch: 300/313 loss: 0.14210453629493713 - device_num : 6
2023-09-27 10:29:40,368 | train | INFO | batch: 300/313 loss: 0.006227117497473955 - device_num : 7
2023-09-27 10:29:40,369 | train | INFO | batch: 300/313 loss: 0.043303802609443665 - device_num : 3
2023-09-27 10:29:57,073 | train | INFO | --Val 5/10 -- device_num:6
2023-09-27 10:29:57,083 | train | INFO | --Val 5/10 -- device_num:3
2023-09-27 10:29:57,101 | train | INFO | --Val 5/10 -- device_num:2
2023-09-27 10:29:57,261 | train | INFO | --Val 5/10 -- device_num:7
2023-09-27 10:29:57,263 | train | INFO | --Val 5/10 -- device_num:4
2023-09-27 10:29:57,283 | train | INFO | --Val 5/10 -- device_num:1
2023-09-27 10:29:57,284 | train | INFO | --Val 5/10 -- device_num:0
2023-09-27 10:29:57,294 | train | INFO | --Val 5/10 -- device_num:5
2023-09-27 10:30:01,041 | train | INFO | batch: 0/16 loss: 0.1531076729297638 - device_num : 2
2023-09-27 10:30:01,783 | train | INFO | batch: 0/16 loss: 0.5066334009170532 - device_num : 6
2023-09-27 10:30:02,007 | train | INFO | batch: 0/16 loss: 0.1412479281425476 - device_num : 4
2023-09-27 10:30:03,326 | train | INFO | batch: 0/16 loss: 0.04637623205780983 - device_num : 3
2023-09-27 10:30:03,408 | train | INFO | batch: 0/16 loss: 0.38345783948898315 - device_num : 0
2023-09-27 10:30:03,623 | train | INFO | batch: 0/16 loss: 0.6362190842628479 - device_num : 5
2023-09-27 10:30:03,676 | train | INFO | batch: 0/16 loss: 0.5247735381126404 - device_num : 7
2023-09-27 10:30:04,333 | train | INFO | batch: 0/16 loss: 1.300958275794983 - device_num : 1
2023-09-27 10:30:11,836 | train | INFO | --Train 6/10 -- device_num:6
2023-09-27 10:30:11,971 | train | INFO | --Train 6/10 -- device_num:2
2023-09-27 10:30:12,414 | train | INFO | --Train 6/10 -- device_num:4
2023-09-27 10:30:13,121 | train | INFO | --Train 6/10 -- device_num:3
2023-09-27 10:30:13,679 | train | INFO | --Train 6/10 -- device_num:5
2023-09-27 10:30:13,719 | train | INFO | Write row 5
2023-09-27 10:30:13,821 | train | INFO | --Train 6/10 -- device_num:7
2023-09-27 10:30:14,045 | train | INFO | --Train 6/10 -- device_num:1
2023-09-27 10:30:20,142 | train | INFO | batch: 0/313 loss: 0.004848889075219631 - device_num : 6
2023-09-27 10:30:20,596 | train | INFO | batch: 0/313 loss: 0.07115530967712402 - device_num : 4
2023-09-27 10:30:21,136 | train | INFO | batch: 0/313 loss: 0.002629657508805394 - device_num : 2
2023-09-27 10:30:21,342 | train | INFO | batch: 0/313 loss: 0.013482758775353432 - device_num : 3
2023-09-27 10:30:21,672 | train | INFO | batch: 0/313 loss: 0.027964798733592033 - device_num : 5
2023-09-27 10:30:22,271 | train | INFO | batch: 0/313 loss: 0.045156657695770264 - device_num : 1
2023-09-27 10:30:23,051 | train | INFO | batch: 0/313 loss: 0.07797063887119293 - device_num : 7
2023-09-27 10:30:25,137 | train | INFO | --Train 6/10 -- device_num:0
2023-09-27 10:30:26,868 | train | INFO | batch: 0/313 loss: 0.5265756249427795 - device_num : 0
2023-09-27 10:33:27,861 | train | INFO | batch: 100/313 loss: 0.10474258661270142 - device_num : 7
2023-09-27 10:33:28,060 | train | INFO | batch: 100/313 loss: 0.005616854410618544 - device_num : 6
2023-09-27 10:33:28,060 | train | INFO | batch: 100/313 loss: 0.022805003449320793 - device_num : 4
2023-09-27 10:33:28,065 | train | INFO | batch: 100/313 loss: 0.0343773178756237 - device_num : 3
2023-09-27 10:33:28,073 | train | INFO | batch: 100/313 loss: 0.007584845181554556 - device_num : 1
2023-09-27 10:33:28,139 | train | INFO | batch: 100/313 loss: 0.01679118163883686 - device_num : 0
2023-09-27 10:33:28,300 | train | INFO | batch: 100/313 loss: 0.005539788398891687 - device_num : 2
2023-09-27 10:33:28,625 | train | INFO | batch: 100/313 loss: 0.0031982604414224625 - device_num : 5
2023-09-27 10:36:26,957 | train | INFO | batch: 200/313 loss: 0.031019238755106926 - device_num : 3
2023-09-27 10:36:27,071 | train | INFO | batch: 200/313 loss: 0.13026882708072662 - device_num : 7
2023-09-27 10:36:27,094 | train | INFO | batch: 200/313 loss: 0.018052617087960243 - device_num : 0
2023-09-27 10:36:27,103 | train | INFO | batch: 200/313 loss: 0.0027094034012407064 - device_num : 1
2023-09-27 10:36:27,122 | train | INFO | batch: 200/313 loss: 0.13706998527050018 - device_num : 2
2023-09-27 10:36:27,155 | train | INFO | batch: 200/313 loss: 0.2150452584028244 - device_num : 6
2023-09-27 10:36:27,173 | train | INFO | batch: 200/313 loss: 0.21198077499866486 - device_num : 5
2023-09-27 10:36:27,322 | train | INFO | batch: 200/313 loss: 0.5100988745689392 - device_num : 4
2023-09-27 10:39:24,509 | train | INFO | batch: 300/313 loss: 0.11021348834037781 - device_num : 0
2023-09-27 10:39:24,520 | train | INFO | batch: 300/313 loss: 0.3036682605743408 - device_num : 4
2023-09-27 10:39:24,564 | train | INFO | batch: 300/313 loss: 0.03077463060617447 - device_num : 2
2023-09-27 10:39:24,565 | train | INFO | batch: 300/313 loss: 0.06608806550502777 - device_num : 7
2023-09-27 10:39:24,568 | train | INFO | batch: 300/313 loss: 0.060791097581386566 - device_num : 3
2023-09-27 10:39:24,705 | train | INFO | batch: 300/313 loss: 0.2986449897289276 - device_num : 6
2023-09-27 10:39:24,719 | train | INFO | batch: 300/313 loss: 0.31078040599823 - device_num : 5
2023-09-27 10:39:25,025 | train | INFO | batch: 300/313 loss: 0.09792535752058029 - device_num : 1
2023-09-27 10:39:39,420 | train | INFO | --Val 6/10 -- device_num:3
2023-09-27 10:39:39,439 | train | INFO | --Val 6/10 -- device_num:1
2023-09-27 10:39:39,446 | train | INFO | --Val 6/10 -- device_num:2
2023-09-27 10:39:39,487 | train | INFO | --Val 6/10 -- device_num:0
2023-09-27 10:39:39,498 | train | INFO | --Val 6/10 -- device_num:4
2023-09-27 10:39:39,500 | train | INFO | --Val 6/10 -- device_num:6
2023-09-27 10:39:39,507 | train | INFO | --Val 6/10 -- device_num:5
2023-09-27 10:39:39,532 | train | INFO | --Val 6/10 -- device_num:7
2023-09-27 10:39:43,060 | train | INFO | batch: 0/16 loss: 1.4327603578567505 - device_num : 1
2023-09-27 10:39:44,101 | train | INFO | batch: 0/16 loss: 0.028485238552093506 - device_num : 7
2023-09-27 10:39:44,524 | train | INFO | batch: 0/16 loss: 0.29266050457954407 - device_num : 2
2023-09-27 10:39:45,531 | train | INFO | batch: 0/16 loss: 0.02871844731271267 - device_num : 3
2023-09-27 10:39:45,996 | train | INFO | batch: 0/16 loss: 0.05202522128820419 - device_num : 4
2023-09-27 10:39:46,279 | train | INFO | batch: 0/16 loss: 0.3122715651988983 - device_num : 5
2023-09-27 10:39:46,884 | train | INFO | batch: 0/16 loss: 0.2217256873846054 - device_num : 6
2023-09-27 10:39:46,909 | train | INFO | batch: 0/16 loss: 0.8144550323486328 - device_num : 0
2023-09-27 10:39:54,218 | train | INFO | --Train 7/10 -- device_num:1
2023-09-27 10:39:54,771 | train | INFO | --Train 7/10 -- device_num:7
2023-09-27 10:39:54,775 | train | INFO | --Train 7/10 -- device_num:2
2023-09-27 10:39:55,332 | train | INFO | --Train 7/10 -- device_num:3
2023-09-27 10:39:55,378 | train | INFO | Write row 6
2023-09-27 10:39:55,684 | train | INFO | --Train 7/10 -- device_num:5
2023-09-27 10:39:55,702 | train | INFO | --Train 7/10 -- device_num:4
2023-09-27 10:39:56,466 | train | INFO | --Train 7/10 -- device_num:6
2023-09-27 10:40:01,303 | train | INFO | batch: 0/313 loss: 0.09194565564393997 - device_num : 1
2023-09-27 10:40:03,086 | train | INFO | batch: 0/313 loss: 0.016811836510896683 - device_num : 7
2023-09-27 10:40:03,340 | train | INFO | batch: 0/313 loss: 0.05460355430841446 - device_num : 2
2023-09-27 10:40:03,845 | train | INFO | batch: 0/313 loss: 0.05377546325325966 - device_num : 5
2023-09-27 10:40:04,048 | train | INFO | batch: 0/313 loss: 0.3333284556865692 - device_num : 3
2023-09-27 10:40:04,193 | train | INFO | batch: 0/313 loss: 0.01909879595041275 - device_num : 4
2023-09-27 10:40:04,524 | train | INFO | batch: 0/313 loss: 0.25170138478279114 - device_num : 6
2023-09-27 10:40:06,622 | train | INFO | --Train 7/10 -- device_num:0
2023-09-27 10:40:08,204 | train | INFO | batch: 0/313 loss: 0.27471697330474854 - device_num : 0
2023-09-27 10:43:08,077 | train | INFO | batch: 100/313 loss: 0.013979840092360973 - device_num : 4
2023-09-27 10:43:08,433 | train | INFO | batch: 100/313 loss: 0.20367412269115448 - device_num : 3
2023-09-27 10:43:08,445 | train | INFO | batch: 100/313 loss: 0.24548524618148804 - device_num : 0
2023-09-27 10:43:08,466 | train | INFO | batch: 100/313 loss: 0.284211665391922 - device_num : 2
2023-09-27 10:43:08,691 | train | INFO | batch: 100/313 loss: 0.4671826958656311 - device_num : 5
2023-09-27 10:43:08,753 | train | INFO | batch: 100/313 loss: 0.12464172393083572 - device_num : 6
2023-09-27 10:43:09,043 | train | INFO | batch: 100/313 loss: 0.012365834787487984 - device_num : 7
2023-09-27 10:43:09,127 | train | INFO | batch: 100/313 loss: 0.002548264805227518 - device_num : 1
2023-09-27 10:46:10,471 | train | INFO | batch: 200/313 loss: 0.006717089097946882 - device_num : 6
2023-09-27 10:46:10,573 | train | INFO | batch: 200/313 loss: 0.0019706825260072947 - device_num : 7
2023-09-27 10:46:10,586 | train | INFO | batch: 200/313 loss: 0.00959864817559719 - device_num : 4
2023-09-27 10:46:10,627 | train | INFO | batch: 200/313 loss: 0.007851354777812958 - device_num : 3
2023-09-27 10:46:10,665 | train | INFO | batch: 200/313 loss: 0.001670381985604763 - device_num : 2
2023-09-27 10:46:10,671 | train | INFO | batch: 200/313 loss: 0.002397160278633237 - device_num : 0
2023-09-27 10:46:10,709 | train | INFO | batch: 200/313 loss: 0.002309609903022647 - device_num : 5
2023-09-27 10:46:10,747 | train | INFO | batch: 200/313 loss: 0.01469370722770691 - device_num : 1
2023-09-27 10:49:08,737 | train | INFO | batch: 300/313 loss: 0.11553426831960678 - device_num : 7
2023-09-27 10:49:08,819 | train | INFO | batch: 300/313 loss: 0.17881044745445251 - device_num : 0
2023-09-27 10:49:08,855 | train | INFO | batch: 300/313 loss: 0.0013259167317301035 - device_num : 6
2023-09-27 10:49:08,867 | train | INFO | batch: 300/313 loss: 0.000585137982852757 - device_num : 1
2023-09-27 10:49:08,944 | train | INFO | batch: 300/313 loss: 0.21099379658699036 - device_num : 3
2023-09-27 10:49:08,993 | train | INFO | batch: 300/313 loss: 0.04859630763530731 - device_num : 2
2023-09-27 10:49:09,064 | train | INFO | batch: 300/313 loss: 0.05519620701670647 - device_num : 4
2023-09-27 10:49:09,069 | train | INFO | batch: 300/313 loss: 0.014831378124654293 - device_num : 5
2023-09-27 10:49:24,088 | train | INFO | --Val 7/10 -- device_num:3
2023-09-27 10:49:24,116 | train | INFO | --Val 7/10 -- device_num:6
2023-09-27 10:49:24,144 | train | INFO | --Val 7/10 -- device_num:2
2023-09-27 10:49:24,149 | train | INFO | --Val 7/10 -- device_num:0
2023-09-27 10:49:24,166 | train | INFO | --Val 7/10 -- device_num:5
2023-09-27 10:49:24,193 | train | INFO | --Val 7/10 -- device_num:4
2023-09-27 10:49:24,198 | train | INFO | --Val 7/10 -- device_num:7
2023-09-27 10:49:24,245 | train | INFO | --Val 7/10 -- device_num:1
2023-09-27 10:49:27,464 | train | INFO | batch: 0/16 loss: 0.012935738079249859 - device_num : 3
2023-09-27 10:49:27,895 | train | INFO | batch: 0/16 loss: 0.40753883123397827 - device_num : 7
2023-09-27 10:49:28,693 | train | INFO | batch: 0/16 loss: 0.32415083050727844 - device_num : 5
2023-09-27 10:49:28,840 | train | INFO | batch: 0/16 loss: 0.3223777711391449 - device_num : 2
2023-09-27 10:49:30,279 | train | INFO | batch: 0/16 loss: 0.7014043927192688 - device_num : 0
2023-09-27 10:49:30,431 | train | INFO | batch: 0/16 loss: 0.4300914406776428 - device_num : 6
2023-09-27 10:49:30,611 | train | INFO | batch: 0/16 loss: 0.25955384969711304 - device_num : 4
2023-09-27 10:49:31,191 | train | INFO | batch: 0/16 loss: 1.4989627599716187 - device_num : 1
2023-09-27 10:49:39,454 | train | INFO | --Train 8/10 -- device_num:3
2023-09-27 10:49:39,476 | train | INFO | --Train 8/10 -- device_num:7
2023-09-27 10:49:40,500 | train | INFO | --Train 8/10 -- device_num:5
2023-09-27 10:49:40,563 | train | INFO | Write row 7
2023-09-27 10:49:40,573 | train | INFO | --Train 8/10 -- device_num:2
2023-09-27 10:49:40,978 | train | INFO | --Train 8/10 -- device_num:4
2023-09-27 10:49:41,030 | train | INFO | --Train 8/10 -- device_num:6
2023-09-27 10:49:41,621 | train | INFO | --Train 8/10 -- device_num:1
2023-09-27 10:49:46,939 | train | INFO | batch: 0/313 loss: 0.0025813349056988955 - device_num : 3
2023-09-27 10:49:47,053 | train | INFO | batch: 0/313 loss: 0.06217030808329582 - device_num : 7
2023-09-27 10:49:47,859 | train | INFO | batch: 0/313 loss: 0.01164878997951746 - device_num : 4
2023-09-27 10:49:48,257 | train | INFO | batch: 0/313 loss: 0.20208755135536194 - device_num : 5
2023-09-27 10:49:48,704 | train | INFO | batch: 0/313 loss: 0.003978441935032606 - device_num : 2
2023-09-27 10:49:48,901 | train | INFO | batch: 0/313 loss: 0.010327335447072983 - device_num : 6
2023-09-27 10:49:49,016 | train | INFO | batch: 0/313 loss: 0.1344156265258789 - device_num : 1
2023-09-27 10:49:51,723 | train | INFO | --Train 8/10 -- device_num:0
2023-09-27 10:49:53,162 | train | INFO | batch: 0/313 loss: 0.04801243916153908 - device_num : 0
2023-09-27 10:52:58,419 | train | INFO | batch: 100/313 loss: 0.04018918797373772 - device_num : 6
2023-09-27 10:52:58,454 | train | INFO | batch: 100/313 loss: 0.06352735310792923 - device_num : 7
2023-09-27 10:52:58,457 | train | INFO | batch: 100/313 loss: 0.06833943724632263 - device_num : 4
2023-09-27 10:52:58,518 | train | INFO | batch: 100/313 loss: 0.012301798909902573 - device_num : 3
2023-09-27 10:52:58,529 | train | INFO | batch: 100/313 loss: 0.0021387545857578516 - device_num : 0
2023-09-27 10:52:58,541 | train | INFO | batch: 100/313 loss: 0.07699700444936752 - device_num : 5
2023-09-27 10:52:58,545 | train | INFO | batch: 100/313 loss: 0.007790558971464634 - device_num : 1
2023-09-27 10:52:58,560 | train | INFO | batch: 100/313 loss: 0.002247113035991788 - device_num : 2
2023-09-27 10:55:56,871 | train | INFO | batch: 200/313 loss: 0.02577442303299904 - device_num : 6
2023-09-27 10:55:56,901 | train | INFO | batch: 200/313 loss: 0.00429537845775485 - device_num : 0
2023-09-27 10:55:56,918 | train | INFO | batch: 200/313 loss: 0.0031214302871376276 - device_num : 5
2023-09-27 10:55:56,947 | train | INFO | batch: 200/313 loss: 0.023768460378050804 - device_num : 7
2023-09-27 10:55:57,325 | train | INFO | batch: 200/313 loss: 0.0006571686826646328 - device_num : 1
2023-09-27 10:55:57,490 | train | INFO | batch: 200/313 loss: 0.23531268537044525 - device_num : 3
2023-09-27 10:55:57,547 | train | INFO | batch: 200/313 loss: 0.022059710696339607 - device_num : 4
2023-09-27 10:55:57,604 | train | INFO | batch: 200/313 loss: 0.0008097253739833832 - device_num : 2
2023-09-27 10:58:59,753 | train | INFO | batch: 300/313 loss: 0.0021752340253442526 - device_num : 7
2023-09-27 10:58:59,817 | train | INFO | batch: 300/313 loss: 0.006281821522861719 - device_num : 0
2023-09-27 10:58:59,945 | train | INFO | batch: 300/313 loss: 0.0007338891737163067 - device_num : 5
2023-09-27 10:58:59,970 | train | INFO | batch: 300/313 loss: 0.13298477232456207 - device_num : 4
2023-09-27 10:59:00,130 | train | INFO | batch: 300/313 loss: 0.3717544972896576 - device_num : 1
2023-09-27 10:59:00,149 | train | INFO | batch: 300/313 loss: 0.002567863091826439 - device_num : 6
2023-09-27 10:59:00,183 | train | INFO | batch: 300/313 loss: 0.0012331065954640508 - device_num : 3
2023-09-27 10:59:00,315 | train | INFO | batch: 300/313 loss: 0.08378058671951294 - device_num : 2
2023-09-27 10:59:13,399 | train | INFO | --Val 8/10 -- device_num:3
2023-09-27 10:59:13,414 | train | INFO | --Val 8/10 -- device_num:6
2023-09-27 10:59:13,433 | train | INFO | --Val 8/10 -- device_num:4
2023-09-27 10:59:13,439 | train | INFO | --Val 8/10 -- device_num:7
2023-09-27 10:59:13,449 | train | INFO | --Val 8/10 -- device_num:0
2023-09-27 10:59:13,479 | train | INFO | --Val 8/10 -- device_num:2
2023-09-27 10:59:13,493 | train | INFO | --Val 8/10 -- device_num:5
2023-09-27 10:59:13,513 | train | INFO | --Val 8/10 -- device_num:1
2023-09-27 10:59:19,991 | train | INFO | batch: 0/16 loss: 0.08516988158226013 - device_num : 3
2023-09-27 10:59:20,081 | train | INFO | batch: 0/16 loss: 0.8751772046089172 - device_num : 0
2023-09-27 10:59:21,264 | train | INFO | batch: 0/16 loss: 0.11762060970067978 - device_num : 4
2023-09-27 10:59:21,813 | train | INFO | batch: 0/16 loss: 0.3833499848842621 - device_num : 5
2023-09-27 10:59:22,041 | train | INFO | batch: 0/16 loss: 0.35039007663726807 - device_num : 6
2023-09-27 10:59:22,243 | train | INFO | batch: 0/16 loss: 0.9895006418228149 - device_num : 1
2023-09-27 10:59:22,366 | train | INFO | batch: 0/16 loss: 0.5572421550750732 - device_num : 7
2023-09-27 10:59:22,386 | train | INFO | batch: 0/16 loss: 0.48841333389282227 - device_num : 2
2023-09-27 10:59:30,484 | train | INFO | --Train 9/10 -- device_num:3
2023-09-27 10:59:30,541 | train | INFO | Write row 8
2023-09-27 10:59:30,688 | train | INFO | --Train 9/10 -- device_num:6
2023-09-27 10:59:30,724 | train | INFO | --Train 9/10 -- device_num:5
2023-09-27 10:59:30,815 | train | INFO | --Train 9/10 -- device_num:4
2023-09-27 10:59:31,126 | train | INFO | --Train 9/10 -- device_num:7
2023-09-27 10:59:31,177 | train | INFO | --Train 9/10 -- device_num:1
2023-09-27 10:59:31,317 | train | INFO | --Train 9/10 -- device_num:2
2023-09-27 10:59:37,418 | train | INFO | batch: 0/313 loss: 0.0005185880581848323 - device_num : 3
2023-09-27 10:59:37,758 | train | INFO | batch: 0/313 loss: 0.07247591763734818 - device_num : 4
2023-09-27 10:59:38,859 | train | INFO | batch: 0/313 loss: 0.00026659731520339847 - device_num : 5
2023-09-27 10:59:39,174 | train | INFO | batch: 0/313 loss: 0.0004615043580997735 - device_num : 6
2023-09-27 10:59:39,855 | train | INFO | batch: 0/313 loss: 0.012500103563070297 - device_num : 1
2023-09-27 10:59:39,876 | train | INFO | batch: 0/313 loss: 0.23214514553546906 - device_num : 7
2023-09-27 10:59:40,142 | train | INFO | batch: 0/313 loss: 0.0024748388677835464 - device_num : 2
2023-09-27 10:59:44,451 | train | INFO | --Train 9/10 -- device_num:0
2023-09-27 10:59:46,610 | train | INFO | batch: 0/313 loss: 0.003527310909703374 - device_num : 0
2023-09-27 11:02:48,680 | train | INFO | batch: 100/313 loss: 0.00839222501963377 - device_num : 2
2023-09-27 11:02:48,706 | train | INFO | batch: 100/313 loss: 0.01939336769282818 - device_num : 0
2023-09-27 11:02:48,719 | train | INFO | batch: 100/313 loss: 0.0005908173625357449 - device_num : 3
2023-09-27 11:02:48,742 | train | INFO | batch: 100/313 loss: 0.009578444994986057 - device_num : 1
2023-09-27 11:02:48,751 | train | INFO | batch: 100/313 loss: 0.004227643366903067 - device_num : 4
2023-09-27 11:02:48,770 | train | INFO | batch: 100/313 loss: 0.042186710983514786 - device_num : 6
2023-09-27 11:02:48,779 | train | INFO | batch: 100/313 loss: 0.02912035770714283 - device_num : 7
2023-09-27 11:02:49,017 | train | INFO | batch: 100/313 loss: 0.0008226179052144289 - device_num : 5
2023-09-27 11:05:51,801 | train | INFO | batch: 200/313 loss: 0.01806705631315708 - device_num : 1
2023-09-27 11:05:51,809 | train | INFO | batch: 200/313 loss: 0.0022291424684226513 - device_num : 0
2023-09-27 11:05:51,962 | train | INFO | batch: 200/313 loss: 0.003433874575421214 - device_num : 7
2023-09-27 11:05:52,074 | train | INFO | batch: 200/313 loss: 0.00356381107121706 - device_num : 4
2023-09-27 11:05:52,077 | train | INFO | batch: 200/313 loss: 0.006529097445309162 - device_num : 2
2023-09-27 11:05:52,092 | train | INFO | batch: 200/313 loss: 0.048485469073057175 - device_num : 3
2023-09-27 11:05:52,271 | train | INFO | batch: 200/313 loss: 0.005062419455498457 - device_num : 5
2023-09-27 11:05:52,294 | train | INFO | batch: 200/313 loss: 0.25878918170928955 - device_num : 6
2023-09-27 11:08:48,993 | train | INFO | batch: 300/313 loss: 0.039060648530721664 - device_num : 2
2023-09-27 11:08:49,005 | train | INFO | batch: 300/313 loss: 0.001695872051641345 - device_num : 7
2023-09-27 11:08:49,008 | train | INFO | batch: 300/313 loss: 0.0021555109415203333 - device_num : 4
2023-09-27 11:08:49,037 | train | INFO | batch: 300/313 loss: 0.018875697627663612 - device_num : 5
2023-09-27 11:08:49,037 | train | INFO | batch: 300/313 loss: 0.02202511951327324 - device_num : 0
2023-09-27 11:08:49,041 | train | INFO | batch: 300/313 loss: 0.008635862730443478 - device_num : 3
2023-09-27 11:08:49,050 | train | INFO | batch: 300/313 loss: 0.0024610748514533043 - device_num : 6
2023-09-27 11:08:49,051 | train | INFO | batch: 300/313 loss: 0.0026242441963404417 - device_num : 1
2023-09-27 11:09:04,689 | train | INFO | --Val 9/10 -- device_num:7
2023-09-27 11:09:04,720 | train | INFO | --Val 9/10 -- device_num:1
2023-09-27 11:09:04,771 | train | INFO | --Val 9/10 -- device_num:3
2023-09-27 11:09:04,828 | train | INFO | --Val 9/10 -- device_num:6
2023-09-27 11:09:04,832 | train | INFO | --Val 9/10 -- device_num:0
2023-09-27 11:09:04,833 | train | INFO | --Val 9/10 -- device_num:5
2023-09-27 11:09:04,849 | train | INFO | --Val 9/10 -- device_num:4
2023-09-27 11:09:04,859 | train | INFO | --Val 9/10 -- device_num:2
2023-09-27 11:09:10,015 | train | INFO | batch: 0/16 loss: 0.38964152336120605 - device_num : 2
2023-09-27 11:09:10,562 | train | INFO | batch: 0/16 loss: 1.061692476272583 - device_num : 1
2023-09-27 11:09:11,244 | train | INFO | batch: 0/16 loss: 0.9768971800804138 - device_num : 7
2023-09-27 11:09:11,597 | train | INFO | batch: 0/16 loss: 0.35440459847450256 - device_num : 3
2023-09-27 11:09:11,787 | train | INFO | batch: 0/16 loss: 0.8431423902511597 - device_num : 5
2023-09-27 11:09:11,864 | train | INFO | batch: 0/16 loss: 1.1246507167816162 - device_num : 0
2023-09-27 11:09:11,872 | train | INFO | batch: 0/16 loss: 0.11769792437553406 - device_num : 6
2023-09-27 11:09:12,109 | train | INFO | batch: 0/16 loss: 0.024104086682200432 - device_num : 4
2023-09-27 11:09:20,287 | train | INFO | Write row 9
2023-09-27 11:09:24,033 | train | INFO | Recorder, epoch 9 Model saved: /content/results/train/20230927_183049/model.pt
2023-09-27 11:09:24,033 | train | INFO | Recorder, epoch 9 Model saved: /content/results/train/20230927_183049/model.pt
2023-09-27 11:09:24,035 | train | INFO | Recorder, epoch 9 Model saved: /content/results/train/20230927_183049/model.pt
2023-09-27 11:09:24,036 | train | INFO | Recorder, epoch 9 Model saved: /content/results/train/20230927_183049/model.pt
2023-09-27 11:09:24,039 | train | INFO | Recorder, epoch 9 Model saved: /content/results/train/20230927_183049/model.pt
2023-09-27 11:09:24,042 | train | INFO | Recorder, epoch 9 Model saved: /content/results/train/20230927_183049/model.pt
2023-09-27 11:09:24,047 | train | INFO | Recorder, epoch 9 Model saved: /content/results/train/20230927_183049/model.pt
2023-09-27 11:09:24,081 | train | INFO | Recorder, epoch 9 Model saved: /content/results/train/20230927_183049/model.pt
