2023-09-26 03:18:20,297 | train | INFO | Set Logger /content/results/train/20230926_121820
2023-09-26 03:18:20,388 | train | INFO | Initiated early stopper, mode: max, best score: inf, patience: 5
2023-09-26 03:18:33,326 | train | INFO | Load data, train:40000 val:2000--device_num:0
2023-09-26 03:18:34,486 | train | INFO | --Train 0/10 -- device_num:0
2023-09-26 03:18:35,720 | train | INFO | Load data, train:40000 val:2000--device_num:6
2023-09-26 03:18:36,521 | train | INFO | Load data, train:40000 val:2000--device_num:1
2023-09-26 03:18:37,256 | train | INFO | Load data, train:40000 val:2000--device_num:7
2023-09-26 03:18:37,600 | train | INFO | --Train 0/10 -- device_num:6
2023-09-26 03:18:37,833 | train | INFO | Load data, train:40000 val:2000--device_num:4
2023-09-26 03:18:38,545 | train | INFO | Load data, train:40000 val:2000--device_num:5
2023-09-26 03:18:38,596 | train | INFO | Load data, train:40000 val:2000--device_num:2
2023-09-26 03:18:38,798 | train | INFO | Load data, train:40000 val:2000--device_num:3
2023-09-26 03:18:39,510 | train | INFO | --Train 0/10 -- device_num:1
2023-09-26 03:18:41,391 | train | INFO | --Train 0/10 -- device_num:7
2023-09-26 03:18:43,126 | train | INFO | --Train 0/10 -- device_num:4
2023-09-26 03:18:45,089 | train | INFO | --Train 0/10 -- device_num:5
2023-09-26 03:18:46,233 | train | INFO | batch: 0/313 loss: 8.7989501953125 - device_num : 6
2023-09-26 03:18:46,233 | train | INFO | batch: 0/313 loss: 8.427480697631836 - device_num : 4
2023-09-26 03:18:46,248 | train | INFO | batch: 0/313 loss: 8.962077140808105 - device_num : 0
2023-09-26 03:18:46,259 | train | INFO | batch: 0/313 loss: 8.40436840057373 - device_num : 1
2023-09-26 03:18:46,368 | train | INFO | batch: 0/313 loss: 8.437182426452637 - device_num : 7
2023-09-26 03:18:47,143 | train | INFO | --Train 0/10 -- device_num:2
2023-09-26 03:18:49,945 | train | INFO | --Train 0/10 -- device_num:3
2023-09-26 03:18:50,067 | train | INFO | batch: 0/313 loss: 8.579265594482422 - device_num : 5
2023-09-26 03:18:54,539 | train | INFO | batch: 0/313 loss: 8.796009063720703 - device_num : 2
2023-09-26 03:18:55,905 | train | INFO | batch: 0/313 loss: 8.706995010375977 - device_num : 3
2023-09-26 03:22:21,588 | train | INFO | batch: 100/313 loss: 1.3416398763656616 - device_num : 1
2023-09-26 03:22:21,605 | train | INFO | batch: 100/313 loss: 1.135200023651123 - device_num : 4
2023-09-26 03:22:21,633 | train | INFO | batch: 100/313 loss: 1.2915939092636108 - device_num : 0
2023-09-26 03:22:21,636 | train | INFO | batch: 100/313 loss: 1.3218886852264404 - device_num : 7
2023-09-26 03:22:21,668 | train | INFO | batch: 100/313 loss: 1.1841720342636108 - device_num : 3
2023-09-26 03:22:21,740 | train | INFO | batch: 100/313 loss: 1.0895482301712036 - device_num : 2
2023-09-26 03:22:21,867 | train | INFO | batch: 100/313 loss: 1.1968257427215576 - device_num : 5
2023-09-26 03:22:22,016 | train | INFO | batch: 100/313 loss: 1.3145697116851807 - device_num : 6
2023-09-26 03:24:57,328 | train | INFO | batch: 200/313 loss: 1.151334524154663 - device_num : 7
2023-09-26 03:24:57,418 | train | INFO | batch: 200/313 loss: 0.8548288345336914 - device_num : 1
2023-09-26 03:24:57,440 | train | INFO | batch: 200/313 loss: 0.9674398303031921 - device_num : 2
2023-09-26 03:24:57,447 | train | INFO | batch: 200/313 loss: 0.8986026048660278 - device_num : 3
2023-09-26 03:24:57,463 | train | INFO | batch: 200/313 loss: 1.298388123512268 - device_num : 0
2023-09-26 03:24:57,504 | train | INFO | batch: 200/313 loss: 0.9962682127952576 - device_num : 4
2023-09-26 03:24:57,541 | train | INFO | batch: 200/313 loss: 0.8873186707496643 - device_num : 5
2023-09-26 03:24:57,612 | train | INFO | batch: 200/313 loss: 0.7760291695594788 - device_num : 6
2023-09-26 03:27:38,863 | train | INFO | batch: 300/313 loss: 0.7306041121482849 - device_num : 4
2023-09-26 03:27:38,863 | train | INFO | batch: 300/313 loss: 1.1801793575286865 - device_num : 7
2023-09-26 03:27:38,889 | train | INFO | batch: 300/313 loss: 0.7411701679229736 - device_num : 1
2023-09-26 03:27:38,896 | train | INFO | batch: 300/313 loss: 0.9799512624740601 - device_num : 0
2023-09-26 03:27:38,896 | train | INFO | batch: 300/313 loss: 0.8758234977722168 - device_num : 6
2023-09-26 03:27:38,899 | train | INFO | batch: 300/313 loss: 0.7830833792686462 - device_num : 2
2023-09-26 03:27:38,901 | train | INFO | batch: 300/313 loss: 0.7120144367218018 - device_num : 5
2023-09-26 03:27:38,908 | train | INFO | batch: 300/313 loss: 0.7901324033737183 - device_num : 3
2023-09-26 03:28:22,162 | train | INFO | --Val 0/10 -- device_num:0
2023-09-26 03:28:22,184 | train | INFO | --Val 0/10 -- device_num:7
2023-09-26 03:28:22,185 | train | INFO | --Val 0/10 -- device_num:6
2023-09-26 03:28:22,187 | train | INFO | --Val 0/10 -- device_num:1
2023-09-26 03:28:22,189 | train | INFO | --Val 0/10 -- device_num:2
2023-09-26 03:28:22,201 | train | INFO | --Val 0/10 -- device_num:3
2023-09-26 03:28:22,212 | train | INFO | --Val 0/10 -- device_num:4
2023-09-26 03:28:22,223 | train | INFO | --Val 0/10 -- device_num:5
2023-09-26 03:28:28,062 | train | INFO | batch: 0/16 loss: 0.7937133312225342 - device_num : 5
2023-09-26 03:28:29,060 | train | INFO | batch: 0/16 loss: 1.0198523998260498 - device_num : 2
2023-09-26 03:28:29,574 | train | INFO | batch: 0/16 loss: 0.7633375525474548 - device_num : 4
2023-09-26 03:28:30,572 | train | INFO | batch: 0/16 loss: 0.9365341663360596 - device_num : 0
2023-09-26 03:28:30,664 | train | INFO | batch: 0/16 loss: 0.5602108836174011 - device_num : 6
2023-09-26 03:28:30,687 | train | INFO | batch: 0/16 loss: 0.8743029832839966 - device_num : 7
2023-09-26 03:28:30,698 | train | INFO | batch: 0/16 loss: 0.9062436819076538 - device_num : 1
2023-09-26 03:28:30,753 | train | INFO | batch: 0/16 loss: 1.2885931730270386 - device_num : 3
2023-09-26 03:29:00,603 | train | INFO | --Train 1/10 -- device_num:6
2023-09-26 03:29:00,634 | train | INFO | Write row 0
2023-09-26 03:29:00,638 | train | INFO | --Train 1/10 -- device_num:2
2023-09-26 03:29:00,624 | train | INFO | --Train 1/10 -- device_num:5
2023-09-26 03:29:00,659 | train | INFO | --Train 1/10 -- device_num:3
2023-09-26 03:29:00,668 | train | INFO | --Train 1/10 -- device_num:7
2023-09-26 03:29:00,685 | train | INFO | --Train 1/10 -- device_num:4
2023-09-26 03:29:00,689 | train | INFO | --Train 1/10 -- device_num:1
2023-09-26 03:29:08,974 | train | INFO | batch: 0/313 loss: 0.6855343580245972 - device_num : 4
2023-09-26 03:29:09,307 | train | INFO | batch: 0/313 loss: 0.8144115209579468 - device_num : 1
2023-09-26 03:29:09,876 | train | INFO | batch: 0/313 loss: 0.9652240872383118 - device_num : 5
2023-09-26 03:29:09,943 | train | INFO | batch: 0/313 loss: 0.6098035573959351 - device_num : 3
2023-09-26 03:29:10,409 | train | INFO | batch: 0/313 loss: 0.7869209051132202 - device_num : 7
2023-09-26 03:29:10,410 | train | INFO | batch: 0/313 loss: 0.9251603484153748 - device_num : 2
2023-09-26 03:29:10,638 | train | INFO | batch: 0/313 loss: 0.9194682240486145 - device_num : 6
2023-09-26 03:29:13,375 | train | INFO | --Train 1/10 -- device_num:0
2023-09-26 03:29:14,938 | train | INFO | batch: 0/313 loss: 1.088951826095581 - device_num : 0
2023-09-26 03:32:22,676 | train | INFO | batch: 100/313 loss: 1.2579894065856934 - device_num : 0
2023-09-26 03:32:22,784 | train | INFO | batch: 100/313 loss: 0.8097395896911621 - device_num : 6
2023-09-26 03:32:22,807 | train | INFO | batch: 100/313 loss: 0.8725563883781433 - device_num : 4
2023-09-26 03:32:22,875 | train | INFO | batch: 100/313 loss: 0.5875990390777588 - device_num : 3
2023-09-26 03:32:22,958 | train | INFO | batch: 100/313 loss: 1.0393377542495728 - device_num : 7
2023-09-26 03:32:23,140 | train | INFO | batch: 100/313 loss: 0.9022800922393799 - device_num : 5
2023-09-26 03:32:23,235 | train | INFO | batch: 100/313 loss: 0.7945578694343567 - device_num : 2
2023-09-26 03:32:23,365 | train | INFO | batch: 100/313 loss: 0.7286098003387451 - device_num : 1
2023-09-26 03:35:06,212 | train | INFO | batch: 200/313 loss: 0.39070138335227966 - device_num : 0
2023-09-26 03:35:06,396 | train | INFO | batch: 200/313 loss: 0.17368873953819275 - device_num : 1
2023-09-26 03:35:06,416 | train | INFO | batch: 200/313 loss: 0.7357848286628723 - device_num : 7
2023-09-26 03:35:06,442 | train | INFO | batch: 200/313 loss: 0.7063493728637695 - device_num : 4
2023-09-26 03:35:06,482 | train | INFO | batch: 200/313 loss: 0.7244539260864258 - device_num : 6
2023-09-26 03:35:06,692 | train | INFO | batch: 200/313 loss: 0.34095051884651184 - device_num : 2
2023-09-26 03:35:06,790 | train | INFO | batch: 200/313 loss: 0.21525977551937103 - device_num : 3
2023-09-26 03:35:06,946 | train | INFO | batch: 200/313 loss: 0.3063833713531494 - device_num : 5
2023-09-26 03:37:47,946 | train | INFO | batch: 300/313 loss: 0.08767858147621155 - device_num : 1
2023-09-26 03:37:48,066 | train | INFO | batch: 300/313 loss: 0.6186555624008179 - device_num : 0
2023-09-26 03:37:48,092 | train | INFO | batch: 300/313 loss: 0.16611450910568237 - device_num : 4
2023-09-26 03:37:48,092 | train | INFO | batch: 300/313 loss: 0.17019085586071014 - device_num : 6
2023-09-26 03:37:48,161 | train | INFO | batch: 300/313 loss: 0.2961379885673523 - device_num : 7
2023-09-26 03:37:48,171 | train | INFO | batch: 300/313 loss: 0.2095494121313095 - device_num : 3
2023-09-26 03:37:48,179 | train | INFO | batch: 300/313 loss: 0.1670176386833191 - device_num : 2
2023-09-26 03:37:48,270 | train | INFO | batch: 300/313 loss: 0.26508718729019165 - device_num : 5
2023-09-26 03:38:01,974 | train | INFO | --Val 1/10 -- device_num:6
2023-09-26 03:38:01,980 | train | INFO | --Val 1/10 -- device_num:5
2023-09-26 03:38:02,001 | train | INFO | --Val 1/10 -- device_num:2
2023-09-26 03:38:02,018 | train | INFO | --Val 1/10 -- device_num:4
2023-09-26 03:38:02,023 | train | INFO | --Val 1/10 -- device_num:0
2023-09-26 03:38:02,033 | train | INFO | --Val 1/10 -- device_num:1
2023-09-26 03:38:02,057 | train | INFO | --Val 1/10 -- device_num:3
2023-09-26 03:38:02,054 | train | INFO | --Val 1/10 -- device_num:7
2023-09-26 03:38:06,198 | train | INFO | batch: 0/16 loss: 0.5777549743652344 - device_num : 0
2023-09-26 03:38:07,040 | train | INFO | batch: 0/16 loss: 0.502305269241333 - device_num : 6
2023-09-26 03:38:07,629 | train | INFO | batch: 0/16 loss: 0.6199054718017578 - device_num : 2
2023-09-26 03:38:07,737 | train | INFO | batch: 0/16 loss: 0.4237985610961914 - device_num : 5
2023-09-26 03:38:07,811 | train | INFO | batch: 0/16 loss: 0.4516085982322693 - device_num : 4
2023-09-26 03:38:08,900 | train | INFO | batch: 0/16 loss: 0.35495850443840027 - device_num : 3
2023-09-26 03:38:09,252 | train | INFO | batch: 0/16 loss: 1.395272135734558 - device_num : 7
2023-09-26 03:38:09,406 | train | INFO | batch: 0/16 loss: 0.3755004107952118 - device_num : 1
2023-09-26 03:38:15,779 | train | INFO | Write row 1
2023-09-26 03:38:16,123 | train | INFO | --Train 2/10 -- device_num:6
2023-09-26 03:38:16,210 | train | INFO | --Train 2/10 -- device_num:5
2023-09-26 03:38:16,368 | train | INFO | --Train 2/10 -- device_num:4
2023-09-26 03:38:16,835 | train | INFO | --Train 2/10 -- device_num:3
2023-09-26 03:38:16,969 | train | INFO | --Train 2/10 -- device_num:2
2023-09-26 03:38:17,111 | train | INFO | --Train 2/10 -- device_num:1
2023-09-26 03:38:17,121 | train | INFO | --Train 2/10 -- device_num:7
2023-09-26 03:38:22,723 | train | INFO | batch: 0/313 loss: 0.6476582884788513 - device_num : 5
2023-09-26 03:38:23,760 | train | INFO | batch: 0/313 loss: 0.31252285838127136 - device_num : 4
2023-09-26 03:38:24,045 | train | INFO | batch: 0/313 loss: 0.09311360865831375 - device_num : 6
2023-09-26 03:38:24,666 | train | INFO | batch: 0/313 loss: 0.10085489600896835 - device_num : 3
2023-09-26 03:38:24,775 | train | INFO | batch: 0/313 loss: 0.14843519032001495 - device_num : 1
2023-09-26 03:38:24,976 | train | INFO | batch: 0/313 loss: 0.4159415364265442 - device_num : 2
2023-09-26 03:38:24,984 | train | INFO | batch: 0/313 loss: 0.20903587341308594 - device_num : 7
2023-09-26 03:38:26,025 | train | INFO | --Train 2/10 -- device_num:0
2023-09-26 03:38:28,583 | train | INFO | batch: 0/313 loss: 0.24338139593601227 - device_num : 0
2023-09-26 03:41:08,727 | train | INFO | batch: 100/313 loss: 0.18411023914813995 - device_num : 3
2023-09-26 03:41:08,730 | train | INFO | batch: 100/313 loss: 0.48881471157073975 - device_num : 0
2023-09-26 03:41:08,736 | train | INFO | batch: 100/313 loss: 0.1457628756761551 - device_num : 2
2023-09-26 03:41:08,742 | train | INFO | batch: 100/313 loss: 0.17383244633674622 - device_num : 7
2023-09-26 03:41:08,742 | train | INFO | batch: 100/313 loss: 0.4534311294555664 - device_num : 6
2023-09-26 03:41:08,770 | train | INFO | batch: 100/313 loss: 0.35956311225891113 - device_num : 5
2023-09-26 03:41:08,778 | train | INFO | batch: 100/313 loss: 0.10989311337471008 - device_num : 4
2023-09-26 03:41:08,798 | train | INFO | batch: 100/313 loss: 0.2631274461746216 - device_num : 1
2023-09-26 03:43:50,271 | train | INFO | batch: 200/313 loss: 0.12493260949850082 - device_num : 5
2023-09-26 03:43:50,283 | train | INFO | batch: 200/313 loss: 0.3733639419078827 - device_num : 4
2023-09-26 03:43:50,292 | train | INFO | batch: 200/313 loss: 0.06365573406219482 - device_num : 2
2023-09-26 03:43:50,307 | train | INFO | batch: 200/313 loss: 0.4501652717590332 - device_num : 7
2023-09-26 03:43:50,345 | train | INFO | batch: 200/313 loss: 0.1894339621067047 - device_num : 3
2023-09-26 03:43:50,409 | train | INFO | batch: 200/313 loss: 0.04163285344839096 - device_num : 0
2023-09-26 03:43:50,415 | train | INFO | batch: 200/313 loss: 0.06663389503955841 - device_num : 1
2023-09-26 03:43:50,442 | train | INFO | batch: 200/313 loss: 0.08484124392271042 - device_num : 6
2023-09-26 03:46:32,146 | train | INFO | batch: 300/313 loss: 0.13430292904376984 - device_num : 5
2023-09-26 03:46:32,320 | train | INFO | batch: 300/313 loss: 0.3893163204193115 - device_num : 7
2023-09-26 03:46:32,324 | train | INFO | batch: 300/313 loss: 0.21996214985847473 - device_num : 4
2023-09-26 03:46:32,395 | train | INFO | batch: 300/313 loss: 0.45596906542778015 - device_num : 0
2023-09-26 03:46:32,460 | train | INFO | batch: 300/313 loss: 0.10917938500642776 - device_num : 3
2023-09-26 03:46:32,497 | train | INFO | batch: 300/313 loss: 0.0272851400077343 - device_num : 1
2023-09-26 03:46:32,497 | train | INFO | batch: 300/313 loss: 0.2716614902019501 - device_num : 2
2023-09-26 03:46:32,502 | train | INFO | batch: 300/313 loss: 0.23826296627521515 - device_num : 6
2023-09-26 03:46:44,513 | train | INFO | --Val 2/10 -- device_num:3
2023-09-26 03:46:44,536 | train | INFO | --Val 2/10 -- device_num:5
2023-09-26 03:46:44,559 | train | INFO | --Val 2/10 -- device_num:4
2023-09-26 03:46:44,562 | train | INFO | --Val 2/10 -- device_num:2
2023-09-26 03:46:44,582 | train | INFO | --Val 2/10 -- device_num:0
2023-09-26 03:46:44,613 | train | INFO | --Val 2/10 -- device_num:7
2023-09-26 03:46:44,643 | train | INFO | --Val 2/10 -- device_num:1
2023-09-26 03:46:44,656 | train | INFO | --Val 2/10 -- device_num:6
2023-09-26 03:46:50,403 | train | INFO | batch: 0/16 loss: 0.672767162322998 - device_num : 7
2023-09-26 03:46:51,272 | train | INFO | batch: 0/16 loss: 0.3797863721847534 - device_num : 3
2023-09-26 03:46:52,128 | train | INFO | batch: 0/16 loss: 0.17172127962112427 - device_num : 4
2023-09-26 03:46:52,341 | train | INFO | batch: 0/16 loss: 0.613438069820404 - device_num : 2
2023-09-26 03:46:52,595 | train | INFO | batch: 0/16 loss: 0.3182157278060913 - device_num : 1
2023-09-26 03:46:52,652 | train | INFO | batch: 0/16 loss: 0.26142361760139465 - device_num : 6
2023-09-26 03:46:52,855 | train | INFO | batch: 0/16 loss: 0.2632986009120941 - device_num : 5
2023-09-26 03:46:52,957 | train | INFO | batch: 0/16 loss: 0.6453643441200256 - device_num : 0
2023-09-26 03:47:00,147 | train | INFO | --Train 3/10 -- device_num:7
2023-09-26 03:47:00,424 | train | INFO | --Train 3/10 -- device_num:4
2023-09-26 03:47:00,539 | train | INFO | --Train 3/10 -- device_num:1
2023-09-26 03:47:00,716 | train | INFO | --Train 3/10 -- device_num:5
2023-09-26 03:47:00,968 | train | INFO | Write row 2
2023-09-26 03:47:01,034 | train | INFO | --Train 3/10 -- device_num:2
2023-09-26 03:47:01,039 | train | INFO | --Train 3/10 -- device_num:3
2023-09-26 03:47:01,107 | train | INFO | --Train 3/10 -- device_num:6
2023-09-26 03:47:06,411 | train | INFO | batch: 0/313 loss: 0.13377365469932556 - device_num : 4
2023-09-26 03:47:06,616 | train | INFO | batch: 0/313 loss: 0.1779675930738449 - device_num : 1
2023-09-26 03:47:09,156 | train | INFO | batch: 0/313 loss: 0.11673131585121155 - device_num : 7
2023-09-26 03:47:12,226 | train | INFO | batch: 0/313 loss: 0.31507137417793274 - device_num : 3
2023-09-26 03:47:14,242 | train | INFO | batch: 0/313 loss: 0.27306103706359863 - device_num : 5
2023-09-26 03:47:14,439 | train | INFO | batch: 0/313 loss: 0.0545654371380806 - device_num : 2
2023-09-26 03:47:15,110 | train | INFO | batch: 0/313 loss: 0.032720521092414856 - device_num : 6
2023-09-26 03:47:20,309 | train | INFO | --Train 3/10 -- device_num:0
2023-09-26 03:47:24,509 | train | INFO | batch: 0/313 loss: 0.1182887852191925 - device_num : 0
2023-09-26 03:50:09,260 | train | INFO | batch: 100/313 loss: 0.11671376973390579 - device_num : 2
2023-09-26 03:50:09,313 | train | INFO | batch: 100/313 loss: 0.037561845034360886 - device_num : 5
2023-09-26 03:50:09,398 | train | INFO | batch: 100/313 loss: 0.1393737941980362 - device_num : 6
2023-09-26 03:50:09,401 | train | INFO | batch: 100/313 loss: 0.37239930033683777 - device_num : 1
2023-09-26 03:50:09,403 | train | INFO | batch: 100/313 loss: 0.0412309393286705 - device_num : 7
2023-09-26 03:50:09,414 | train | INFO | batch: 100/313 loss: 0.07176493108272552 - device_num : 0
2023-09-26 03:50:09,544 | train | INFO | batch: 100/313 loss: 0.025269852951169014 - device_num : 4
2023-09-26 03:50:09,786 | train | INFO | batch: 100/313 loss: 0.0657193586230278 - device_num : 3
2023-09-26 03:52:53,972 | train | INFO | batch: 200/313 loss: 0.1550067961215973 - device_num : 7
2023-09-26 03:52:54,055 | train | INFO | batch: 200/313 loss: 0.19198383390903473 - device_num : 6
2023-09-26 03:52:54,184 | train | INFO | batch: 200/313 loss: 0.04513241723179817 - device_num : 2
2023-09-26 03:52:54,219 | train | INFO | batch: 200/313 loss: 0.09427851438522339 - device_num : 0
2023-09-26 03:52:54,263 | train | INFO | batch: 200/313 loss: 0.19953152537345886 - device_num : 4
2023-09-26 03:52:54,482 | train | INFO | batch: 200/313 loss: 0.08942888677120209 - device_num : 1
2023-09-26 03:52:54,548 | train | INFO | batch: 200/313 loss: 0.009705658070743084 - device_num : 3
2023-09-26 03:52:54,588 | train | INFO | batch: 200/313 loss: 0.17047658562660217 - device_num : 5
2023-09-26 03:55:36,750 | train | INFO | batch: 300/313 loss: 0.057340357452631 - device_num : 1
2023-09-26 03:55:36,764 | train | INFO | batch: 300/313 loss: 0.06765521317720413 - device_num : 6
2023-09-26 03:55:36,826 | train | INFO | batch: 300/313 loss: 0.16629686951637268 - device_num : 4
2023-09-26 03:55:36,906 | train | INFO | batch: 300/313 loss: 0.023747125640511513 - device_num : 2
2023-09-26 03:55:37,033 | train | INFO | batch: 300/313 loss: 0.021313590928912163 - device_num : 0
2023-09-26 03:55:37,045 | train | INFO | batch: 300/313 loss: 0.09277170896530151 - device_num : 7
2023-09-26 03:55:37,059 | train | INFO | batch: 300/313 loss: 0.04757193848490715 - device_num : 5
2023-09-26 03:55:37,180 | train | INFO | batch: 300/313 loss: 0.08535739779472351 - device_num : 3
2023-09-26 03:55:49,504 | train | INFO | --Val 3/10 -- device_num:1
2023-09-26 03:55:49,510 | train | INFO | --Val 3/10 -- device_num:5
2023-09-26 03:55:49,523 | train | INFO | --Val 3/10 -- device_num:0
2023-09-26 03:55:49,657 | train | INFO | --Val 3/10 -- device_num:7
2023-09-26 03:55:49,704 | train | INFO | --Val 3/10 -- device_num:3
2023-09-26 03:55:49,711 | train | INFO | --Val 3/10 -- device_num:6
2023-09-26 03:55:49,739 | train | INFO | --Val 3/10 -- device_num:4
2023-09-26 03:55:49,747 | train | INFO | --Val 3/10 -- device_num:2
2023-09-26 03:55:54,232 | train | INFO | batch: 0/16 loss: 0.6460004448890686 - device_num : 5
2023-09-26 03:55:54,836 | train | INFO | batch: 0/16 loss: 1.0793486833572388 - device_num : 0
2023-09-26 03:55:55,409 | train | INFO | batch: 0/16 loss: 0.5328105688095093 - device_num : 1
2023-09-26 03:55:56,060 | train | INFO | batch: 0/16 loss: 0.510063648223877 - device_num : 7
2023-09-26 03:55:56,330 | train | INFO | batch: 0/16 loss: 0.29872453212738037 - device_num : 3
2023-09-26 03:55:56,418 | train | INFO | batch: 0/16 loss: 0.8468706607818604 - device_num : 6
2023-09-26 03:55:56,469 | train | INFO | batch: 0/16 loss: 0.35606256127357483 - device_num : 4
2023-09-26 03:55:56,586 | train | INFO | batch: 0/16 loss: 0.5632476806640625 - device_num : 2
2023-09-26 03:56:04,386 | train | INFO | --Train 4/10 -- device_num:5
2023-09-26 03:56:04,740 | train | INFO | Write row 3
2023-09-26 03:56:05,468 | train | INFO | --Train 4/10 -- device_num:4
2023-09-26 03:56:05,480 | train | INFO | --Train 4/10 -- device_num:7
2023-09-26 03:56:05,532 | train | INFO | --Train 4/10 -- device_num:1
2023-09-26 03:56:05,556 | train | INFO | --Train 4/10 -- device_num:2
2023-09-26 03:56:05,635 | train | INFO | --Train 4/10 -- device_num:6
2023-09-26 03:56:05,810 | train | INFO | --Train 4/10 -- device_num:3
2023-09-26 03:56:10,397 | train | INFO | batch: 0/313 loss: 0.2537592649459839 - device_num : 5
2023-09-26 03:56:10,484 | train | INFO | batch: 0/313 loss: 0.027744367718696594 - device_num : 4
2023-09-26 03:56:11,110 | train | INFO | batch: 0/313 loss: 0.030658988282084465 - device_num : 1
2023-09-26 03:56:11,958 | train | INFO | batch: 0/313 loss: 0.13661277294158936 - device_num : 2
2023-09-26 03:56:12,259 | train | INFO | batch: 0/313 loss: 0.04106229543685913 - device_num : 7
2023-09-26 03:56:12,741 | train | INFO | batch: 0/313 loss: 0.01072496548295021 - device_num : 3
2023-09-26 03:56:12,997 | train | INFO | batch: 0/313 loss: 0.005595584865659475 - device_num : 6
2023-09-26 03:56:14,232 | train | INFO | --Train 4/10 -- device_num:0
2023-09-26 03:56:16,413 | train | INFO | batch: 0/313 loss: 0.0053123789839446545 - device_num : 0
2023-09-26 03:59:05,530 | train | INFO | batch: 100/313 loss: 0.009555513970553875 - device_num : 6
2023-09-26 03:59:05,548 | train | INFO | batch: 100/313 loss: 0.12272950261831284 - device_num : 0
2023-09-26 03:59:05,772 | train | INFO | batch: 100/313 loss: 0.0969923734664917 - device_num : 2
2023-09-26 03:59:05,812 | train | INFO | batch: 100/313 loss: 0.06169205158948898 - device_num : 7
2023-09-26 03:59:05,911 | train | INFO | batch: 100/313 loss: 0.023665882647037506 - device_num : 5
2023-09-26 03:59:05,984 | train | INFO | batch: 100/313 loss: 0.01811077632009983 - device_num : 4
2023-09-26 03:59:06,036 | train | INFO | batch: 100/313 loss: 0.14464078843593597 - device_num : 3
2023-09-26 03:59:06,219 | train | INFO | batch: 100/313 loss: 0.015061572194099426 - device_num : 1
2023-09-26 04:01:50,496 | train | INFO | batch: 200/313 loss: 0.00881521962583065 - device_num : 5
2023-09-26 04:01:50,580 | train | INFO | batch: 200/313 loss: 0.08747395128011703 - device_num : 2
2023-09-26 04:01:50,619 | train | INFO | batch: 200/313 loss: 0.03800515830516815 - device_num : 7
2023-09-26 04:01:50,646 | train | INFO | batch: 200/313 loss: 0.001445629633963108 - device_num : 3
2023-09-26 04:01:50,881 | train | INFO | batch: 200/313 loss: 0.030166078358888626 - device_num : 0
2023-09-26 04:01:50,903 | train | INFO | batch: 200/313 loss: 0.001953644212335348 - device_num : 6
2023-09-26 04:01:50,935 | train | INFO | batch: 200/313 loss: 0.0016147713176906109 - device_num : 4
2023-09-26 04:01:51,075 | train | INFO | batch: 200/313 loss: 0.0026652563828974962 - device_num : 1
2023-09-26 04:04:33,350 | train | INFO | batch: 300/313 loss: 0.01142917387187481 - device_num : 1
2023-09-26 04:04:33,391 | train | INFO | batch: 300/313 loss: 0.03103715181350708 - device_num : 5
2023-09-26 04:04:33,409 | train | INFO | batch: 300/313 loss: 0.011961502954363823 - device_num : 0
2023-09-26 04:04:33,416 | train | INFO | batch: 300/313 loss: 0.02601841278374195 - device_num : 4
2023-09-26 04:04:33,428 | train | INFO | batch: 300/313 loss: 0.004611095413565636 - device_num : 6
2023-09-26 04:04:33,455 | train | INFO | batch: 300/313 loss: 0.061968374997377396 - device_num : 2
2023-09-26 04:04:33,456 | train | INFO | batch: 300/313 loss: 0.012428616173565388 - device_num : 7
2023-09-26 04:04:33,458 | train | INFO | batch: 300/313 loss: 0.19870296120643616 - device_num : 3
2023-09-26 04:04:48,921 | train | INFO | --Val 4/10 -- device_num:7
2023-09-26 04:04:48,928 | train | INFO | --Val 4/10 -- device_num:3
2023-09-26 04:04:48,939 | train | INFO | --Val 4/10 -- device_num:4
2023-09-26 04:04:49,124 | train | INFO | --Val 4/10 -- device_num:5
2023-09-26 04:04:49,175 | train | INFO | --Val 4/10 -- device_num:0
2023-09-26 04:04:49,180 | train | INFO | --Val 4/10 -- device_num:6
2023-09-26 04:04:49,217 | train | INFO | --Val 4/10 -- device_num:2
2023-09-26 04:04:49,242 | train | INFO | --Val 4/10 -- device_num:1
2023-09-26 04:04:52,647 | train | INFO | batch: 0/16 loss: 1.3297322988510132 - device_num : 7
2023-09-26 04:04:52,908 | train | INFO | batch: 0/16 loss: 0.07598862051963806 - device_num : 3
2023-09-26 04:04:53,339 | train | INFO | batch: 0/16 loss: 0.6368873119354248 - device_num : 4
2023-09-26 04:04:54,395 | train | INFO | batch: 0/16 loss: 1.5178935527801514 - device_num : 6
2023-09-26 04:04:54,476 | train | INFO | batch: 0/16 loss: 0.43345361948013306 - device_num : 0
2023-09-26 04:04:54,646 | train | INFO | batch: 0/16 loss: 0.3489723801612854 - device_num : 1
2023-09-26 04:04:55,154 | train | INFO | batch: 0/16 loss: 0.28653427958488464 - device_num : 5
2023-09-26 04:04:55,748 | train | INFO | batch: 0/16 loss: 0.8294955492019653 - device_num : 2
2023-09-26 04:05:01,890 | train | INFO | --Train 5/10 -- device_num:7
2023-09-26 04:05:02,000 | train | INFO | --Train 5/10 -- device_num:3
2023-09-26 04:05:02,593 | train | INFO | --Train 5/10 -- device_num:4
2023-09-26 04:05:02,797 | train | INFO | --Train 5/10 -- device_num:6
2023-09-26 04:05:03,235 | train | INFO | --Train 5/10 -- device_num:2
2023-09-26 04:05:03,271 | train | INFO | Write row 4
2023-09-26 04:05:03,412 | train | INFO | --Train 5/10 -- device_num:1
2023-09-26 04:05:03,562 | train | INFO | --Train 5/10 -- device_num:5
2023-09-26 04:05:10,380 | train | INFO | batch: 0/313 loss: 0.24361419677734375 - device_num : 3
2023-09-26 04:05:10,927 | train | INFO | batch: 0/313 loss: 0.04812923073768616 - device_num : 7
2023-09-26 04:05:11,165 | train | INFO | batch: 0/313 loss: 0.00822831317782402 - device_num : 4
2023-09-26 04:05:11,252 | train | INFO | batch: 0/313 loss: 0.03690647333860397 - device_num : 1
2023-09-26 04:05:11,720 | train | INFO | batch: 0/313 loss: 0.04286788031458855 - device_num : 2
2023-09-26 04:05:12,230 | train | INFO | batch: 0/313 loss: 0.011704748496413231 - device_num : 5
2023-09-26 04:05:12,371 | train | INFO | batch: 0/313 loss: 0.06706357002258301 - device_num : 6
2023-09-26 04:05:15,433 | train | INFO | --Train 5/10 -- device_num:0
2023-09-26 04:05:16,856 | train | INFO | batch: 0/313 loss: 0.46299225091934204 - device_num : 0
2023-09-26 04:08:08,401 | train | INFO | batch: 100/313 loss: 0.021811336278915405 - device_num : 1
2023-09-26 04:08:08,471 | train | INFO | batch: 100/313 loss: 0.025333236902952194 - device_num : 5
2023-09-26 04:08:08,498 | train | INFO | batch: 100/313 loss: 0.07864237576723099 - device_num : 6
2023-09-26 04:08:08,518 | train | INFO | batch: 100/313 loss: 0.013064800761640072 - device_num : 7
2023-09-26 04:08:08,525 | train | INFO | batch: 100/313 loss: 0.004982793238013983 - device_num : 2
2023-09-26 04:08:08,536 | train | INFO | batch: 100/313 loss: 0.1535026729106903 - device_num : 0
2023-09-26 04:08:08,645 | train | INFO | batch: 100/313 loss: 0.014013449661433697 - device_num : 4
2023-09-26 04:08:08,671 | train | INFO | batch: 100/313 loss: 0.09620310366153717 - device_num : 3
2023-09-26 04:10:54,194 | train | INFO | batch: 200/313 loss: 0.008049976080656052 - device_num : 2
2023-09-26 04:10:54,287 | train | INFO | batch: 200/313 loss: 0.02697429247200489 - device_num : 1
2023-09-26 04:10:54,294 | train | INFO | batch: 200/313 loss: 0.04286425560712814 - device_num : 6
2023-09-26 04:10:54,299 | train | INFO | batch: 200/313 loss: 0.02806735411286354 - device_num : 0
2023-09-26 04:10:54,365 | train | INFO | batch: 200/313 loss: 0.011677483096718788 - device_num : 5
2023-09-26 04:10:54,469 | train | INFO | batch: 200/313 loss: 0.035272758454084396 - device_num : 4
2023-09-26 04:10:54,483 | train | INFO | batch: 200/313 loss: 0.071800597012043 - device_num : 7
2023-09-26 04:10:54,499 | train | INFO | batch: 200/313 loss: 0.009557791985571384 - device_num : 3
2023-09-26 04:13:37,396 | train | INFO | batch: 300/313 loss: 0.05361594259738922 - device_num : 0
2023-09-26 04:13:37,410 | train | INFO | batch: 300/313 loss: 0.003211584407836199 - device_num : 1
2023-09-26 04:13:37,417 | train | INFO | batch: 300/313 loss: 0.019306069239974022 - device_num : 5
2023-09-26 04:13:37,417 | train | INFO | batch: 300/313 loss: 0.007142090704292059 - device_num : 7
2023-09-26 04:13:37,420 | train | INFO | batch: 300/313 loss: 0.003995015285909176 - device_num : 4
2023-09-26 04:13:37,420 | train | INFO | batch: 300/313 loss: 0.01361512765288353 - device_num : 3
2023-09-26 04:13:37,430 | train | INFO | batch: 300/313 loss: 0.0036015419755131006 - device_num : 2
2023-09-26 04:13:37,430 | train | INFO | batch: 300/313 loss: 0.005442862398922443 - device_num : 6
2023-09-26 04:13:51,770 | train | INFO | --Val 5/10 -- device_num:3
2023-09-26 04:13:51,795 | train | INFO | --Val 5/10 -- device_num:0
2023-09-26 04:13:51,793 | train | INFO | --Val 5/10 -- device_num:7
2023-09-26 04:13:51,802 | train | INFO | --Val 5/10 -- device_num:6
2023-09-26 04:13:51,842 | train | INFO | --Val 5/10 -- device_num:2
2023-09-26 04:13:51,836 | train | INFO | --Val 5/10 -- device_num:4
2023-09-26 04:13:51,921 | train | INFO | --Val 5/10 -- device_num:5
2023-09-26 04:13:51,926 | train | INFO | --Val 5/10 -- device_num:1
2023-09-26 04:13:56,608 | train | INFO | batch: 0/16 loss: 0.1803077906370163 - device_num : 4
2023-09-26 04:13:56,861 | train | INFO | batch: 0/16 loss: 0.43230000138282776 - device_num : 3
2023-09-26 04:13:58,187 | train | INFO | batch: 0/16 loss: 0.7022385001182556 - device_num : 6
2023-09-26 04:13:58,212 | train | INFO | batch: 0/16 loss: 0.8053841590881348 - device_num : 2
2023-09-26 04:13:58,442 | train | INFO | batch: 0/16 loss: 1.1187032461166382 - device_num : 0
2023-09-26 04:13:58,448 | train | INFO | batch: 0/16 loss: 0.6956201791763306 - device_num : 5
2023-09-26 04:13:59,376 | train | INFO | batch: 0/16 loss: 0.4767002463340759 - device_num : 7
2023-09-26 04:13:59,620 | train | INFO | batch: 0/16 loss: 0.13118645548820496 - device_num : 1
2023-09-26 04:14:05,450 | train | INFO | --Train 6/10 -- device_num:4
2023-09-26 04:14:05,530 | train | INFO | --Train 6/10 -- device_num:3
2023-09-26 04:14:06,151 | train | INFO | --Train 6/10 -- device_num:5
2023-09-26 04:14:06,190 | train | INFO | --Train 6/10 -- device_num:2
2023-09-26 04:14:06,654 | train | INFO | Write row 5
2023-09-26 04:14:06,679 | train | INFO | --Train 6/10 -- device_num:7
2023-09-26 04:14:06,758 | train | INFO | --Train 6/10 -- device_num:6
2023-09-26 04:14:06,866 | train | INFO | --Train 6/10 -- device_num:1
2023-09-26 04:14:14,241 | train | INFO | batch: 0/313 loss: 0.004084608517587185 - device_num : 4
2023-09-26 04:14:14,631 | train | INFO | batch: 0/313 loss: 0.01992354542016983 - device_num : 3
2023-09-26 04:14:14,686 | train | INFO | batch: 0/313 loss: 0.231769397854805 - device_num : 5
2023-09-26 04:14:16,162 | train | INFO | batch: 0/313 loss: 0.00958431139588356 - device_num : 2
2023-09-26 04:14:16,520 | train | INFO | batch: 0/313 loss: 0.006853132508695126 - device_num : 1
2023-09-26 04:14:16,677 | train | INFO | batch: 0/313 loss: 0.002167134080082178 - device_num : 6
2023-09-26 04:14:16,818 | train | INFO | batch: 0/313 loss: 0.020409047603607178 - device_num : 7
2023-09-26 04:14:20,248 | train | INFO | --Train 6/10 -- device_num:0
2023-09-26 04:14:21,680 | train | INFO | batch: 0/313 loss: 0.014252020977437496 - device_num : 0
2023-09-26 04:17:06,119 | train | INFO | batch: 100/313 loss: 0.002976741176098585 - device_num : 1
2023-09-26 04:17:06,260 | train | INFO | batch: 100/313 loss: 0.01241275668144226 - device_num : 7
2023-09-26 04:17:06,269 | train | INFO | batch: 100/313 loss: 0.003896112786605954 - device_num : 2
2023-09-26 04:17:06,294 | train | INFO | batch: 100/313 loss: 0.0224035382270813 - device_num : 0
2023-09-26 04:17:06,341 | train | INFO | batch: 100/313 loss: 0.006866820156574249 - device_num : 6
2023-09-26 04:17:06,348 | train | INFO | batch: 100/313 loss: 0.015963036566972733 - device_num : 4
2023-09-26 04:17:06,348 | train | INFO | batch: 100/313 loss: 0.02664918825030327 - device_num : 5
2023-09-26 04:17:06,540 | train | INFO | batch: 100/313 loss: 0.0005975529202260077 - device_num : 3
2023-09-26 04:19:52,532 | train | INFO | batch: 200/313 loss: 0.008031356148421764 - device_num : 3
2023-09-26 04:19:52,547 | train | INFO | batch: 200/313 loss: 0.11364145576953888 - device_num : 6
2023-09-26 04:19:52,562 | train | INFO | batch: 200/313 loss: 0.1830900013446808 - device_num : 2
2023-09-26 04:19:52,574 | train | INFO | batch: 200/313 loss: 0.0035757466685026884 - device_num : 7
2023-09-26 04:19:52,588 | train | INFO | batch: 200/313 loss: 0.020695455372333527 - device_num : 5
2023-09-26 04:19:52,592 | train | INFO | batch: 200/313 loss: 0.005274907220155001 - device_num : 0
2023-09-26 04:19:52,614 | train | INFO | batch: 200/313 loss: 0.03217430040240288 - device_num : 1
2023-09-26 04:19:52,794 | train | INFO | batch: 200/313 loss: 0.48137566447257996 - device_num : 4
2023-09-26 04:22:35,508 | train | INFO | batch: 300/313 loss: 0.011900993064045906 - device_num : 7
2023-09-26 04:22:35,586 | train | INFO | batch: 300/313 loss: 0.002055254066362977 - device_num : 2
2023-09-26 04:22:35,628 | train | INFO | batch: 300/313 loss: 0.004589345771819353 - device_num : 5
2023-09-26 04:22:35,658 | train | INFO | batch: 300/313 loss: 0.016457736492156982 - device_num : 4
2023-09-26 04:22:35,770 | train | INFO | batch: 300/313 loss: 0.0014088097959756851 - device_num : 1
2023-09-26 04:22:35,800 | train | INFO | batch: 300/313 loss: 0.0021250464487820864 - device_num : 0
2023-09-26 04:22:35,983 | train | INFO | batch: 300/313 loss: 0.006273222621530294 - device_num : 6
2023-09-26 04:22:36,262 | train | INFO | batch: 300/313 loss: 0.009689745493233204 - device_num : 3
2023-09-26 04:22:47,820 | train | INFO | --Val 6/10 -- device_num:0
2023-09-26 04:22:47,831 | train | INFO | --Val 6/10 -- device_num:5
2023-09-26 04:22:47,836 | train | INFO | --Val 6/10 -- device_num:6
2023-09-26 04:22:47,834 | train | INFO | --Val 6/10 -- device_num:3
2023-09-26 04:22:47,817 | train | INFO | --Val 6/10 -- device_num:4
2023-09-26 04:22:47,841 | train | INFO | --Val 6/10 -- device_num:2
2023-09-26 04:22:47,886 | train | INFO | --Val 6/10 -- device_num:1
2023-09-26 04:22:47,895 | train | INFO | --Val 6/10 -- device_num:7
2023-09-26 04:22:54,701 | train | INFO | batch: 0/16 loss: 0.4020148813724518 - device_num : 6
2023-09-26 04:22:55,066 | train | INFO | batch: 0/16 loss: 0.48947834968566895 - device_num : 3
2023-09-26 04:22:55,740 | train | INFO | batch: 0/16 loss: 0.4212321937084198 - device_num : 2
2023-09-26 04:22:56,159 | train | INFO | batch: 0/16 loss: 0.3030568063259125 - device_num : 4
2023-09-26 04:22:56,661 | train | INFO | batch: 0/16 loss: 0.3991706669330597 - device_num : 5
2023-09-26 04:22:56,712 | train | INFO | batch: 0/16 loss: 0.8569660186767578 - device_num : 7
2023-09-26 04:22:56,723 | train | INFO | batch: 0/16 loss: 0.4413711130619049 - device_num : 1
2023-09-26 04:22:56,807 | train | INFO | batch: 0/16 loss: 1.5373156070709229 - device_num : 0
2023-09-26 04:23:03,854 | train | INFO | --Train 7/10 -- device_num:6
2023-09-26 04:23:04,013 | train | INFO | --Train 7/10 -- device_num:3
2023-09-26 04:23:04,175 | train | INFO | --Train 7/10 -- device_num:2
2023-09-26 04:23:04,525 | train | INFO | --Train 7/10 -- device_num:1
2023-09-26 04:23:04,587 | train | INFO | --Train 7/10 -- device_num:4
2023-09-26 04:23:04,725 | train | INFO | --Train 7/10 -- device_num:5
2023-09-26 04:23:04,782 | train | INFO | Write row 6
2023-09-26 04:23:05,004 | train | INFO | --Train 7/10 -- device_num:7
2023-09-26 04:23:09,280 | train | INFO | batch: 0/313 loss: 0.003968155011534691 - device_num : 2
2023-09-26 04:23:09,671 | train | INFO | batch: 0/313 loss: 0.021931272000074387 - device_num : 3
2023-09-26 04:23:09,740 | train | INFO | batch: 0/313 loss: 0.04521501809358597 - device_num : 1
2023-09-26 04:23:11,356 | train | INFO | batch: 0/313 loss: 0.008439621888101101 - device_num : 5
2023-09-26 04:23:11,411 | train | INFO | batch: 0/313 loss: 0.02805619314312935 - device_num : 6
2023-09-26 04:23:12,590 | train | INFO | batch: 0/313 loss: 0.00226649665273726 - device_num : 4
2023-09-26 04:23:12,641 | train | INFO | batch: 0/313 loss: 0.003746733069419861 - device_num : 7
2023-09-26 04:23:16,674 | train | INFO | --Train 7/10 -- device_num:0
2023-09-26 04:23:18,804 | train | INFO | batch: 0/313 loss: 0.008444282226264477 - device_num : 0
2023-09-26 04:26:02,514 | train | INFO | batch: 100/313 loss: 0.015598110854625702 - device_num : 0
2023-09-26 04:26:02,516 | train | INFO | batch: 100/313 loss: 0.03688845410943031 - device_num : 6
2023-09-26 04:26:02,568 | train | INFO | batch: 100/313 loss: 0.07007895410060883 - device_num : 5
2023-09-26 04:26:02,593 | train | INFO | batch: 100/313 loss: 0.004177936818450689 - device_num : 1
2023-09-26 04:26:02,679 | train | INFO | batch: 100/313 loss: 0.005258101969957352 - device_num : 4
2023-09-26 04:26:02,886 | train | INFO | batch: 100/313 loss: 0.041007623076438904 - device_num : 7
2023-09-26 04:26:03,019 | train | INFO | batch: 100/313 loss: 0.0025474815629422665 - device_num : 3
2023-09-26 04:26:03,227 | train | INFO | batch: 100/313 loss: 0.409214586019516 - device_num : 2
2023-09-26 04:28:45,342 | train | INFO | batch: 200/313 loss: 0.014374878257513046 - device_num : 6
2023-09-26 04:28:45,369 | train | INFO | batch: 200/313 loss: 0.002151802182197571 - device_num : 3
2023-09-26 04:28:45,400 | train | INFO | batch: 200/313 loss: 0.0035784461069852114 - device_num : 2
2023-09-26 04:28:45,487 | train | INFO | batch: 200/313 loss: 0.006034603342413902 - device_num : 0
2023-09-26 04:28:45,544 | train | INFO | batch: 200/313 loss: 0.0005707112140953541 - device_num : 1
2023-09-26 04:28:45,576 | train | INFO | batch: 200/313 loss: 0.07217312604188919 - device_num : 4
2023-09-26 04:28:45,649 | train | INFO | batch: 200/313 loss: 0.012350485660135746 - device_num : 7
2023-09-26 04:28:45,851 | train | INFO | batch: 200/313 loss: 0.0004897231701761484 - device_num : 5
2023-09-26 04:31:27,809 | train | INFO | batch: 300/313 loss: 0.010897196829319 - device_num : 0
2023-09-26 04:31:27,817 | train | INFO | batch: 300/313 loss: 0.0006759715615771711 - device_num : 3
2023-09-26 04:31:27,818 | train | INFO | batch: 300/313 loss: 0.0012621736386790872 - device_num : 6
2023-09-26 04:31:27,818 | train | INFO | batch: 300/313 loss: 0.0001863883517216891 - device_num : 1
2023-09-26 04:31:27,829 | train | INFO | batch: 300/313 loss: 0.005287636537104845 - device_num : 2
2023-09-26 04:31:27,839 | train | INFO | batch: 300/313 loss: 0.009239212609827518 - device_num : 4
2023-09-26 04:31:27,849 | train | INFO | batch: 300/313 loss: 0.15655545890331268 - device_num : 7
2023-09-26 04:31:27,858 | train | INFO | batch: 300/313 loss: 0.133701354265213 - device_num : 5
2023-09-26 04:31:43,197 | train | INFO | --Val 7/10 -- device_num:0
2023-09-26 04:31:43,199 | train | INFO | --Val 7/10 -- device_num:6
2023-09-26 04:31:43,205 | train | INFO | --Val 7/10 -- device_num:5
2023-09-26 04:31:43,211 | train | INFO | --Val 7/10 -- device_num:2
2023-09-26 04:31:43,222 | train | INFO | --Val 7/10 -- device_num:4
2023-09-26 04:31:43,234 | train | INFO | --Val 7/10 -- device_num:7
2023-09-26 04:31:43,240 | train | INFO | --Val 7/10 -- device_num:3
2023-09-26 04:31:43,280 | train | INFO | --Val 7/10 -- device_num:1
2023-09-26 04:31:47,861 | train | INFO | batch: 0/16 loss: 0.8132238388061523 - device_num : 0
2023-09-26 04:31:48,784 | train | INFO | batch: 0/16 loss: 0.4404122531414032 - device_num : 2
2023-09-26 04:31:49,398 | train | INFO | batch: 0/16 loss: 0.3042505383491516 - device_num : 5
2023-09-26 04:31:49,461 | train | INFO | batch: 0/16 loss: 0.48831361532211304 - device_num : 6
2023-09-26 04:31:49,633 | train | INFO | batch: 0/16 loss: 0.3055436313152313 - device_num : 1
2023-09-26 04:31:49,656 | train | INFO | batch: 0/16 loss: 0.11263731122016907 - device_num : 4
2023-09-26 04:31:49,709 | train | INFO | batch: 0/16 loss: 0.4659532308578491 - device_num : 7
2023-09-26 04:31:49,847 | train | INFO | batch: 0/16 loss: 0.460112065076828 - device_num : 3
2023-09-26 04:31:56,383 | train | INFO | --Train 8/10 -- device_num:2
2023-09-26 04:31:56,559 | train | INFO | --Train 8/10 -- device_num:5
2023-09-26 04:31:57,167 | train | INFO | --Train 8/10 -- device_num:6
2023-09-26 04:31:57,225 | train | INFO | --Train 8/10 -- device_num:1
2023-09-26 04:31:57,760 | train | INFO | Write row 7
2023-09-26 04:31:57,822 | train | INFO | --Train 8/10 -- device_num:4
2023-09-26 04:31:57,999 | train | INFO | --Train 8/10 -- device_num:3
2023-09-26 04:31:58,663 | train | INFO | --Train 8/10 -- device_num:7
2023-09-26 04:32:04,211 | train | INFO | batch: 0/313 loss: 0.0018583079800009727 - device_num : 2
2023-09-26 04:32:04,788 | train | INFO | batch: 0/313 loss: 0.01814384199678898 - device_num : 5
2023-09-26 04:32:05,100 | train | INFO | batch: 0/313 loss: 0.003512829542160034 - device_num : 1
2023-09-26 04:32:05,466 | train | INFO | batch: 0/313 loss: 0.07213564217090607 - device_num : 6
2023-09-26 04:32:05,725 | train | INFO | batch: 0/313 loss: 0.000478099100291729 - device_num : 4
2023-09-26 04:32:06,120 | train | INFO | batch: 0/313 loss: 0.011035991832613945 - device_num : 3
2023-09-26 04:32:06,742 | train | INFO | batch: 0/313 loss: 0.009812291711568832 - device_num : 7
2023-09-26 04:32:08,744 | train | INFO | --Train 8/10 -- device_num:0
2023-09-26 04:32:10,266 | train | INFO | batch: 0/313 loss: 0.001362175215035677 - device_num : 0
2023-09-26 04:34:51,699 | train | INFO | batch: 100/313 loss: 0.23324203491210938 - device_num : 4
2023-09-26 04:34:51,885 | train | INFO | batch: 100/313 loss: 0.0020575709640979767 - device_num : 2
2023-09-26 04:34:51,891 | train | INFO | batch: 100/313 loss: 0.020941149443387985 - device_num : 5
2023-09-26 04:34:51,894 | train | INFO | batch: 100/313 loss: 0.0023715875577181578 - device_num : 6
2023-09-26 04:34:51,901 | train | INFO | batch: 100/313 loss: 0.0021624926012009382 - device_num : 3
2023-09-26 04:34:51,962 | train | INFO | batch: 100/313 loss: 0.033574629575014114 - device_num : 1
2023-09-26 04:34:52,045 | train | INFO | batch: 100/313 loss: 0.0017109730979427695 - device_num : 0
2023-09-26 04:34:52,094 | train | INFO | batch: 100/313 loss: 0.008202094584703445 - device_num : 7
2023-09-26 04:37:36,785 | train | INFO | batch: 200/313 loss: 0.008744636550545692 - device_num : 2
2023-09-26 04:37:36,819 | train | INFO | batch: 200/313 loss: 0.011012700386345387 - device_num : 4
2023-09-26 04:37:36,944 | train | INFO | batch: 200/313 loss: 0.000853898876812309 - device_num : 5
2023-09-26 04:37:36,966 | train | INFO | batch: 200/313 loss: 0.0010714323725551367 - device_num : 1
2023-09-26 04:37:36,973 | train | INFO | batch: 200/313 loss: 0.001999139552935958 - device_num : 6
2023-09-26 04:37:36,978 | train | INFO | batch: 200/313 loss: 0.01741453818976879 - device_num : 7
2023-09-26 04:37:36,983 | train | INFO | batch: 200/313 loss: 0.002559484913945198 - device_num : 0
2023-09-26 04:37:37,237 | train | INFO | batch: 200/313 loss: 0.06723577529191971 - device_num : 3
2023-09-26 04:40:16,908 | train | INFO | batch: 300/313 loss: 0.0017795305466279387 - device_num : 6
2023-09-26 04:40:17,054 | train | INFO | batch: 300/313 loss: 0.0026763640344142914 - device_num : 4
2023-09-26 04:40:17,080 | train | INFO | batch: 300/313 loss: 0.4711386561393738 - device_num : 0
2023-09-26 04:40:17,116 | train | INFO | batch: 300/313 loss: 0.0011261668987572193 - device_num : 3
2023-09-26 04:40:17,132 | train | INFO | batch: 300/313 loss: 0.001967977499589324 - device_num : 1
2023-09-26 04:40:17,221 | train | INFO | batch: 300/313 loss: 0.0022887729573994875 - device_num : 5
2023-09-26 04:40:17,252 | train | INFO | batch: 300/313 loss: 0.0010794831905514002 - device_num : 2
2023-09-26 04:40:17,260 | train | INFO | batch: 300/313 loss: 0.07327145338058472 - device_num : 7
2023-09-26 04:40:28,712 | train | INFO | --Val 8/10 -- device_num:0
2023-09-26 04:40:28,718 | train | INFO | --Val 8/10 -- device_num:7
2023-09-26 04:40:28,745 | train | INFO | --Val 8/10 -- device_num:6
2023-09-26 04:40:28,762 | train | INFO | --Val 8/10 -- device_num:2
2023-09-26 04:40:28,765 | train | INFO | --Val 8/10 -- device_num:5
2023-09-26 04:40:28,766 | train | INFO | --Val 8/10 -- device_num:4
2023-09-26 04:40:28,769 | train | INFO | --Val 8/10 -- device_num:1
2023-09-26 04:40:28,797 | train | INFO | --Val 8/10 -- device_num:3
2023-09-26 04:40:34,451 | train | INFO | batch: 0/16 loss: 0.4054817855358124 - device_num : 2
2023-09-26 04:40:35,791 | train | INFO | batch: 0/16 loss: 0.25195202231407166 - device_num : 1
2023-09-26 04:40:36,192 | train | INFO | batch: 0/16 loss: 0.6619800925254822 - device_num : 7
2023-09-26 04:40:36,464 | train | INFO | batch: 0/16 loss: 0.0036720186471939087 - device_num : 3
2023-09-26 04:40:36,464 | train | INFO | batch: 0/16 loss: 1.0511841773986816 - device_num : 0
2023-09-26 04:40:36,715 | train | INFO | batch: 0/16 loss: 0.4443025588989258 - device_num : 6
2023-09-26 04:40:36,798 | train | INFO | batch: 0/16 loss: 0.4497288465499878 - device_num : 5
2023-09-26 04:40:37,265 | train | INFO | batch: 0/16 loss: 0.021966751664876938 - device_num : 4
2023-09-26 04:40:44,041 | train | INFO | --Train 9/10 -- device_num:2
2023-09-26 04:40:44,533 | train | INFO | --Train 9/10 -- device_num:3
2023-09-26 04:40:44,541 | train | INFO | --Train 9/10 -- device_num:7
2023-09-26 04:40:44,604 | train | INFO | --Train 9/10 -- device_num:6
2023-09-26 04:40:44,851 | train | INFO | --Train 9/10 -- device_num:1
2023-09-26 04:40:44,887 | train | INFO | Write row 8
2023-09-26 04:40:44,908 | train | INFO | --Train 9/10 -- device_num:4
2023-09-26 04:40:44,912 | train | INFO | --Train 9/10 -- device_num:5
2023-09-26 04:40:49,507 | train | INFO | batch: 0/313 loss: 0.005399090237915516 - device_num : 2
2023-09-26 04:40:49,765 | train | INFO | batch: 0/313 loss: 0.005937931593507528 - device_num : 3
2023-09-26 04:40:51,255 | train | INFO | batch: 0/313 loss: 0.009770178236067295 - device_num : 7
2023-09-26 04:40:52,266 | train | INFO | batch: 0/313 loss: 0.0562744103372097 - device_num : 6
2023-09-26 04:40:52,553 | train | INFO | batch: 0/313 loss: 0.008043330162763596 - device_num : 5
2023-09-26 04:40:52,555 | train | INFO | batch: 0/313 loss: 0.139016792178154 - device_num : 1
2023-09-26 04:40:53,014 | train | INFO | batch: 0/313 loss: 0.007451746612787247 - device_num : 4
2023-09-26 04:40:56,382 | train | INFO | --Train 9/10 -- device_num:0
2023-09-26 04:40:58,302 | train | INFO | batch: 0/313 loss: 0.033348530530929565 - device_num : 0
2023-09-26 04:43:35,564 | train | INFO | batch: 100/313 loss: 0.0008967923931777477 - device_num : 2
2023-09-26 04:43:35,751 | train | INFO | batch: 100/313 loss: 0.02581959031522274 - device_num : 6
2023-09-26 04:43:35,771 | train | INFO | batch: 100/313 loss: 0.00290953041985631 - device_num : 4
2023-09-26 04:43:35,809 | train | INFO | batch: 100/313 loss: 0.005191251635551453 - device_num : 5
2023-09-26 04:43:35,879 | train | INFO | batch: 100/313 loss: 0.0009661318617872894 - device_num : 1
2023-09-26 04:43:35,934 | train | INFO | batch: 100/313 loss: 0.08244027942419052 - device_num : 0
2023-09-26 04:43:35,949 | train | INFO | batch: 100/313 loss: 0.0013163695111870766 - device_num : 3
2023-09-26 04:43:36,242 | train | INFO | batch: 100/313 loss: 0.019275587052106857 - device_num : 7
2023-09-26 04:46:16,658 | train | INFO | batch: 200/313 loss: 0.00608148705214262 - device_num : 0
2023-09-26 04:46:16,763 | train | INFO | batch: 200/313 loss: 0.006702006328850985 - device_num : 4
2023-09-26 04:46:16,777 | train | INFO | batch: 200/313 loss: 0.0009576199227012694 - device_num : 2
2023-09-26 04:46:16,840 | train | INFO | batch: 200/313 loss: 0.10409639775753021 - device_num : 6
2023-09-26 04:46:16,872 | train | INFO | batch: 200/313 loss: 0.00568711943924427 - device_num : 7
2023-09-26 04:46:16,885 | train | INFO | batch: 200/313 loss: 0.002949630841612816 - device_num : 3
2023-09-26 04:46:16,886 | train | INFO | batch: 200/313 loss: 0.0011964396107941866 - device_num : 1
2023-09-26 04:46:17,158 | train | INFO | batch: 200/313 loss: 0.03082769550383091 - device_num : 5
2023-09-26 04:48:57,339 | train | INFO | batch: 300/313 loss: 0.01072405744343996 - device_num : 6
2023-09-26 04:48:57,357 | train | INFO | batch: 300/313 loss: 0.03377924859523773 - device_num : 7
2023-09-26 04:48:57,463 | train | INFO | batch: 300/313 loss: 0.003170897951349616 - device_num : 3
2023-09-26 04:48:57,493 | train | INFO | batch: 300/313 loss: 0.00040932995034381747 - device_num : 2
2023-09-26 04:48:57,500 | train | INFO | batch: 300/313 loss: 0.001619965536519885 - device_num : 0
2023-09-26 04:48:57,504 | train | INFO | batch: 300/313 loss: 0.0003870625514537096 - device_num : 1
2023-09-26 04:48:57,520 | train | INFO | batch: 300/313 loss: 0.10701984167098999 - device_num : 4
2023-09-26 04:48:57,523 | train | INFO | batch: 300/313 loss: 0.002818875014781952 - device_num : 5
2023-09-26 04:49:12,760 | train | INFO | --Val 9/10 -- device_num:6
2023-09-26 04:49:12,767 | train | INFO | --Val 9/10 -- device_num:4
2023-09-26 04:49:12,774 | train | INFO | --Val 9/10 -- device_num:5
2023-09-26 04:49:12,789 | train | INFO | --Val 9/10 -- device_num:7
2023-09-26 04:49:12,795 | train | INFO | --Val 9/10 -- device_num:2
2023-09-26 04:49:12,797 | train | INFO | --Val 9/10 -- device_num:1
2023-09-26 04:49:12,801 | train | INFO | --Val 9/10 -- device_num:3
2023-09-26 04:49:12,803 | train | INFO | --Val 9/10 -- device_num:0
2023-09-26 04:49:17,199 | train | INFO | batch: 0/16 loss: 0.3397539258003235 - device_num : 4
2023-09-26 04:49:18,244 | train | INFO | batch: 0/16 loss: 0.8344407677650452 - device_num : 1
2023-09-26 04:49:18,287 | train | INFO | batch: 0/16 loss: 0.334314227104187 - device_num : 7
2023-09-26 04:49:18,841 | train | INFO | batch: 0/16 loss: 0.7430163025856018 - device_num : 2
2023-09-26 04:49:18,869 | train | INFO | batch: 0/16 loss: 0.5378230214118958 - device_num : 6
2023-09-26 04:49:19,031 | train | INFO | batch: 0/16 loss: 0.3475845456123352 - device_num : 5
2023-09-26 04:49:19,146 | train | INFO | batch: 0/16 loss: 0.0837409719824791 - device_num : 3
2023-09-26 04:49:19,389 | train | INFO | batch: 0/16 loss: 0.4486008584499359 - device_num : 0
2023-09-26 04:49:26,768 | train | INFO | Write row 9
2023-09-26 04:49:30,267 | train | INFO | Recorder, epoch 9 Model saved: /content/results/train/20230926_121820/model.pt
2023-09-26 04:49:30,267 | train | INFO | Recorder, epoch 9 Model saved: /content/results/train/20230926_121820/model.pt
2023-09-26 04:49:30,269 | train | INFO | Recorder, epoch 9 Model saved: /content/results/train/20230926_121820/model.pt
2023-09-26 04:49:30,275 | train | INFO | Recorder, epoch 9 Model saved: /content/results/train/20230926_121820/model.pt
2023-09-26 04:49:30,277 | train | INFO | Recorder, epoch 9 Model saved: /content/results/train/20230926_121820/model.pt
2023-09-26 04:49:30,279 | train | INFO | Recorder, epoch 9 Model saved: /content/results/train/20230926_121820/model.pt
2023-09-26 04:49:30,284 | train | INFO | Recorder, epoch 9 Model saved: /content/results/train/20230926_121820/model.pt
2023-09-26 04:49:30,331 | train | INFO | Recorder, epoch 9 Model saved: /content/results/train/20230926_121820/model.pt
