2023-09-19 14:29:52,179 | train | INFO | Set Logger /content/results/train/20230919_232952
2023-09-19 14:29:52,235 | train | INFO | Load data, train:56000 val:2000
2023-09-19 14:30:03,639 | train | INFO | Initiated early stopper, mode: max, best score: inf, patience: 5
2023-09-19 14:30:03,642 | train | INFO | --Train 0/20
2023-09-19 14:30:12,323 | train | INFO | batch: 0/3500 loss: 8.178112030029297
2023-09-19 14:30:21,457 | train | INFO | batch: 100/3500 loss: 1.1259140968322754
2023-09-19 14:30:30,594 | train | INFO | batch: 200/3500 loss: 1.4335682392120361
2023-09-19 14:30:39,714 | train | INFO | batch: 300/3500 loss: 1.482023000717163
2023-09-19 14:30:48,845 | train | INFO | batch: 400/3500 loss: 0.971909761428833
2023-09-19 14:30:57,970 | train | INFO | batch: 500/3500 loss: 1.270960807800293
2023-09-19 14:31:07,109 | train | INFO | batch: 600/3500 loss: 1.1906930208206177
2023-09-19 14:31:16,234 | train | INFO | batch: 700/3500 loss: 1.049514889717102
2023-09-19 14:31:25,451 | train | INFO | batch: 800/3500 loss: 0.9688168168067932
2023-09-19 14:31:34,581 | train | INFO | batch: 900/3500 loss: 0.853391706943512
2023-09-19 14:31:43,721 | train | INFO | batch: 1000/3500 loss: 1.2278767824172974
2023-09-19 14:31:52,851 | train | INFO | batch: 1100/3500 loss: 0.4878334403038025
2023-09-19 14:32:01,977 | train | INFO | batch: 1200/3500 loss: 1.2104767560958862
2023-09-19 14:32:11,128 | train | INFO | batch: 1300/3500 loss: 1.3996140956878662
2023-09-19 14:32:20,279 | train | INFO | batch: 1400/3500 loss: 0.7387546300888062
2023-09-19 14:32:29,421 | train | INFO | batch: 1500/3500 loss: 1.4881271123886108
2023-09-19 14:32:38,551 | train | INFO | batch: 1600/3500 loss: 0.9109550714492798
2023-09-19 14:32:47,675 | train | INFO | batch: 1700/3500 loss: 0.6031671762466431
2023-09-19 14:32:56,805 | train | INFO | batch: 1800/3500 loss: 0.59922856092453
2023-09-19 14:33:05,941 | train | INFO | batch: 1900/3500 loss: 0.48771223425865173
2023-09-19 14:33:15,087 | train | INFO | batch: 2000/3500 loss: 0.8345481157302856
2023-09-19 14:33:24,207 | train | INFO | batch: 2100/3500 loss: 0.4721442461013794
2023-09-19 14:33:33,329 | train | INFO | batch: 2200/3500 loss: 0.5292113423347473
2023-09-19 14:33:42,452 | train | INFO | batch: 2300/3500 loss: 0.6371147036552429
2023-09-19 14:33:51,579 | train | INFO | batch: 2400/3500 loss: 0.3435908555984497
2023-09-19 14:34:00,702 | train | INFO | batch: 2500/3500 loss: 0.49308112263679504
2023-09-19 14:34:09,828 | train | INFO | batch: 2600/3500 loss: 0.35122159123420715
2023-09-19 14:34:18,967 | train | INFO | batch: 2700/3500 loss: 0.599769115447998
2023-09-19 14:34:28,139 | train | INFO | batch: 2800/3500 loss: 0.5956422090530396
2023-09-19 14:34:37,279 | train | INFO | batch: 2900/3500 loss: 0.23059633374214172
2023-09-19 14:34:46,409 | train | INFO | batch: 3000/3500 loss: 0.7354986667633057
2023-09-19 14:34:55,573 | train | INFO | batch: 3100/3500 loss: 0.11062391847372055
2023-09-19 14:35:04,724 | train | INFO | batch: 3200/3500 loss: 0.21877989172935486
2023-09-19 14:35:13,858 | train | INFO | batch: 3300/3500 loss: 0.20511963963508606
2023-09-19 14:35:22,996 | train | INFO | batch: 3400/3500 loss: 0.12707936763763428
2023-09-19 14:35:32,223 | train | INFO | --Val 0/20
2023-09-19 14:35:32,335 | train | INFO | batch: 0/125 loss: 0.393523633480072
2023-09-19 14:35:35,047 | train | INFO | batch: 100/125 loss: 0.1750769019126892
2023-09-19 14:35:35,677 | train | INFO | Write row 0
2023-09-19 14:35:36,396 | train | INFO | Early stopper, counter 0/5, best:0.804 -> now:0.804
2023-09-19 14:35:36,396 | train | INFO | Set counter as 0
2023-09-19 14:35:36,396 | train | INFO | Update best score as 0.804
2023-09-19 14:35:36,645 | train | INFO | Recorder, epoch 0 Model saved: /content/results/train/20230919_232952/model.pt
2023-09-19 14:35:36,646 | train | INFO | --Train 1/20
2023-09-19 14:35:36,841 | train | INFO | batch: 0/3500 loss: 0.2732067406177521
2023-09-19 14:35:45,987 | train | INFO | batch: 100/3500 loss: 0.0632086843252182
2023-09-19 14:35:55,150 | train | INFO | batch: 200/3500 loss: 0.3144983649253845
2023-09-19 14:36:04,309 | train | INFO | batch: 300/3500 loss: 0.3212592899799347
2023-09-19 14:36:13,477 | train | INFO | batch: 400/3500 loss: 0.5158762335777283
2023-09-19 14:36:22,670 | train | INFO | batch: 500/3500 loss: 0.07795852422714233
2023-09-19 14:36:31,841 | train | INFO | batch: 600/3500 loss: 0.556535005569458
2023-09-19 14:36:40,998 | train | INFO | batch: 700/3500 loss: 0.24735592305660248
2023-09-19 14:36:50,153 | train | INFO | batch: 800/3500 loss: 0.15793809294700623
2023-09-19 14:36:59,324 | train | INFO | batch: 900/3500 loss: 0.022090472280979156
2023-09-19 14:37:08,497 | train | INFO | batch: 1000/3500 loss: 0.5831170678138733
2023-09-19 14:37:17,683 | train | INFO | batch: 1100/3500 loss: 0.023983974009752274
2023-09-19 14:37:26,890 | train | INFO | batch: 1200/3500 loss: 0.1124289333820343
2023-09-19 14:37:36,069 | train | INFO | batch: 1300/3500 loss: 0.06871409714221954
2023-09-19 14:37:45,244 | train | INFO | batch: 1400/3500 loss: 0.04086647182703018
2023-09-19 14:37:54,405 | train | INFO | batch: 1500/3500 loss: 0.2980247735977173
2023-09-19 14:38:03,578 | train | INFO | batch: 1600/3500 loss: 0.020774846896529198
2023-09-19 14:38:12,756 | train | INFO | batch: 1700/3500 loss: 0.12964074313640594
2023-09-19 14:38:21,958 | train | INFO | batch: 1800/3500 loss: 0.11054983735084534
2023-09-19 14:38:31,141 | train | INFO | batch: 1900/3500 loss: 0.023274295032024384
2023-09-19 14:38:40,322 | train | INFO | batch: 2000/3500 loss: 0.1406610757112503
2023-09-19 14:38:49,502 | train | INFO | batch: 2100/3500 loss: 0.18852593004703522
2023-09-19 14:38:58,709 | train | INFO | batch: 2200/3500 loss: 0.03779686242341995
2023-09-19 14:39:07,884 | train | INFO | batch: 2300/3500 loss: 0.09119243919849396
2023-09-19 14:39:17,094 | train | INFO | batch: 2400/3500 loss: 0.264784574508667
2023-09-19 14:39:26,291 | train | INFO | batch: 2500/3500 loss: 0.3352970778942108
2023-09-19 14:39:35,505 | train | INFO | batch: 2600/3500 loss: 0.009826529771089554
2023-09-19 14:39:44,701 | train | INFO | batch: 2700/3500 loss: 0.06121515482664108
2023-09-19 14:39:53,909 | train | INFO | batch: 2800/3500 loss: 0.01289497222751379
2023-09-19 14:40:03,080 | train | INFO | batch: 2900/3500 loss: 0.14129094779491425
2023-09-19 14:40:12,259 | train | INFO | batch: 3000/3500 loss: 0.025849970057606697
2023-09-19 14:40:21,487 | train | INFO | batch: 3100/3500 loss: 0.40693676471710205
2023-09-19 14:40:30,694 | train | INFO | batch: 3200/3500 loss: 0.012472515925765038
2023-09-19 14:40:39,878 | train | INFO | batch: 3300/3500 loss: 0.28526440262794495
2023-09-19 14:40:49,070 | train | INFO | batch: 3400/3500 loss: 0.12944622337818146
2023-09-19 14:40:58,319 | train | INFO | --Val 1/20
2023-09-19 14:40:58,415 | train | INFO | batch: 0/125 loss: 0.1951303482055664
2023-09-19 14:41:01,006 | train | INFO | batch: 100/125 loss: 0.38449060916900635
2023-09-19 14:41:01,649 | train | INFO | Write row 1
2023-09-19 14:41:02,240 | train | INFO | Early stopper, counter 0/5, best:0.8585 -> now:0.8585
2023-09-19 14:41:02,240 | train | INFO | Set counter as 0
2023-09-19 14:41:02,240 | train | INFO | Update best score as 0.8585
2023-09-19 14:41:02,629 | train | INFO | Recorder, epoch 1 Model saved: /content/results/train/20230919_232952/model.pt
2023-09-19 14:41:02,630 | train | INFO | --Train 2/20
2023-09-19 14:41:02,838 | train | INFO | batch: 0/3500 loss: 0.22458340227603912
2023-09-19 14:41:12,017 | train | INFO | batch: 100/3500 loss: 0.028885522857308388
2023-09-19 14:41:21,197 | train | INFO | batch: 200/3500 loss: 0.006898936349898577
2023-09-19 14:41:30,395 | train | INFO | batch: 300/3500 loss: 0.07289537042379379
2023-09-19 14:41:39,581 | train | INFO | batch: 400/3500 loss: 0.08566795289516449
2023-09-19 14:41:48,778 | train | INFO | batch: 500/3500 loss: 0.2931799292564392
2023-09-19 14:41:57,983 | train | INFO | batch: 600/3500 loss: 0.4414380192756653
2023-09-19 14:42:07,177 | train | INFO | batch: 700/3500 loss: 0.015197698026895523
2023-09-19 14:42:16,367 | train | INFO | batch: 800/3500 loss: 0.19473864138126373
2023-09-19 14:42:25,626 | train | INFO | batch: 900/3500 loss: 0.6964285373687744
2023-09-19 14:42:34,843 | train | INFO | batch: 1000/3500 loss: 0.042168546468019485
2023-09-19 14:42:44,057 | train | INFO | batch: 1100/3500 loss: 0.2664574384689331
2023-09-19 14:42:53,252 | train | INFO | batch: 1200/3500 loss: 0.05218327417969704
2023-09-19 14:43:02,463 | train | INFO | batch: 1300/3500 loss: 0.007595897186547518
2023-09-19 14:43:11,670 | train | INFO | batch: 1400/3500 loss: 0.026088889688253403
2023-09-19 14:43:20,864 | train | INFO | batch: 1500/3500 loss: 0.037985749542713165
2023-09-19 14:43:30,096 | train | INFO | batch: 1600/3500 loss: 0.19175022840499878
2023-09-19 14:43:39,313 | train | INFO | batch: 1700/3500 loss: 0.1648784726858139
2023-09-19 14:43:48,630 | train | INFO | batch: 1800/3500 loss: 0.03134315088391304
2023-09-19 14:43:57,841 | train | INFO | batch: 1900/3500 loss: 0.20655249059200287
2023-09-19 14:44:07,047 | train | INFO | batch: 2000/3500 loss: 0.00809173658490181
2023-09-19 14:44:16,237 | train | INFO | batch: 2100/3500 loss: 0.24837762117385864
2023-09-19 14:44:25,425 | train | INFO | batch: 2200/3500 loss: 0.18144550919532776
2023-09-19 14:44:34,629 | train | INFO | batch: 2300/3500 loss: 0.2560440003871918
2023-09-19 14:44:43,829 | train | INFO | batch: 2400/3500 loss: 0.007633153814822435
2023-09-19 14:44:53,023 | train | INFO | batch: 2500/3500 loss: 0.16570883989334106
2023-09-19 14:45:02,240 | train | INFO | batch: 2600/3500 loss: 0.13792438805103302
2023-09-19 14:45:11,444 | train | INFO | batch: 2700/3500 loss: 0.028726043179631233
2023-09-19 14:45:20,647 | train | INFO | batch: 2800/3500 loss: 0.019618213176727295
2023-09-19 14:45:29,843 | train | INFO | batch: 2900/3500 loss: 0.16692470014095306
2023-09-19 14:45:39,048 | train | INFO | batch: 3000/3500 loss: 0.25931328535079956
2023-09-19 14:45:48,290 | train | INFO | batch: 3100/3500 loss: 0.0009458718122914433
2023-09-19 14:45:57,524 | train | INFO | batch: 3200/3500 loss: 0.0132247693836689
2023-09-19 14:46:06,757 | train | INFO | batch: 3300/3500 loss: 0.012166897766292095
2023-09-19 14:46:15,959 | train | INFO | batch: 3400/3500 loss: 0.004359008278697729
2023-09-19 14:46:25,240 | train | INFO | --Val 2/20
2023-09-19 14:46:25,348 | train | INFO | batch: 0/125 loss: 0.10874811559915543
2023-09-19 14:46:27,859 | train | INFO | batch: 100/125 loss: 0.5337297916412354
2023-09-19 14:46:28,505 | train | INFO | Write row 2
2023-09-19 14:46:29,118 | train | INFO | Early stopper, counter 0/5, best:0.8625 -> now:0.8625
2023-09-19 14:46:29,118 | train | INFO | Set counter as 0
2023-09-19 14:46:29,118 | train | INFO | Update best score as 0.8625
2023-09-19 14:46:29,494 | train | INFO | Recorder, epoch 2 Model saved: /content/results/train/20230919_232952/model.pt
2023-09-19 14:46:29,494 | train | INFO | --Train 3/20
2023-09-19 14:46:29,703 | train | INFO | batch: 0/3500 loss: 0.007704438176006079
2023-09-19 14:46:38,910 | train | INFO | batch: 100/3500 loss: 0.0039215413853526115
2023-09-19 14:46:48,111 | train | INFO | batch: 200/3500 loss: 0.00839326623827219
2023-09-19 14:46:57,309 | train | INFO | batch: 300/3500 loss: 0.004933457355946302
2023-09-19 14:47:06,519 | train | INFO | batch: 400/3500 loss: 0.011468973942101002
2023-09-19 14:47:15,715 | train | INFO | batch: 500/3500 loss: 0.0043999021872878075
2023-09-19 14:47:24,920 | train | INFO | batch: 600/3500 loss: 0.05775591731071472
2023-09-19 14:47:34,121 | train | INFO | batch: 700/3500 loss: 0.00767331849783659
2023-09-19 14:47:43,317 | train | INFO | batch: 800/3500 loss: 0.0007435884326696396
2023-09-19 14:47:52,518 | train | INFO | batch: 900/3500 loss: 0.014392094686627388
2023-09-19 14:48:01,749 | train | INFO | batch: 1000/3500 loss: 0.025258999317884445
2023-09-19 14:48:10,968 | train | INFO | batch: 1100/3500 loss: 0.0016890274127945304
2023-09-19 14:48:20,191 | train | INFO | batch: 1200/3500 loss: 0.10990545898675919
2023-09-19 14:48:29,418 | train | INFO | batch: 1300/3500 loss: 0.20993123948574066
2023-09-19 14:48:38,624 | train | INFO | batch: 1400/3500 loss: 0.07860898226499557
2023-09-19 14:48:47,854 | train | INFO | batch: 1500/3500 loss: 0.043513525277376175
2023-09-19 14:48:57,066 | train | INFO | batch: 1600/3500 loss: 0.002993390429764986
2023-09-19 14:49:06,267 | train | INFO | batch: 1700/3500 loss: 0.08480475842952728
2023-09-19 14:49:15,481 | train | INFO | batch: 1800/3500 loss: 0.1690889596939087
2023-09-19 14:49:24,710 | train | INFO | batch: 1900/3500 loss: 0.0014415286714211106
2023-09-19 14:49:33,940 | train | INFO | batch: 2000/3500 loss: 0.03089207410812378
2023-09-19 14:49:43,169 | train | INFO | batch: 2100/3500 loss: 0.002702913247048855
2023-09-19 14:49:52,393 | train | INFO | batch: 2200/3500 loss: 0.04162638634443283
2023-09-19 14:50:01,608 | train | INFO | batch: 2300/3500 loss: 0.08216049522161484
2023-09-19 14:50:10,838 | train | INFO | batch: 2400/3500 loss: 0.038036901503801346
2023-09-19 14:50:20,065 | train | INFO | batch: 2500/3500 loss: 0.08460142463445663
2023-09-19 14:50:29,283 | train | INFO | batch: 2600/3500 loss: 0.15661481022834778
2023-09-19 14:50:38,505 | train | INFO | batch: 2700/3500 loss: 0.02048921026289463
2023-09-19 14:50:47,730 | train | INFO | batch: 2800/3500 loss: 0.1443052738904953
2023-09-19 14:50:56,943 | train | INFO | batch: 2900/3500 loss: 0.28473222255706787
2023-09-19 14:51:06,160 | train | INFO | batch: 3000/3500 loss: 0.005826444365084171
2023-09-19 14:51:15,380 | train | INFO | batch: 3100/3500 loss: 0.42971333861351013
2023-09-19 14:51:24,597 | train | INFO | batch: 3200/3500 loss: 0.022999299690127373
2023-09-19 14:51:33,825 | train | INFO | batch: 3300/3500 loss: 0.0024167061783373356
2023-09-19 14:51:43,045 | train | INFO | batch: 3400/3500 loss: 0.001983869122341275
2023-09-19 14:51:52,318 | train | INFO | --Val 3/20
2023-09-19 14:51:52,422 | train | INFO | batch: 0/125 loss: 0.5649914741516113
2023-09-19 14:51:54,930 | train | INFO | batch: 100/125 loss: 0.7977041602134705
2023-09-19 14:51:55,570 | train | INFO | Write row 3
2023-09-19 14:51:56,186 | train | INFO | Early stopper, counter 1/5, best:0.8625 -> now:0.8265
2023-09-19 14:51:56,186 | train | INFO | --Train 4/20
2023-09-19 14:51:56,387 | train | INFO | batch: 0/3500 loss: 0.021994099020957947
2023-09-19 14:52:05,614 | train | INFO | batch: 100/3500 loss: 0.45595452189445496
2023-09-19 14:52:14,835 | train | INFO | batch: 200/3500 loss: 0.04047951474785805
2023-09-19 14:52:24,054 | train | INFO | batch: 300/3500 loss: 0.22215530276298523
2023-09-19 14:52:33,258 | train | INFO | batch: 400/3500 loss: 0.0005884311394765973
2023-09-19 14:52:42,467 | train | INFO | batch: 500/3500 loss: 0.1686859428882599
2023-09-19 14:52:51,685 | train | INFO | batch: 600/3500 loss: 0.0009915835689753294
2023-09-19 14:53:00,900 | train | INFO | batch: 700/3500 loss: 0.14655572175979614
2023-09-19 14:53:10,118 | train | INFO | batch: 800/3500 loss: 0.006995625793933868
2023-09-19 14:53:19,318 | train | INFO | batch: 900/3500 loss: 0.08683733642101288
2023-09-19 14:53:28,546 | train | INFO | batch: 1000/3500 loss: 0.001381854759529233
2023-09-19 14:53:37,767 | train | INFO | batch: 1100/3500 loss: 0.0017394298920407891
2023-09-19 14:53:46,979 | train | INFO | batch: 1200/3500 loss: 0.030922699719667435
2023-09-19 14:53:56,235 | train | INFO | batch: 1300/3500 loss: 0.1410863995552063
2023-09-19 14:54:05,480 | train | INFO | batch: 1400/3500 loss: 0.013897125609219074
2023-09-19 14:54:14,698 | train | INFO | batch: 1500/3500 loss: 0.009014416486024857
2023-09-19 14:54:23,919 | train | INFO | batch: 1600/3500 loss: 0.0027310079894959927
2023-09-19 14:54:33,143 | train | INFO | batch: 1700/3500 loss: 0.010362537577748299
2023-09-19 14:54:42,353 | train | INFO | batch: 1800/3500 loss: 0.11289318650960922
2023-09-19 14:54:51,580 | train | INFO | batch: 1900/3500 loss: 0.0030103004537522793
2023-09-19 14:55:00,813 | train | INFO | batch: 2000/3500 loss: 0.12857425212860107
2023-09-19 14:55:10,048 | train | INFO | batch: 2100/3500 loss: 0.011579942889511585
2023-09-19 14:55:19,270 | train | INFO | batch: 2200/3500 loss: 0.05248154699802399
2023-09-19 14:55:28,474 | train | INFO | batch: 2300/3500 loss: 0.010821654461324215
2023-09-19 14:55:37,684 | train | INFO | batch: 2400/3500 loss: 0.2914958894252777
2023-09-19 14:55:46,920 | train | INFO | batch: 2500/3500 loss: 0.0009572677663527429
2023-09-19 14:55:56,156 | train | INFO | batch: 2600/3500 loss: 0.020222630351781845
2023-09-19 14:56:05,385 | train | INFO | batch: 2700/3500 loss: 0.011864917352795601
2023-09-19 14:56:14,612 | train | INFO | batch: 2800/3500 loss: 0.01959872618317604
2023-09-19 14:56:23,832 | train | INFO | batch: 2900/3500 loss: 0.007985222153365612
2023-09-19 14:56:33,065 | train | INFO | batch: 3000/3500 loss: 0.013057478703558445
2023-09-19 14:56:42,296 | train | INFO | batch: 3100/3500 loss: 0.35952088236808777
2023-09-19 14:56:51,516 | train | INFO | batch: 3200/3500 loss: 0.038984041661024094
2023-09-19 14:57:00,739 | train | INFO | batch: 3300/3500 loss: 0.016150079667568207
2023-09-19 14:57:09,956 | train | INFO | batch: 3400/3500 loss: 0.0015915540279820561
2023-09-19 14:57:19,249 | train | INFO | --Val 4/20
2023-09-19 14:57:19,352 | train | INFO | batch: 0/125 loss: 0.0854424387216568
2023-09-19 14:57:21,845 | train | INFO | batch: 100/125 loss: 0.5987919569015503
2023-09-19 14:57:22,525 | train | INFO | Write row 4
2023-09-19 14:57:23,169 | train | INFO | Early stopper, counter 0/5, best:0.8785 -> now:0.8785
2023-09-19 14:57:23,169 | train | INFO | Set counter as 0
2023-09-19 14:57:23,169 | train | INFO | Update best score as 0.8785
2023-09-19 14:57:23,522 | train | INFO | Recorder, epoch 4 Model saved: /content/results/train/20230919_232952/model.pt
2023-09-19 14:57:23,523 | train | INFO | --Train 5/20
2023-09-19 14:57:23,725 | train | INFO | batch: 0/3500 loss: 0.0429743155837059
2023-09-19 14:57:32,953 | train | INFO | batch: 100/3500 loss: 0.0021554315462708473
2023-09-19 14:57:42,180 | train | INFO | batch: 200/3500 loss: 0.16117076575756073
2023-09-19 14:57:51,414 | train | INFO | batch: 300/3500 loss: 0.0044530704617500305
2023-09-19 14:58:00,649 | train | INFO | batch: 400/3500 loss: 0.001636261004023254
2023-09-19 14:58:09,880 | train | INFO | batch: 500/3500 loss: 0.14916586875915527
2023-09-19 14:58:19,111 | train | INFO | batch: 600/3500 loss: 0.016047028824687004
2023-09-19 14:58:28,323 | train | INFO | batch: 700/3500 loss: 0.007693298626691103
2023-09-19 14:58:37,550 | train | INFO | batch: 800/3500 loss: 0.003915744833648205
2023-09-19 14:58:46,788 | train | INFO | batch: 900/3500 loss: 0.05756614729762077
2023-09-19 14:58:56,021 | train | INFO | batch: 1000/3500 loss: 0.005505003500729799
2023-09-19 14:59:05,247 | train | INFO | batch: 1100/3500 loss: 0.007643507793545723
2023-09-19 14:59:14,487 | train | INFO | batch: 1200/3500 loss: 0.08611823618412018
2023-09-19 14:59:23,714 | train | INFO | batch: 1300/3500 loss: 0.11471150815486908
2023-09-19 14:59:32,988 | train | INFO | batch: 1400/3500 loss: 0.010873115621507168
2023-09-19 14:59:42,211 | train | INFO | batch: 1500/3500 loss: 0.0157913938164711
2023-09-19 14:59:51,440 | train | INFO | batch: 1600/3500 loss: 0.024354908615350723
2023-09-19 15:00:00,696 | train | INFO | batch: 1700/3500 loss: 0.12255774438381195
2023-09-19 15:00:09,933 | train | INFO | batch: 1800/3500 loss: 0.39458560943603516
2023-09-19 15:00:19,188 | train | INFO | batch: 1900/3500 loss: 0.028668450191617012
2023-09-19 15:00:28,417 | train | INFO | batch: 2000/3500 loss: 0.0005452714976854622
2023-09-19 15:00:37,660 | train | INFO | batch: 2100/3500 loss: 0.013514574617147446
2023-09-19 15:00:46,904 | train | INFO | batch: 2200/3500 loss: 0.15153634548187256
2023-09-19 15:00:56,126 | train | INFO | batch: 2300/3500 loss: 0.0038540042005479336
2023-09-19 15:01:05,358 | train | INFO | batch: 2400/3500 loss: 0.04347063973546028
2023-09-19 15:01:14,590 | train | INFO | batch: 2500/3500 loss: 0.007602661848068237
2023-09-19 15:01:23,827 | train | INFO | batch: 2600/3500 loss: 0.015383024699985981
2023-09-19 15:01:33,072 | train | INFO | batch: 2700/3500 loss: 0.23344531655311584
2023-09-19 15:01:42,320 | train | INFO | batch: 2800/3500 loss: 0.020240401849150658
2023-09-19 15:01:51,553 | train | INFO | batch: 2900/3500 loss: 0.38152557611465454
2023-09-19 15:02:00,793 | train | INFO | batch: 3000/3500 loss: 0.025408146902918816
2023-09-19 15:02:10,041 | train | INFO | batch: 3100/3500 loss: 0.005998946726322174
2023-09-19 15:02:19,282 | train | INFO | batch: 3200/3500 loss: 0.12274657934904099
2023-09-19 15:02:28,537 | train | INFO | batch: 3300/3500 loss: 0.003573713591322303
2023-09-19 15:02:37,770 | train | INFO | batch: 3400/3500 loss: 0.002849373035132885
2023-09-19 15:02:47,060 | train | INFO | --Val 5/20
2023-09-19 15:02:47,159 | train | INFO | batch: 0/125 loss: 0.6277493834495544
2023-09-19 15:02:49,673 | train | INFO | batch: 100/125 loss: 0.6245577335357666
2023-09-19 15:02:50,326 | train | INFO | Write row 5
2023-09-19 15:02:51,153 | train | INFO | Early stopper, counter 1/5, best:0.8785 -> now:0.872
2023-09-19 15:02:51,153 | train | INFO | --Train 6/20
2023-09-19 15:02:51,363 | train | INFO | batch: 0/3500 loss: 0.2812047302722931
2023-09-19 15:03:00,601 | train | INFO | batch: 100/3500 loss: 0.0014485131250694394
2023-09-19 15:03:09,846 | train | INFO | batch: 200/3500 loss: 0.09484896063804626
2023-09-19 15:03:19,086 | train | INFO | batch: 300/3500 loss: 0.0031347661279141903
2023-09-19 15:03:28,322 | train | INFO | batch: 400/3500 loss: 0.0005050951731391251
2023-09-19 15:03:37,544 | train | INFO | batch: 500/3500 loss: 0.002545057563111186
2023-09-19 15:03:46,769 | train | INFO | batch: 600/3500 loss: 0.00728184450417757
2023-09-19 15:03:56,001 | train | INFO | batch: 700/3500 loss: 0.18789316713809967
2023-09-19 15:04:05,230 | train | INFO | batch: 800/3500 loss: 0.0009682204690761864
2023-09-19 15:04:14,459 | train | INFO | batch: 900/3500 loss: 0.03534587845206261
2023-09-19 15:04:23,696 | train | INFO | batch: 1000/3500 loss: 0.012995252385735512
2023-09-19 15:04:32,933 | train | INFO | batch: 1100/3500 loss: 0.01474947389215231
2023-09-19 15:04:42,143 | train | INFO | batch: 1200/3500 loss: 0.02797827310860157
2023-09-19 15:04:51,378 | train | INFO | batch: 1300/3500 loss: 0.0038139766547828913
2023-09-19 15:05:00,612 | train | INFO | batch: 1400/3500 loss: 0.006918780039995909
2023-09-19 15:05:09,878 | train | INFO | batch: 1500/3500 loss: 0.002510425401851535
2023-09-19 15:05:19,106 | train | INFO | batch: 1600/3500 loss: 0.000825985858682543
2023-09-19 15:05:28,362 | train | INFO | batch: 1700/3500 loss: 0.04315614327788353
2023-09-19 15:05:37,586 | train | INFO | batch: 1800/3500 loss: 0.011398609727621078
2023-09-19 15:05:46,814 | train | INFO | batch: 1900/3500 loss: 0.00029277591966092587
2023-09-19 15:05:56,050 | train | INFO | batch: 2000/3500 loss: 0.089966781437397
2023-09-19 15:06:05,289 | train | INFO | batch: 2100/3500 loss: 0.02604016475379467
2023-09-19 15:06:14,531 | train | INFO | batch: 2200/3500 loss: 0.006867235526442528
2023-09-19 15:06:23,775 | train | INFO | batch: 2300/3500 loss: 0.0030155563727021217
2023-09-19 15:06:33,028 | train | INFO | batch: 2400/3500 loss: 0.03611578047275543
2023-09-19 15:06:42,266 | train | INFO | batch: 2500/3500 loss: 0.0005522978026419878
2023-09-19 15:06:51,513 | train | INFO | batch: 2600/3500 loss: 0.0006870835786685348
2023-09-19 15:07:00,743 | train | INFO | batch: 2700/3500 loss: 0.0003945589705836028
2023-09-19 15:07:10,011 | train | INFO | batch: 2800/3500 loss: 0.025291958823800087
2023-09-19 15:07:19,233 | train | INFO | batch: 2900/3500 loss: 0.012816812843084335
2023-09-19 15:07:28,458 | train | INFO | batch: 3000/3500 loss: 0.001080400194041431
2023-09-19 15:07:37,705 | train | INFO | batch: 3100/3500 loss: 0.02833939716219902
2023-09-19 15:07:46,952 | train | INFO | batch: 3200/3500 loss: 0.006092935800552368
2023-09-19 15:07:56,188 | train | INFO | batch: 3300/3500 loss: 0.00292829517275095
2023-09-19 15:08:05,433 | train | INFO | batch: 3400/3500 loss: 0.008721809834241867
2023-09-19 15:08:14,726 | train | INFO | --Val 6/20
2023-09-19 15:08:14,829 | train | INFO | batch: 0/125 loss: 0.5288470387458801
2023-09-19 15:08:17,321 | train | INFO | batch: 100/125 loss: 0.9424135684967041
2023-09-19 15:08:17,974 | train | INFO | Write row 6
2023-09-19 15:08:18,678 | train | INFO | Early stopper, counter 2/5, best:0.8785 -> now:0.8675
2023-09-19 15:08:18,678 | train | INFO | --Train 7/20
2023-09-19 15:08:18,899 | train | INFO | batch: 0/3500 loss: 0.0030105828773230314
2023-09-19 15:08:28,122 | train | INFO | batch: 100/3500 loss: 0.012811724096536636
2023-09-19 15:08:37,378 | train | INFO | batch: 200/3500 loss: 0.11157871782779694
2023-09-19 15:08:46,642 | train | INFO | batch: 300/3500 loss: 0.0009169452823698521
2023-09-19 15:08:55,871 | train | INFO | batch: 400/3500 loss: 0.0016905291704460979
2023-09-19 15:09:05,088 | train | INFO | batch: 500/3500 loss: 0.05497230961918831
2023-09-19 15:09:14,331 | train | INFO | batch: 600/3500 loss: 0.005375895649194717
2023-09-19 15:09:23,573 | train | INFO | batch: 700/3500 loss: 0.03889428824186325
2023-09-19 15:09:32,857 | train | INFO | batch: 800/3500 loss: 0.06517297774553299
2023-09-19 15:09:42,101 | train | INFO | batch: 900/3500 loss: 0.013762700371444225
2023-09-19 15:09:51,332 | train | INFO | batch: 1000/3500 loss: 0.0034382015001028776
2023-09-19 15:10:00,568 | train | INFO | batch: 1100/3500 loss: 0.048412397503852844
2023-09-19 15:10:09,809 | train | INFO | batch: 1200/3500 loss: 0.005096057895570993
2023-09-19 15:10:19,062 | train | INFO | batch: 1300/3500 loss: 0.006156987976282835
2023-09-19 15:10:28,292 | train | INFO | batch: 1400/3500 loss: 0.012221675366163254
2023-09-19 15:10:37,517 | train | INFO | batch: 1500/3500 loss: 0.002057762583717704
2023-09-19 15:10:46,799 | train | INFO | batch: 1600/3500 loss: 0.0023351283743977547
2023-09-19 15:10:56,035 | train | INFO | batch: 1700/3500 loss: 0.016211774200201035
2023-09-19 15:11:05,263 | train | INFO | batch: 1800/3500 loss: 0.0013930152636021376
2023-09-19 15:11:14,523 | train | INFO | batch: 1900/3500 loss: 0.00012760153913404793
2023-09-19 15:11:23,746 | train | INFO | batch: 2000/3500 loss: 0.0004449293192010373
2023-09-19 15:11:32,968 | train | INFO | batch: 2100/3500 loss: 0.11456046253442764
2023-09-19 15:11:42,205 | train | INFO | batch: 2200/3500 loss: 0.0002013978228205815
2023-09-19 15:11:51,487 | train | INFO | batch: 2300/3500 loss: 0.04496452212333679
2023-09-19 15:12:00,741 | train | INFO | batch: 2400/3500 loss: 0.0004779608570970595
2023-09-19 15:12:09,976 | train | INFO | batch: 2500/3500 loss: 0.009061139076948166
2023-09-19 15:12:19,227 | train | INFO | batch: 2600/3500 loss: 0.027985673397779465
2023-09-19 15:12:28,452 | train | INFO | batch: 2700/3500 loss: 0.007567719556391239
2023-09-19 15:12:37,710 | train | INFO | batch: 2800/3500 loss: 0.0014429802540689707
2023-09-19 15:12:46,980 | train | INFO | batch: 2900/3500 loss: 0.006701011676341295
2023-09-19 15:12:56,213 | train | INFO | batch: 3000/3500 loss: 0.0016770658548921347
2023-09-19 15:13:05,441 | train | INFO | batch: 3100/3500 loss: 0.005581143777817488
2023-09-19 15:13:14,697 | train | INFO | batch: 3200/3500 loss: 0.0021709115244448185
2023-09-19 15:13:23,945 | train | INFO | batch: 3300/3500 loss: 0.00040619465289637446
2023-09-19 15:13:33,182 | train | INFO | batch: 3400/3500 loss: 0.16415801644325256
2023-09-19 15:13:42,456 | train | INFO | --Val 7/20
2023-09-19 15:13:42,557 | train | INFO | batch: 0/125 loss: 0.39683330059051514
2023-09-19 15:13:45,126 | train | INFO | batch: 100/125 loss: 1.0734748840332031
2023-09-19 15:13:45,824 | train | INFO | Write row 7
2023-09-19 15:13:46,457 | train | INFO | Early stopper, counter 3/5, best:0.8785 -> now:0.866
2023-09-19 15:13:46,457 | train | INFO | --Train 8/20
2023-09-19 15:13:46,662 | train | INFO | batch: 0/3500 loss: 0.035219695419073105
2023-09-19 15:13:55,887 | train | INFO | batch: 100/3500 loss: 0.006229310762137175
2023-09-19 15:14:05,120 | train | INFO | batch: 200/3500 loss: 0.0012567886151373386
2023-09-19 15:14:14,349 | train | INFO | batch: 300/3500 loss: 0.017364542931318283
2023-09-19 15:14:23,585 | train | INFO | batch: 400/3500 loss: 0.0015988461673259735
2023-09-19 15:14:32,822 | train | INFO | batch: 500/3500 loss: 0.006857150699943304
2023-09-19 15:14:42,049 | train | INFO | batch: 600/3500 loss: 0.004933789372444153
2023-09-19 15:14:51,309 | train | INFO | batch: 700/3500 loss: 0.024697713553905487
2023-09-19 15:15:00,553 | train | INFO | batch: 800/3500 loss: 0.010466433130204678
2023-09-19 15:15:09,793 | train | INFO | batch: 900/3500 loss: 0.004625845700502396
2023-09-19 15:15:19,051 | train | INFO | batch: 1000/3500 loss: 0.02181575819849968
2023-09-19 15:15:28,285 | train | INFO | batch: 1100/3500 loss: 0.44976142048835754
2023-09-19 15:15:37,524 | train | INFO | batch: 1200/3500 loss: 0.00018505136540625244
2023-09-19 15:15:46,779 | train | INFO | batch: 1300/3500 loss: 0.014502303674817085
2023-09-19 15:15:56,089 | train | INFO | batch: 1400/3500 loss: 0.006223892793059349
2023-09-19 15:16:05,353 | train | INFO | batch: 1500/3500 loss: 0.006175331771373749
2023-09-19 15:16:14,590 | train | INFO | batch: 1600/3500 loss: 0.010701259598135948
2023-09-19 15:16:23,833 | train | INFO | batch: 1700/3500 loss: 0.0006668971036560833
2023-09-19 15:16:33,065 | train | INFO | batch: 1800/3500 loss: 0.0005269735120236874
2023-09-19 15:16:42,308 | train | INFO | batch: 1900/3500 loss: 0.00048466556472703815
2023-09-19 15:16:51,541 | train | INFO | batch: 2000/3500 loss: 0.03270702064037323
2023-09-19 15:17:00,801 | train | INFO | batch: 2100/3500 loss: 0.00015133304987102747
2023-09-19 15:17:10,063 | train | INFO | batch: 2200/3500 loss: 0.0021797928493469954
2023-09-19 15:17:19,328 | train | INFO | batch: 2300/3500 loss: 0.041479893028736115
2023-09-19 15:17:28,626 | train | INFO | batch: 2400/3500 loss: 0.030564334243535995
2023-09-19 15:17:37,890 | train | INFO | batch: 2500/3500 loss: 0.010011210106313229
2023-09-19 15:17:47,133 | train | INFO | batch: 2600/3500 loss: 0.0005749070551246405
2023-09-19 15:17:56,396 | train | INFO | batch: 2700/3500 loss: 0.10271274298429489
2023-09-19 15:18:05,646 | train | INFO | batch: 2800/3500 loss: 0.00154900923371315
2023-09-19 15:18:14,891 | train | INFO | batch: 2900/3500 loss: 0.002973862225189805
2023-09-19 15:18:24,143 | train | INFO | batch: 3000/3500 loss: 0.002819858957082033
2023-09-19 15:18:33,384 | train | INFO | batch: 3100/3500 loss: 0.047168925404548645
2023-09-19 15:18:42,616 | train | INFO | batch: 3200/3500 loss: 0.0044415052980184555
2023-09-19 15:18:51,864 | train | INFO | batch: 3300/3500 loss: 0.009810998104512691
2023-09-19 15:19:01,099 | train | INFO | batch: 3400/3500 loss: 0.005546300206333399
2023-09-19 15:19:10,379 | train | INFO | --Val 8/20
2023-09-19 15:19:10,479 | train | INFO | batch: 0/125 loss: 0.27233949303627014
2023-09-19 15:19:13,037 | train | INFO | batch: 100/125 loss: 0.999043345451355
2023-09-19 15:19:13,678 | train | INFO | Write row 8
2023-09-19 15:19:14,331 | train | INFO | Early stopper, counter 0/5, best:0.887 -> now:0.887
2023-09-19 15:19:14,332 | train | INFO | Set counter as 0
2023-09-19 15:19:14,332 | train | INFO | Update best score as 0.887
2023-09-19 15:19:14,691 | train | INFO | Recorder, epoch 8 Model saved: /content/results/train/20230919_232952/model.pt
2023-09-19 15:19:14,692 | train | INFO | --Train 9/20
2023-09-19 15:19:14,896 | train | INFO | batch: 0/3500 loss: 0.06772361695766449
2023-09-19 15:19:24,129 | train | INFO | batch: 100/3500 loss: 0.0015480471774935722
2023-09-19 15:19:33,367 | train | INFO | batch: 200/3500 loss: 0.043038949370384216
2023-09-19 15:19:42,602 | train | INFO | batch: 300/3500 loss: 0.006949336733669043
2023-09-19 15:19:51,843 | train | INFO | batch: 400/3500 loss: 0.0034496341831982136
2023-09-19 15:20:01,094 | train | INFO | batch: 500/3500 loss: 0.004994064569473267
2023-09-19 15:20:10,329 | train | INFO | batch: 600/3500 loss: 0.0001540277007734403
2023-09-19 15:20:19,715 | train | INFO | batch: 700/3500 loss: 0.0695813000202179
2023-09-19 15:20:28,967 | train | INFO | batch: 800/3500 loss: 0.00010449060937389731
2023-09-19 15:20:38,191 | train | INFO | batch: 900/3500 loss: 0.03986755758523941
2023-09-19 15:20:47,452 | train | INFO | batch: 1000/3500 loss: 0.0017129959305748343
2023-09-19 15:20:56,680 | train | INFO | batch: 1100/3500 loss: 0.05180336907505989
2023-09-19 15:21:05,936 | train | INFO | batch: 1200/3500 loss: 0.04849084094166756
2023-09-19 15:21:15,166 | train | INFO | batch: 1300/3500 loss: 0.0036605834029614925
2023-09-19 15:21:24,395 | train | INFO | batch: 1400/3500 loss: 0.0032626476604491472
2023-09-19 15:21:33,646 | train | INFO | batch: 1500/3500 loss: 0.0004912182339467108
2023-09-19 15:21:42,888 | train | INFO | batch: 1600/3500 loss: 0.001138310064561665
2023-09-19 15:21:52,127 | train | INFO | batch: 1700/3500 loss: 0.005993323866277933
2023-09-19 15:22:01,350 | train | INFO | batch: 1800/3500 loss: 0.012130312621593475
2023-09-19 15:22:10,591 | train | INFO | batch: 1900/3500 loss: 0.005411422345787287
2023-09-19 15:22:19,847 | train | INFO | batch: 2000/3500 loss: 0.0014315365115180612
2023-09-19 15:22:29,094 | train | INFO | batch: 2100/3500 loss: 0.001103491522371769
2023-09-19 15:22:38,329 | train | INFO | batch: 2200/3500 loss: 0.003975637257099152
2023-09-19 15:22:47,609 | train | INFO | batch: 2300/3500 loss: 0.0009312425972893834
2023-09-19 15:22:56,864 | train | INFO | batch: 2400/3500 loss: 0.003382657887414098
2023-09-19 15:23:06,105 | train | INFO | batch: 2500/3500 loss: 0.0034999558702111244
2023-09-19 15:23:15,395 | train | INFO | batch: 2600/3500 loss: 0.0002717970928642899
2023-09-19 15:23:24,644 | train | INFO | batch: 2700/3500 loss: 0.0009141105110757053
2023-09-19 15:23:33,872 | train | INFO | batch: 2800/3500 loss: 0.0020118430256843567
2023-09-19 15:23:43,128 | train | INFO | batch: 2900/3500 loss: 0.013301574625074863
2023-09-19 15:23:52,385 | train | INFO | batch: 3000/3500 loss: 0.05661918222904205
2023-09-19 15:24:01,617 | train | INFO | batch: 3100/3500 loss: 0.004945260472595692
2023-09-19 15:24:10,839 | train | INFO | batch: 3200/3500 loss: 0.012974318116903305
2023-09-19 15:24:20,078 | train | INFO | batch: 3300/3500 loss: 0.028064224869012833
2023-09-19 15:24:29,315 | train | INFO | batch: 3400/3500 loss: 0.004528689663857222
2023-09-19 15:24:38,618 | train | INFO | --Val 9/20
2023-09-19 15:24:38,718 | train | INFO | batch: 0/125 loss: 0.034084782004356384
2023-09-19 15:24:41,211 | train | INFO | batch: 100/125 loss: 1.3111937046051025
2023-09-19 15:24:41,858 | train | INFO | Write row 9
2023-09-19 15:24:42,534 | train | INFO | Early stopper, counter 0/5, best:0.894 -> now:0.894
2023-09-19 15:24:42,534 | train | INFO | Set counter as 0
2023-09-19 15:24:42,534 | train | INFO | Update best score as 0.894
2023-09-19 15:24:42,928 | train | INFO | Recorder, epoch 9 Model saved: /content/results/train/20230919_232952/model.pt
2023-09-19 15:24:42,929 | train | INFO | --Train 10/20
2023-09-19 15:24:43,139 | train | INFO | batch: 0/3500 loss: 0.002477529225870967
2023-09-19 15:24:52,400 | train | INFO | batch: 100/3500 loss: 0.0010308473138138652
2023-09-19 15:25:01,652 | train | INFO | batch: 200/3500 loss: 0.020629169419407845
2023-09-19 15:25:10,889 | train | INFO | batch: 300/3500 loss: 0.024964895099401474
2023-09-19 15:25:20,140 | train | INFO | batch: 400/3500 loss: 0.0042853159829974174
2023-09-19 15:25:29,383 | train | INFO | batch: 500/3500 loss: 0.1427927017211914
2023-09-19 15:25:38,615 | train | INFO | batch: 600/3500 loss: 0.09601819515228271
2023-09-19 15:25:47,863 | train | INFO | batch: 700/3500 loss: 0.004011338111013174
2023-09-19 15:25:57,113 | train | INFO | batch: 800/3500 loss: 0.0002160518051823601
2023-09-19 15:26:06,367 | train | INFO | batch: 900/3500 loss: 0.00028141794609837234
2023-09-19 15:26:15,614 | train | INFO | batch: 1000/3500 loss: 0.23165534436702728
2023-09-19 15:26:24,851 | train | INFO | batch: 1100/3500 loss: 0.004333588760346174
2023-09-19 15:26:34,098 | train | INFO | batch: 1200/3500 loss: 5.706210504285991e-05
2023-09-19 15:26:43,372 | train | INFO | batch: 1300/3500 loss: 0.002752340864390135
2023-09-19 15:26:52,615 | train | INFO | batch: 1400/3500 loss: 0.014593680389225483
2023-09-19 15:27:01,849 | train | INFO | batch: 1500/3500 loss: 0.003604490077123046
2023-09-19 15:27:11,090 | train | INFO | batch: 1600/3500 loss: 0.0014979478437453508
2023-09-19 15:27:20,323 | train | INFO | batch: 1700/3500 loss: 0.017956342548131943
2023-09-19 15:27:29,558 | train | INFO | batch: 1800/3500 loss: 0.013477419503033161
2023-09-19 15:27:38,782 | train | INFO | batch: 1900/3500 loss: 0.287858784198761
2023-09-19 15:27:48,011 | train | INFO | batch: 2000/3500 loss: 0.00010250484046991915
2023-09-19 15:27:57,257 | train | INFO | batch: 2100/3500 loss: 0.0005411077290773392
2023-09-19 15:28:06,486 | train | INFO | batch: 2200/3500 loss: 0.02043975703418255
2023-09-19 15:28:15,717 | train | INFO | batch: 2300/3500 loss: 0.001606859965249896
2023-09-19 15:28:24,934 | train | INFO | batch: 2400/3500 loss: 0.0005444357520900667
2023-09-19 15:28:34,166 | train | INFO | batch: 2500/3500 loss: 0.034398701041936874
2023-09-19 15:28:43,405 | train | INFO | batch: 2600/3500 loss: 0.006854568142443895
2023-09-19 15:28:52,643 | train | INFO | batch: 2700/3500 loss: 0.014614786021411419
2023-09-19 15:29:01,873 | train | INFO | batch: 2800/3500 loss: 0.038220662623643875
2023-09-19 15:29:11,099 | train | INFO | batch: 2900/3500 loss: 0.023440014570951462
2023-09-19 15:29:20,332 | train | INFO | batch: 3000/3500 loss: 0.00011604948667809367
2023-09-19 15:29:29,564 | train | INFO | batch: 3100/3500 loss: 0.00036204830394126475
2023-09-19 15:29:38,798 | train | INFO | batch: 3200/3500 loss: 0.0017433417961001396
2023-09-19 15:29:48,009 | train | INFO | batch: 3300/3500 loss: 0.001560918870382011
2023-09-19 15:29:57,246 | train | INFO | batch: 3400/3500 loss: 0.0005394258187152445
2023-09-19 15:30:06,591 | train | INFO | --Val 10/20
2023-09-19 15:30:06,705 | train | INFO | batch: 0/125 loss: 0.10249953716993332
2023-09-19 15:30:09,147 | train | INFO | batch: 100/125 loss: 0.634914755821228
2023-09-19 15:30:09,801 | train | INFO | Write row 10
2023-09-19 15:30:10,477 | train | INFO | Early stopper, counter 0/5, best:0.898 -> now:0.898
2023-09-19 15:30:10,478 | train | INFO | Set counter as 0
2023-09-19 15:30:10,478 | train | INFO | Update best score as 0.898
2023-09-19 15:30:10,874 | train | INFO | Recorder, epoch 10 Model saved: /content/results/train/20230919_232952/model.pt
2023-09-19 15:30:10,874 | train | INFO | --Train 11/20
2023-09-19 15:30:11,069 | train | INFO | batch: 0/3500 loss: 0.17860794067382812
2023-09-19 15:30:20,314 | train | INFO | batch: 100/3500 loss: 0.0010626254370436072
2023-09-19 15:30:29,554 | train | INFO | batch: 200/3500 loss: 3.82412072212901e-05
2023-09-19 15:30:38,781 | train | INFO | batch: 300/3500 loss: 0.00023548344324808568
2023-09-19 15:30:48,032 | train | INFO | batch: 400/3500 loss: 0.1125665009021759
2023-09-19 15:30:57,275 | train | INFO | batch: 500/3500 loss: 0.010243636555969715
2023-09-19 15:31:06,524 | train | INFO | batch: 600/3500 loss: 0.0018182399217039347
2023-09-19 15:31:15,759 | train | INFO | batch: 700/3500 loss: 0.053830258548259735
2023-09-19 15:31:25,005 | train | INFO | batch: 800/3500 loss: 0.028893643990159035
2023-09-19 15:31:34,249 | train | INFO | batch: 900/3500 loss: 0.010499232448637486
2023-09-19 15:31:43,488 | train | INFO | batch: 1000/3500 loss: 0.0006739523960277438
2023-09-19 15:31:52,720 | train | INFO | batch: 1100/3500 loss: 0.002026990754529834
2023-09-19 15:32:01,972 | train | INFO | batch: 1200/3500 loss: 0.0016172969480976462
2023-09-19 15:32:11,206 | train | INFO | batch: 1300/3500 loss: 0.00038016645703464746
2023-09-19 15:32:20,457 | train | INFO | batch: 1400/3500 loss: 0.00024028016196098179
2023-09-19 15:32:29,712 | train | INFO | batch: 1500/3500 loss: 0.09282726049423218
2023-09-19 15:32:38,949 | train | INFO | batch: 1600/3500 loss: 0.00027750444132834673
2023-09-19 15:32:48,184 | train | INFO | batch: 1700/3500 loss: 0.014065101742744446
2023-09-19 15:32:57,420 | train | INFO | batch: 1800/3500 loss: 0.002195685636252165
2023-09-19 15:33:06,665 | train | INFO | batch: 1900/3500 loss: 0.0015156943118199706
2023-09-19 15:33:15,894 | train | INFO | batch: 2000/3500 loss: 0.12586434185504913
2023-09-19 15:33:25,131 | train | INFO | batch: 2100/3500 loss: 0.20937080681324005
2023-09-19 15:33:34,367 | train | INFO | batch: 2200/3500 loss: 0.0021617556922137737
2023-09-19 15:33:43,633 | train | INFO | batch: 2300/3500 loss: 0.0005994926323182881
2023-09-19 15:33:52,893 | train | INFO | batch: 2400/3500 loss: 0.000517289387062192
2023-09-19 15:34:02,138 | train | INFO | batch: 2500/3500 loss: 0.08298323303461075
2023-09-19 15:34:11,376 | train | INFO | batch: 2600/3500 loss: 0.004358266945928335
2023-09-19 15:34:20,650 | train | INFO | batch: 2700/3500 loss: 0.02099476382136345
2023-09-19 15:34:29,895 | train | INFO | batch: 2800/3500 loss: 0.0077160419896245
2023-09-19 15:34:39,132 | train | INFO | batch: 2900/3500 loss: 0.0006750560132786632
2023-09-19 15:34:48,367 | train | INFO | batch: 3000/3500 loss: 0.10688675940036774
2023-09-19 15:34:57,601 | train | INFO | batch: 3100/3500 loss: 0.0008036434301175177
2023-09-19 15:35:06,830 | train | INFO | batch: 3200/3500 loss: 0.0026538046076893806
2023-09-19 15:35:16,049 | train | INFO | batch: 3300/3500 loss: 0.00022361740411724895
2023-09-19 15:35:25,282 | train | INFO | batch: 3400/3500 loss: 0.007123676594346762
2023-09-19 15:35:34,567 | train | INFO | --Val 11/20
2023-09-19 15:35:34,666 | train | INFO | batch: 0/125 loss: 0.4105609655380249
2023-09-19 15:35:37,089 | train | INFO | batch: 100/125 loss: 0.7386220097541809
2023-09-19 15:35:37,707 | train | INFO | Write row 11
2023-09-19 15:35:38,375 | train | INFO | Early stopper, counter 1/5, best:0.898 -> now:0.8945
2023-09-19 15:35:38,375 | train | INFO | --Train 12/20
2023-09-19 15:35:38,575 | train | INFO | batch: 0/3500 loss: 0.00010043692600447685
2023-09-19 15:35:47,811 | train | INFO | batch: 100/3500 loss: 0.0009814795339480042
2023-09-19 15:35:57,038 | train | INFO | batch: 200/3500 loss: 0.00012593949213624
2023-09-19 15:36:06,255 | train | INFO | batch: 300/3500 loss: 0.0011892192997038364
2023-09-19 15:36:15,492 | train | INFO | batch: 400/3500 loss: 0.018455976620316505
2023-09-19 15:36:24,735 | train | INFO | batch: 500/3500 loss: 0.00016813311958685517
2023-09-19 15:36:33,969 | train | INFO | batch: 600/3500 loss: 0.20192445814609528
2023-09-19 15:36:43,186 | train | INFO | batch: 700/3500 loss: 0.0014116783859208226
2023-09-19 15:36:52,434 | train | INFO | batch: 800/3500 loss: 0.04633048176765442
2023-09-19 15:37:01,855 | train | INFO | batch: 900/3500 loss: 0.00015842144784983248
2023-09-19 15:37:11,092 | train | INFO | batch: 1000/3500 loss: 0.005801644641906023
2023-09-19 15:37:20,317 | train | INFO | batch: 1100/3500 loss: 0.00461800629273057
2023-09-19 15:37:29,557 | train | INFO | batch: 1200/3500 loss: 0.0007852691342122853
2023-09-19 15:37:38,790 | train | INFO | batch: 1300/3500 loss: 0.0016515895258635283
2023-09-19 15:37:48,036 | train | INFO | batch: 1400/3500 loss: 0.013114076107740402
2023-09-19 15:37:57,267 | train | INFO | batch: 1500/3500 loss: 0.0013143724063411355
2023-09-19 15:38:06,518 | train | INFO | batch: 1600/3500 loss: 0.0013220927212387323
2023-09-19 15:38:15,742 | train | INFO | batch: 1700/3500 loss: 0.0004643173306249082
2023-09-19 15:38:24,957 | train | INFO | batch: 1800/3500 loss: 0.00360032357275486
2023-09-19 15:38:34,167 | train | INFO | batch: 1900/3500 loss: 0.09473352879285812
2023-09-19 15:38:43,396 | train | INFO | batch: 2000/3500 loss: 0.0399487130343914
2023-09-19 15:38:52,636 | train | INFO | batch: 2100/3500 loss: 0.0009999050525948405
2023-09-19 15:39:01,860 | train | INFO | batch: 2200/3500 loss: 0.0013187533477321267
2023-09-19 15:39:11,091 | train | INFO | batch: 2300/3500 loss: 0.000801995221991092
2023-09-19 15:39:20,325 | train | INFO | batch: 2400/3500 loss: 0.0023416834883391857
2023-09-19 15:39:29,595 | train | INFO | batch: 2500/3500 loss: 0.0012188724940642715
2023-09-19 15:39:38,847 | train | INFO | batch: 2600/3500 loss: 0.16242922842502594
2023-09-19 15:39:48,074 | train | INFO | batch: 2700/3500 loss: 0.0009425727184861898
2023-09-19 15:39:57,308 | train | INFO | batch: 2800/3500 loss: 0.00031866965582594275
2023-09-19 15:40:06,552 | train | INFO | batch: 2900/3500 loss: 0.006011189892888069
2023-09-19 15:40:15,796 | train | INFO | batch: 3000/3500 loss: 0.004990250803530216
2023-09-19 15:40:25,029 | train | INFO | batch: 3100/3500 loss: 0.00037554334267042577
2023-09-19 15:40:34,262 | train | INFO | batch: 3200/3500 loss: 0.0019589171279221773
2023-09-19 15:40:43,510 | train | INFO | batch: 3300/3500 loss: 0.00023108869208954275
2023-09-19 15:40:52,751 | train | INFO | batch: 3400/3500 loss: 0.0009072001557797194
2023-09-19 15:41:02,062 | train | INFO | --Val 12/20
2023-09-19 15:41:02,174 | train | INFO | batch: 0/125 loss: 0.444219708442688
2023-09-19 15:41:04,823 | train | INFO | batch: 100/125 loss: 1.3759397268295288
2023-09-19 15:41:05,496 | train | INFO | Write row 12
2023-09-19 15:41:06,184 | train | INFO | Early stopper, counter 0/5, best:0.8985 -> now:0.8985
2023-09-19 15:41:06,184 | train | INFO | Set counter as 0
2023-09-19 15:41:06,184 | train | INFO | Update best score as 0.8985
2023-09-19 15:41:06,580 | train | INFO | Recorder, epoch 12 Model saved: /content/results/train/20230919_232952/model.pt
2023-09-19 15:41:06,580 | train | INFO | --Train 13/20
2023-09-19 15:41:06,797 | train | INFO | batch: 0/3500 loss: 0.00035396424937061965
2023-09-19 15:41:16,024 | train | INFO | batch: 100/3500 loss: 0.01008164044469595
2023-09-19 15:41:25,249 | train | INFO | batch: 200/3500 loss: 0.08280201256275177
2023-09-19 15:41:34,482 | train | INFO | batch: 300/3500 loss: 0.016740303486585617
2023-09-19 15:41:43,712 | train | INFO | batch: 400/3500 loss: 0.042382415384054184
2023-09-19 15:41:52,960 | train | INFO | batch: 500/3500 loss: 0.00022755644749850035
2023-09-19 15:42:02,197 | train | INFO | batch: 600/3500 loss: 0.0011638309806585312
2023-09-19 15:42:11,422 | train | INFO | batch: 700/3500 loss: 0.005078962072730064
2023-09-19 15:42:20,638 | train | INFO | batch: 800/3500 loss: 0.00040913556586019695
2023-09-19 15:42:29,871 | train | INFO | batch: 900/3500 loss: 0.4664776921272278
2023-09-19 15:42:39,101 | train | INFO | batch: 1000/3500 loss: 0.0005728869000449777
2023-09-19 15:42:48,336 | train | INFO | batch: 1100/3500 loss: 0.0011973466025665402
2023-09-19 15:42:57,569 | train | INFO | batch: 1200/3500 loss: 0.000492263468913734
2023-09-19 15:43:06,791 | train | INFO | batch: 1300/3500 loss: 0.0010209995089098811
2023-09-19 15:43:16,032 | train | INFO | batch: 1400/3500 loss: 0.0005597640993073583
2023-09-19 15:43:25,264 | train | INFO | batch: 1500/3500 loss: 0.0017955410294234753
2023-09-19 15:43:34,497 | train | INFO | batch: 1600/3500 loss: 0.00021183406352065504
2023-09-19 15:43:43,726 | train | INFO | batch: 1700/3500 loss: 0.0024406935553997755
2023-09-19 15:43:52,961 | train | INFO | batch: 1800/3500 loss: 0.0007103009265847504
2023-09-19 15:44:02,211 | train | INFO | batch: 1900/3500 loss: 0.0447487011551857
2023-09-19 15:44:11,445 | train | INFO | batch: 2000/3500 loss: 0.05569678544998169
2023-09-19 15:44:20,677 | train | INFO | batch: 2100/3500 loss: 0.017405696213245392
2023-09-19 15:44:29,936 | train | INFO | batch: 2200/3500 loss: 0.043207816779613495
2023-09-19 15:44:39,156 | train | INFO | batch: 2300/3500 loss: 0.001873515429906547
2023-09-19 15:44:48,379 | train | INFO | batch: 2400/3500 loss: 0.008391722105443478
2023-09-19 15:44:57,607 | train | INFO | batch: 2500/3500 loss: 0.0007812465191818774
2023-09-19 15:45:06,843 | train | INFO | batch: 2600/3500 loss: 0.002482609124854207
2023-09-19 15:45:16,059 | train | INFO | batch: 2700/3500 loss: 0.00017645134357735515
2023-09-19 15:45:25,277 | train | INFO | batch: 2800/3500 loss: 0.002500208094716072
2023-09-19 15:45:34,507 | train | INFO | batch: 2900/3500 loss: 0.0003843429440166801
2023-09-19 15:45:43,749 | train | INFO | batch: 3000/3500 loss: 0.07417864352464676
2023-09-19 15:45:52,991 | train | INFO | batch: 3100/3500 loss: 0.32597777247428894
2023-09-19 15:46:02,233 | train | INFO | batch: 3200/3500 loss: 6.853442755527794e-05
2023-09-19 15:46:11,455 | train | INFO | batch: 3300/3500 loss: 0.034711141139268875
2023-09-19 15:46:20,666 | train | INFO | batch: 3400/3500 loss: 0.10725675523281097
2023-09-19 15:46:29,972 | train | INFO | --Val 13/20
2023-09-19 15:46:30,072 | train | INFO | batch: 0/125 loss: 0.01332029327750206
2023-09-19 15:46:32,588 | train | INFO | batch: 100/125 loss: 0.7365443110466003
2023-09-19 15:46:33,223 | train | INFO | Write row 13
2023-09-19 15:46:33,942 | train | INFO | Early stopper, counter 1/5, best:0.8985 -> now:0.8965
2023-09-19 15:46:33,942 | train | INFO | --Train 14/20
2023-09-19 15:46:34,158 | train | INFO | batch: 0/3500 loss: 0.00028691839543171227
2023-09-19 15:46:43,377 | train | INFO | batch: 100/3500 loss: 0.055640239268541336
2023-09-19 15:46:52,603 | train | INFO | batch: 200/3500 loss: 0.0001506108819739893
2023-09-19 15:47:01,844 | train | INFO | batch: 300/3500 loss: 0.0005485815345309675
2023-09-19 15:47:11,062 | train | INFO | batch: 400/3500 loss: 0.000787384866271168
2023-09-19 15:47:20,295 | train | INFO | batch: 500/3500 loss: 0.0001327540521742776
2023-09-19 15:47:29,516 | train | INFO | batch: 600/3500 loss: 0.12149198353290558
2023-09-19 15:47:38,750 | train | INFO | batch: 700/3500 loss: 0.004428350366652012
2023-09-19 15:47:47,996 | train | INFO | batch: 800/3500 loss: 0.19983336329460144
2023-09-19 15:47:57,222 | train | INFO | batch: 900/3500 loss: 0.00043166527757421136
2023-09-19 15:48:06,444 | train | INFO | batch: 1000/3500 loss: 0.0019474765285849571
2023-09-19 15:48:15,719 | train | INFO | batch: 1100/3500 loss: 0.0014451686292886734
2023-09-19 15:48:24,935 | train | INFO | batch: 1200/3500 loss: 0.0013041297206655145
2023-09-19 15:48:34,173 | train | INFO | batch: 1300/3500 loss: 0.0026638940908014774
2023-09-19 15:48:43,405 | train | INFO | batch: 1400/3500 loss: 0.00011633475514827296
2023-09-19 15:48:52,631 | train | INFO | batch: 1500/3500 loss: 0.00017020967788994312
2023-09-19 15:49:01,869 | train | INFO | batch: 1600/3500 loss: 0.0015280761290341616
2023-09-19 15:49:11,161 | train | INFO | batch: 1700/3500 loss: 0.004042728338390589
2023-09-19 15:49:20,415 | train | INFO | batch: 1800/3500 loss: 0.06318964064121246
2023-09-19 15:49:29,658 | train | INFO | batch: 1900/3500 loss: 0.0010712657822296023
2023-09-19 15:49:38,877 | train | INFO | batch: 2000/3500 loss: 0.0025956681929528713
2023-09-19 15:49:48,098 | train | INFO | batch: 2100/3500 loss: 0.004569137003272772
2023-09-19 15:49:57,318 | train | INFO | batch: 2200/3500 loss: 0.0005598142161034048
2023-09-19 15:50:06,562 | train | INFO | batch: 2300/3500 loss: 0.11592715978622437
2023-09-19 15:50:15,797 | train | INFO | batch: 2400/3500 loss: 0.023692989721894264
2023-09-19 15:50:25,032 | train | INFO | batch: 2500/3500 loss: 0.0002076422970276326
2023-09-19 15:50:34,271 | train | INFO | batch: 2600/3500 loss: 0.003776500467211008
2023-09-19 15:50:43,528 | train | INFO | batch: 2700/3500 loss: 6.73916656523943e-05
2023-09-19 15:50:52,765 | train | INFO | batch: 2800/3500 loss: 5.465267531690188e-05
2023-09-19 15:51:01,996 | train | INFO | batch: 2900/3500 loss: 0.005956290755420923
2023-09-19 15:51:11,218 | train | INFO | batch: 3000/3500 loss: 0.0004740419681183994
2023-09-19 15:51:20,440 | train | INFO | batch: 3100/3500 loss: 0.005958880763500929
2023-09-19 15:51:29,672 | train | INFO | batch: 3200/3500 loss: 0.001800056081265211
2023-09-19 15:51:38,900 | train | INFO | batch: 3300/3500 loss: 0.00562738161534071
2023-09-19 15:51:48,130 | train | INFO | batch: 3400/3500 loss: 0.0008108458714559674
2023-09-19 15:51:57,405 | train | INFO | --Val 14/20
2023-09-19 15:51:57,516 | train | INFO | batch: 0/125 loss: 0.21609579026699066
2023-09-19 15:51:59,981 | train | INFO | batch: 100/125 loss: 0.6231505274772644
2023-09-19 15:52:00,600 | train | INFO | Write row 14
2023-09-19 15:52:01,286 | train | INFO | Early stopper, counter 2/5, best:0.8985 -> now:0.8825
2023-09-19 15:52:01,286 | train | INFO | --Train 15/20
2023-09-19 15:52:01,489 | train | INFO | batch: 0/3500 loss: 0.00475085387006402
2023-09-19 15:52:10,718 | train | INFO | batch: 100/3500 loss: 0.0005546209285967052
2023-09-19 15:52:20,085 | train | INFO | batch: 200/3500 loss: 0.0035744195338338614
2023-09-19 15:52:29,314 | train | INFO | batch: 300/3500 loss: 0.0018489599460735917
2023-09-19 15:52:38,548 | train | INFO | batch: 400/3500 loss: 0.002442079596221447
2023-09-19 15:52:47,772 | train | INFO | batch: 500/3500 loss: 4.365227141533978e-05
2023-09-19 15:52:57,015 | train | INFO | batch: 600/3500 loss: 0.0001569820597069338
2023-09-19 15:53:06,237 | train | INFO | batch: 700/3500 loss: 0.010180163197219372
2023-09-19 15:53:15,461 | train | INFO | batch: 800/3500 loss: 6.695622869301587e-05
2023-09-19 15:53:24,681 | train | INFO | batch: 900/3500 loss: 0.03616463020443916
2023-09-19 15:53:33,947 | train | INFO | batch: 1000/3500 loss: 0.0009111511171795428
2023-09-19 15:53:43,185 | train | INFO | batch: 1100/3500 loss: 0.0009679986978881061
2023-09-19 15:53:52,406 | train | INFO | batch: 1200/3500 loss: 0.00045825581764802337
2023-09-19 15:54:01,631 | train | INFO | batch: 1300/3500 loss: 0.006228653714060783
2023-09-19 15:54:10,861 | train | INFO | batch: 1400/3500 loss: 0.00398755818605423
2023-09-19 15:54:20,083 | train | INFO | batch: 1500/3500 loss: 0.0043917009606957436
2023-09-19 15:54:29,302 | train | INFO | batch: 1600/3500 loss: 0.00020880013471469283
2023-09-19 15:54:38,516 | train | INFO | batch: 1700/3500 loss: 0.0002204542252002284
2023-09-19 15:54:47,748 | train | INFO | batch: 1800/3500 loss: 0.00012718501966446638
2023-09-19 15:54:56,978 | train | INFO | batch: 1900/3500 loss: 0.0011163960443809628
2023-09-19 15:55:06,201 | train | INFO | batch: 2000/3500 loss: 0.0011828287970274687
2023-09-19 15:55:15,434 | train | INFO | batch: 2100/3500 loss: 0.0002883325214497745
2023-09-19 15:55:24,652 | train | INFO | batch: 2200/3500 loss: 0.0012144779320806265
2023-09-19 15:55:33,872 | train | INFO | batch: 2300/3500 loss: 0.0001980925298994407
2023-09-19 15:55:43,097 | train | INFO | batch: 2400/3500 loss: 0.0012034383835271
2023-09-19 15:55:52,318 | train | INFO | batch: 2500/3500 loss: 0.012140764854848385
2023-09-19 15:56:01,538 | train | INFO | batch: 2600/3500 loss: 0.002953628543764353
2023-09-19 15:56:10,779 | train | INFO | batch: 2700/3500 loss: 0.00014498474774882197
2023-09-19 15:56:19,999 | train | INFO | batch: 2800/3500 loss: 0.007389561738818884
2023-09-19 15:56:29,219 | train | INFO | batch: 2900/3500 loss: 0.01392580009996891
2023-09-19 15:56:38,449 | train | INFO | batch: 3000/3500 loss: 0.001257303636521101
2023-09-19 15:56:47,675 | train | INFO | batch: 3100/3500 loss: 5.569404675043188e-05
2023-09-19 15:56:56,902 | train | INFO | batch: 3200/3500 loss: 0.020584527403116226
2023-09-19 15:57:06,124 | train | INFO | batch: 3300/3500 loss: 0.0002093782532028854
2023-09-19 15:57:15,367 | train | INFO | batch: 3400/3500 loss: 0.05475354567170143
2023-09-19 15:57:24,698 | train | INFO | --Val 15/20
2023-09-19 15:57:24,799 | train | INFO | batch: 0/125 loss: 0.04691154882311821
2023-09-19 15:57:27,223 | train | INFO | batch: 100/125 loss: 1.14768385887146
2023-09-19 15:57:27,841 | train | INFO | Write row 15
2023-09-19 15:57:28,545 | train | INFO | Early stopper, counter 3/5, best:0.8985 -> now:0.882
2023-09-19 15:57:28,545 | train | INFO | --Train 16/20
2023-09-19 15:57:28,749 | train | INFO | batch: 0/3500 loss: 0.0060311779379844666
2023-09-19 15:57:37,960 | train | INFO | batch: 100/3500 loss: 0.21112510561943054
2023-09-19 15:57:47,185 | train | INFO | batch: 200/3500 loss: 0.3622373640537262
2023-09-19 15:57:56,426 | train | INFO | batch: 300/3500 loss: 0.0004634818760678172
2023-09-19 15:58:05,666 | train | INFO | batch: 400/3500 loss: 0.006237946916371584
2023-09-19 15:58:14,897 | train | INFO | batch: 500/3500 loss: 0.0006696766940876842
2023-09-19 15:58:24,112 | train | INFO | batch: 600/3500 loss: 0.0028996483888477087
2023-09-19 15:58:33,338 | train | INFO | batch: 700/3500 loss: 0.00956482533365488
2023-09-19 15:58:42,575 | train | INFO | batch: 800/3500 loss: 0.0009063761099241674
2023-09-19 15:58:51,805 | train | INFO | batch: 900/3500 loss: 0.0015600509941577911
2023-09-19 15:59:01,043 | train | INFO | batch: 1000/3500 loss: 0.0001248199841938913
2023-09-19 15:59:10,280 | train | INFO | batch: 1100/3500 loss: 6.515096902148798e-05
2023-09-19 15:59:19,507 | train | INFO | batch: 1200/3500 loss: 4.934856406180188e-05
2023-09-19 15:59:28,733 | train | INFO | batch: 1300/3500 loss: 0.00048063145368359983
2023-09-19 15:59:37,966 | train | INFO | batch: 1400/3500 loss: 0.00016993924509733915
2023-09-19 15:59:47,195 | train | INFO | batch: 1500/3500 loss: 0.006311920005828142
2023-09-19 15:59:56,418 | train | INFO | batch: 1600/3500 loss: 0.0005031066248193383
2023-09-19 16:00:05,639 | train | INFO | batch: 1700/3500 loss: 0.003129428718239069
2023-09-19 16:00:14,863 | train | INFO | batch: 1800/3500 loss: 0.0021857451647520065
2023-09-19 16:00:24,091 | train | INFO | batch: 1900/3500 loss: 0.0004364909837022424
2023-09-19 16:00:33,321 | train | INFO | batch: 2000/3500 loss: 0.00012305701966397464
2023-09-19 16:00:42,559 | train | INFO | batch: 2100/3500 loss: 0.004052247852087021
2023-09-19 16:00:51,784 | train | INFO | batch: 2200/3500 loss: 0.002770976861938834
2023-09-19 16:01:01,022 | train | INFO | batch: 2300/3500 loss: 0.3392060399055481
2023-09-19 16:01:10,252 | train | INFO | batch: 2400/3500 loss: 0.015750570222735405
2023-09-19 16:01:19,464 | train | INFO | batch: 2500/3500 loss: 0.0005271592526696622
2023-09-19 16:01:28,704 | train | INFO | batch: 2600/3500 loss: 0.02422674372792244
2023-09-19 16:01:37,935 | train | INFO | batch: 2700/3500 loss: 0.001094795297831297
2023-09-19 16:01:47,182 | train | INFO | batch: 2800/3500 loss: 0.007645545993000269
2023-09-19 16:01:56,396 | train | INFO | batch: 2900/3500 loss: 0.06392452865839005
2023-09-19 16:02:05,628 | train | INFO | batch: 3000/3500 loss: 0.0022064116783440113
2023-09-19 16:02:14,853 | train | INFO | batch: 3100/3500 loss: 0.0003258611250203103
2023-09-19 16:02:24,081 | train | INFO | batch: 3200/3500 loss: 0.00011689015082083642
2023-09-19 16:02:33,306 | train | INFO | batch: 3300/3500 loss: 0.14229778945446014
2023-09-19 16:02:42,531 | train | INFO | batch: 3400/3500 loss: 0.00016975250036921352
2023-09-19 16:02:51,823 | train | INFO | --Val 16/20
2023-09-19 16:02:51,928 | train | INFO | batch: 0/125 loss: 0.14502161741256714
2023-09-19 16:02:54,333 | train | INFO | batch: 100/125 loss: 0.945258617401123
2023-09-19 16:02:54,962 | train | INFO | Write row 16
2023-09-19 16:02:55,665 | train | INFO | Early stopper, counter 0/5, best:0.905 -> now:0.905
2023-09-19 16:02:55,665 | train | INFO | Set counter as 0
2023-09-19 16:02:55,665 | train | INFO | Update best score as 0.905
2023-09-19 16:02:56,047 | train | INFO | Recorder, epoch 16 Model saved: /content/results/train/20230919_232952/model.pt
2023-09-19 16:02:56,047 | train | INFO | --Train 17/20
2023-09-19 16:02:56,260 | train | INFO | batch: 0/3500 loss: 0.0030258966144174337
2023-09-19 16:03:05,479 | train | INFO | batch: 100/3500 loss: 0.000801506161224097
2023-09-19 16:03:14,702 | train | INFO | batch: 200/3500 loss: 0.00036660561454482377
2023-09-19 16:03:23,929 | train | INFO | batch: 300/3500 loss: 6.870660581625998e-05
2023-09-19 16:03:33,158 | train | INFO | batch: 400/3500 loss: 0.22000178694725037
2023-09-19 16:03:42,373 | train | INFO | batch: 500/3500 loss: 0.00014669253141619265
2023-09-19 16:03:51,592 | train | INFO | batch: 600/3500 loss: 0.06787005066871643
2023-09-19 16:04:00,828 | train | INFO | batch: 700/3500 loss: 0.0003810037160292268
2023-09-19 16:04:10,070 | train | INFO | batch: 800/3500 loss: 0.00025230622850358486
2023-09-19 16:04:19,300 | train | INFO | batch: 900/3500 loss: 0.0003525531792547554
2023-09-19 16:04:28,531 | train | INFO | batch: 1000/3500 loss: 0.0005142121808603406
2023-09-19 16:04:37,763 | train | INFO | batch: 1100/3500 loss: 0.12937918305397034
2023-09-19 16:04:46,983 | train | INFO | batch: 1200/3500 loss: 0.2220945954322815
2023-09-19 16:04:56,223 | train | INFO | batch: 1300/3500 loss: 0.023414894938468933
2023-09-19 16:05:05,464 | train | INFO | batch: 1400/3500 loss: 0.0058257486671209335
2023-09-19 16:05:14,687 | train | INFO | batch: 1500/3500 loss: 0.0005938021349720657
2023-09-19 16:05:23,920 | train | INFO | batch: 1600/3500 loss: 0.0004986912827007473
2023-09-19 16:05:33,140 | train | INFO | batch: 1700/3500 loss: 0.010799214243888855
2023-09-19 16:05:42,376 | train | INFO | batch: 1800/3500 loss: 8.561055437894538e-05
2023-09-19 16:05:51,585 | train | INFO | batch: 1900/3500 loss: 0.00040747379534877837
2023-09-19 16:06:00,834 | train | INFO | batch: 2000/3500 loss: 0.28655359148979187
2023-09-19 16:06:10,051 | train | INFO | batch: 2100/3500 loss: 9.292815957451239e-05
2023-09-19 16:06:19,259 | train | INFO | batch: 2200/3500 loss: 0.001449240488000214
2023-09-19 16:06:28,498 | train | INFO | batch: 2300/3500 loss: 0.00015346627333201468
2023-09-19 16:06:37,734 | train | INFO | batch: 2400/3500 loss: 0.0017105485312640667
2023-09-19 16:06:46,978 | train | INFO | batch: 2500/3500 loss: 0.0010323221795260906
2023-09-19 16:06:56,307 | train | INFO | batch: 2600/3500 loss: 0.01822672225534916
2023-09-19 16:07:05,555 | train | INFO | batch: 2700/3500 loss: 6.622609362239018e-05
2023-09-19 16:07:14,780 | train | INFO | batch: 2800/3500 loss: 0.0015968356747180223
2023-09-19 16:07:24,018 | train | INFO | batch: 2900/3500 loss: 0.03197160363197327
2023-09-19 16:07:33,244 | train | INFO | batch: 3000/3500 loss: 0.00027269896236248314
2023-09-19 16:07:42,451 | train | INFO | batch: 3100/3500 loss: 0.005291550420224667
2023-09-19 16:07:51,667 | train | INFO | batch: 3200/3500 loss: 0.010593673214316368
2023-09-19 16:08:00,890 | train | INFO | batch: 3300/3500 loss: 0.0014205623883754015
2023-09-19 16:08:10,112 | train | INFO | batch: 3400/3500 loss: 0.05828554555773735
2023-09-19 16:08:19,381 | train | INFO | --Val 17/20
2023-09-19 16:08:19,482 | train | INFO | batch: 0/125 loss: 0.11370125412940979
2023-09-19 16:08:21,995 | train | INFO | batch: 100/125 loss: 0.6244147419929504
2023-09-19 16:08:22,616 | train | INFO | Write row 17
2023-09-19 16:08:23,488 | train | INFO | Early stopper, counter 1/5, best:0.905 -> now:0.8975
2023-09-19 16:08:23,488 | train | INFO | --Train 18/20
2023-09-19 16:08:23,696 | train | INFO | batch: 0/3500 loss: 6.201954238349572e-05
2023-09-19 16:08:32,926 | train | INFO | batch: 100/3500 loss: 0.004413058515638113
2023-09-19 16:08:42,169 | train | INFO | batch: 200/3500 loss: 0.016509968787431717
2023-09-19 16:08:51,398 | train | INFO | batch: 300/3500 loss: 0.00309165776707232
2023-09-19 16:09:00,633 | train | INFO | batch: 400/3500 loss: 0.16256727278232574
2023-09-19 16:09:09,854 | train | INFO | batch: 500/3500 loss: 0.02212609350681305
2023-09-19 16:09:19,073 | train | INFO | batch: 600/3500 loss: 0.0018320302478969097
2023-09-19 16:09:28,287 | train | INFO | batch: 700/3500 loss: 0.0004242350405547768
2023-09-19 16:09:37,512 | train | INFO | batch: 800/3500 loss: 0.008675646968185902
2023-09-19 16:09:46,747 | train | INFO | batch: 900/3500 loss: 0.31613579392433167
2023-09-19 16:09:55,985 | train | INFO | batch: 1000/3500 loss: 0.0037606614641845226
2023-09-19 16:10:05,238 | train | INFO | batch: 1100/3500 loss: 0.00932865310460329
2023-09-19 16:10:14,472 | train | INFO | batch: 1200/3500 loss: 0.14548225700855255
2023-09-19 16:10:23,728 | train | INFO | batch: 1300/3500 loss: 0.0002490518381819129
2023-09-19 16:10:32,968 | train | INFO | batch: 1400/3500 loss: 0.0012050042860209942
2023-09-19 16:10:42,208 | train | INFO | batch: 1500/3500 loss: 0.0002666545915417373
2023-09-19 16:10:51,443 | train | INFO | batch: 1600/3500 loss: 0.41323280334472656
2023-09-19 16:11:00,696 | train | INFO | batch: 1700/3500 loss: 0.0004343330510891974
2023-09-19 16:11:09,950 | train | INFO | batch: 1800/3500 loss: 0.11943110823631287
2023-09-19 16:11:19,177 | train | INFO | batch: 1900/3500 loss: 0.012743502855300903
2023-09-19 16:11:28,415 | train | INFO | batch: 2000/3500 loss: 0.0019466332159936428
2023-09-19 16:11:37,709 | train | INFO | batch: 2100/3500 loss: 0.0015837550163269043
2023-09-19 16:11:46,974 | train | INFO | batch: 2200/3500 loss: 0.26473554968833923
2023-09-19 16:11:56,210 | train | INFO | batch: 2300/3500 loss: 0.0024367133155465126
2023-09-19 16:12:05,436 | train | INFO | batch: 2400/3500 loss: 0.00025499725597910583
2023-09-19 16:12:14,660 | train | INFO | batch: 2500/3500 loss: 0.0019188812002539635
2023-09-19 16:12:23,883 | train | INFO | batch: 2600/3500 loss: 0.00023597475956194103
2023-09-19 16:12:33,123 | train | INFO | batch: 2700/3500 loss: 0.00016516062896698713
2023-09-19 16:12:42,379 | train | INFO | batch: 2800/3500 loss: 0.20490048825740814
2023-09-19 16:12:51,607 | train | INFO | batch: 2900/3500 loss: 0.0006633293814957142
2023-09-19 16:13:00,854 | train | INFO | batch: 3000/3500 loss: 0.010382487438619137
2023-09-19 16:13:10,084 | train | INFO | batch: 3100/3500 loss: 0.0007094498723745346
2023-09-19 16:13:19,321 | train | INFO | batch: 3200/3500 loss: 0.00019913831783924252
2023-09-19 16:13:28,558 | train | INFO | batch: 3300/3500 loss: 0.00047053274465724826
2023-09-19 16:13:37,791 | train | INFO | batch: 3400/3500 loss: 0.00022883091878611594
2023-09-19 16:13:47,074 | train | INFO | --Val 18/20
2023-09-19 16:13:47,177 | train | INFO | batch: 0/125 loss: 0.031057586893439293
2023-09-19 16:13:49,669 | train | INFO | batch: 100/125 loss: 0.8443992733955383
2023-09-19 16:13:50,288 | train | INFO | Write row 18
2023-09-19 16:13:51,056 | train | INFO | Early stopper, counter 2/5, best:0.905 -> now:0.894
2023-09-19 16:13:51,056 | train | INFO | --Train 19/20
2023-09-19 16:13:51,268 | train | INFO | batch: 0/3500 loss: 0.0029747530352324247
2023-09-19 16:14:00,512 | train | INFO | batch: 100/3500 loss: 0.00027030985802412033
2023-09-19 16:14:09,768 | train | INFO | batch: 200/3500 loss: 0.00048685609363019466
2023-09-19 16:14:19,011 | train | INFO | batch: 300/3500 loss: 0.00011261175677645952
2023-09-19 16:14:28,222 | train | INFO | batch: 400/3500 loss: 0.0014071500627323985
2023-09-19 16:14:37,451 | train | INFO | batch: 500/3500 loss: 0.00038345775101333857
2023-09-19 16:14:46,707 | train | INFO | batch: 600/3500 loss: 0.08813762664794922
2023-09-19 16:14:55,939 | train | INFO | batch: 700/3500 loss: 0.0008635820122435689
2023-09-19 16:15:05,166 | train | INFO | batch: 800/3500 loss: 0.0026871615555137396
2023-09-19 16:15:14,382 | train | INFO | batch: 900/3500 loss: 0.08980751037597656
2023-09-19 16:15:23,615 | train | INFO | batch: 1000/3500 loss: 0.09533512592315674
2023-09-19 16:15:32,851 | train | INFO | batch: 1100/3500 loss: 0.023123281076550484
2023-09-19 16:15:42,073 | train | INFO | batch: 1200/3500 loss: 0.00038487286656163633
2023-09-19 16:15:51,315 | train | INFO | batch: 1300/3500 loss: 0.008203808218240738
2023-09-19 16:16:00,548 | train | INFO | batch: 1400/3500 loss: 0.0034161675721406937
2023-09-19 16:16:09,802 | train | INFO | batch: 1500/3500 loss: 0.0037800963036715984
2023-09-19 16:16:19,027 | train | INFO | batch: 1600/3500 loss: 0.04296894744038582
2023-09-19 16:16:28,272 | train | INFO | batch: 1700/3500 loss: 0.0004776584100909531
2023-09-19 16:16:37,519 | train | INFO | batch: 1800/3500 loss: 0.00014925884897820652
2023-09-19 16:16:46,758 | train | INFO | batch: 1900/3500 loss: 0.006431677844375372
2023-09-19 16:16:55,988 | train | INFO | batch: 2000/3500 loss: 0.0010238547110930085
2023-09-19 16:17:05,245 | train | INFO | batch: 2100/3500 loss: 0.013728420250117779
2023-09-19 16:17:14,477 | train | INFO | batch: 2200/3500 loss: 0.0003340010007377714
2023-09-19 16:17:23,711 | train | INFO | batch: 2300/3500 loss: 4.064042877871543e-05
2023-09-19 16:17:32,956 | train | INFO | batch: 2400/3500 loss: 0.014023861847817898
2023-09-19 16:17:42,196 | train | INFO | batch: 2500/3500 loss: 4.5386503188638017e-05
2023-09-19 16:17:51,425 | train | INFO | batch: 2600/3500 loss: 0.0006106161745265126
2023-09-19 16:18:00,655 | train | INFO | batch: 2700/3500 loss: 0.0009954784763976932
2023-09-19 16:18:09,885 | train | INFO | batch: 2800/3500 loss: 0.0002753394946921617
2023-09-19 16:18:19,119 | train | INFO | batch: 2900/3500 loss: 4.776534842676483e-05
2023-09-19 16:18:28,347 | train | INFO | batch: 3000/3500 loss: 0.000806240423116833
2023-09-19 16:18:37,573 | train | INFO | batch: 3100/3500 loss: 0.00039491415373049676
2023-09-19 16:18:46,807 | train | INFO | batch: 3200/3500 loss: 0.008412718772888184
2023-09-19 16:18:56,044 | train | INFO | batch: 3300/3500 loss: 0.000385291816201061
2023-09-19 16:19:05,287 | train | INFO | batch: 3400/3500 loss: 0.0072710863314569
2023-09-19 16:19:14,564 | train | INFO | --Val 19/20
2023-09-19 16:19:14,665 | train | INFO | batch: 0/125 loss: 0.0371955931186676
2023-09-19 16:19:17,108 | train | INFO | batch: 100/125 loss: 0.6003028750419617
2023-09-19 16:19:17,739 | train | INFO | Write row 19
2023-09-19 16:19:18,494 | train | INFO | Early stopper, counter 3/5, best:0.905 -> now:0.897
2023-09-19 16:19:18,872 | train | INFO | Recorder, epoch 19 Model saved: /content/results/train/20230919_232952/model.pt
