2023-09-15 05:16:02,353 | train | INFO | Set Logger /content/results/train/20230915_141602
2023-09-15 05:16:02,385 | train | INFO | Load data, train:40000 val:2000
2023-09-15 05:16:14,065 | train | INFO | Initiated early stopper, mode: max, best score: inf, patience: 5
2023-09-15 05:16:14,067 | train | INFO | --Train 0/20
2023-09-15 05:16:15,619 | train | INFO | batch: 0/2500 loss: 8.440515518188477
2023-09-15 05:16:24,756 | train | INFO | batch: 100/2500 loss: 1.2195833921432495
2023-09-15 05:16:33,867 | train | INFO | batch: 200/2500 loss: 1.4827930927276611
2023-09-15 05:16:42,986 | train | INFO | batch: 300/2500 loss: 1.550822138786316
2023-09-15 05:16:52,086 | train | INFO | batch: 400/2500 loss: 1.213302493095398
2023-09-15 05:17:01,205 | train | INFO | batch: 500/2500 loss: 1.178470492362976
2023-09-15 05:17:10,311 | train | INFO | batch: 600/2500 loss: 1.3528445959091187
2023-09-15 05:17:19,438 | train | INFO | batch: 700/2500 loss: 0.7465674877166748
2023-09-15 05:17:28,694 | train | INFO | batch: 800/2500 loss: 1.2229275703430176
2023-09-15 05:17:37,842 | train | INFO | batch: 900/2500 loss: 1.0571653842926025
2023-09-15 05:17:46,986 | train | INFO | batch: 1000/2500 loss: 0.5273194909095764
2023-09-15 05:17:56,100 | train | INFO | batch: 1100/2500 loss: 0.9562315940856934
2023-09-15 05:18:05,280 | train | INFO | batch: 1200/2500 loss: 1.1115485429763794
2023-09-15 05:18:14,426 | train | INFO | batch: 1300/2500 loss: 0.9018244743347168
2023-09-15 05:18:23,546 | train | INFO | batch: 1400/2500 loss: 0.624226450920105
2023-09-15 05:18:32,666 | train | INFO | batch: 1500/2500 loss: 1.0648202896118164
2023-09-15 05:18:41,791 | train | INFO | batch: 1600/2500 loss: 0.5435261726379395
2023-09-15 05:18:50,920 | train | INFO | batch: 1700/2500 loss: 0.5299879908561707
2023-09-15 05:19:00,050 | train | INFO | batch: 1800/2500 loss: 0.4149412512779236
2023-09-15 05:19:09,178 | train | INFO | batch: 1900/2500 loss: 0.680202066898346
2023-09-15 05:19:18,318 | train | INFO | batch: 2000/2500 loss: 0.49001944065093994
2023-09-15 05:19:27,437 | train | INFO | batch: 2100/2500 loss: 0.5059671998023987
2023-09-15 05:19:36,576 | train | INFO | batch: 2200/2500 loss: 0.5838432312011719
2023-09-15 05:19:45,705 | train | INFO | batch: 2300/2500 loss: 0.38019803166389465
2023-09-15 05:19:54,835 | train | INFO | batch: 2400/2500 loss: 0.9092548489570618
2023-09-15 05:20:04,005 | train | INFO | --Val 0/20
2023-09-15 05:20:04,104 | train | INFO | batch: 0/125 loss: 0.6698266267776489
2023-09-15 05:20:06,591 | train | INFO | batch: 100/125 loss: 0.5535628199577332
2023-09-15 05:20:07,227 | train | INFO | Write row 0
2023-09-15 05:20:08,003 | train | INFO | Early stopper, counter 0/5, best:0.753 -> now:0.753
2023-09-15 05:20:08,003 | train | INFO | Set counter as 0
2023-09-15 05:20:08,004 | train | INFO | Update best score as 0.753
2023-09-15 05:20:08,264 | train | INFO | Recorder, epoch 0 Model saved: /content/results/train/20230915_141602/model.pt
2023-09-15 05:20:08,264 | train | INFO | --Train 1/20
2023-09-15 05:20:08,481 | train | INFO | batch: 0/2500 loss: 0.32265299558639526
2023-09-15 05:20:17,626 | train | INFO | batch: 100/2500 loss: 0.40470385551452637
2023-09-15 05:20:26,783 | train | INFO | batch: 200/2500 loss: 0.3697635233402252
2023-09-15 05:20:35,934 | train | INFO | batch: 300/2500 loss: 0.36042192578315735
2023-09-15 05:20:45,091 | train | INFO | batch: 400/2500 loss: 0.36561140418052673
2023-09-15 05:20:54,246 | train | INFO | batch: 500/2500 loss: 0.30105942487716675
2023-09-15 05:21:03,408 | train | INFO | batch: 600/2500 loss: 0.19604770839214325
2023-09-15 05:21:12,565 | train | INFO | batch: 700/2500 loss: 0.15866336226463318
2023-09-15 05:21:21,720 | train | INFO | batch: 800/2500 loss: 0.3494551181793213
2023-09-15 05:21:30,887 | train | INFO | batch: 900/2500 loss: 0.2161511927843094
2023-09-15 05:21:40,072 | train | INFO | batch: 1000/2500 loss: 0.39400795102119446
2023-09-15 05:21:49,260 | train | INFO | batch: 1100/2500 loss: 0.14965015649795532
2023-09-15 05:21:58,485 | train | INFO | batch: 1200/2500 loss: 0.20803196728229523
2023-09-15 05:22:07,687 | train | INFO | batch: 1300/2500 loss: 0.13766686618328094
2023-09-15 05:22:16,853 | train | INFO | batch: 1400/2500 loss: 0.05332474410533905
2023-09-15 05:22:26,028 | train | INFO | batch: 1500/2500 loss: 0.08233998715877533
2023-09-15 05:22:35,193 | train | INFO | batch: 1600/2500 loss: 0.21890956163406372
2023-09-15 05:22:44,373 | train | INFO | batch: 1700/2500 loss: 0.05006731301546097
2023-09-15 05:22:53,562 | train | INFO | batch: 1800/2500 loss: 0.10022404044866562
2023-09-15 05:23:02,770 | train | INFO | batch: 1900/2500 loss: 0.06533050537109375
2023-09-15 05:23:11,939 | train | INFO | batch: 2000/2500 loss: 0.10094031691551208
2023-09-15 05:23:21,100 | train | INFO | batch: 2100/2500 loss: 0.08969332277774811
2023-09-15 05:23:30,341 | train | INFO | batch: 2200/2500 loss: 0.02725721150636673
2023-09-15 05:23:39,526 | train | INFO | batch: 2300/2500 loss: 0.3950636088848114
2023-09-15 05:23:48,696 | train | INFO | batch: 2400/2500 loss: 0.35197144746780396
2023-09-15 05:23:57,915 | train | INFO | --Val 1/20
2023-09-15 05:23:58,025 | train | INFO | batch: 0/125 loss: 0.4762357473373413
2023-09-15 05:24:00,493 | train | INFO | batch: 100/125 loss: 0.50608891248703
2023-09-15 05:24:01,123 | train | INFO | Write row 1
2023-09-15 05:24:01,739 | train | INFO | Early stopper, counter 0/5, best:0.8375 -> now:0.8375
2023-09-15 05:24:01,739 | train | INFO | Set counter as 0
2023-09-15 05:24:01,739 | train | INFO | Update best score as 0.8375
2023-09-15 05:24:02,123 | train | INFO | Recorder, epoch 1 Model saved: /content/results/train/20230915_141602/model.pt
2023-09-15 05:24:02,124 | train | INFO | --Train 2/20
2023-09-15 05:24:02,340 | train | INFO | batch: 0/2500 loss: 0.014988933689892292
2023-09-15 05:24:11,530 | train | INFO | batch: 100/2500 loss: 0.47020915150642395
2023-09-15 05:24:20,711 | train | INFO | batch: 200/2500 loss: 0.20967228710651398
2023-09-15 05:24:29,899 | train | INFO | batch: 300/2500 loss: 0.10155484825372696
2023-09-15 05:24:39,070 | train | INFO | batch: 400/2500 loss: 0.10525713860988617
2023-09-15 05:24:48,261 | train | INFO | batch: 500/2500 loss: 0.27764782309532166
2023-09-15 05:24:57,455 | train | INFO | batch: 600/2500 loss: 0.11382638663053513
2023-09-15 05:25:06,645 | train | INFO | batch: 700/2500 loss: 0.5509343147277832
2023-09-15 05:25:15,836 | train | INFO | batch: 800/2500 loss: 0.40561506152153015
2023-09-15 05:25:25,027 | train | INFO | batch: 900/2500 loss: 0.03756183758378029
2023-09-15 05:25:34,215 | train | INFO | batch: 1000/2500 loss: 0.011063368059694767
2023-09-15 05:25:43,404 | train | INFO | batch: 1100/2500 loss: 0.06619595736265182
2023-09-15 05:25:52,607 | train | INFO | batch: 1200/2500 loss: 0.09208180010318756
2023-09-15 05:26:01,800 | train | INFO | batch: 1300/2500 loss: 0.19468925893306732
2023-09-15 05:26:10,982 | train | INFO | batch: 1400/2500 loss: 0.08442313969135284
2023-09-15 05:26:20,171 | train | INFO | batch: 1500/2500 loss: 0.12136043608188629
2023-09-15 05:26:29,373 | train | INFO | batch: 1600/2500 loss: 0.2162323296070099
2023-09-15 05:26:38,562 | train | INFO | batch: 1700/2500 loss: 0.008387790061533451
2023-09-15 05:26:47,821 | train | INFO | batch: 1800/2500 loss: 0.07905100286006927
2023-09-15 05:26:57,002 | train | INFO | batch: 1900/2500 loss: 0.007566120475530624
2023-09-15 05:27:06,200 | train | INFO | batch: 2000/2500 loss: 0.005680570378899574
2023-09-15 05:27:15,416 | train | INFO | batch: 2100/2500 loss: 0.12579679489135742
2023-09-15 05:27:24,647 | train | INFO | batch: 2200/2500 loss: 0.08036281168460846
2023-09-15 05:27:33,836 | train | INFO | batch: 2300/2500 loss: 0.03894896060228348
2023-09-15 05:27:43,048 | train | INFO | batch: 2400/2500 loss: 0.20106294751167297
2023-09-15 05:27:52,296 | train | INFO | --Val 2/20
2023-09-15 05:27:52,390 | train | INFO | batch: 0/125 loss: 0.4076850712299347
2023-09-15 05:27:54,753 | train | INFO | batch: 100/125 loss: 0.8753463625907898
2023-09-15 05:27:55,363 | train | INFO | Write row 2
2023-09-15 05:27:55,984 | train | INFO | Early stopper, counter 0/5, best:0.855 -> now:0.855
2023-09-15 05:27:55,985 | train | INFO | Set counter as 0
2023-09-15 05:27:55,985 | train | INFO | Update best score as 0.855
2023-09-15 05:27:56,482 | train | INFO | Recorder, epoch 2 Model saved: /content/results/train/20230915_141602/model.pt
2023-09-15 05:27:56,483 | train | INFO | --Train 3/20
2023-09-15 05:27:56,685 | train | INFO | batch: 0/2500 loss: 0.3660857379436493
2023-09-15 05:28:05,927 | train | INFO | batch: 100/2500 loss: 0.0019838253501802683
2023-09-15 05:28:15,133 | train | INFO | batch: 200/2500 loss: 0.031340111047029495
2023-09-15 05:28:24,320 | train | INFO | batch: 300/2500 loss: 0.04067033529281616
2023-09-15 05:28:33,521 | train | INFO | batch: 400/2500 loss: 0.021822912618517876
2023-09-15 05:28:42,708 | train | INFO | batch: 500/2500 loss: 0.13016915321350098
2023-09-15 05:28:51,884 | train | INFO | batch: 600/2500 loss: 0.18923288583755493
2023-09-15 05:29:01,094 | train | INFO | batch: 700/2500 loss: 0.009701873175799847
2023-09-15 05:29:10,321 | train | INFO | batch: 800/2500 loss: 0.10320352017879486
2023-09-15 05:29:19,518 | train | INFO | batch: 900/2500 loss: 0.10911443084478378
2023-09-15 05:29:28,720 | train | INFO | batch: 1000/2500 loss: 0.38326141238212585
2023-09-15 05:29:37,963 | train | INFO | batch: 1100/2500 loss: 0.24850869178771973
2023-09-15 05:29:47,159 | train | INFO | batch: 1200/2500 loss: 0.3017960786819458
2023-09-15 05:29:56,388 | train | INFO | batch: 1300/2500 loss: 0.003537938464432955
2023-09-15 05:30:05,584 | train | INFO | batch: 1400/2500 loss: 0.17637690901756287
2023-09-15 05:30:14,791 | train | INFO | batch: 1500/2500 loss: 0.3750550150871277
2023-09-15 05:30:23,986 | train | INFO | batch: 1600/2500 loss: 0.025008276104927063
2023-09-15 05:30:33,198 | train | INFO | batch: 1700/2500 loss: 0.10936017334461212
2023-09-15 05:30:42,416 | train | INFO | batch: 1800/2500 loss: 0.05518674850463867
2023-09-15 05:30:51,668 | train | INFO | batch: 1900/2500 loss: 0.07085499167442322
2023-09-15 05:31:00,885 | train | INFO | batch: 2000/2500 loss: 0.13398480415344238
2023-09-15 05:31:10,078 | train | INFO | batch: 2100/2500 loss: 0.1734951138496399
2023-09-15 05:31:19,280 | train | INFO | batch: 2200/2500 loss: 0.14924362301826477
2023-09-15 05:31:28,485 | train | INFO | batch: 2300/2500 loss: 0.09951909631490707
2023-09-15 05:31:37,702 | train | INFO | batch: 2400/2500 loss: 0.0039554075337946415
2023-09-15 05:31:46,929 | train | INFO | --Val 3/20
2023-09-15 05:31:47,032 | train | INFO | batch: 0/125 loss: 0.1009918749332428
2023-09-15 05:31:49,367 | train | INFO | batch: 100/125 loss: 0.6571459174156189
2023-09-15 05:31:49,985 | train | INFO | Write row 3
2023-09-15 05:31:50,591 | train | INFO | Early stopper, counter 0/5, best:0.867 -> now:0.867
2023-09-15 05:31:50,591 | train | INFO | Set counter as 0
2023-09-15 05:31:50,591 | train | INFO | Update best score as 0.867
2023-09-15 05:31:50,985 | train | INFO | Recorder, epoch 3 Model saved: /content/results/train/20230915_141602/model.pt
2023-09-15 05:31:50,985 | train | INFO | --Train 4/20
2023-09-15 05:31:51,188 | train | INFO | batch: 0/2500 loss: 0.0209018737077713
2023-09-15 05:32:00,398 | train | INFO | batch: 100/2500 loss: 0.004691144917160273
2023-09-15 05:32:09,614 | train | INFO | batch: 200/2500 loss: 0.015477021224796772
2023-09-15 05:32:18,850 | train | INFO | batch: 300/2500 loss: 0.15162405371665955
2023-09-15 05:32:28,075 | train | INFO | batch: 400/2500 loss: 0.007461520377546549
2023-09-15 05:32:37,271 | train | INFO | batch: 500/2500 loss: 0.010041819885373116
2023-09-15 05:32:46,481 | train | INFO | batch: 600/2500 loss: 0.031248871237039566
2023-09-15 05:32:55,680 | train | INFO | batch: 700/2500 loss: 0.012071564793586731
2023-09-15 05:33:04,906 | train | INFO | batch: 800/2500 loss: 0.017295366153120995
2023-09-15 05:33:14,097 | train | INFO | batch: 900/2500 loss: 0.11957991123199463
2023-09-15 05:33:23,341 | train | INFO | batch: 1000/2500 loss: 0.11041382700204849
2023-09-15 05:33:32,563 | train | INFO | batch: 1100/2500 loss: 0.2210909128189087
2023-09-15 05:33:41,782 | train | INFO | batch: 1200/2500 loss: 0.17437995970249176
2023-09-15 05:33:50,986 | train | INFO | batch: 1300/2500 loss: 0.12588125467300415
2023-09-15 05:34:00,184 | train | INFO | batch: 1400/2500 loss: 0.3280014097690582
2023-09-15 05:34:09,399 | train | INFO | batch: 1500/2500 loss: 0.007316991686820984
2023-09-15 05:34:18,618 | train | INFO | batch: 1600/2500 loss: 0.004065410234034061
2023-09-15 05:34:27,814 | train | INFO | batch: 1700/2500 loss: 0.11914867162704468
2023-09-15 05:34:37,023 | train | INFO | batch: 1800/2500 loss: 0.12463276833295822
2023-09-15 05:34:46,241 | train | INFO | batch: 1900/2500 loss: 0.005043122451752424
2023-09-15 05:34:55,583 | train | INFO | batch: 2000/2500 loss: 0.030466563999652863
2023-09-15 05:35:04,841 | train | INFO | batch: 2100/2500 loss: 0.08560547232627869
2023-09-15 05:35:14,085 | train | INFO | batch: 2200/2500 loss: 0.05674269422888756
2023-09-15 05:35:23,331 | train | INFO | batch: 2300/2500 loss: 0.06419306248426437
2023-09-15 05:35:32,548 | train | INFO | batch: 2400/2500 loss: 0.023822061717510223
2023-09-15 05:35:41,773 | train | INFO | --Val 4/20
2023-09-15 05:35:41,873 | train | INFO | batch: 0/125 loss: 0.38041335344314575
2023-09-15 05:35:44,305 | train | INFO | batch: 100/125 loss: 1.294446349143982
2023-09-15 05:35:44,912 | train | INFO | Write row 4
2023-09-15 05:35:45,544 | train | INFO | Early stopper, counter 1/5, best:0.867 -> now:0.8605
2023-09-15 05:35:45,544 | train | INFO | --Train 5/20
2023-09-15 05:35:45,763 | train | INFO | batch: 0/2500 loss: 0.004723967518657446
2023-09-15 05:35:55,033 | train | INFO | batch: 100/2500 loss: 0.004876264370977879
2023-09-15 05:36:04,247 | train | INFO | batch: 200/2500 loss: 0.0167591143399477
2023-09-15 05:36:13,443 | train | INFO | batch: 300/2500 loss: 0.045199621468782425
2023-09-15 05:36:22,652 | train | INFO | batch: 400/2500 loss: 0.011455823667347431
2023-09-15 05:36:31,869 | train | INFO | batch: 500/2500 loss: 0.011600188910961151
2023-09-15 05:36:41,078 | train | INFO | batch: 600/2500 loss: 0.21384182572364807
2023-09-15 05:36:50,312 | train | INFO | batch: 700/2500 loss: 0.006526465527713299
2023-09-15 05:36:59,518 | train | INFO | batch: 800/2500 loss: 0.18564248085021973
2023-09-15 05:37:08,726 | train | INFO | batch: 900/2500 loss: 0.0035269910003989935
2023-09-15 05:37:17,962 | train | INFO | batch: 1000/2500 loss: 0.002971211215481162
2023-09-15 05:37:27,175 | train | INFO | batch: 1100/2500 loss: 0.009021070785820484
2023-09-15 05:37:36,393 | train | INFO | batch: 1200/2500 loss: 0.021861497312784195
2023-09-15 05:37:45,600 | train | INFO | batch: 1300/2500 loss: 0.011859138496220112
2023-09-15 05:37:54,833 | train | INFO | batch: 1400/2500 loss: 0.009455608204007149
2023-09-15 05:38:04,042 | train | INFO | batch: 1500/2500 loss: 0.0015903988387435675
2023-09-15 05:38:13,253 | train | INFO | batch: 1600/2500 loss: 0.011353443376719952
2023-09-15 05:38:22,470 | train | INFO | batch: 1700/2500 loss: 0.18523834645748138
2023-09-15 05:38:31,681 | train | INFO | batch: 1800/2500 loss: 0.010273022577166557
2023-09-15 05:38:40,895 | train | INFO | batch: 1900/2500 loss: 0.0019931530114263296
2023-09-15 05:38:50,104 | train | INFO | batch: 2000/2500 loss: 0.005520008038729429
2023-09-15 05:38:59,318 | train | INFO | batch: 2100/2500 loss: 0.014545124024152756
2023-09-15 05:39:08,541 | train | INFO | batch: 2200/2500 loss: 0.0014919914538040757
2023-09-15 05:39:17,763 | train | INFO | batch: 2300/2500 loss: 0.10082902759313583
2023-09-15 05:39:26,980 | train | INFO | batch: 2400/2500 loss: 0.002354218391701579
2023-09-15 05:39:36,250 | train | INFO | --Val 5/20
2023-09-15 05:39:36,348 | train | INFO | batch: 0/125 loss: 0.14994876086711884
2023-09-15 05:39:38,762 | train | INFO | batch: 100/125 loss: 1.2891616821289062
2023-09-15 05:39:39,404 | train | INFO | Write row 5
2023-09-15 05:39:40,066 | train | INFO | Early stopper, counter 2/5, best:0.867 -> now:0.856
2023-09-15 05:39:40,066 | train | INFO | --Train 6/20
2023-09-15 05:39:40,282 | train | INFO | batch: 0/2500 loss: 0.014553504064679146
2023-09-15 05:39:49,509 | train | INFO | batch: 100/2500 loss: 0.007111530285328627
2023-09-15 05:39:58,724 | train | INFO | batch: 200/2500 loss: 0.025911372154951096
2023-09-15 05:40:07,947 | train | INFO | batch: 300/2500 loss: 0.024977631866931915
2023-09-15 05:40:17,185 | train | INFO | batch: 400/2500 loss: 0.00020366752869449556
2023-09-15 05:40:26,409 | train | INFO | batch: 500/2500 loss: 0.004223059397190809
2023-09-15 05:40:35,625 | train | INFO | batch: 600/2500 loss: 0.005793984979391098
2023-09-15 05:40:44,835 | train | INFO | batch: 700/2500 loss: 0.020973941311240196
2023-09-15 05:40:54,062 | train | INFO | batch: 800/2500 loss: 0.001937108812853694
2023-09-15 05:41:03,284 | train | INFO | batch: 900/2500 loss: 0.0011657641734927893
2023-09-15 05:41:12,489 | train | INFO | batch: 1000/2500 loss: 0.0746304988861084
2023-09-15 05:41:21,698 | train | INFO | batch: 1100/2500 loss: 0.19132046401500702
2023-09-15 05:41:30,916 | train | INFO | batch: 1200/2500 loss: 0.00399304972961545
2023-09-15 05:41:40,131 | train | INFO | batch: 1300/2500 loss: 0.028554456308484077
2023-09-15 05:41:49,340 | train | INFO | batch: 1400/2500 loss: 0.000444335222709924
2023-09-15 05:41:58,567 | train | INFO | batch: 1500/2500 loss: 0.08522743731737137
2023-09-15 05:42:07,800 | train | INFO | batch: 1600/2500 loss: 0.025402391329407692
2023-09-15 05:42:17,018 | train | INFO | batch: 1700/2500 loss: 0.0016278502298519015
2023-09-15 05:42:26,225 | train | INFO | batch: 1800/2500 loss: 0.03684540465474129
2023-09-15 05:42:35,466 | train | INFO | batch: 1900/2500 loss: 0.2718297839164734
2023-09-15 05:42:44,673 | train | INFO | batch: 2000/2500 loss: 0.023803794756531715
2023-09-15 05:42:53,875 | train | INFO | batch: 2100/2500 loss: 0.014477977529168129
2023-09-15 05:43:03,099 | train | INFO | batch: 2200/2500 loss: 0.0057554543018341064
2023-09-15 05:43:12,341 | train | INFO | batch: 2300/2500 loss: 0.003324338002130389
2023-09-15 05:43:21,550 | train | INFO | batch: 2400/2500 loss: 0.003774831537157297
2023-09-15 05:43:30,799 | train | INFO | --Val 6/20
2023-09-15 05:43:30,904 | train | INFO | batch: 0/125 loss: 0.38407060503959656
2023-09-15 05:43:33,486 | train | INFO | batch: 100/125 loss: 0.668182373046875
2023-09-15 05:43:34,111 | train | INFO | Write row 6
2023-09-15 05:43:34,769 | train | INFO | Early stopper, counter 3/5, best:0.867 -> now:0.866
2023-09-15 05:43:34,769 | train | INFO | --Train 7/20
2023-09-15 05:43:34,975 | train | INFO | batch: 0/2500 loss: 0.06811413913965225
2023-09-15 05:43:44,210 | train | INFO | batch: 100/2500 loss: 0.05501007288694382
2023-09-15 05:43:53,426 | train | INFO | batch: 200/2500 loss: 0.00607085507363081
2023-09-15 05:44:02,655 | train | INFO | batch: 300/2500 loss: 0.010460512712597847
2023-09-15 05:44:11,886 | train | INFO | batch: 400/2500 loss: 0.12438058108091354
2023-09-15 05:44:21,125 | train | INFO | batch: 500/2500 loss: 0.00905654951930046
2023-09-15 05:44:30,345 | train | INFO | batch: 600/2500 loss: 0.02041241154074669
2023-09-15 05:44:39,568 | train | INFO | batch: 700/2500 loss: 0.001969957258552313
2023-09-15 05:44:48,810 | train | INFO | batch: 800/2500 loss: 0.011922582052648067
2023-09-15 05:44:58,027 | train | INFO | batch: 900/2500 loss: 0.003732013748958707
2023-09-15 05:45:07,244 | train | INFO | batch: 1000/2500 loss: 0.012402273714542389
2023-09-15 05:45:16,468 | train | INFO | batch: 1100/2500 loss: 0.011060349643230438
2023-09-15 05:45:25,690 | train | INFO | batch: 1200/2500 loss: 0.0014911926118656993
2023-09-15 05:45:34,910 | train | INFO | batch: 1300/2500 loss: 0.3140147626399994
2023-09-15 05:45:44,132 | train | INFO | batch: 1400/2500 loss: 0.006084966938942671
2023-09-15 05:45:53,354 | train | INFO | batch: 1500/2500 loss: 0.0018395764054730535
2023-09-15 05:46:02,600 | train | INFO | batch: 1600/2500 loss: 0.020600788295269012
2023-09-15 05:46:11,830 | train | INFO | batch: 1700/2500 loss: 0.011790410615503788
2023-09-15 05:46:21,059 | train | INFO | batch: 1800/2500 loss: 0.02744840271770954
2023-09-15 05:46:30,293 | train | INFO | batch: 1900/2500 loss: 0.0014309183461591601
2023-09-15 05:46:39,518 | train | INFO | batch: 2000/2500 loss: 0.06004854291677475
2023-09-15 05:46:48,760 | train | INFO | batch: 2100/2500 loss: 0.025889413431286812
2023-09-15 05:46:58,062 | train | INFO | batch: 2200/2500 loss: 0.007270542439073324
2023-09-15 05:47:07,294 | train | INFO | batch: 2300/2500 loss: 0.01136086881160736
2023-09-15 05:47:16,633 | train | INFO | batch: 2400/2500 loss: 0.0026134427171200514
2023-09-15 05:47:25,887 | train | INFO | --Val 7/20
2023-09-15 05:47:25,987 | train | INFO | batch: 0/125 loss: 0.15908686816692352
2023-09-15 05:47:28,519 | train | INFO | batch: 100/125 loss: 1.0815670490264893
2023-09-15 05:47:29,194 | train | INFO | Write row 7
2023-09-15 05:47:29,893 | train | INFO | Early stopper, counter 0/5, best:0.8765 -> now:0.8765
2023-09-15 05:47:29,893 | train | INFO | Set counter as 0
2023-09-15 05:47:29,893 | train | INFO | Update best score as 0.8765
2023-09-15 05:47:30,283 | train | INFO | Recorder, epoch 7 Model saved: /content/results/train/20230915_141602/model.pt
2023-09-15 05:47:30,284 | train | INFO | --Train 8/20
2023-09-15 05:47:30,495 | train | INFO | batch: 0/2500 loss: 0.0009081494645215571
2023-09-15 05:47:39,723 | train | INFO | batch: 100/2500 loss: 0.061342690140008926
2023-09-15 05:47:48,951 | train | INFO | batch: 200/2500 loss: 0.0011431624880060554
2023-09-15 05:47:58,195 | train | INFO | batch: 300/2500 loss: 0.08106570690870285
2023-09-15 05:48:07,460 | train | INFO | batch: 400/2500 loss: 0.002637522527948022
2023-09-15 05:48:16,699 | train | INFO | batch: 500/2500 loss: 0.018192937597632408
2023-09-15 05:48:25,921 | train | INFO | batch: 600/2500 loss: 0.013679624535143375
2023-09-15 05:48:35,141 | train | INFO | batch: 700/2500 loss: 0.0029109863098710775
2023-09-15 05:48:44,359 | train | INFO | batch: 800/2500 loss: 0.016069145873188972
2023-09-15 05:48:53,580 | train | INFO | batch: 900/2500 loss: 0.12799610197544098
2023-09-15 05:49:02,804 | train | INFO | batch: 1000/2500 loss: 0.18065345287322998
2023-09-15 05:49:12,056 | train | INFO | batch: 1100/2500 loss: 0.003917663358151913
2023-09-15 05:49:21,297 | train | INFO | batch: 1200/2500 loss: 0.001667818520218134
2023-09-15 05:49:30,537 | train | INFO | batch: 1300/2500 loss: 0.0016424342757090926
2023-09-15 05:49:39,791 | train | INFO | batch: 1400/2500 loss: 0.005257966462522745
2023-09-15 05:49:49,078 | train | INFO | batch: 1500/2500 loss: 0.0009910170920193195
2023-09-15 05:49:58,350 | train | INFO | batch: 1600/2500 loss: 0.004518992267549038
2023-09-15 05:50:07,639 | train | INFO | batch: 1700/2500 loss: 0.020100578665733337
2023-09-15 05:50:16,925 | train | INFO | batch: 1800/2500 loss: 0.001518775592558086
2023-09-15 05:50:26,213 | train | INFO | batch: 1900/2500 loss: 0.0006127202068455517
2023-09-15 05:50:35,471 | train | INFO | batch: 2000/2500 loss: 0.005401430651545525
2023-09-15 05:50:44,746 | train | INFO | batch: 2100/2500 loss: 0.03356849029660225
2023-09-15 05:50:54,015 | train | INFO | batch: 2200/2500 loss: 0.18273192644119263
2023-09-15 05:51:03,278 | train | INFO | batch: 2300/2500 loss: 0.04698234051465988
2023-09-15 05:51:12,543 | train | INFO | batch: 2400/2500 loss: 0.011898694559931755
2023-09-15 05:51:21,862 | train | INFO | --Val 8/20
2023-09-15 05:51:21,969 | train | INFO | batch: 0/125 loss: 0.132180318236351
2023-09-15 05:51:24,479 | train | INFO | batch: 100/125 loss: 1.3524049520492554
2023-09-15 05:51:25,124 | train | INFO | Write row 8
2023-09-15 05:51:25,833 | train | INFO | Early stopper, counter 0/5, best:0.8795 -> now:0.8795
2023-09-15 05:51:25,834 | train | INFO | Set counter as 0
2023-09-15 05:51:25,834 | train | INFO | Update best score as 0.8795
2023-09-15 05:51:26,207 | train | INFO | Recorder, epoch 8 Model saved: /content/results/train/20230915_141602/model.pt
2023-09-15 05:51:26,208 | train | INFO | --Train 9/20
2023-09-15 05:51:26,427 | train | INFO | batch: 0/2500 loss: 0.03004668839275837
2023-09-15 05:51:35,732 | train | INFO | batch: 100/2500 loss: 0.0005960964481346309
2023-09-15 05:51:44,992 | train | INFO | batch: 200/2500 loss: 0.001006258768029511
2023-09-15 05:51:54,242 | train | INFO | batch: 300/2500 loss: 0.0028785490430891514
2023-09-15 05:52:03,478 | train | INFO | batch: 400/2500 loss: 0.016054946929216385
2023-09-15 05:52:12,718 | train | INFO | batch: 500/2500 loss: 0.16338908672332764
2023-09-15 05:52:21,967 | train | INFO | batch: 600/2500 loss: 0.010922616347670555
2023-09-15 05:52:31,215 | train | INFO | batch: 700/2500 loss: 0.04444066807627678
2023-09-15 05:52:40,450 | train | INFO | batch: 800/2500 loss: 0.0036787940189242363
2023-09-15 05:52:49,672 | train | INFO | batch: 900/2500 loss: 0.0028267623856663704
2023-09-15 05:52:58,921 | train | INFO | batch: 1000/2500 loss: 0.01161812711507082
2023-09-15 05:53:08,146 | train | INFO | batch: 1100/2500 loss: 0.03188891336321831
2023-09-15 05:53:17,374 | train | INFO | batch: 1200/2500 loss: 0.01861315593123436
2023-09-15 05:53:26,605 | train | INFO | batch: 1300/2500 loss: 0.00712813064455986
2023-09-15 05:53:35,850 | train | INFO | batch: 1400/2500 loss: 0.0014206079067662358
2023-09-15 05:53:45,089 | train | INFO | batch: 1500/2500 loss: 0.24723169207572937
2023-09-15 05:53:54,319 | train | INFO | batch: 1600/2500 loss: 0.001972762867808342
2023-09-15 05:54:03,542 | train | INFO | batch: 1700/2500 loss: 0.0001656435924815014
2023-09-15 05:54:12,780 | train | INFO | batch: 1800/2500 loss: 0.13402380049228668
2023-09-15 05:54:22,001 | train | INFO | batch: 1900/2500 loss: 0.004047863185405731
2023-09-15 05:54:31,219 | train | INFO | batch: 2000/2500 loss: 0.048910073935985565
2023-09-15 05:54:40,449 | train | INFO | batch: 2100/2500 loss: 0.00811084546148777
2023-09-15 05:54:49,684 | train | INFO | batch: 2200/2500 loss: 0.0016906321980059147
2023-09-15 05:54:58,901 | train | INFO | batch: 2300/2500 loss: 0.1443966180086136
2023-09-15 05:55:08,148 | train | INFO | batch: 2400/2500 loss: 0.00034680470707826316
2023-09-15 05:55:17,394 | train | INFO | --Val 9/20
2023-09-15 05:55:17,496 | train | INFO | batch: 0/125 loss: 0.12057588994503021
2023-09-15 05:55:19,905 | train | INFO | batch: 100/125 loss: 1.2798898220062256
2023-09-15 05:55:20,511 | train | INFO | Write row 9
2023-09-15 05:55:21,192 | train | INFO | Early stopper, counter 1/5, best:0.8795 -> now:0.8675
2023-09-15 05:55:21,192 | train | INFO | --Train 10/20
2023-09-15 05:55:21,391 | train | INFO | batch: 0/2500 loss: 0.01201783586293459
2023-09-15 05:55:30,626 | train | INFO | batch: 100/2500 loss: 0.0010597564978525043
2023-09-15 05:55:39,848 | train | INFO | batch: 200/2500 loss: 0.0013652683701366186
2023-09-15 05:55:49,062 | train | INFO | batch: 300/2500 loss: 0.0015600728802382946
2023-09-15 05:55:58,281 | train | INFO | batch: 400/2500 loss: 0.009506958536803722
2023-09-15 05:56:07,509 | train | INFO | batch: 500/2500 loss: 0.0003583328507374972
2023-09-15 05:56:16,744 | train | INFO | batch: 600/2500 loss: 0.004318907391279936
2023-09-15 05:56:25,988 | train | INFO | batch: 700/2500 loss: 0.22220076620578766
2023-09-15 05:56:35,213 | train | INFO | batch: 800/2500 loss: 0.013432168401777744
2023-09-15 05:56:44,443 | train | INFO | batch: 900/2500 loss: 0.0019167463760823011
2023-09-15 05:56:53,671 | train | INFO | batch: 1000/2500 loss: 0.07771195471286774
2023-09-15 05:57:02,917 | train | INFO | batch: 1100/2500 loss: 0.014917260967195034
2023-09-15 05:57:12,172 | train | INFO | batch: 1200/2500 loss: 0.05998879298567772
2023-09-15 05:57:21,405 | train | INFO | batch: 1300/2500 loss: 0.06439174711704254
2023-09-15 05:57:30,627 | train | INFO | batch: 1400/2500 loss: 0.0016065670643001795
2023-09-15 05:57:39,862 | train | INFO | batch: 1500/2500 loss: 0.2755995988845825
2023-09-15 05:57:49,089 | train | INFO | batch: 1600/2500 loss: 0.0022237913217395544
2023-09-15 05:57:58,310 | train | INFO | batch: 1700/2500 loss: 0.11740431189537048
2023-09-15 05:58:07,530 | train | INFO | batch: 1800/2500 loss: 0.0009104539640247822
2023-09-15 05:58:16,755 | train | INFO | batch: 1900/2500 loss: 0.046898458153009415
2023-09-15 05:58:25,990 | train | INFO | batch: 2000/2500 loss: 0.00029772325069643557
2023-09-15 05:58:35,215 | train | INFO | batch: 2100/2500 loss: 0.051608700305223465
2023-09-15 05:58:44,440 | train | INFO | batch: 2200/2500 loss: 0.001080137211829424
2023-09-15 05:58:53,678 | train | INFO | batch: 2300/2500 loss: 0.2056737244129181
2023-09-15 05:59:02,912 | train | INFO | batch: 2400/2500 loss: 0.0029054272454231977
2023-09-15 05:59:12,156 | train | INFO | --Val 10/20
2023-09-15 05:59:12,259 | train | INFO | batch: 0/125 loss: 0.3035038113594055
2023-09-15 05:59:14,766 | train | INFO | batch: 100/125 loss: 1.2441344261169434
2023-09-15 05:59:15,388 | train | INFO | Write row 10
2023-09-15 05:59:16,082 | train | INFO | Early stopper, counter 2/5, best:0.8795 -> now:0.871
2023-09-15 05:59:16,082 | train | INFO | --Train 11/20
2023-09-15 05:59:16,283 | train | INFO | batch: 0/2500 loss: 0.008243363350629807
2023-09-15 05:59:25,504 | train | INFO | batch: 100/2500 loss: 0.0008887012372724712
2023-09-15 05:59:34,732 | train | INFO | batch: 200/2500 loss: 0.0014064291026443243
2023-09-15 05:59:43,953 | train | INFO | batch: 300/2500 loss: 0.041293688118457794
2023-09-15 05:59:53,204 | train | INFO | batch: 400/2500 loss: 0.002157095819711685
2023-09-15 06:00:02,445 | train | INFO | batch: 500/2500 loss: 0.00035898471833206713
2023-09-15 06:00:11,683 | train | INFO | batch: 600/2500 loss: 0.006257588975131512
2023-09-15 06:00:20,925 | train | INFO | batch: 700/2500 loss: 0.0015536793507635593
2023-09-15 06:00:30,155 | train | INFO | batch: 800/2500 loss: 0.012110407464206219
2023-09-15 06:00:39,366 | train | INFO | batch: 900/2500 loss: 0.026336420327425003
2023-09-15 06:00:48,678 | train | INFO | batch: 1000/2500 loss: 0.02249964326620102
2023-09-15 06:00:57,930 | train | INFO | batch: 1100/2500 loss: 0.346858412027359
2023-09-15 06:01:07,171 | train | INFO | batch: 1200/2500 loss: 0.006338183768093586
2023-09-15 06:01:16,405 | train | INFO | batch: 1300/2500 loss: 0.03781912103295326
2023-09-15 06:01:25,665 | train | INFO | batch: 1400/2500 loss: 0.05001317337155342
2023-09-15 06:01:34,940 | train | INFO | batch: 1500/2500 loss: 0.00026635071844793856
2023-09-15 06:01:44,171 | train | INFO | batch: 1600/2500 loss: 0.01724538952112198
2023-09-15 06:01:53,411 | train | INFO | batch: 1700/2500 loss: 0.0018467290792614222
2023-09-15 06:02:02,717 | train | INFO | batch: 1800/2500 loss: 0.037165988236665726
2023-09-15 06:02:11,960 | train | INFO | batch: 1900/2500 loss: 0.00676083005964756
2023-09-15 06:02:21,200 | train | INFO | batch: 2000/2500 loss: 0.014851802960038185
2023-09-15 06:02:30,432 | train | INFO | batch: 2100/2500 loss: 0.00035325740464031696
2023-09-15 06:02:39,697 | train | INFO | batch: 2200/2500 loss: 0.024469640105962753
2023-09-15 06:02:48,934 | train | INFO | batch: 2300/2500 loss: 0.00023901992244645953
2023-09-15 06:02:58,162 | train | INFO | batch: 2400/2500 loss: 0.1193680390715599
2023-09-15 06:03:07,425 | train | INFO | --Val 11/20
2023-09-15 06:03:07,527 | train | INFO | batch: 0/125 loss: 0.21886077523231506
2023-09-15 06:03:09,958 | train | INFO | batch: 100/125 loss: 0.7539803981781006
2023-09-15 06:03:10,589 | train | INFO | Write row 11
2023-09-15 06:03:11,483 | train | INFO | Early stopper, counter 0/5, best:0.8885 -> now:0.8885
2023-09-15 06:03:11,483 | train | INFO | Set counter as 0
2023-09-15 06:03:11,483 | train | INFO | Update best score as 0.8885
2023-09-15 06:03:11,896 | train | INFO | Recorder, epoch 11 Model saved: /content/results/train/20230915_141602/model.pt
2023-09-15 06:03:11,896 | train | INFO | --Train 12/20
2023-09-15 06:03:12,116 | train | INFO | batch: 0/2500 loss: 0.03216793015599251
2023-09-15 06:03:21,341 | train | INFO | batch: 100/2500 loss: 0.0059940326027572155
2023-09-15 06:03:30,557 | train | INFO | batch: 200/2500 loss: 0.008571065962314606
2023-09-15 06:03:39,793 | train | INFO | batch: 300/2500 loss: 0.006251941900700331
2023-09-15 06:03:49,027 | train | INFO | batch: 400/2500 loss: 0.0008997430559247732
2023-09-15 06:03:58,252 | train | INFO | batch: 500/2500 loss: 0.00031052494887262583
2023-09-15 06:04:07,515 | train | INFO | batch: 600/2500 loss: 0.000933640287257731
2023-09-15 06:04:16,746 | train | INFO | batch: 700/2500 loss: 0.1520674079656601
2023-09-15 06:04:25,971 | train | INFO | batch: 800/2500 loss: 0.00815752986818552
2023-09-15 06:04:35,281 | train | INFO | batch: 900/2500 loss: 0.0003602110664360225
2023-09-15 06:04:44,510 | train | INFO | batch: 1000/2500 loss: 0.0014840362127870321
2023-09-15 06:04:53,886 | train | INFO | batch: 1100/2500 loss: 0.0005750422133132815
2023-09-15 06:05:03,162 | train | INFO | batch: 1200/2500 loss: 0.009329934604465961
2023-09-15 06:05:12,397 | train | INFO | batch: 1300/2500 loss: 0.0012236383045092225
2023-09-15 06:05:21,635 | train | INFO | batch: 1400/2500 loss: 0.0023598824627697468
2023-09-15 06:05:30,887 | train | INFO | batch: 1500/2500 loss: 0.33811599016189575
2023-09-15 06:05:40,096 | train | INFO | batch: 1600/2500 loss: 0.01673949509859085
2023-09-15 06:05:49,331 | train | INFO | batch: 1700/2500 loss: 0.005038178525865078
2023-09-15 06:05:58,574 | train | INFO | batch: 1800/2500 loss: 0.0004278247361071408
2023-09-15 06:06:07,821 | train | INFO | batch: 1900/2500 loss: 0.00331475050188601
2023-09-15 06:06:17,046 | train | INFO | batch: 2000/2500 loss: 0.007477172184735537
2023-09-15 06:06:26,295 | train | INFO | batch: 2100/2500 loss: 0.00011090890620835125
2023-09-15 06:06:35,539 | train | INFO | batch: 2200/2500 loss: 0.01206192560493946
2023-09-15 06:06:44,787 | train | INFO | batch: 2300/2500 loss: 0.0017761917551979423
2023-09-15 06:06:54,014 | train | INFO | batch: 2400/2500 loss: 0.1307220160961151
2023-09-15 06:07:03,266 | train | INFO | --Val 12/20
2023-09-15 06:07:03,371 | train | INFO | batch: 0/125 loss: 0.068173348903656
2023-09-15 06:07:05,812 | train | INFO | batch: 100/125 loss: 1.2974168062210083
2023-09-15 06:07:06,445 | train | INFO | Write row 12
2023-09-15 06:07:07,170 | train | INFO | Early stopper, counter 0/5, best:0.894 -> now:0.894
2023-09-15 06:07:07,171 | train | INFO | Set counter as 0
2023-09-15 06:07:07,171 | train | INFO | Update best score as 0.894
2023-09-15 06:07:07,570 | train | INFO | Recorder, epoch 12 Model saved: /content/results/train/20230915_141602/model.pt
2023-09-15 06:07:07,570 | train | INFO | --Train 13/20
2023-09-15 06:07:07,775 | train | INFO | batch: 0/2500 loss: 0.0008093254291452467
2023-09-15 06:07:17,023 | train | INFO | batch: 100/2500 loss: 0.017944959923624992
2023-09-15 06:07:26,241 | train | INFO | batch: 200/2500 loss: 0.002421085722744465
2023-09-15 06:07:35,493 | train | INFO | batch: 300/2500 loss: 0.007551105692982674
2023-09-15 06:07:44,711 | train | INFO | batch: 400/2500 loss: 0.00030799242085777223
2023-09-15 06:07:53,936 | train | INFO | batch: 500/2500 loss: 0.023924952372908592
2023-09-15 06:08:03,175 | train | INFO | batch: 600/2500 loss: 0.0009199500782415271
2023-09-15 06:08:12,424 | train | INFO | batch: 700/2500 loss: 0.0018744462868198752
2023-09-15 06:08:21,650 | train | INFO | batch: 800/2500 loss: 0.002512764185667038
2023-09-15 06:08:30,884 | train | INFO | batch: 900/2500 loss: 0.10481902211904526
2023-09-15 06:08:40,101 | train | INFO | batch: 1000/2500 loss: 0.0008383691310882568
2023-09-15 06:08:49,311 | train | INFO | batch: 1100/2500 loss: 0.09372472018003464
2023-09-15 06:08:58,585 | train | INFO | batch: 1200/2500 loss: 0.014681773260235786
2023-09-15 06:09:07,820 | train | INFO | batch: 1300/2500 loss: 0.023446666076779366
2023-09-15 06:09:17,044 | train | INFO | batch: 1400/2500 loss: 0.0010220438707619905
2023-09-15 06:09:26,277 | train | INFO | batch: 1500/2500 loss: 0.003155037760734558
2023-09-15 06:09:35,533 | train | INFO | batch: 1600/2500 loss: 0.00011131485371151939
2023-09-15 06:09:44,761 | train | INFO | batch: 1700/2500 loss: 0.004183175973594189
2023-09-15 06:09:53,999 | train | INFO | batch: 1800/2500 loss: 0.010454544797539711
2023-09-15 06:10:03,234 | train | INFO | batch: 1900/2500 loss: 0.0005870278109796345
2023-09-15 06:10:12,455 | train | INFO | batch: 2000/2500 loss: 0.005602866876870394
2023-09-15 06:10:21,686 | train | INFO | batch: 2100/2500 loss: 0.014258632436394691
2023-09-15 06:10:30,909 | train | INFO | batch: 2200/2500 loss: 0.000942493905313313
2023-09-15 06:10:40,125 | train | INFO | batch: 2300/2500 loss: 0.0008062327397055924
2023-09-15 06:10:49,383 | train | INFO | batch: 2400/2500 loss: 0.00014134390221443027
2023-09-15 06:10:58,644 | train | INFO | --Val 13/20
2023-09-15 06:10:58,747 | train | INFO | batch: 0/125 loss: 0.6027342677116394
2023-09-15 06:11:01,173 | train | INFO | batch: 100/125 loss: 0.8081986308097839
2023-09-15 06:11:01,817 | train | INFO | Write row 13
2023-09-15 06:11:02,543 | train | INFO | Early stopper, counter 1/5, best:0.894 -> now:0.8885
2023-09-15 06:11:02,543 | train | INFO | --Train 14/20
2023-09-15 06:11:02,741 | train | INFO | batch: 0/2500 loss: 0.003254662500694394
2023-09-15 06:11:11,965 | train | INFO | batch: 100/2500 loss: 0.0007797192083671689
2023-09-15 06:11:21,190 | train | INFO | batch: 200/2500 loss: 0.00727229006588459
2023-09-15 06:11:30,455 | train | INFO | batch: 300/2500 loss: 0.0011123771546408534
2023-09-15 06:11:39,737 | train | INFO | batch: 400/2500 loss: 0.020657051354646683
2023-09-15 06:11:48,979 | train | INFO | batch: 500/2500 loss: 0.001949321711435914
2023-09-15 06:11:58,206 | train | INFO | batch: 600/2500 loss: 0.00308977160602808
2023-09-15 06:12:07,459 | train | INFO | batch: 700/2500 loss: 0.025054920464754105
2023-09-15 06:12:16,700 | train | INFO | batch: 800/2500 loss: 0.022858262062072754
2023-09-15 06:12:25,958 | train | INFO | batch: 900/2500 loss: 0.0016563948011025786
2023-09-15 06:12:35,197 | train | INFO | batch: 1000/2500 loss: 0.0314750075340271
2023-09-15 06:12:44,448 | train | INFO | batch: 1100/2500 loss: 0.030026979744434357
2023-09-15 06:12:53,708 | train | INFO | batch: 1200/2500 loss: 0.003814547322690487
2023-09-15 06:13:02,979 | train | INFO | batch: 1300/2500 loss: 0.024452989920973778
2023-09-15 06:13:12,227 | train | INFO | batch: 1400/2500 loss: 0.01046410109847784
2023-09-15 06:13:21,507 | train | INFO | batch: 1500/2500 loss: 0.0011331125861033797
2023-09-15 06:13:30,766 | train | INFO | batch: 1600/2500 loss: 0.005192955490201712
2023-09-15 06:13:40,022 | train | INFO | batch: 1700/2500 loss: 0.002705915365368128
2023-09-15 06:13:49,282 | train | INFO | batch: 1800/2500 loss: 7.53466083551757e-05
2023-09-15 06:13:58,568 | train | INFO | batch: 1900/2500 loss: 0.0037526488304138184
2023-09-15 06:14:07,881 | train | INFO | batch: 2000/2500 loss: 0.009949330240488052
2023-09-15 06:14:17,131 | train | INFO | batch: 2100/2500 loss: 0.0170314721763134
2023-09-15 06:14:26,380 | train | INFO | batch: 2200/2500 loss: 0.0007614544592797756
2023-09-15 06:14:35,632 | train | INFO | batch: 2300/2500 loss: 8.876087667886168e-05
2023-09-15 06:14:44,911 | train | INFO | batch: 2400/2500 loss: 0.005624950863420963
2023-09-15 06:14:54,194 | train | INFO | --Val 14/20
2023-09-15 06:14:54,301 | train | INFO | batch: 0/125 loss: 0.21904131770133972
2023-09-15 06:14:57,000 | train | INFO | batch: 100/125 loss: 1.179406762123108
2023-09-15 06:14:57,719 | train | INFO | Write row 14
2023-09-15 06:14:58,528 | train | INFO | Early stopper, counter 2/5, best:0.894 -> now:0.89
2023-09-15 06:14:58,529 | train | INFO | --Train 15/20
2023-09-15 06:14:58,750 | train | INFO | batch: 0/2500 loss: 0.004099094308912754
2023-09-15 06:15:08,009 | train | INFO | batch: 100/2500 loss: 0.00025163055397570133
2023-09-15 06:15:17,278 | train | INFO | batch: 200/2500 loss: 0.08674395084381104
2023-09-15 06:15:26,543 | train | INFO | batch: 300/2500 loss: 0.0016859137685969472
2023-09-15 06:15:35,871 | train | INFO | batch: 400/2500 loss: 6.533766281791031e-05
2023-09-15 06:15:45,128 | train | INFO | batch: 500/2500 loss: 0.003145568072795868
2023-09-15 06:15:54,417 | train | INFO | batch: 600/2500 loss: 0.4383804500102997
2023-09-15 06:16:03,676 | train | INFO | batch: 700/2500 loss: 0.000599339313339442
2023-09-15 06:16:13,129 | train | INFO | batch: 800/2500 loss: 0.01827198639512062
2023-09-15 06:16:22,418 | train | INFO | batch: 900/2500 loss: 0.007193068042397499
2023-09-15 06:16:31,670 | train | INFO | batch: 1000/2500 loss: 0.008003746159374714
2023-09-15 06:16:40,971 | train | INFO | batch: 1100/2500 loss: 0.0024908827617764473
2023-09-15 06:16:50,249 | train | INFO | batch: 1200/2500 loss: 0.0004299235297366977
2023-09-15 06:16:59,499 | train | INFO | batch: 1300/2500 loss: 0.0005336577305570245
2023-09-15 06:17:08,761 | train | INFO | batch: 1400/2500 loss: 0.003574077505618334
2023-09-15 06:17:18,035 | train | INFO | batch: 1500/2500 loss: 0.00023500504903495312
2023-09-15 06:17:27,383 | train | INFO | batch: 1600/2500 loss: 0.00013808112998958677
2023-09-15 06:17:36,654 | train | INFO | batch: 1700/2500 loss: 0.001165958703495562
2023-09-15 06:17:45,908 | train | INFO | batch: 1800/2500 loss: 0.05923701077699661
2023-09-15 06:17:55,178 | train | INFO | batch: 1900/2500 loss: 0.00014013302279636264
2023-09-15 06:18:04,481 | train | INFO | batch: 2000/2500 loss: 0.004962179344147444
2023-09-15 06:18:13,758 | train | INFO | batch: 2100/2500 loss: 0.0002555150131229311
2023-09-15 06:18:23,018 | train | INFO | batch: 2200/2500 loss: 0.002244852250441909
2023-09-15 06:18:32,301 | train | INFO | batch: 2300/2500 loss: 0.004006038419902325
2023-09-15 06:18:41,552 | train | INFO | batch: 2400/2500 loss: 0.007255440577864647
2023-09-15 06:18:50,867 | train | INFO | --Val 15/20
2023-09-15 06:18:50,978 | train | INFO | batch: 0/125 loss: 0.08885406702756882
2023-09-15 06:18:53,510 | train | INFO | batch: 100/125 loss: 1.3745837211608887
2023-09-15 06:18:54,134 | train | INFO | Write row 15
2023-09-15 06:18:54,895 | train | INFO | Early stopper, counter 3/5, best:0.894 -> now:0.8835
2023-09-15 06:18:54,895 | train | INFO | --Train 16/20
2023-09-15 06:18:55,118 | train | INFO | batch: 0/2500 loss: 0.005434880033135414
2023-09-15 06:19:04,385 | train | INFO | batch: 100/2500 loss: 0.03778472915291786
2023-09-15 06:19:13,651 | train | INFO | batch: 200/2500 loss: 0.001991714583709836
2023-09-15 06:19:22,899 | train | INFO | batch: 300/2500 loss: 0.026013899594545364
2023-09-15 06:19:32,185 | train | INFO | batch: 400/2500 loss: 0.050528738647699356
2023-09-15 06:19:41,446 | train | INFO | batch: 500/2500 loss: 0.0031122639775276184
2023-09-15 06:19:50,703 | train | INFO | batch: 600/2500 loss: 0.00698142871260643
2023-09-15 06:19:59,956 | train | INFO | batch: 700/2500 loss: 0.0071828668005764484
2023-09-15 06:20:09,220 | train | INFO | batch: 800/2500 loss: 0.0004067007394041866
2023-09-15 06:20:18,496 | train | INFO | batch: 900/2500 loss: 0.00022395244741346687
2023-09-15 06:20:27,775 | train | INFO | batch: 1000/2500 loss: 0.0022043706849217415
2023-09-15 06:20:37,026 | train | INFO | batch: 1100/2500 loss: 7.53167987568304e-05
2023-09-15 06:20:46,273 | train | INFO | batch: 1200/2500 loss: 9.785671136341989e-05
2023-09-15 06:20:55,557 | train | INFO | batch: 1300/2500 loss: 0.00014079036191105843
2023-09-15 06:21:04,842 | train | INFO | batch: 1400/2500 loss: 0.12742218375205994
2023-09-15 06:21:14,115 | train | INFO | batch: 1500/2500 loss: 0.1601761430501938
2023-09-15 06:21:23,373 | train | INFO | batch: 1600/2500 loss: 0.028648637235164642
2023-09-15 06:21:32,629 | train | INFO | batch: 1700/2500 loss: 0.0001512067683506757
2023-09-15 06:21:41,939 | train | INFO | batch: 1800/2500 loss: 0.0016100085340440273
2023-09-15 06:21:51,199 | train | INFO | batch: 1900/2500 loss: 0.0005438357475213706
2023-09-15 06:22:00,445 | train | INFO | batch: 2000/2500 loss: 0.0004199985123705119
2023-09-15 06:22:09,715 | train | INFO | batch: 2100/2500 loss: 0.02809072844684124
2023-09-15 06:22:18,965 | train | INFO | batch: 2200/2500 loss: 0.08293173462152481
2023-09-15 06:22:28,202 | train | INFO | batch: 2300/2500 loss: 0.0004583229310810566
2023-09-15 06:22:37,448 | train | INFO | batch: 2400/2500 loss: 0.001709345611743629
2023-09-15 06:22:46,719 | train | INFO | --Val 16/20
2023-09-15 06:22:46,824 | train | INFO | batch: 0/125 loss: 0.16374045610427856
2023-09-15 06:22:49,297 | train | INFO | batch: 100/125 loss: 2.244781494140625
2023-09-15 06:22:49,941 | train | INFO | Write row 16
2023-09-15 06:22:50,682 | train | INFO | Early stopper, counter 4/5, best:0.894 -> now:0.881
2023-09-15 06:22:50,682 | train | INFO | --Train 17/20
2023-09-15 06:22:50,888 | train | INFO | batch: 0/2500 loss: 0.002696897368878126
2023-09-15 06:23:00,158 | train | INFO | batch: 100/2500 loss: 0.016522351652383804
2023-09-15 06:23:09,420 | train | INFO | batch: 200/2500 loss: 0.02371257171034813
2023-09-15 06:23:18,662 | train | INFO | batch: 300/2500 loss: 0.022187210619449615
2023-09-15 06:23:27,934 | train | INFO | batch: 400/2500 loss: 0.00018005509627982974
2023-09-15 06:23:37,196 | train | INFO | batch: 500/2500 loss: 4.6577461034758016e-05
2023-09-15 06:23:46,441 | train | INFO | batch: 600/2500 loss: 0.003132833633571863
2023-09-15 06:23:55,704 | train | INFO | batch: 700/2500 loss: 0.002970189554616809
2023-09-15 06:24:05,029 | train | INFO | batch: 800/2500 loss: 0.20727840065956116
2023-09-15 06:24:14,354 | train | INFO | batch: 900/2500 loss: 0.00219900393858552
2023-09-15 06:24:23,642 | train | INFO | batch: 1000/2500 loss: 0.0013313870877027512
2023-09-15 06:24:32,902 | train | INFO | batch: 1100/2500 loss: 0.000463725533336401
2023-09-15 06:24:42,154 | train | INFO | batch: 1200/2500 loss: 0.0007133526960387826
2023-09-15 06:24:51,408 | train | INFO | batch: 1300/2500 loss: 8.727457316126674e-05
2023-09-15 06:25:00,672 | train | INFO | batch: 1400/2500 loss: 0.00018699001520872116
2023-09-15 06:25:09,939 | train | INFO | batch: 1500/2500 loss: 0.00032566231675446033
2023-09-15 06:25:19,200 | train | INFO | batch: 1600/2500 loss: 0.0028710397891700268
2023-09-15 06:25:28,488 | train | INFO | batch: 1700/2500 loss: 0.0010443099308758974
2023-09-15 06:25:37,735 | train | INFO | batch: 1800/2500 loss: 0.0032685305923223495
2023-09-15 06:25:46,986 | train | INFO | batch: 1900/2500 loss: 0.00017678421863820404
2023-09-15 06:25:56,250 | train | INFO | batch: 2000/2500 loss: 0.033730246126651764
2023-09-15 06:26:05,504 | train | INFO | batch: 2100/2500 loss: 0.0021977294236421585
2023-09-15 06:26:14,751 | train | INFO | batch: 2200/2500 loss: 0.016926053911447525
2023-09-15 06:26:23,999 | train | INFO | batch: 2300/2500 loss: 0.001210162416100502
2023-09-15 06:26:33,267 | train | INFO | batch: 2400/2500 loss: 0.16014364361763
2023-09-15 06:26:42,541 | train | INFO | --Val 17/20
2023-09-15 06:26:42,646 | train | INFO | batch: 0/125 loss: 0.11287101358175278
2023-09-15 06:26:45,210 | train | INFO | batch: 100/125 loss: 1.2766865491867065
2023-09-15 06:26:45,851 | train | INFO | Write row 17
2023-09-15 06:26:46,604 | train | INFO | Early stopper, counter 0/5, best:0.896 -> now:0.896
2023-09-15 06:26:46,604 | train | INFO | Set counter as 0
2023-09-15 06:26:46,604 | train | INFO | Update best score as 0.896
2023-09-15 06:26:46,992 | train | INFO | Recorder, epoch 17 Model saved: /content/results/train/20230915_141602/model.pt
2023-09-15 06:26:46,992 | train | INFO | --Train 18/20
2023-09-15 06:26:47,209 | train | INFO | batch: 0/2500 loss: 0.17073534429073334
2023-09-15 06:26:56,483 | train | INFO | batch: 100/2500 loss: 0.0011189277283847332
2023-09-15 06:27:05,707 | train | INFO | batch: 200/2500 loss: 0.024666978046298027
2023-09-15 06:27:15,010 | train | INFO | batch: 300/2500 loss: 0.00016941147623583674
2023-09-15 06:27:24,292 | train | INFO | batch: 400/2500 loss: 0.00037788436748087406
2023-09-15 06:27:33,554 | train | INFO | batch: 500/2500 loss: 0.0006319178501144052
2023-09-15 06:27:42,806 | train | INFO | batch: 600/2500 loss: 8.734012953937054e-05
2023-09-15 06:27:52,086 | train | INFO | batch: 700/2500 loss: 3.36751872964669e-05
2023-09-15 06:28:01,381 | train | INFO | batch: 800/2500 loss: 0.005337615963071585
2023-09-15 06:28:10,654 | train | INFO | batch: 900/2500 loss: 0.013454964384436607
2023-09-15 06:28:19,901 | train | INFO | batch: 1000/2500 loss: 0.002067331690341234
2023-09-15 06:28:29,146 | train | INFO | batch: 1100/2500 loss: 0.00025941553758457303
2023-09-15 06:28:38,402 | train | INFO | batch: 1200/2500 loss: 0.01156857144087553
2023-09-15 06:28:47,639 | train | INFO | batch: 1300/2500 loss: 0.0048055811785161495
2023-09-15 06:28:56,896 | train | INFO | batch: 1400/2500 loss: 0.009886100888252258
2023-09-15 06:29:06,149 | train | INFO | batch: 1500/2500 loss: 0.0022281394340097904
2023-09-15 06:29:15,402 | train | INFO | batch: 1600/2500 loss: 0.004151755012571812
2023-09-15 06:29:24,644 | train | INFO | batch: 1700/2500 loss: 8.069114846875891e-05
2023-09-15 06:29:33,896 | train | INFO | batch: 1800/2500 loss: 0.013507122173905373
2023-09-15 06:29:43,237 | train | INFO | batch: 1900/2500 loss: 0.0009513836121186614
2023-09-15 06:29:52,518 | train | INFO | batch: 2000/2500 loss: 0.0008980552083812654
2023-09-15 06:30:01,758 | train | INFO | batch: 2100/2500 loss: 0.009398032911121845
2023-09-15 06:30:10,995 | train | INFO | batch: 2200/2500 loss: 0.010434378869831562
2023-09-15 06:30:20,378 | train | INFO | batch: 2300/2500 loss: 0.00022647925652563572
2023-09-15 06:30:29,631 | train | INFO | batch: 2400/2500 loss: 0.02857208251953125
2023-09-15 06:30:38,913 | train | INFO | --Val 18/20
2023-09-15 06:30:39,018 | train | INFO | batch: 0/125 loss: 0.16337798535823822
2023-09-15 06:30:41,774 | train | INFO | batch: 100/125 loss: 2.096984624862671
2023-09-15 06:30:42,462 | train | INFO | Write row 18
2023-09-15 06:30:43,486 | train | INFO | Early stopper, counter 1/5, best:0.896 -> now:0.895
2023-09-15 06:30:43,486 | train | INFO | --Train 19/20
2023-09-15 06:30:43,703 | train | INFO | batch: 0/2500 loss: 0.008946255780756474
2023-09-15 06:30:52,937 | train | INFO | batch: 100/2500 loss: 0.00023399529163725674
2023-09-15 06:31:02,169 | train | INFO | batch: 200/2500 loss: 0.0004650154442060739
2023-09-15 06:31:11,481 | train | INFO | batch: 300/2500 loss: 0.00018562687910161912
2023-09-15 06:31:20,725 | train | INFO | batch: 400/2500 loss: 0.017542101442813873
2023-09-15 06:31:29,959 | train | INFO | batch: 500/2500 loss: 0.0013663640711456537
2023-09-15 06:31:39,204 | train | INFO | batch: 600/2500 loss: 0.0179730411618948
2023-09-15 06:31:48,456 | train | INFO | batch: 700/2500 loss: 0.002733984962105751
2023-09-15 06:31:57,705 | train | INFO | batch: 800/2500 loss: 0.11761102080345154
2023-09-15 06:32:06,945 | train | INFO | batch: 900/2500 loss: 0.0032980714458972216
2023-09-15 06:32:16,265 | train | INFO | batch: 1000/2500 loss: 7.305976760108024e-05
2023-09-15 06:32:25,544 | train | INFO | batch: 1100/2500 loss: 0.23115959763526917
2023-09-15 06:32:34,842 | train | INFO | batch: 1200/2500 loss: 0.0029660158324986696
2023-09-15 06:32:44,089 | train | INFO | batch: 1300/2500 loss: 0.412412166595459
2023-09-15 06:32:53,330 | train | INFO | batch: 1400/2500 loss: 0.009933068417012691
2023-09-15 06:33:02,589 | train | INFO | batch: 1500/2500 loss: 0.049020763486623764
2023-09-15 06:33:11,849 | train | INFO | batch: 1600/2500 loss: 0.012508510611951351
2023-09-15 06:33:21,104 | train | INFO | batch: 1700/2500 loss: 0.0003380731795914471
2023-09-15 06:33:30,356 | train | INFO | batch: 1800/2500 loss: 0.00017251454119104892
2023-09-15 06:33:39,595 | train | INFO | batch: 1900/2500 loss: 0.0008374487515538931
2023-09-15 06:33:48,835 | train | INFO | batch: 2000/2500 loss: 0.0003792863863054663
2023-09-15 06:33:58,071 | train | INFO | batch: 2100/2500 loss: 0.008005389012396336
2023-09-15 06:34:07,325 | train | INFO | batch: 2200/2500 loss: 0.0074536544270813465
2023-09-15 06:34:16,567 | train | INFO | batch: 2300/2500 loss: 0.006114286836236715
2023-09-15 06:34:25,813 | train | INFO | batch: 2400/2500 loss: 0.002727626822888851
2023-09-15 06:34:35,101 | train | INFO | --Val 19/20
2023-09-15 06:34:35,208 | train | INFO | batch: 0/125 loss: 0.45575886964797974
2023-09-15 06:34:37,716 | train | INFO | batch: 100/125 loss: 0.6444255709648132
2023-09-15 06:34:38,352 | train | INFO | Write row 19
2023-09-15 06:34:39,153 | train | INFO | Early stopper, counter 2/5, best:0.896 -> now:0.895
2023-09-15 06:34:39,532 | train | INFO | Recorder, epoch 19 Model saved: /content/results/train/20230915_141602/model.pt
